{"numFailedTestSuites":0,"numFailedTests":0,"numPassedTestSuites":20,"numPassedTests":504,"numPendingTestSuites":0,"numPendingTests":0,"numRuntimeErrorTestSuites":0,"numTodoTests":0,"numTotalTestSuites":20,"numTotalTests":504,"openHandles":[],"snapshot":{"added":0,"didUpdate":false,"failure":false,"filesAdded":0,"filesRemoved":0,"filesRemovedList":[],"filesUnmatched":0,"filesUpdated":0,"matched":0,"total":0,"unchecked":0,"uncheckedKeysByFile":[],"unmatched":0,"updated":0},"startTime":1767296205614,"success":true,"testResults":[{"assertionResults":[{"ancestorTitles":["Dialog"],"duration":48,"failing":false,"failureDetails":[],"failureMessages":[],"fullName":"Dialog renders dialog trigger","invocations":1,"location":null,"numPassingAsserts":1,"retryReasons":[],"startAt":1767296206741,"status":"passed","title":"renders dialog trigger"},{"ancestorTitles":["Dialog"],"duration":95,"failing":false,"failureDetails":[],"failureMessages":[],"fullName":"Dialog renders dialog content when open","invocations":1,"location":null,"numPassingAsserts":2,"retryReasons":[],"startAt":1767296206790,"status":"passed","title":"renders dialog content when open"},{"ancestorTitles":["Dialog"],"duration":22,"failing":false,"failureDetails":[],"failureMessages":[],"fullName":"Dialog renders close button in content","invocations":1,"location":null,"numPassingAsserts":1,"retryReasons":[],"startAt":1767296206885,"status":"passed","title":"renders close button in content"},{"ancestorTitles":["DialogHeader"],"duration":20,"failing":false,"failureDetails":[],"failureMessages":[],"fullName":"DialogHeader renders dialog header","invocations":1,"location":null,"numPassingAsserts":1,"retryReasons":[],"startAt":1767296206908,"status":"passed","title":"renders dialog header"},{"ancestorTitles":["DialogHeader"],"duration":20,"failing":false,"failureDetails":[],"failureMessages":[],"fullName":"DialogHeader applies custom className","invocations":1,"location":null,"numPassingAsserts":1,"retryReasons":[],"startAt":1767296206929,"status":"passed","title":"applies custom className"},{"ancestorTitles":["DialogFooter"],"duration":23,"failing":false,"failureDetails":[],"failureMessages":[],"fullName":"DialogFooter renders dialog footer","invocations":1,"location":null,"numPassingAsserts":1,"retryReasons":[],"startAt":1767296206949,"status":"passed","title":"renders dialog footer"},{"ancestorTitles":["DialogFooter"],"duration":20,"failing":false,"failureDetails":[],"failureMessages":[],"fullName":"DialogFooter applies custom className","invocations":1,"location":null,"numPassingAsserts":1,"retryReasons":[],"startAt":1767296206973,"status":"passed","title":"applies custom className"},{"ancestorTitles":["DialogTitle"],"duration":19,"failing":false,"failureDetails":[],"failureMessages":[],"fullName":"DialogTitle renders dialog title","invocations":1,"location":null,"numPassingAsserts":1,"retryReasons":[],"startAt":1767296206994,"status":"passed","title":"renders dialog title"},{"ancestorTitles":["DialogTitle"],"duration":23,"failing":false,"failureDetails":[],"failureMessages":[],"fullName":"DialogTitle applies custom className","invocations":1,"location":null,"numPassingAsserts":1,"retryReasons":[],"startAt":1767296207013,"status":"passed","title":"applies custom className"},{"ancestorTitles":["DialogTitle"],"duration":29,"failing":false,"failureDetails":[],"failureMessages":[],"fullName":"DialogTitle forwards ref","invocations":1,"location":null,"numPassingAsserts":1,"retryReasons":[],"startAt":1767296207036,"status":"passed","title":"forwards ref"},{"ancestorTitles":["DialogDescription"],"duration":27,"failing":false,"failureDetails":[],"failureMessages":[],"fullName":"DialogDescription renders dialog description","invocations":1,"location":null,"numPassingAsserts":1,"retryReasons":[],"startAt":1767296207066,"status":"passed","title":"renders dialog description"},{"ancestorTitles":["DialogDescription"],"duration":28,"failing":false,"failureDetails":[],"failureMessages":[],"fullName":"DialogDescription applies custom className","invocations":1,"location":null,"numPassingAsserts":1,"retryReasons":[],"startAt":1767296207093,"status":"passed","title":"applies custom className"},{"ancestorTitles":["DialogDescription"],"duration":15,"failing":false,"failureDetails":[],"failureMessages":[],"fullName":"DialogDescription forwards ref","invocations":1,"location":null,"numPassingAsserts":1,"retryReasons":[],"startAt":1767296207122,"status":"passed","title":"forwards ref"},{"ancestorTitles":["DialogContent"],"duration":17,"failing":false,"failureDetails":[],"failureMessages":[],"fullName":"DialogContent renders content with custom className","invocations":1,"location":null,"numPassingAsserts":1,"retryReasons":[],"startAt":1767296207138,"status":"passed","title":"renders content with custom className"},{"ancestorTitles":["DialogContent"],"duration":23,"failing":false,"failureDetails":[],"failureMessages":[],"fullName":"DialogContent forwards ref","invocations":1,"location":null,"numPassingAsserts":1,"retryReasons":[],"startAt":1767296207155,"status":"passed","title":"forwards ref"},{"ancestorTitles":["Dialog complete structure"],"duration":55,"failing":false,"failureDetails":[],"failureMessages":[],"fullName":"Dialog complete structure renders complete dialog with all subcomponents","invocations":1,"location":null,"numPassingAsserts":5,"retryReasons":[],"startAt":1767296207178,"status":"passed","title":"renders complete dialog with all subcomponents"}],"endTime":1767296207234,"message":"","name":"/workspaces/Vfide/frontend/components/ui/__tests__/dialog.test.tsx","startTime":1767296206024,"status":"passed","summary":""},{"assertionResults":[{"ancestorTitles":["StatCard"],"duration":26,"failing":false,"failureDetails":[],"failureMessages":[],"fullName":"StatCard renders with basic props","invocations":1,"location":null,"numPassingAsserts":2,"retryReasons":[],"startAt":1767296207576,"status":"passed","title":"renders with basic props"},{"ancestorTitles":["StatCard"],"duration":5,"failing":false,"failureDetails":[],"failureMessages":[],"fullName":"StatCard displays subValue when provided","invocations":1,"location":null,"numPassingAsserts":1,"retryReasons":[],"startAt":1767296207603,"status":"passed","title":"displays subValue when provided"},{"ancestorTitles":["StatCard"],"duration":7,"failing":false,"failureDetails":[],"failureMessages":[],"fullName":"StatCard shows loading skeleton when isLoading","invocations":1,"location":null,"numPassingAsserts":2,"retryReasons":[],"startAt":1767296207608,"status":"passed","title":"shows loading skeleton when isLoading"},{"ancestorTitles":["StatCard"],"duration":39,"failing":false,"failureDetails":[],"failureMessages":[],"fullName":"StatCard renders as link when href provided","invocations":1,"location":null,"numPassingAsserts":1,"retryReasons":[],"startAt":1767296207615,"status":"passed","title":"renders as link when href provided"},{"ancestorTitles":["StatCard"],"duration":4,"failing":false,"failureDetails":[],"failureMessages":[],"fullName":"StatCard applies correct href to link","invocations":1,"location":null,"numPassingAsserts":1,"retryReasons":[],"startAt":1767296207654,"status":"passed","title":"applies correct href to link"},{"ancestorTitles":["StatCard"],"duration":9,"failing":false,"failureDetails":[],"failureMessages":[],"fullName":"StatCard shows chevron icon when href provided","invocations":1,"location":null,"numPassingAsserts":1,"retryReasons":[],"startAt":1767296207659,"status":"passed","title":"shows chevron icon when href provided"},{"ancestorTitles":["StatCard"],"duration":4,"failing":false,"failureDetails":[],"failureMessages":[],"fullName":"StatCard displays positive trend","invocations":1,"location":null,"numPassingAsserts":2,"retryReasons":[],"startAt":1767296207668,"status":"passed","title":"displays positive trend"},{"ancestorTitles":["StatCard"],"duration":5,"failing":false,"failureDetails":[],"failureMessages":[],"fullName":"StatCard displays negative trend","invocations":1,"location":null,"numPassingAsserts":2,"retryReasons":[],"startAt":1767296207672,"status":"passed","title":"displays negative trend"},{"ancestorTitles":["StatCard"],"duration":3,"failing":false,"failureDetails":[],"failureMessages":[],"fullName":"StatCard renders icon","invocations":1,"location":null,"numPassingAsserts":1,"retryReasons":[],"startAt":1767296207677,"status":"passed","title":"renders icon"},{"ancestorTitles":["StatCard"],"duration":3,"failing":false,"failureDetails":[],"failureMessages":[],"fullName":"StatCard handles numeric value","invocations":1,"location":null,"numPassingAsserts":1,"retryReasons":[],"startAt":1767296207681,"status":"passed","title":"handles numeric value"},{"ancestorTitles":["StatCard"],"duration":3,"failing":false,"failureDetails":[],"failureMessages":[],"fullName":"StatCard applies uppercase to label","invocations":1,"location":null,"numPassingAsserts":1,"retryReasons":[],"startAt":1767296207684,"status":"passed","title":"applies uppercase to label"},{"ancestorTitles":["StatCard"],"duration":3,"failing":false,"failureDetails":[],"failureMessages":[],"fullName":"StatCard renders without subValue","invocations":1,"location":null,"numPassingAsserts":1,"retryReasons":[],"startAt":1767296207687,"status":"passed","title":"renders without subValue"},{"ancestorTitles":["StatCard"],"duration":4,"failing":false,"failureDetails":[],"failureMessages":[],"fullName":"StatCard renders without trend","invocations":1,"location":null,"numPassingAsserts":2,"retryReasons":[],"startAt":1767296207690,"status":"passed","title":"renders without trend"},{"ancestorTitles":["StatCard"],"duration":3,"failing":false,"failureDetails":[],"failureMessages":[],"fullName":"StatCard does not render as link without href","invocations":1,"location":null,"numPassingAsserts":1,"retryReasons":[],"startAt":1767296207694,"status":"passed","title":"does not render as link without href"},{"ancestorTitles":["QuickAction"],"duration":3,"failing":false,"failureDetails":[],"failureMessages":[],"fullName":"QuickAction renders with basic props","invocations":1,"location":null,"numPassingAsserts":1,"retryReasons":[],"startAt":1767296207697,"status":"passed","title":"renders with basic props"},{"ancestorTitles":["QuickAction"],"duration":3,"failing":false,"failureDetails":[],"failureMessages":[],"fullName":"QuickAction renders as a link","invocations":1,"location":null,"numPassingAsserts":1,"retryReasons":[],"startAt":1767296207701,"status":"passed","title":"renders as a link"},{"ancestorTitles":["QuickAction"],"duration":4,"failing":false,"failureDetails":[],"failureMessages":[],"fullName":"QuickAction renders primary style","invocations":1,"location":null,"numPassingAsserts":1,"retryReasons":[],"startAt":1767296207704,"status":"passed","title":"renders primary style"},{"ancestorTitles":["QuickAction"],"duration":3,"failing":false,"failureDetails":[],"failureMessages":[],"fullName":"QuickAction renders non-primary style","invocations":1,"location":null,"numPassingAsserts":1,"retryReasons":[],"startAt":1767296207708,"status":"passed","title":"renders non-primary style"},{"ancestorTitles":["QuickAction"],"duration":4,"failing":false,"failureDetails":[],"failureMessages":[],"fullName":"QuickAction renders icon","invocations":1,"location":null,"numPassingAsserts":1,"retryReasons":[],"startAt":1767296207712,"status":"passed","title":"renders icon"},{"ancestorTitles":["NotificationItem"],"duration":6,"failing":false,"failureDetails":[],"failureMessages":[],"fullName":"NotificationItem renders with basic props","invocations":1,"location":null,"numPassingAsserts":2,"retryReasons":[],"startAt":1767296207716,"status":"passed","title":"renders with basic props"},{"ancestorTitles":["NotificationItem"],"duration":4,"failing":false,"failureDetails":[],"failureMessages":[],"fullName":"NotificationItem shows new indicator when isNew","invocations":1,"location":null,"numPassingAsserts":1,"retryReasons":[],"startAt":1767296207722,"status":"passed","title":"shows new indicator when isNew"},{"ancestorTitles":["NotificationItem"],"duration":4,"failing":false,"failureDetails":[],"failureMessages":[],"fullName":"NotificationItem does not show new indicator by default","invocations":1,"location":null,"numPassingAsserts":1,"retryReasons":[],"startAt":1767296207726,"status":"passed","title":"does not show new indicator by default"},{"ancestorTitles":["NotificationItem"],"duration":22,"failing":false,"failureDetails":[],"failureMessages":[],"fullName":"NotificationItem renders action link when provided","invocations":1,"location":null,"numPassingAsserts":2,"retryReasons":[],"startAt":1767296207730,"status":"passed","title":"renders action link when provided"},{"ancestorTitles":["NotificationItem"],"duration":3,"failing":false,"failureDetails":[],"failureMessages":[],"fullName":"NotificationItem does not render action link when not provided","invocations":1,"location":null,"numPassingAsserts":1,"retryReasons":[],"startAt":1767296207752,"status":"passed","title":"does not render action link when not provided"},{"ancestorTitles":["NotificationItem"],"duration":3,"failing":false,"failureDetails":[],"failureMessages":[],"fullName":"NotificationItem renders icon","invocations":1,"location":null,"numPassingAsserts":1,"retryReasons":[],"startAt":1767296207755,"status":"passed","title":"renders icon"},{"ancestorTitles":["ActivityItem"],"duration":4,"failing":false,"failureDetails":[],"failureMessages":[],"fullName":"ActivityItem renders with basic props","invocations":1,"location":null,"numPassingAsserts":3,"retryReasons":[],"startAt":1767296207758,"status":"passed","title":"renders with basic props"},{"ancestorTitles":["ActivityItem"],"duration":5,"failing":false,"failureDetails":[],"failureMessages":[],"fullName":"ActivityItem renders value when provided","invocations":1,"location":null,"numPassingAsserts":1,"retryReasons":[],"startAt":1767296207762,"status":"passed","title":"renders value when provided"},{"ancestorTitles":["ActivityItem"],"duration":5,"failing":false,"failureDetails":[],"failureMessages":[],"fullName":"ActivityItem does not render value when not provided","invocations":1,"location":null,"numPassingAsserts":1,"retryReasons":[],"startAt":1767296207768,"status":"passed","title":"does not render value when not provided"},{"ancestorTitles":["ActivityItem"],"duration":3,"failing":false,"failureDetails":[],"failureMessages":[],"fullName":"ActivityItem renders icon","invocations":1,"location":null,"numPassingAsserts":1,"retryReasons":[],"startAt":1767296207774,"status":"passed","title":"renders icon"}],"endTime":1767296207779,"message":"","name":"/workspaces/Vfide/frontend/components/ui/__tests__/DashboardCards.test.tsx","startTime":1767296207302,"status":"passed","summary":""},{"assertionResults":[{"ancestorTitles":["useUserVault"],"duration":5,"failing":false,"failureDetails":[],"failureMessages":[],"fullName":"useUserVault returns vault address when user has a vault","invocations":1,"location":null,"numPassingAsserts":3,"retryReasons":[],"startAt":1767296208146,"status":"passed","title":"returns vault address when user has a vault"},{"ancestorTitles":["useUserVault"],"duration":2,"failing":false,"failureDetails":[],"failureMessages":[],"fullName":"useUserVault returns null when user has no vault","invocations":1,"location":null,"numPassingAsserts":2,"retryReasons":[],"startAt":1767296208152,"status":"passed","title":"returns null when user has no vault"},{"ancestorTitles":["useUserVault"],"duration":2,"failing":false,"failureDetails":[],"failureMessages":[],"fullName":"useUserVault returns loading state","invocations":1,"location":null,"numPassingAsserts":1,"retryReasons":[],"startAt":1767296208154,"status":"passed","title":"returns loading state"},{"ancestorTitles":["useUserVault"],"duration":2,"failing":false,"failureDetails":[],"failureMessages":[],"fullName":"useUserVault returns null when vaultAddress is undefined","invocations":1,"location":null,"numPassingAsserts":2,"retryReasons":[],"startAt":1767296208157,"status":"passed","title":"returns null when vaultAddress is undefined"},{"ancestorTitles":["useUserVault"],"duration":3,"failing":false,"failureDetails":[],"failureMessages":[],"fullName":"useUserVault handles when user is not connected","invocations":1,"location":null,"numPassingAsserts":2,"retryReasons":[],"startAt":1767296208159,"status":"passed","title":"handles when user is not connected"},{"ancestorTitles":["useCreateVault"],"duration":2,"failing":false,"failureDetails":[],"failureMessages":[],"fullName":"useCreateVault provides createVault function","invocations":1,"location":null,"numPassingAsserts":3,"retryReasons":[],"startAt":1767296208163,"status":"passed","title":"provides createVault function"},{"ancestorTitles":["useCreateVault"],"duration":2,"failing":false,"failureDetails":[],"failureMessages":[],"fullName":"useCreateVault calls writeContract when createVault is invoked","invocations":1,"location":null,"numPassingAsserts":1,"retryReasons":[],"startAt":1767296208166,"status":"passed","title":"calls writeContract when createVault is invoked"},{"ancestorTitles":["useCreateVault"],"duration":3,"failing":false,"failureDetails":[],"failureMessages":[],"fullName":"useCreateVault returns isCreating true when pending","invocations":1,"location":null,"numPassingAsserts":1,"retryReasons":[],"startAt":1767296208168,"status":"passed","title":"returns isCreating true when pending"},{"ancestorTitles":["useCreateVault"],"duration":2,"failing":false,"failureDetails":[],"failureMessages":[],"fullName":"useCreateVault returns isSuccess when transaction confirmed","invocations":1,"location":null,"numPassingAsserts":2,"retryReasons":[],"startAt":1767296208171,"status":"passed","title":"returns isSuccess when transaction confirmed"},{"ancestorTitles":["useVaultBalance"],"duration":2,"failing":false,"failureDetails":[],"failureMessages":[],"fullName":"useVaultBalance returns formatted balance","invocations":1,"location":null,"numPassingAsserts":2,"retryReasons":[],"startAt":1767296208173,"status":"passed","title":"returns formatted balance"},{"ancestorTitles":["useVaultBalance"],"duration":4,"failing":false,"failureDetails":[],"failureMessages":[],"fullName":"useVaultBalance returns zero balance when no data","invocations":1,"location":null,"numPassingAsserts":2,"retryReasons":[],"startAt":1767296208175,"status":"passed","title":"returns zero balance when no data"},{"ancestorTitles":["useVaultBalance"],"duration":4,"failing":false,"failureDetails":[],"failureMessages":[],"fullName":"useVaultBalance provides refetch function","invocations":1,"location":null,"numPassingAsserts":1,"retryReasons":[],"startAt":1767296208179,"status":"passed","title":"provides refetch function"},{"ancestorTitles":["useVaultBalance"],"duration":1,"failing":false,"failureDetails":[],"failureMessages":[],"fullName":"useVaultBalance returns loading state","invocations":1,"location":null,"numPassingAsserts":1,"retryReasons":[],"startAt":1767296208183,"status":"passed","title":"returns loading state"},{"ancestorTitles":["useTransferVFIDE"],"duration":5,"failing":false,"failureDetails":[],"failureMessages":[],"fullName":"useTransferVFIDE provides transfer function","invocations":1,"location":null,"numPassingAsserts":2,"retryReasons":[],"startAt":1767296208184,"status":"passed","title":"provides transfer function"},{"ancestorTitles":["useTransferVFIDE"],"duration":1,"failing":false,"failureDetails":[],"failureMessages":[],"fullName":"useTransferVFIDE calls writeContract when transfer is invoked","invocations":1,"location":null,"numPassingAsserts":1,"retryReasons":[],"startAt":1767296208193,"status":"passed","title":"calls writeContract when transfer is invoked"},{"ancestorTitles":["useTransferVFIDE"],"duration":2,"failing":false,"failureDetails":[],"failureMessages":[],"fullName":"useTransferVFIDE does not call writeContract when no vault address","invocations":1,"location":null,"numPassingAsserts":1,"retryReasons":[],"startAt":1767296208202,"status":"passed","title":"does not call writeContract when no vault address"},{"ancestorTitles":["useTransferVFIDE"],"duration":3,"failing":false,"failureDetails":[],"failureMessages":[],"fullName":"useTransferVFIDE returns isTransferring true when confirming","invocations":1,"location":null,"numPassingAsserts":1,"retryReasons":[],"startAt":1767296208204,"status":"passed","title":"returns isTransferring true when confirming"},{"ancestorTitles":["useTransferVFIDE"],"duration":1,"failing":false,"failureDetails":[],"failureMessages":[],"fullName":"useTransferVFIDE returns isSuccess when transfer completed","invocations":1,"location":null,"numPassingAsserts":2,"retryReasons":[],"startAt":1767296208207,"status":"passed","title":"returns isSuccess when transfer completed"},{"ancestorTitles":["useVaultGuardiansDetailed"],"duration":3,"failing":false,"failureDetails":[],"failureMessages":[],"fullName":"useVaultGuardiansDetailed returns guardian count","invocations":1,"location":null,"numPassingAsserts":1,"retryReasons":[],"startAt":1767296208209,"status":"passed","title":"returns guardian count"},{"ancestorTitles":["useVaultGuardiansDetailed"],"duration":4,"failing":false,"failureDetails":[],"failureMessages":[],"fullName":"useVaultGuardiansDetailed returns 0 when no data","invocations":1,"location":null,"numPassingAsserts":1,"retryReasons":[],"startAt":1767296208212,"status":"passed","title":"returns 0 when no data"},{"ancestorTitles":["useIsGuardianMature"],"duration":1,"failing":false,"failureDetails":[],"failureMessages":[],"fullName":"useIsGuardianMature returns true when guardian is mature","invocations":1,"location":null,"numPassingAsserts":1,"retryReasons":[],"startAt":1767296208216,"status":"passed","title":"returns true when guardian is mature"},{"ancestorTitles":["useIsGuardianMature"],"duration":1,"failing":false,"failureDetails":[],"failureMessages":[],"fullName":"useIsGuardianMature returns false when guardian is not mature","invocations":1,"location":null,"numPassingAsserts":1,"retryReasons":[],"startAt":1767296208217,"status":"passed","title":"returns false when guardian is not mature"},{"ancestorTitles":["useIsGuardianMature"],"duration":1,"failing":false,"failureDetails":[],"failureMessages":[],"fullName":"useIsGuardianMature returns false when no data","invocations":1,"location":null,"numPassingAsserts":1,"retryReasons":[],"startAt":1767296208218,"status":"passed","title":"returns false when no data"},{"ancestorTitles":["useIsGuardianMature"],"duration":1,"failing":false,"failureDetails":[],"failureMessages":[],"fullName":"useIsGuardianMature returns false when vault address is undefined","invocations":1,"location":null,"numPassingAsserts":1,"retryReasons":[],"startAt":1767296208220,"status":"passed","title":"returns false when vault address is undefined"},{"ancestorTitles":["useIsGuardianMature"],"duration":7,"failing":false,"failureDetails":[],"failureMessages":[],"fullName":"useIsGuardianMature returns false when guardian address is undefined","invocations":1,"location":null,"numPassingAsserts":1,"retryReasons":[],"startAt":1767296208221,"status":"passed","title":"returns false when guardian address is undefined"},{"ancestorTitles":["useSetGuardian"],"duration":2,"failing":false,"failureDetails":[],"failureMessages":[],"fullName":"useSetGuardian provides setGuardian function","invocations":1,"location":null,"numPassingAsserts":1,"retryReasons":[],"startAt":1767296208230,"status":"passed","title":"provides setGuardian function"},{"ancestorTitles":["useSetGuardian"],"duration":52,"failing":false,"failureDetails":[],"failureMessages":[],"fullName":"useSetGuardian handles UV_RecoveryActive error","invocations":1,"location":null,"numPassingAsserts":1,"retryReasons":[],"startAt":1767296208234,"status":"passed","title":"handles UV_RecoveryActive error"},{"ancestorTitles":["useSetGuardian"],"duration":3,"failing":false,"failureDetails":[],"failureMessages":[],"fullName":"useSetGuardian handles UV_Locked error","invocations":1,"location":null,"numPassingAsserts":1,"retryReasons":[],"startAt":1767296208287,"status":"passed","title":"handles UV_Locked error"},{"ancestorTitles":["useSetGuardian"],"duration":10,"failing":false,"failureDetails":[],"failureMessages":[],"fullName":"useSetGuardian returns success on successful transaction","invocations":1,"location":null,"numPassingAsserts":2,"retryReasons":[],"startAt":1767296208291,"status":"passed","title":"returns success on successful transaction"},{"ancestorTitles":["useSetGuardian"],"duration":2,"failing":false,"failureDetails":[],"failureMessages":[],"fullName":"useSetGuardian handles generic error","invocations":1,"location":null,"numPassingAsserts":1,"retryReasons":[],"startAt":1767296208301,"status":"passed","title":"handles generic error"},{"ancestorTitles":["useSetGuardian"],"duration":1,"failing":false,"failureDetails":[],"failureMessages":[],"fullName":"useSetGuardian handles non-Error rejection","invocations":1,"location":null,"numPassingAsserts":2,"retryReasons":[],"startAt":1767296208304,"status":"passed","title":"handles non-Error rejection"},{"ancestorTitles":["useSetGuardian"],"duration":5,"failing":false,"failureDetails":[],"failureMessages":[],"fullName":"useSetGuardian returns loading state while transaction is pending","invocations":1,"location":null,"numPassingAsserts":1,"retryReasons":[],"startAt":1767296208306,"status":"passed","title":"returns loading state while transaction is pending"},{"ancestorTitles":["useAbnormalTransactionThreshold"],"duration":3,"failing":false,"failureDetails":[],"failureMessages":[],"fullName":"useAbnormalTransactionThreshold returns threshold data","invocations":1,"location":null,"numPassingAsserts":3,"retryReasons":[],"startAt":1767296208311,"status":"passed","title":"returns threshold data"},{"ancestorTitles":["useAbnormalTransactionThreshold"],"duration":2,"failing":false,"failureDetails":[],"failureMessages":[],"fullName":"useAbnormalTransactionThreshold returns defaults when no data","invocations":1,"location":null,"numPassingAsserts":3,"retryReasons":[],"startAt":1767296208314,"status":"passed","title":"returns defaults when no data"},{"ancestorTitles":["useSetBalanceSnapshotMode"],"duration":2,"failing":false,"failureDetails":[],"failureMessages":[],"fullName":"useSetBalanceSnapshotMode provides setSnapshotMode function","invocations":1,"location":null,"numPassingAsserts":1,"retryReasons":[],"startAt":1767296208317,"status":"passed","title":"provides setSnapshotMode function"},{"ancestorTitles":["useSetBalanceSnapshotMode"],"duration":1,"failing":false,"failureDetails":[],"failureMessages":[],"fullName":"useSetBalanceSnapshotMode returns success on successful call","invocations":1,"location":null,"numPassingAsserts":1,"retryReasons":[],"startAt":1767296208320,"status":"passed","title":"returns success on successful call"},{"ancestorTitles":["useSetBalanceSnapshotMode"],"duration":1,"failing":false,"failureDetails":[],"failureMessages":[],"fullName":"useSetBalanceSnapshotMode handles errors","invocations":1,"location":null,"numPassingAsserts":2,"retryReasons":[],"startAt":1767296208322,"status":"passed","title":"handles errors"},{"ancestorTitles":["useUpdateBalanceSnapshot"],"duration":1,"failing":false,"failureDetails":[],"failureMessages":[],"fullName":"useUpdateBalanceSnapshot provides updateSnapshot function","invocations":1,"location":null,"numPassingAsserts":1,"retryReasons":[],"startAt":1767296208324,"status":"passed","title":"provides updateSnapshot function"},{"ancestorTitles":["useUpdateBalanceSnapshot"],"duration":2,"failing":false,"failureDetails":[],"failureMessages":[],"fullName":"useUpdateBalanceSnapshot returns success when updateSnapshot is called successfully","invocations":1,"location":null,"numPassingAsserts":2,"retryReasons":[],"startAt":1767296208326,"status":"passed","title":"returns success when updateSnapshot is called successfully"},{"ancestorTitles":["useUpdateBalanceSnapshot"],"duration":4,"failing":false,"failureDetails":[],"failureMessages":[],"fullName":"useUpdateBalanceSnapshot handles error when updateSnapshot fails","invocations":1,"location":null,"numPassingAsserts":2,"retryReasons":[],"startAt":1767296208328,"status":"passed","title":"handles error when updateSnapshot fails"},{"ancestorTitles":["useUpdateBalanceSnapshot"],"duration":4,"failing":false,"failureDetails":[],"failureMessages":[],"fullName":"useUpdateBalanceSnapshot handles non-Error rejection","invocations":1,"location":null,"numPassingAsserts":2,"retryReasons":[],"startAt":1767296208333,"status":"passed","title":"handles non-Error rejection"},{"ancestorTitles":["useUpdateBalanceSnapshot"],"duration":1,"failing":false,"failureDetails":[],"failureMessages":[],"fullName":"useUpdateBalanceSnapshot returns correct transaction states","invocations":1,"location":null,"numPassingAsserts":2,"retryReasons":[],"startAt":1767296208337,"status":"passed","title":"returns correct transaction states"},{"ancestorTitles":["useBalanceSnapshot"],"duration":4,"failing":false,"failureDetails":[],"failureMessages":[],"fullName":"useBalanceSnapshot returns snapshot data","invocations":1,"location":null,"numPassingAsserts":2,"retryReasons":[],"startAt":1767296208340,"status":"passed","title":"returns snapshot data"},{"ancestorTitles":["useBalanceSnapshot"],"duration":3,"failing":false,"failureDetails":[],"failureMessages":[],"fullName":"useBalanceSnapshot returns defaults when no data","invocations":1,"location":null,"numPassingAsserts":2,"retryReasons":[],"startAt":1767296208344,"status":"passed","title":"returns defaults when no data"},{"ancestorTitles":["usePendingTransaction"],"duration":4,"failing":false,"failureDetails":[],"failureMessages":[],"fullName":"usePendingTransaction returns pending transaction data","invocations":1,"location":null,"numPassingAsserts":4,"retryReasons":[],"startAt":1767296208349,"status":"passed","title":"returns pending transaction data"},{"ancestorTitles":["usePendingTransaction"],"duration":3,"failing":false,"failureDetails":[],"failureMessages":[],"fullName":"usePendingTransaction returns null when no pending transaction","invocations":1,"location":null,"numPassingAsserts":2,"retryReasons":[],"startAt":1767296208354,"status":"passed","title":"returns null when no pending transaction"},{"ancestorTitles":["usePendingTransaction"],"duration":1,"failing":false,"failureDetails":[],"failureMessages":[],"fullName":"usePendingTransaction handles when txId is undefined","invocations":1,"location":null,"numPassingAsserts":1,"retryReasons":[],"startAt":1767296208358,"status":"passed","title":"handles when txId is undefined"},{"ancestorTitles":["usePendingTransaction"],"duration":3,"failing":false,"failureDetails":[],"failureMessages":[],"fullName":"usePendingTransaction handles when vault address is undefined","invocations":1,"location":null,"numPassingAsserts":2,"retryReasons":[],"startAt":1767296208361,"status":"passed","title":"handles when vault address is undefined"},{"ancestorTitles":["useApprovePendingTransaction"],"duration":2,"failing":false,"failureDetails":[],"failureMessages":[],"fullName":"useApprovePendingTransaction provides approve function","invocations":1,"location":null,"numPassingAsserts":1,"retryReasons":[],"startAt":1767296208368,"status":"passed","title":"provides approve function"},{"ancestorTitles":["useApprovePendingTransaction"],"duration":1,"failing":false,"failureDetails":[],"failureMessages":[],"fullName":"useApprovePendingTransaction returns success when approve is called successfully","invocations":1,"location":null,"numPassingAsserts":2,"retryReasons":[],"startAt":1767296208371,"status":"passed","title":"returns success when approve is called successfully"},{"ancestorTitles":["useApprovePendingTransaction"],"duration":2,"failing":false,"failureDetails":[],"failureMessages":[],"fullName":"useApprovePendingTransaction handles error when approve fails","invocations":1,"location":null,"numPassingAsserts":2,"retryReasons":[],"startAt":1767296208373,"status":"passed","title":"handles error when approve fails"},{"ancestorTitles":["useApprovePendingTransaction"],"duration":11,"failing":false,"failureDetails":[],"failureMessages":[],"fullName":"useApprovePendingTransaction handles non-Error rejection","invocations":1,"location":null,"numPassingAsserts":2,"retryReasons":[],"startAt":1767296208377,"status":"passed","title":"handles non-Error rejection"},{"ancestorTitles":["useExecutePendingTransaction"],"duration":1,"failing":false,"failureDetails":[],"failureMessages":[],"fullName":"useExecutePendingTransaction provides execute function","invocations":1,"location":null,"numPassingAsserts":1,"retryReasons":[],"startAt":1767296208389,"status":"passed","title":"provides execute function"},{"ancestorTitles":["useExecutePendingTransaction"],"duration":2,"failing":false,"failureDetails":[],"failureMessages":[],"fullName":"useExecutePendingTransaction returns success when execute is called successfully","invocations":1,"location":null,"numPassingAsserts":2,"retryReasons":[],"startAt":1767296208391,"status":"passed","title":"returns success when execute is called successfully"},{"ancestorTitles":["useExecutePendingTransaction"],"duration":1,"failing":false,"failureDetails":[],"failureMessages":[],"fullName":"useExecutePendingTransaction handles error when execute fails","invocations":1,"location":null,"numPassingAsserts":2,"retryReasons":[],"startAt":1767296208394,"status":"passed","title":"handles error when execute fails"},{"ancestorTitles":["useExecutePendingTransaction"],"duration":1,"failing":false,"failureDetails":[],"failureMessages":[],"fullName":"useExecutePendingTransaction handles non-Error rejection","invocations":1,"location":null,"numPassingAsserts":2,"retryReasons":[],"startAt":1767296208396,"status":"passed","title":"handles non-Error rejection"},{"ancestorTitles":["useExecutePendingTransaction"],"duration":2,"failing":false,"failureDetails":[],"failureMessages":[],"fullName":"useExecutePendingTransaction returns correct loading and success states","invocations":1,"location":null,"numPassingAsserts":2,"retryReasons":[],"startAt":1767296208398,"status":"passed","title":"returns correct loading and success states"},{"ancestorTitles":["useCleanupExpiredTransaction"],"duration":2,"failing":false,"failureDetails":[],"failureMessages":[],"fullName":"useCleanupExpiredTransaction provides cleanup function","invocations":1,"location":null,"numPassingAsserts":1,"retryReasons":[],"startAt":1767296208400,"status":"passed","title":"provides cleanup function"},{"ancestorTitles":["useCleanupExpiredTransaction"],"duration":2,"failing":false,"failureDetails":[],"failureMessages":[],"fullName":"useCleanupExpiredTransaction returns success when cleanup is called successfully","invocations":1,"location":null,"numPassingAsserts":2,"retryReasons":[],"startAt":1767296208402,"status":"passed","title":"returns success when cleanup is called successfully"},{"ancestorTitles":["useCleanupExpiredTransaction"],"duration":2,"failing":false,"failureDetails":[],"failureMessages":[],"fullName":"useCleanupExpiredTransaction handles error when cleanup fails","invocations":1,"location":null,"numPassingAsserts":2,"retryReasons":[],"startAt":1767296208405,"status":"passed","title":"handles error when cleanup fails"},{"ancestorTitles":["useCleanupExpiredTransaction"],"duration":1,"failing":false,"failureDetails":[],"failureMessages":[],"fullName":"useCleanupExpiredTransaction handles non-Error rejection","invocations":1,"location":null,"numPassingAsserts":2,"retryReasons":[],"startAt":1767296208408,"status":"passed","title":"handles non-Error rejection"},{"ancestorTitles":["useCleanupExpiredTransaction"],"duration":6,"failing":false,"failureDetails":[],"failureMessages":[],"fullName":"useCleanupExpiredTransaction returns loading state while transaction is pending","invocations":1,"location":null,"numPassingAsserts":1,"retryReasons":[],"startAt":1767296208410,"status":"passed","title":"returns loading state while transaction is pending"},{"ancestorTitles":["useGuardianCancelInheritance"],"duration":3,"failing":false,"failureDetails":[],"failureMessages":[],"fullName":"useGuardianCancelInheritance provides cancelInheritance function","invocations":1,"location":null,"numPassingAsserts":1,"retryReasons":[],"startAt":1767296208416,"status":"passed","title":"provides cancelInheritance function"},{"ancestorTitles":["useGuardianCancelInheritance"],"duration":8,"failing":false,"failureDetails":[],"failureMessages":[],"fullName":"useGuardianCancelInheritance returns success when cancelInheritance is called successfully","invocations":1,"location":null,"numPassingAsserts":2,"retryReasons":[],"startAt":1767296208419,"status":"passed","title":"returns success when cancelInheritance is called successfully"},{"ancestorTitles":["useGuardianCancelInheritance"],"duration":1,"failing":false,"failureDetails":[],"failureMessages":[],"fullName":"useGuardianCancelInheritance handles error when cancelInheritance fails","invocations":1,"location":null,"numPassingAsserts":2,"retryReasons":[],"startAt":1767296208439,"status":"passed","title":"handles error when cancelInheritance fails"},{"ancestorTitles":["useGuardianCancelInheritance"],"duration":1,"failing":false,"failureDetails":[],"failureMessages":[],"fullName":"useGuardianCancelInheritance handles non-Error rejection","invocations":1,"location":null,"numPassingAsserts":2,"retryReasons":[],"startAt":1767296208441,"status":"passed","title":"handles non-Error rejection"},{"ancestorTitles":["useGuardianCancelInheritance"],"duration":1,"failing":false,"failureDetails":[],"failureMessages":[],"fullName":"useGuardianCancelInheritance returns loading and success states","invocations":1,"location":null,"numPassingAsserts":2,"retryReasons":[],"startAt":1767296208442,"status":"passed","title":"returns loading and success states"},{"ancestorTitles":["useInheritanceStatus"],"duration":2,"failing":false,"failureDetails":[],"failureMessages":[],"fullName":"useInheritanceStatus returns next of kin when set","invocations":1,"location":null,"numPassingAsserts":2,"retryReasons":[],"startAt":1767296208443,"status":"passed","title":"returns next of kin when set"},{"ancestorTitles":["useInheritanceStatus"],"duration":4,"failing":false,"failureDetails":[],"failureMessages":[],"fullName":"useInheritanceStatus returns no next of kin when not set","invocations":1,"location":null,"numPassingAsserts":1,"retryReasons":[],"startAt":1767296208445,"status":"passed","title":"returns no next of kin when not set"},{"ancestorTitles":["useInheritanceStatus"],"duration":3,"failing":false,"failureDetails":[],"failureMessages":[],"fullName":"useInheritanceStatus returns default address when data is undefined","invocations":1,"location":null,"numPassingAsserts":2,"retryReasons":[],"startAt":1767296208449,"status":"passed","title":"returns default address when data is undefined"},{"ancestorTitles":["useInheritanceStatus"],"duration":1,"failing":false,"failureDetails":[],"failureMessages":[],"fullName":"useInheritanceStatus handles undefined vault address","invocations":1,"location":null,"numPassingAsserts":2,"retryReasons":[],"startAt":1767296208452,"status":"passed","title":"handles undefined vault address"}],"endTime":1767296208459,"message":"","name":"/workspaces/Vfide/frontend/hooks/__tests__/useVaultHooks.test.ts","startTime":1767296207812,"status":"passed","summary":""},{"assertionResults":[{"ancestorTitles":["Tabs"],"duration":25,"failing":false,"failureDetails":[],"failureMessages":[],"fullName":"Tabs renders tabs component","invocations":1,"location":null,"numPassingAsserts":3,"retryReasons":[],"startAt":1767296208683,"status":"passed","title":"renders tabs component"},{"ancestorTitles":["Tabs"],"duration":9,"failing":false,"failureDetails":[],"failureMessages":[],"fullName":"Tabs shows correct content based on selected tab","invocations":1,"location":null,"numPassingAsserts":1,"retryReasons":[],"startAt":1767296208709,"status":"passed","title":"shows correct content based on selected tab"},{"ancestorTitles":["TabsList"],"duration":7,"failing":false,"failureDetails":[],"failureMessages":[],"fullName":"TabsList renders tab list","invocations":1,"location":null,"numPassingAsserts":1,"retryReasons":[],"startAt":1767296208720,"status":"passed","title":"renders tab list"},{"ancestorTitles":["TabsList"],"duration":7,"failing":false,"failureDetails":[],"failureMessages":[],"fullName":"TabsList applies custom className","invocations":1,"location":null,"numPassingAsserts":1,"retryReasons":[],"startAt":1767296208727,"status":"passed","title":"applies custom className"},{"ancestorTitles":["TabsList"],"duration":5,"failing":false,"failureDetails":[],"failureMessages":[],"fullName":"TabsList forwards ref","invocations":1,"location":null,"numPassingAsserts":1,"retryReasons":[],"startAt":1767296208734,"status":"passed","title":"forwards ref"},{"ancestorTitles":["TabsTrigger"],"duration":24,"failing":false,"failureDetails":[],"failureMessages":[],"fullName":"TabsTrigger renders tab trigger","invocations":1,"location":null,"numPassingAsserts":1,"retryReasons":[],"startAt":1767296208740,"status":"passed","title":"renders tab trigger"},{"ancestorTitles":["TabsTrigger"],"duration":6,"failing":false,"failureDetails":[],"failureMessages":[],"fullName":"TabsTrigger applies custom className","invocations":1,"location":null,"numPassingAsserts":1,"retryReasons":[],"startAt":1767296208765,"status":"passed","title":"applies custom className"},{"ancestorTitles":["TabsTrigger"],"duration":7,"failing":false,"failureDetails":[],"failureMessages":[],"fullName":"TabsTrigger forwards ref","invocations":1,"location":null,"numPassingAsserts":1,"retryReasons":[],"startAt":1767296208771,"status":"passed","title":"forwards ref"},{"ancestorTitles":["TabsContent"],"duration":10,"failing":false,"failureDetails":[],"failureMessages":[],"fullName":"TabsContent renders tab content","invocations":1,"location":null,"numPassingAsserts":1,"retryReasons":[],"startAt":1767296208778,"status":"passed","title":"renders tab content"},{"ancestorTitles":["TabsContent"],"duration":5,"failing":false,"failureDetails":[],"failureMessages":[],"fullName":"TabsContent applies custom className","invocations":1,"location":null,"numPassingAsserts":1,"retryReasons":[],"startAt":1767296208788,"status":"passed","title":"applies custom className"},{"ancestorTitles":["TabsContent"],"duration":7,"failing":false,"failureDetails":[],"failureMessages":[],"fullName":"TabsContent forwards ref","invocations":1,"location":null,"numPassingAsserts":1,"retryReasons":[],"startAt":1767296208794,"status":"passed","title":"forwards ref"}],"endTime":1767296208802,"message":"","name":"/workspaces/Vfide/frontend/components/ui/__tests__/tabs.test.tsx","startTime":1767296208492,"status":"passed","summary":""},{"assertionResults":[{"ancestorTitles":["EmptyState"],"duration":6,"failing":false,"failureDetails":[],"failureMessages":[],"fullName":"EmptyState renders with title","invocations":1,"location":null,"numPassingAsserts":1,"retryReasons":[],"startAt":1767296208949,"status":"passed","title":"renders with title"},{"ancestorTitles":["EmptyState"],"duration":3,"failing":false,"failureDetails":[],"failureMessages":[],"fullName":"EmptyState renders with description","invocations":1,"location":null,"numPassingAsserts":1,"retryReasons":[],"startAt":1767296208955,"status":"passed","title":"renders with description"},{"ancestorTitles":["EmptyState"],"duration":4,"failing":false,"failureDetails":[],"failureMessages":[],"fullName":"EmptyState renders with custom icon","invocations":1,"location":null,"numPassingAsserts":1,"retryReasons":[],"startAt":1767296208958,"status":"passed","title":"renders with custom icon"},{"ancestorTitles":["EmptyState"],"duration":3,"failing":false,"failureDetails":[],"failureMessages":[],"fullName":"EmptyState renders default variant icon","invocations":1,"location":null,"numPassingAsserts":1,"retryReasons":[],"startAt":1767296208963,"status":"passed","title":"renders default variant icon"},{"ancestorTitles":["EmptyState"],"duration":2,"failing":false,"failureDetails":[],"failureMessages":[],"fullName":"EmptyState renders search variant icon","invocations":1,"location":null,"numPassingAsserts":1,"retryReasons":[],"startAt":1767296208967,"status":"passed","title":"renders search variant icon"},{"ancestorTitles":["EmptyState"],"duration":2,"failing":false,"failureDetails":[],"failureMessages":[],"fullName":"EmptyState renders error variant icon","invocations":1,"location":null,"numPassingAsserts":1,"retryReasons":[],"startAt":1767296208969,"status":"passed","title":"renders error variant icon"},{"ancestorTitles":["EmptyState"],"duration":10,"failing":false,"failureDetails":[],"failureMessages":[],"fullName":"EmptyState renders with action button","invocations":1,"location":null,"numPassingAsserts":1,"retryReasons":[],"startAt":1767296208971,"status":"passed","title":"renders with action button"},{"ancestorTitles":["EmptyState"],"duration":2,"failing":false,"failureDetails":[],"failureMessages":[],"fullName":"EmptyState applies custom className","invocations":1,"location":null,"numPassingAsserts":1,"retryReasons":[],"startAt":1767296208981,"status":"passed","title":"applies custom className"},{"ancestorTitles":["EmptyState"],"duration":2,"failing":false,"failureDetails":[],"failureMessages":[],"fullName":"EmptyState renders without description","invocations":1,"location":null,"numPassingAsserts":1,"retryReasons":[],"startAt":1767296208983,"status":"passed","title":"renders without description"},{"ancestorTitles":["EmptyState"],"duration":1,"failing":false,"failureDetails":[],"failureMessages":[],"fullName":"EmptyState renders without action","invocations":1,"location":null,"numPassingAsserts":1,"retryReasons":[],"startAt":1767296208986,"status":"passed","title":"renders without action"},{"ancestorTitles":["NoResults"],"duration":4,"failing":false,"failureDetails":[],"failureMessages":[],"fullName":"NoResults renders with query","invocations":1,"location":null,"numPassingAsserts":2,"retryReasons":[],"startAt":1767296208987,"status":"passed","title":"renders with query"},{"ancestorTitles":["NoResults"],"duration":3,"failing":false,"failureDetails":[],"failureMessages":[],"fullName":"NoResults renders without query","invocations":1,"location":null,"numPassingAsserts":2,"retryReasons":[],"startAt":1767296208991,"status":"passed","title":"renders without query"},{"ancestorTitles":["NoResults"],"duration":2,"failing":false,"failureDetails":[],"failureMessages":[],"fullName":"NoResults applies custom className","invocations":1,"location":null,"numPassingAsserts":1,"retryReasons":[],"startAt":1767296208994,"status":"passed","title":"applies custom className"},{"ancestorTitles":["NoData"],"duration":2,"failing":false,"failureDetails":[],"failureMessages":[],"fullName":"NoData renders with default props","invocations":1,"location":null,"numPassingAsserts":2,"retryReasons":[],"startAt":1767296208997,"status":"passed","title":"renders with default props"},{"ancestorTitles":["NoData"],"duration":2,"failing":false,"failureDetails":[],"failureMessages":[],"fullName":"NoData renders with custom title","invocations":1,"location":null,"numPassingAsserts":1,"retryReasons":[],"startAt":1767296208999,"status":"passed","title":"renders with custom title"},{"ancestorTitles":["NoData"],"duration":3,"failing":false,"failureDetails":[],"failureMessages":[],"fullName":"NoData renders with custom description","invocations":1,"location":null,"numPassingAsserts":1,"retryReasons":[],"startAt":1767296209001,"status":"passed","title":"renders with custom description"},{"ancestorTitles":["NoData"],"duration":5,"failing":false,"failureDetails":[],"failureMessages":[],"fullName":"NoData renders with action","invocations":1,"location":null,"numPassingAsserts":1,"retryReasons":[],"startAt":1767296209004,"status":"passed","title":"renders with action"},{"ancestorTitles":["NoData"],"duration":1,"failing":false,"failureDetails":[],"failureMessages":[],"fullName":"NoData applies custom className","invocations":1,"location":null,"numPassingAsserts":1,"retryReasons":[],"startAt":1767296209010,"status":"passed","title":"applies custom className"}],"endTime":1767296209012,"message":"","name":"/workspaces/Vfide/frontend/components/ui/__tests__/EmptyState.test.tsx","startTime":1767296208823,"status":"passed","summary":""},{"assertionResults":[{"ancestorTitles":["Skeleton"],"duration":4,"failing":false,"failureDetails":[],"failureMessages":[],"fullName":"Skeleton renders skeleton element","invocations":1,"location":null,"numPassingAsserts":1,"retryReasons":[],"startAt":1767296209161,"status":"passed","title":"renders skeleton element"},{"ancestorTitles":["Skeleton"],"duration":2,"failing":false,"failureDetails":[],"failureMessages":[],"fullName":"Skeleton applies custom className","invocations":1,"location":null,"numPassingAsserts":1,"retryReasons":[],"startAt":1767296209165,"status":"passed","title":"applies custom className"},{"ancestorTitles":["Skeleton"],"duration":5,"failing":false,"failureDetails":[],"failureMessages":[],"fullName":"Skeleton applies custom width as string","invocations":1,"location":null,"numPassingAsserts":1,"retryReasons":[],"startAt":1767296209168,"status":"passed","title":"applies custom width as string"},{"ancestorTitles":["Skeleton"],"duration":2,"failing":false,"failureDetails":[],"failureMessages":[],"fullName":"Skeleton applies custom width as number","invocations":1,"location":null,"numPassingAsserts":1,"retryReasons":[],"startAt":1767296209174,"status":"passed","title":"applies custom width as number"},{"ancestorTitles":["Skeleton"],"duration":2,"failing":false,"failureDetails":[],"failureMessages":[],"fullName":"Skeleton applies custom height as string","invocations":1,"location":null,"numPassingAsserts":1,"retryReasons":[],"startAt":1767296209177,"status":"passed","title":"applies custom height as string"},{"ancestorTitles":["Skeleton"],"duration":3,"failing":false,"failureDetails":[],"failureMessages":[],"fullName":"Skeleton applies custom height as number","invocations":1,"location":null,"numPassingAsserts":1,"retryReasons":[],"startAt":1767296209180,"status":"passed","title":"applies custom height as number"},{"ancestorTitles":["Skeleton"],"duration":3,"failing":false,"failureDetails":[],"failureMessages":[],"fullName":"Skeleton applies rounded none variant","invocations":1,"location":null,"numPassingAsserts":1,"retryReasons":[],"startAt":1767296209183,"status":"passed","title":"applies rounded none variant"},{"ancestorTitles":["Skeleton"],"duration":1,"failing":false,"failureDetails":[],"failureMessages":[],"fullName":"Skeleton applies rounded sm variant","invocations":1,"location":null,"numPassingAsserts":1,"retryReasons":[],"startAt":1767296209187,"status":"passed","title":"applies rounded sm variant"},{"ancestorTitles":["Skeleton"],"duration":1,"failing":false,"failureDetails":[],"failureMessages":[],"fullName":"Skeleton applies rounded md variant by default","invocations":1,"location":null,"numPassingAsserts":1,"retryReasons":[],"startAt":1767296209189,"status":"passed","title":"applies rounded md variant by default"},{"ancestorTitles":["Skeleton"],"duration":1,"failing":false,"failureDetails":[],"failureMessages":[],"fullName":"Skeleton applies rounded lg variant","invocations":1,"location":null,"numPassingAsserts":1,"retryReasons":[],"startAt":1767296209190,"status":"passed","title":"applies rounded lg variant"},{"ancestorTitles":["Skeleton"],"duration":2,"failing":false,"failureDetails":[],"failureMessages":[],"fullName":"Skeleton applies rounded xl variant","invocations":1,"location":null,"numPassingAsserts":1,"retryReasons":[],"startAt":1767296209191,"status":"passed","title":"applies rounded xl variant"},{"ancestorTitles":["Skeleton"],"duration":1,"failing":false,"failureDetails":[],"failureMessages":[],"fullName":"Skeleton applies rounded full variant","invocations":1,"location":null,"numPassingAsserts":1,"retryReasons":[],"startAt":1767296209193,"status":"passed","title":"applies rounded full variant"},{"ancestorTitles":["Skeleton"],"duration":1,"failing":false,"failureDetails":[],"failureMessages":[],"fullName":"Skeleton applies bg color class","invocations":1,"location":null,"numPassingAsserts":1,"retryReasons":[],"startAt":1767296209195,"status":"passed","title":"applies bg color class"},{"ancestorTitles":["SkeletonText"],"duration":4,"failing":false,"failureDetails":[],"failureMessages":[],"fullName":"SkeletonText renders default 3 lines","invocations":1,"location":null,"numPassingAsserts":1,"retryReasons":[],"startAt":1767296209196,"status":"passed","title":"renders default 3 lines"},{"ancestorTitles":["SkeletonText"],"duration":6,"failing":false,"failureDetails":[],"failureMessages":[],"fullName":"SkeletonText renders custom number of lines","invocations":1,"location":null,"numPassingAsserts":1,"retryReasons":[],"startAt":1767296209200,"status":"passed","title":"renders custom number of lines"},{"ancestorTitles":["SkeletonText"],"duration":4,"failing":false,"failureDetails":[],"failureMessages":[],"fullName":"SkeletonText renders 1 line","invocations":1,"location":null,"numPassingAsserts":1,"retryReasons":[],"startAt":1767296209206,"status":"passed","title":"renders 1 line"},{"ancestorTitles":["SkeletonText"],"duration":2,"failing":false,"failureDetails":[],"failureMessages":[],"fullName":"SkeletonText applies custom className","invocations":1,"location":null,"numPassingAsserts":1,"retryReasons":[],"startAt":1767296209210,"status":"passed","title":"applies custom className"},{"ancestorTitles":["SkeletonText"],"duration":1,"failing":false,"failureDetails":[],"failureMessages":[],"fullName":"SkeletonText has space-y-2 spacing class","invocations":1,"location":null,"numPassingAsserts":1,"retryReasons":[],"startAt":1767296209212,"status":"passed","title":"has space-y-2 spacing class"},{"ancestorTitles":["SkeletonCard"],"duration":4,"failing":false,"failureDetails":[],"failureMessages":[],"fullName":"SkeletonCard renders card skeleton","invocations":1,"location":null,"numPassingAsserts":1,"retryReasons":[],"startAt":1767296209213,"status":"passed","title":"renders card skeleton"},{"ancestorTitles":["SkeletonCard"],"duration":5,"failing":false,"failureDetails":[],"failureMessages":[],"fullName":"SkeletonCard applies custom className","invocations":1,"location":null,"numPassingAsserts":1,"retryReasons":[],"startAt":1767296209217,"status":"passed","title":"applies custom className"},{"ancestorTitles":["SkeletonCard"],"duration":4,"failing":false,"failureDetails":[],"failureMessages":[],"fullName":"SkeletonCard has bg color","invocations":1,"location":null,"numPassingAsserts":1,"retryReasons":[],"startAt":1767296209222,"status":"passed","title":"has bg color"},{"ancestorTitles":["SkeletonCard"],"duration":3,"failing":false,"failureDetails":[],"failureMessages":[],"fullName":"SkeletonCard has border styling","invocations":1,"location":null,"numPassingAsserts":3,"retryReasons":[],"startAt":1767296209228,"status":"passed","title":"has border styling"},{"ancestorTitles":["SkeletonStat"],"duration":1,"failing":false,"failureDetails":[],"failureMessages":[],"fullName":"SkeletonStat renders stat skeleton","invocations":1,"location":null,"numPassingAsserts":1,"retryReasons":[],"startAt":1767296209231,"status":"passed","title":"renders stat skeleton"},{"ancestorTitles":["SkeletonStat"],"duration":2,"failing":false,"failureDetails":[],"failureMessages":[],"fullName":"SkeletonStat applies custom className","invocations":1,"location":null,"numPassingAsserts":1,"retryReasons":[],"startAt":1767296209232,"status":"passed","title":"applies custom className"},{"ancestorTitles":["SkeletonStat"],"duration":2,"failing":false,"failureDetails":[],"failureMessages":[],"fullName":"SkeletonStat has bg and rounded styling","invocations":1,"location":null,"numPassingAsserts":2,"retryReasons":[],"startAt":1767296209234,"status":"passed","title":"has bg and rounded styling"},{"ancestorTitles":["SkeletonTable"],"duration":9,"failing":false,"failureDetails":[],"failureMessages":[],"fullName":"SkeletonTable renders table skeleton with default 5 rows","invocations":1,"location":null,"numPassingAsserts":1,"retryReasons":[],"startAt":1767296209236,"status":"passed","title":"renders table skeleton with default 5 rows"},{"ancestorTitles":["SkeletonTable"],"duration":4,"failing":false,"failureDetails":[],"failureMessages":[],"fullName":"SkeletonTable renders custom number of rows","invocations":1,"location":null,"numPassingAsserts":1,"retryReasons":[],"startAt":1767296209245,"status":"passed","title":"renders custom number of rows"},{"ancestorTitles":["SkeletonTable"],"duration":7,"failing":false,"failureDetails":[],"failureMessages":[],"fullName":"SkeletonTable applies custom className","invocations":1,"location":null,"numPassingAsserts":1,"retryReasons":[],"startAt":1767296209249,"status":"passed","title":"applies custom className"}],"endTime":1767296209257,"message":"","name":"/workspaces/Vfide/frontend/components/ui/__tests__/Skeleton.test.tsx","startTime":1767296209039,"status":"passed","summary":""},{"assertionResults":[{"ancestorTitles":["ProgressSteps"],"duration":10,"failing":false,"failureDetails":[],"failureMessages":[],"fullName":"ProgressSteps renders all steps","invocations":1,"location":null,"numPassingAsserts":3,"retryReasons":[],"startAt":1767296209398,"status":"passed","title":"renders all steps"},{"ancestorTitles":["ProgressSteps"],"duration":5,"failing":false,"failureDetails":[],"failureMessages":[],"fullName":"ProgressSteps shows step descriptions","invocations":1,"location":null,"numPassingAsserts":3,"retryReasons":[],"startAt":1767296209409,"status":"passed","title":"shows step descriptions"},{"ancestorTitles":["ProgressSteps"],"duration":6,"failing":false,"failureDetails":[],"failureMessages":[],"fullName":"ProgressSteps shows current step number","invocations":1,"location":null,"numPassingAsserts":1,"retryReasons":[],"startAt":1767296209414,"status":"passed","title":"shows current step number"},{"ancestorTitles":["ProgressSteps"],"duration":5,"failing":false,"failureDetails":[],"failureMessages":[],"fullName":"ProgressSteps shows check icon for completed steps","invocations":1,"location":null,"numPassingAsserts":1,"retryReasons":[],"startAt":1767296209420,"status":"passed","title":"shows check icon for completed steps"},{"ancestorTitles":["ProgressSteps"],"duration":11,"failing":false,"failureDetails":[],"failureMessages":[],"fullName":"ProgressSteps shows step numbers for non-completed steps","invocations":1,"location":null,"numPassingAsserts":3,"retryReasons":[],"startAt":1767296209426,"status":"passed","title":"shows step numbers for non-completed steps"},{"ancestorTitles":["ProgressSteps"],"duration":6,"failing":false,"failureDetails":[],"failureMessages":[],"fullName":"ProgressSteps applies custom className","invocations":1,"location":null,"numPassingAsserts":1,"retryReasons":[],"startAt":1767296209437,"status":"passed","title":"applies custom className"},{"ancestorTitles":["ProgressSteps"],"duration":9,"failing":false,"failureDetails":[],"failureMessages":[],"fullName":"ProgressSteps renders steps without descriptions","invocations":1,"location":null,"numPassingAsserts":2,"retryReasons":[],"startAt":1767296209444,"status":"passed","title":"renders steps without descriptions"},{"ancestorTitles":["ProgressSteps"],"duration":5,"failing":false,"failureDetails":[],"failureMessages":[],"fullName":"ProgressSteps renders steps with string ids","invocations":1,"location":null,"numPassingAsserts":2,"retryReasons":[],"startAt":1767296209453,"status":"passed","title":"renders steps with string ids"},{"ancestorTitles":["ProgressSteps"],"duration":7,"failing":false,"failureDetails":[],"failureMessages":[],"fullName":"ProgressSteps renders connector lines between steps","invocations":1,"location":null,"numPassingAsserts":1,"retryReasons":[],"startAt":1767296209458,"status":"passed","title":"renders connector lines between steps"},{"ancestorTitles":["ProgressSteps"],"duration":8,"failing":false,"failureDetails":[],"failureMessages":[],"fullName":"ProgressSteps completed step connector has correct color","invocations":1,"location":null,"numPassingAsserts":1,"retryReasons":[],"startAt":1767296209465,"status":"passed","title":"completed step connector has correct color"},{"ancestorTitles":["ProgressSteps"],"duration":4,"failing":false,"failureDetails":[],"failureMessages":[],"fullName":"ProgressSteps renders single step","invocations":1,"location":null,"numPassingAsserts":1,"retryReasons":[],"startAt":1767296209476,"status":"passed","title":"renders single step"},{"ancestorTitles":["ProgressSteps"],"duration":14,"failing":false,"failureDetails":[],"failureMessages":[],"fullName":"ProgressSteps handles all steps completed","invocations":1,"location":null,"numPassingAsserts":1,"retryReasons":[],"startAt":1767296209480,"status":"passed","title":"handles all steps completed"}],"endTime":1767296209495,"message":"","name":"/workspaces/Vfide/frontend/components/ui/__tests__/ProgressSteps.test.tsx","startTime":1767296209268,"status":"passed","summary":""},{"assertionResults":[{"ancestorTitles":["Card"],"duration":11,"failing":false,"failureDetails":[],"failureMessages":[],"fullName":"Card renders card","invocations":1,"location":null,"numPassingAsserts":2,"retryReasons":[],"startAt":1767296209644,"status":"passed","title":"renders card"},{"ancestorTitles":["Card"],"duration":3,"failing":false,"failureDetails":[],"failureMessages":[],"fullName":"Card applies custom className to Card","invocations":1,"location":null,"numPassingAsserts":1,"retryReasons":[],"startAt":1767296209656,"status":"passed","title":"applies custom className to Card"},{"ancestorTitles":["Card"],"duration":7,"failing":false,"failureDetails":[],"failureMessages":[],"fullName":"Card forwards ref to Card","invocations":1,"location":null,"numPassingAsserts":1,"retryReasons":[],"startAt":1767296209659,"status":"passed","title":"forwards ref to Card"},{"ancestorTitles":["CardHeader"],"duration":2,"failing":false,"failureDetails":[],"failureMessages":[],"fullName":"CardHeader renders card header","invocations":1,"location":null,"numPassingAsserts":1,"retryReasons":[],"startAt":1767296209666,"status":"passed","title":"renders card header"},{"ancestorTitles":["CardHeader"],"duration":3,"failing":false,"failureDetails":[],"failureMessages":[],"fullName":"CardHeader applies custom className","invocations":1,"location":null,"numPassingAsserts":1,"retryReasons":[],"startAt":1767296209669,"status":"passed","title":"applies custom className"},{"ancestorTitles":["CardHeader"],"duration":1,"failing":false,"failureDetails":[],"failureMessages":[],"fullName":"CardHeader forwards ref","invocations":1,"location":null,"numPassingAsserts":1,"retryReasons":[],"startAt":1767296209673,"status":"passed","title":"forwards ref"},{"ancestorTitles":["CardTitle"],"duration":2,"failing":false,"failureDetails":[],"failureMessages":[],"fullName":"CardTitle renders card title","invocations":1,"location":null,"numPassingAsserts":1,"retryReasons":[],"startAt":1767296209674,"status":"passed","title":"renders card title"},{"ancestorTitles":["CardTitle"],"duration":3,"failing":false,"failureDetails":[],"failureMessages":[],"fullName":"CardTitle applies custom className","invocations":1,"location":null,"numPassingAsserts":1,"retryReasons":[],"startAt":1767296209676,"status":"passed","title":"applies custom className"},{"ancestorTitles":["CardTitle"],"duration":8,"failing":false,"failureDetails":[],"failureMessages":[],"fullName":"CardTitle renders as h3","invocations":1,"location":null,"numPassingAsserts":1,"retryReasons":[],"startAt":1767296209679,"status":"passed","title":"renders as h3"},{"ancestorTitles":["CardTitle"],"duration":1,"failing":false,"failureDetails":[],"failureMessages":[],"fullName":"CardTitle forwards ref","invocations":1,"location":null,"numPassingAsserts":1,"retryReasons":[],"startAt":1767296209687,"status":"passed","title":"forwards ref"},{"ancestorTitles":["CardDescription"],"duration":2,"failing":false,"failureDetails":[],"failureMessages":[],"fullName":"CardDescription renders card description","invocations":1,"location":null,"numPassingAsserts":1,"retryReasons":[],"startAt":1767296209688,"status":"passed","title":"renders card description"},{"ancestorTitles":["CardDescription"],"duration":1,"failing":false,"failureDetails":[],"failureMessages":[],"fullName":"CardDescription applies custom className","invocations":1,"location":null,"numPassingAsserts":1,"retryReasons":[],"startAt":1767296209690,"status":"passed","title":"applies custom className"},{"ancestorTitles":["CardDescription"],"duration":1,"failing":false,"failureDetails":[],"failureMessages":[],"fullName":"CardDescription forwards ref","invocations":1,"location":null,"numPassingAsserts":1,"retryReasons":[],"startAt":1767296209692,"status":"passed","title":"forwards ref"},{"ancestorTitles":["CardContent"],"duration":2,"failing":false,"failureDetails":[],"failureMessages":[],"fullName":"CardContent renders card content","invocations":1,"location":null,"numPassingAsserts":1,"retryReasons":[],"startAt":1767296209693,"status":"passed","title":"renders card content"},{"ancestorTitles":["CardContent"],"duration":2,"failing":false,"failureDetails":[],"failureMessages":[],"fullName":"CardContent applies custom className","invocations":1,"location":null,"numPassingAsserts":1,"retryReasons":[],"startAt":1767296209695,"status":"passed","title":"applies custom className"},{"ancestorTitles":["CardContent"],"duration":2,"failing":false,"failureDetails":[],"failureMessages":[],"fullName":"CardContent forwards ref","invocations":1,"location":null,"numPassingAsserts":1,"retryReasons":[],"startAt":1767296209698,"status":"passed","title":"forwards ref"},{"ancestorTitles":["CardFooter"],"duration":2,"failing":false,"failureDetails":[],"failureMessages":[],"fullName":"CardFooter renders card footer","invocations":1,"location":null,"numPassingAsserts":1,"retryReasons":[],"startAt":1767296209700,"status":"passed","title":"renders card footer"},{"ancestorTitles":["CardFooter"],"duration":2,"failing":false,"failureDetails":[],"failureMessages":[],"fullName":"CardFooter applies custom className","invocations":1,"location":null,"numPassingAsserts":1,"retryReasons":[],"startAt":1767296209702,"status":"passed","title":"applies custom className"},{"ancestorTitles":["CardFooter"],"duration":1,"failing":false,"failureDetails":[],"failureMessages":[],"fullName":"CardFooter forwards ref","invocations":1,"location":null,"numPassingAsserts":1,"retryReasons":[],"startAt":1767296209704,"status":"passed","title":"forwards ref"},{"ancestorTitles":["Card complete structure"],"duration":31,"failing":false,"failureDetails":[],"failureMessages":[],"fullName":"Card complete structure renders complete card with all subcomponents","invocations":1,"location":null,"numPassingAsserts":4,"retryReasons":[],"startAt":1767296209706,"status":"passed","title":"renders complete card with all subcomponents"}],"endTime":1767296209737,"message":"","name":"/workspaces/Vfide/frontend/components/ui/__tests__/card.test.tsx","startTime":1767296209519,"status":"passed","summary":""},{"assertionResults":[{"ancestorTitles":["useProofScore"],"duration":5,"failing":false,"failureDetails":[],"failureMessages":[],"fullName":"useProofScore returns score data","invocations":1,"location":null,"numPassingAsserts":4,"retryReasons":[],"startAt":1767296209869,"status":"passed","title":"returns score data"},{"ancestorTitles":["useProofScore"],"duration":1,"failing":false,"failureDetails":[],"failureMessages":[],"fullName":"useProofScore calculates elite tier score","invocations":1,"location":null,"numPassingAsserts":3,"retryReasons":[],"startAt":1767296209875,"status":"passed","title":"calculates elite tier score"},{"ancestorTitles":["useProofScore"],"duration":2,"failing":false,"failureDetails":[],"failureMessages":[],"fullName":"useProofScore calculates high trust score","invocations":1,"location":null,"numPassingAsserts":3,"retryReasons":[],"startAt":1767296209877,"status":"passed","title":"calculates high trust score"},{"ancestorTitles":["useProofScore"],"duration":1,"failing":false,"failureDetails":[],"failureMessages":[],"fullName":"useProofScore calculates neutral score","invocations":1,"location":null,"numPassingAsserts":3,"retryReasons":[],"startAt":1767296209879,"status":"passed","title":"calculates neutral score"},{"ancestorTitles":["useProofScore"],"duration":1,"failing":false,"failureDetails":[],"failureMessages":[],"fullName":"useProofScore calculates low score","invocations":1,"location":null,"numPassingAsserts":2,"retryReasons":[],"startAt":1767296209881,"status":"passed","title":"calculates low score"},{"ancestorTitles":["useProofScore"],"duration":1,"failing":false,"failureDetails":[],"failureMessages":[],"fullName":"useProofScore calculates risky score","invocations":1,"location":null,"numPassingAsserts":2,"retryReasons":[],"startAt":1767296209883,"status":"passed","title":"calculates risky score"},{"ancestorTitles":["useProofScore"],"duration":1,"failing":false,"failureDetails":[],"failureMessages":[],"fullName":"useProofScore defaults to neutral score when no data","invocations":1,"location":null,"numPassingAsserts":1,"retryReasons":[],"startAt":1767296209885,"status":"passed","title":"defaults to neutral score when no data"},{"ancestorTitles":["useProofScore"],"duration":1,"failing":false,"failureDetails":[],"failureMessages":[],"fullName":"useProofScore determines voting eligibility","invocations":1,"location":null,"numPassingAsserts":1,"retryReasons":[],"startAt":1767296209887,"status":"passed","title":"determines voting eligibility"},{"ancestorTitles":["useProofScore"],"duration":2,"failing":false,"failureDetails":[],"failureMessages":[],"fullName":"useProofScore denies voting for low scores","invocations":1,"location":null,"numPassingAsserts":1,"retryReasons":[],"startAt":1767296209888,"status":"passed","title":"denies voting for low scores"},{"ancestorTitles":["useProofScore"],"duration":1,"failing":false,"failureDetails":[],"failureMessages":[],"fullName":"useProofScore determines merchant eligibility","invocations":1,"location":null,"numPassingAsserts":1,"retryReasons":[],"startAt":1767296209890,"status":"passed","title":"determines merchant eligibility"},{"ancestorTitles":["useProofScore"],"duration":1,"failing":false,"failureDetails":[],"failureMessages":[],"fullName":"useProofScore determines council eligibility","invocations":1,"location":null,"numPassingAsserts":1,"retryReasons":[],"startAt":1767296209892,"status":"passed","title":"determines council eligibility"},{"ancestorTitles":["useProofScore"],"duration":1,"failing":false,"failureDetails":[],"failureMessages":[],"fullName":"useProofScore uses custom address when provided","invocations":1,"location":null,"numPassingAsserts":1,"retryReasons":[],"startAt":1767296209894,"status":"passed","title":"uses custom address when provided"},{"ancestorTitles":["useProofScore"],"duration":1,"failing":false,"failureDetails":[],"failureMessages":[],"fullName":"useProofScore handles loading state","invocations":1,"location":null,"numPassingAsserts":1,"retryReasons":[],"startAt":1767296209895,"status":"passed","title":"handles loading state"},{"ancestorTitles":["useProofScore"],"duration":1,"failing":false,"failureDetails":[],"failureMessages":[],"fullName":"useProofScore handles error state","invocations":1,"location":null,"numPassingAsserts":1,"retryReasons":[],"startAt":1767296209897,"status":"passed","title":"handles error state"},{"ancestorTitles":["useProofScore"],"duration":1,"failing":false,"failureDetails":[],"failureMessages":[],"fullName":"useProofScore provides refetch function","invocations":1,"location":null,"numPassingAsserts":1,"retryReasons":[],"startAt":1767296209899,"status":"passed","title":"provides refetch function"},{"ancestorTitles":["getScoreTier"],"duration":1,"failing":false,"failureDetails":[],"failureMessages":[],"fullName":"getScoreTier returns Elite for scores >= 8000","invocations":1,"location":null,"numPassingAsserts":3,"retryReasons":[],"startAt":1767296209900,"status":"passed","title":"returns Elite for scores >= 8000"},{"ancestorTitles":["getScoreTier"],"duration":1,"failing":false,"failureDetails":[],"failureMessages":[],"fullName":"getScoreTier returns High Trust for scores >= 7000","invocations":1,"location":null,"numPassingAsserts":2,"retryReasons":[],"startAt":1767296209901,"status":"passed","title":"returns High Trust for scores >= 7000"},{"ancestorTitles":["getScoreTier"],"duration":1,"failing":false,"failureDetails":[],"failureMessages":[],"fullName":"getScoreTier returns Neutral for scores >= 5000","invocations":1,"location":null,"numPassingAsserts":2,"retryReasons":[],"startAt":1767296209902,"status":"passed","title":"returns Neutral for scores >= 5000"},{"ancestorTitles":["getScoreTier"],"duration":1,"failing":false,"failureDetails":[],"failureMessages":[],"fullName":"getScoreTier returns Low Trust for scores >= 3500","invocations":1,"location":null,"numPassingAsserts":2,"retryReasons":[],"startAt":1767296209903,"status":"passed","title":"returns Low Trust for scores >= 3500"},{"ancestorTitles":["getScoreTier"],"duration":1,"failing":false,"failureDetails":[],"failureMessages":[],"fullName":"getScoreTier returns Risky for scores < 3500","invocations":1,"location":null,"numPassingAsserts":3,"retryReasons":[],"startAt":1767296209904,"status":"passed","title":"returns Risky for scores < 3500"},{"ancestorTitles":["useSeerThresholds"],"duration":2,"failing":false,"failureDetails":[],"failureMessages":[],"fullName":"useSeerThresholds returns default values when no data","invocations":1,"location":null,"numPassingAsserts":4,"retryReasons":[],"startAt":1767296209905,"status":"passed","title":"returns default values when no data"},{"ancestorTitles":["useSeerThresholds"],"duration":6,"failing":false,"failureDetails":[],"failureMessages":[],"fullName":"useSeerThresholds returns contract values when available","invocations":1,"location":null,"numPassingAsserts":4,"retryReasons":[],"startAt":1767296209907,"status":"passed","title":"returns contract values when available"},{"ancestorTitles":["useHasBadge"],"duration":1,"failing":false,"failureDetails":[],"failureMessages":[],"fullName":"useHasBadge returns hasBadge true when data is truthy","invocations":1,"location":null,"numPassingAsserts":2,"retryReasons":[],"startAt":1767296209914,"status":"passed","title":"returns hasBadge true when data is truthy"},{"ancestorTitles":["useHasBadge"],"duration":1,"failing":false,"failureDetails":[],"failureMessages":[],"fullName":"useHasBadge returns hasBadge false when data is falsy","invocations":1,"location":null,"numPassingAsserts":1,"retryReasons":[],"startAt":1767296209916,"status":"passed","title":"returns hasBadge false when data is falsy"},{"ancestorTitles":["useHasBadge"],"duration":1,"failing":false,"failureDetails":[],"failureMessages":[],"fullName":"useHasBadge returns isLoading state","invocations":1,"location":null,"numPassingAsserts":2,"retryReasons":[],"startAt":1767296209917,"status":"passed","title":"returns isLoading state"},{"ancestorTitles":["useHasBadge"],"duration":1,"failing":false,"failureDetails":[],"failureMessages":[],"fullName":"useHasBadge uses custom userAddress when provided","invocations":1,"location":null,"numPassingAsserts":1,"retryReasons":[],"startAt":1767296209919,"status":"passed","title":"uses custom userAddress when provided"}],"endTime":1767296209922,"message":"","name":"/workspaces/Vfide/frontend/hooks/__tests__/useProofScore.test.ts","startTime":1767296209755,"status":"passed","summary":""},{"assertionResults":[{"ancestorTitles":["Alert"],"duration":11,"failing":false,"failureDetails":[],"failureMessages":[],"fullName":"Alert renders alert with default variant","invocations":1,"location":null,"numPassingAsserts":2,"retryReasons":[],"startAt":1767296210068,"status":"passed","title":"renders alert with default variant"},{"ancestorTitles":["Alert"],"duration":2,"failing":false,"failureDetails":[],"failureMessages":[],"fullName":"Alert renders alert with destructive variant","invocations":1,"location":null,"numPassingAsserts":1,"retryReasons":[],"startAt":1767296210080,"status":"passed","title":"renders alert with destructive variant"},{"ancestorTitles":["Alert"],"duration":3,"failing":false,"failureDetails":[],"failureMessages":[],"fullName":"Alert applies custom className","invocations":1,"location":null,"numPassingAsserts":1,"retryReasons":[],"startAt":1767296210082,"status":"passed","title":"applies custom className"},{"ancestorTitles":["Alert"],"duration":1,"failing":false,"failureDetails":[],"failureMessages":[],"fullName":"Alert forwards ref","invocations":1,"location":null,"numPassingAsserts":1,"retryReasons":[],"startAt":1767296210085,"status":"passed","title":"forwards ref"},{"ancestorTitles":["AlertTitle"],"duration":2,"failing":false,"failureDetails":[],"failureMessages":[],"fullName":"AlertTitle renders alert title","invocations":1,"location":null,"numPassingAsserts":1,"retryReasons":[],"startAt":1767296210087,"status":"passed","title":"renders alert title"},{"ancestorTitles":["AlertTitle"],"duration":1,"failing":false,"failureDetails":[],"failureMessages":[],"fullName":"AlertTitle applies custom className","invocations":1,"location":null,"numPassingAsserts":1,"retryReasons":[],"startAt":1767296210089,"status":"passed","title":"applies custom className"},{"ancestorTitles":["AlertTitle"],"duration":1,"failing":false,"failureDetails":[],"failureMessages":[],"fullName":"AlertTitle renders as h5 element","invocations":1,"location":null,"numPassingAsserts":1,"retryReasons":[],"startAt":1767296210091,"status":"passed","title":"renders as h5 element"},{"ancestorTitles":["AlertTitle"],"duration":1,"failing":false,"failureDetails":[],"failureMessages":[],"fullName":"AlertTitle forwards ref","invocations":1,"location":null,"numPassingAsserts":1,"retryReasons":[],"startAt":1767296210092,"status":"passed","title":"forwards ref"},{"ancestorTitles":["AlertDescription"],"duration":1,"failing":false,"failureDetails":[],"failureMessages":[],"fullName":"AlertDescription renders alert description","invocations":1,"location":null,"numPassingAsserts":1,"retryReasons":[],"startAt":1767296210094,"status":"passed","title":"renders alert description"},{"ancestorTitles":["AlertDescription"],"duration":2,"failing":false,"failureDetails":[],"failureMessages":[],"fullName":"AlertDescription applies custom className","invocations":1,"location":null,"numPassingAsserts":1,"retryReasons":[],"startAt":1767296210095,"status":"passed","title":"applies custom className"},{"ancestorTitles":["AlertDescription"],"duration":1,"failing":false,"failureDetails":[],"failureMessages":[],"fullName":"AlertDescription renders as div element","invocations":1,"location":null,"numPassingAsserts":1,"retryReasons":[],"startAt":1767296210097,"status":"passed","title":"renders as div element"},{"ancestorTitles":["AlertDescription"],"duration":3,"failing":false,"failureDetails":[],"failureMessages":[],"fullName":"AlertDescription forwards ref","invocations":1,"location":null,"numPassingAsserts":1,"retryReasons":[],"startAt":1767296210098,"status":"passed","title":"forwards ref"},{"ancestorTitles":["Alert components together"],"duration":3,"failing":false,"failureDetails":[],"failureMessages":[],"fullName":"Alert components together renders complete alert with title and description","invocations":1,"location":null,"numPassingAsserts":3,"retryReasons":[],"startAt":1767296210102,"status":"passed","title":"renders complete alert with title and description"},{"ancestorTitles":["Alert components together"],"duration":3,"failing":false,"failureDetails":[],"failureMessages":[],"fullName":"
[...]
"column":21},"end":{"line":66,"column":null}},"20":{"start":{"line":67,"column":2},"end":{"line":67,"column":null}},"21":{"start":{"line":67,"column":21},"end":{"line":67,"column":null}},"22":{"start":{"line":68,"column":2},"end":{"line":68,"column":null}},"23":{"start":{"line":75,"column":37},"end":{"line":79,"column":null}},"24":{"start":{"line":81,"column":35},"end":{"line":85,"column":null}},"25":{"start":{"line":87,"column":38},"end":{"line":91,"column":null}},"26":{"start":{"line":93,"column":39},"end":{"line":97,"column":null}},"27":{"start":{"line":99,"column":2},"end":{"line":104,"column":null}},"28":{"start":{"line":111,"column":40},"end":{"line":111,"column":null}},"29":{"start":{"line":112,"column":24},"end":{"line":112,"column":null}},"30":{"start":{"line":114,"column":30},"end":{"line":122,"column":null}},"31":{"start":{"line":124,"column":2},"end":{"line":127,"column":null}}},"fnMap":{"0":{"name":"useProofScore","decl":{"start":{"line":8,"column":16},"end":{"line":8,"column":30}},"loc":{"start":{"line":8,"column":57},"end":{"line":57,"column":null}}},"1":{"name":"getScoreTier","decl":{"start":{"line":62,"column":16},"end":{"line":62,"column":29}},"loc":{"start":{"line":62,"column":42},"end":{"line":69,"column":null}}},"2":{"name":"useSeerThresholds","decl":{"start":{"line":74,"column":16},"end":{"line":74,"column":null}},"loc":{"start":{"line":74,"column":16},"end":{"line":105,"column":null}}},"3":{"name":"useHasBadge","decl":{"start":{"line":110,"column":16},"end":{"line":110,"column":28}},"loc":{"start":{"line":110,"column":79},"end":{"line":128,"column":null}}}},"branchMap":{"0":{"loc":{"start":{"line":10,"column":24},"end":{"line":10,"column":null}},"type":"binary-expr","locations":[{"start":{"line":10,"column":24},"end":{"line":10,"column":39}},{"start":{"line":10,"column":39},"end":{"line":10,"column":null}}]},"1":{"loc":{"start":{"line":16,"column":10},"end":{"line":16,"column":null}},"type":"cond-expr","locations":[{"start":{"line":16,"column":26},"end":{"line":16,"column":44}},{"start":{"line":16,"column":44},"end":{"line":16,"column":null}}]},"2":{"loc":{"start":{"line":22,"column":19},"end":{"line":22,"column":46}},"type":"cond-expr","locations":[{"start":{"line":22,"column":26},"end":{"line":22,"column":41}},{"start":{"line":22,"column":41},"end":{"line":22,"column":46}}]},"3":{"loc":{"start":{"line":30,"column":4},"end":{"line":34,"column":null}},"type":"cond-expr","locations":[{"start":{"line":30,"column":23},"end":{"line":30,"column":null}},{"start":{"line":31,"column":4},"end":{"line":34,"column":null}}]},"4":{"loc":{"start":{"line":31,"column":4},"end":{"line":34,"column":null}},"type":"cond-expr","locations":[{"start":{"line":31,"column":23},"end":{"line":31,"column":null}},{"start":{"line":32,"column":4},"end":{"line":34,"column":null}}]},"5":{"loc":{"start":{"line":32,"column":4},"end":{"line":34,"column":null}},"type":"cond-expr","locations":[{"start":{"line":32,"column":23},"end":{"line":32,"column":null}},{"start":{"line":33,"column":4},"end":{"line":34,"column":null}}]},"6":{"loc":{"start":{"line":33,"column":4},"end":{"line":34,"column":null}},"type":"cond-expr","locations":[{"start":{"line":33,"column":23},"end":{"line":33,"column":null}},{"start":{"line":34,"column":4},"end":{"line":34,"column":null}}]},"7":{"loc":{"start":{"line":38,"column":4},"end":{"line":41,"column":45}},"type":"cond-expr","locations":[{"start":{"line":38,"column":23},"end":{"line":38,"column":null}},{"start":{"line":39,"column":4},"end":{"line":41,"column":45}}]},"8":{"loc":{"start":{"line":39,"column":4},"end":{"line":41,"column":45}},"type":"cond-expr","locations":[{"start":{"line":39,"column":23},"end":{"line":39,"column":null}},{"start":{"line":40,"column":4},"end":{"line":41,"column":45}}]},"9":{"loc":{"start":{"line":40,"column":4},"end":{"line":41,"column":45}},"type":"cond-expr","locations":[{"start":{"line":40,"column":23},"end":{"line":40,"column":null}},{"start":{"line":41,"column":4},"end":{"line":41,"column":45}}]},"10":{"loc":{"start":{"line":41,"column":4},"end":{"line":41,"column":45}},"type":"cond-expr","locations":[{"start":{"line":41,"column":23},"end":{"line":41,"column":35}},{"start":{"line":41,"column":35},"end":{"line":41,"column":45}}]},"11":{"loc":{"start":{"line":64,"column":2},"end":{"line":64,"column":null}},"type":"if","locations":[{"start":{"line":64,"column":2},"end":{"line":64,"column":null}},{"start":{},"end":{}}]},"12":{"loc":{"start":{"line":65,"column":2},"end":{"line":65,"column":null}},"type":"if","locations":[{"start":{"line":65,"column":2},"end":{"line":65,"column":null}},{"start":{},"end":{}}]},"13":{"loc":{"start":{"line":66,"column":2},"end":{"line":66,"column":null}},"type":"if","locations":[{"start":{"line":66,"column":2},"end":{"line":66,"column":null}},{"start":{},"end":{}}]},"14":{"loc":{"start":{"line":67,"column":2},"end":{"line":67,"column":null}},"type":"if","locations":[{"start":{"line":67,"column":2},"end":{"line":67,"column":null}},{"start":{},"end":{}}]},"15":{"loc":{"start":{"line":100,"column":22},"end":{"line":100,"column":null}},"type":"cond-expr","locations":[{"start":{"line":100,"column":41},"end":{"line":100,"column":68}},{"start":{"line":100,"column":68},"end":{"line":100,"column":null}}]},"16":{"loc":{"start":{"line":101,"column":20},"end":{"line":101,"column":null}},"type":"cond-expr","locations":[{"start":{"line":101,"column":37},"end":{"line":101,"column":62}},{"start":{"line":101,"column":62},"end":{"line":101,"column":null}}]},"17":{"loc":{"start":{"line":102,"column":23},"end":{"line":102,"column":null}},"type":"cond-expr","locations":[{"start":{"line":102,"column":43},"end":{"line":102,"column":71}},{"start":{"line":102,"column":71},"end":{"line":102,"column":null}}]},"18":{"loc":{"start":{"line":103,"column":24},"end":{"line":103,"column":null}},"type":"cond-expr","locations":[{"start":{"line":103,"column":45},"end":{"line":103,"column":74}},{"start":{"line":103,"column":74},"end":{"line":103,"column":null}}]},"19":{"loc":{"start":{"line":112,"column":24},"end":{"line":112,"column":null}},"type":"binary-expr","locations":[{"start":{"line":112,"column":24},"end":{"line":112,"column":39}},{"start":{"line":112,"column":39},"end":{"line":112,"column":null}}]},"20":{"loc":{"start":{"line":118,"column":10},"end":{"line":118,"column":null}},"type":"cond-expr","locations":[{"start":{"line":118,"column":37},"end":{"line":118,"column":64}},{"start":{"line":118,"column":64},"end":{"line":118,"column":null}}]},"21":{"loc":{"start":{"line":118,"column":10},"end":{"line":118,"column":37}},"type":"binary-expr","locations":[{"start":{"line":118,"column":10},"end":{"line":118,"column":27}},{"start":{"line":118,"column":27},"end":{"line":118,"column":37}}]},"22":{"loc":{"start":{"line":120,"column":15},"end":{"line":120,"column":null}},"type":"binary-expr","locations":[{"start":{"line":120,"column":15},"end":{"line":120,"column":34}},{"start":{"line":120,"column":34},"end":{"line":120,"column":null}}]}},"s":{"0":12,"1":4,"2":15,"3":2,"4":1,"5":1,"6":15,"7":15,"8":15,"9":15,"10":15,"11":15,"12":15,"13":15,"14":27,"15":4,"16":23,"17":5,"18":18,"19":11,"20":7,"21":3,"22":4,"23":2,"24":2,"25":2,"26":2,"27":2,"28":4,"29":4,"30":4,"31":4},"f":{"0":15,"1":27,"2":2,"3":4},"b":{"0":[15,14],"1":[15,0],"2":[12,3],"3":[1,14],"4":[3,11],"5":[9,2],"6":[1,1],"7":[1,14],"8":[3,11],"9":[9,2],"10":[1,1],"11":[4,23],"12":[5,18],"13":[11,7],"14":[3,4],"15":[1,1],"16":[1,1],"17":[1,1],"18":[1,1],"19":[4,3],"20":[4,0],"21":[4,4],"22":[4,4]}},"/workspaces/Vfide/frontend/components/ui/alert.tsx":{"path":"/workspaces/Vfide/frontend/components/ui/alert.tsx","statementMap":{"0":{"start":{"line":58,"column":9},"end":{"line":58,"column":16}},"1":{"start":{"line":58,"column":28},"end":{"line":58,"column":null}},"2":{"start":{"line":58,"column":16},"end":{"line":58,"column":28}},"3":{"start":{"line":1,"column":23},"end":{"line":1,"column":null}},"4":{"start":{"line":2,"column":39},"end":{"line":2,"column":null}},"5":{"start":{"line":3,"column":19},"end":{"line":3,"column":null}},"6":{"start":{"line":5,"column":22},"end":{"line":18,"column":null}},"7":{"start":{"line":32,"column":0},"end":{"line":32,"column":null}},"8":{"start":{"line":44,"column":0},"end":{"line":44,"column":null}},"9":{"start":{"line":56,"column":0},"end":{"line":56,"column":null}}},"fnMap":{},"branchMap":{},"s":{"0":6,"1":6,"2":6,"3":1,"4":1,"5":1,"6":1,"7":1,"8":1,"9":1},"f":{},"b":{}},"/workspaces/Vfide/frontend/components/DemoModeBanner.tsx":{"path":"/workspaces/Vfide/frontend/components/DemoModeBanner.tsx","statementMap":{"0":{"start":{"line":6,"column":16},"end":{"line":6,"column":null}},"1":{"start":{"line":3,"column":27},"end":{"line":3,"column":null}},"2":{"start":{"line":4,"column":28},"end":{"line":4,"column":null}},"3":{"start":{"line":7,"column":29},"end":{"line":7,"column":null}},"4":{"start":{"line":10,"column":20},"end":{"line":10,"column":null}},"5":{"start":{"line":11,"column":21},"end":{"line":11,"column":null}},"6":{"start":{"line":13,"column":2},"end":{"line":13,"column":null}},"7":{"start":{"line":13,"column":19},"end":{"line":13,"column":null}}},"fnMap":{"0":{"name":"DemoModeBanner","decl":{"start":{"line":6,"column":16},"end":{"line":6,"column":null}},"loc":{"start":{"line":6,"column":16},"end":{"line":26,"column":null}}}},"branchMap":{"0":{"loc":{"start":{"line":10,"column":20},"end":{"line":10,"column":null}},"type":"binary-expr","locations":[{"start":{"line":10,"column":20},"end":{"line":10,"column":38}},{"start":{"line":10,"column":38},"end":{"line":10,"column":null}}]},"1":{"loc":{"start":{"line":11,"column":21},"end":{"line":11,"column":null}},"type":"binary-expr","locations":[{"start":{"line":11,"column":21},"end":{"line":11,"column":33}},{"start":{"line":11,"column":33},"end":{"line":11,"column":null}}]},"2":{"loc":{"start":{"line":13,"column":2},"end":{"line":13,"column":null}},"type":"if","locations":[{"start":{"line":13,"column":2},"end":{"line":13,"column":null}},{"start":{},"end":{}}]},"3":{"loc":{"start":{"line":20,"column":11},"end":{"line":20,"column":null}},"type":"binary-expr","locations":[{"start":{"line":20,"column":11},"end":{"line":20,"column":23}},{"start":{"line":20,"column":23},"end":{"line":20,"column":null}}]},"4":{"loc":{"start":{"line":21,"column":11},"end":{"line":21,"column":92}},"type":"binary-expr","locations":[{"start":{"line":21,"column":11},"end":{"line":21,"column":22}},{"start":{"line":21,"column":22},"end":{"line":21,"column":35}},{"start":{"line":21,"column":35},"end":{"line":21,"column":92}}]},"5":{"loc":{"start":{"line":21,"column":66},"end":{"line":21,"column":92}},"type":"binary-expr","locations":[{"start":{"line":21,"column":66},"end":{"line":21,"column":81}},{"start":{"line":21,"column":81},"end":{"line":21,"column":92}}]}},"s":{"0":5,"1":1,"2":1,"3":5,"4":5,"5":5,"6":5,"7":1},"f":{"0":5},"b":{"0":[5,2],"1":[5,3],"2":[1,4],"3":[4,2],"4":[4,2,2],"5":[2,1]}},"/workspaces/Vfide/frontend/components/ui/progress.tsx":{"path":"/workspaces/Vfide/frontend/components/ui/progress.tsx","statementMap":{"0":{"start":{"line":25,"column":9},"end":{"line":25,"column":null}},"1":{"start":{"line":1,"column":23},"end":{"line":1,"column":null}},"2":{"start":{"line":2,"column":35},"end":{"line":2,"column":null}},"3":{"start":{"line":3,"column":19},"end":{"line":3,"column":null}},"4":{"start":{"line":23,"column":0},"end":{"line":23,"column":null}}},"fnMap":{},"branchMap":{"0":{"loc":{"start":{"line":19,"column":48},"end":{"line":19,"column":60}},"type":"binary-expr","locations":[{"start":{"line":19,"column":48},"end":{"line":19,"column":57}},{"start":{"line":19,"column":57},"end":{"line":19,"column":60}}]}},"s":{"0":10,"1":1,"2":1,"3":1,"4":1},"f":{},"b":{"0":[10,3]}},"/workspaces/Vfide/frontend/components/ui/button.tsx":{"path":"/workspaces/Vfide/frontend/components/ui/button.tsx","statementMap":{"0":{"start":{"line":55,"column":9},"end":{"line":55,"column":17}},"1":{"start":{"line":55,"column":17},"end":{"line":55,"column":null}},"2":{"start":{"line":1,"column":23},"end":{"line":1,"column":null}},"3":{"start":{"line":2,"column":21},"end":{"line":2,"column":null}},"4":{"start":{"line":3,"column":39},"end":{"line":3,"column":null}},"5":{"start":{"line":4,"column":19},"end":{"line":4,"column":null}},"6":{"start":{"line":6,"column":23},"end":{"line":32,"column":null}},"7":{"start":{"line":41,"column":15},"end":{"line":51,"column":null}},"8":{"start":{"line":43,"column":17},"end":{"line":43,"column":null}},"9":{"start":{"line":53,"column":0},"end":{"line":53,"column":null}}},"fnMap":{"0":{"name":"(anonymous_6)","decl":{"start":{"line":42,"column":2},"end":{"line":42,"column":3}},"loc":{"start":{"line":42,"column":60},"end":{"line":51,"column":null}}}},"branchMap":{"0":{"loc":{"start":{"line":42,"column":31},"end":{"line":42,"column":46}},"type":"default-arg","locations":[{"start":{"line":42,"column":41},"end":{"line":42,"column":46}}]},"1":{"loc":{"start":{"line":43,"column":17},"end":{"line":43,"column":null}},"type":"cond-expr","locations":[{"start":{"line":43,"column":27},"end":{"line":43,"column":31}},{"start":{"line":43,"column":34},"end":{"line":43,"column":null}}]}},"s":{"0":16,"1":1,"2":1,"3":1,"4":1,"5":1,"6":1,"7":1,"8":16,"9":1},"f":{"0":16},"b":{"0":[15],"1":[1,15]}},"/workspaces/Vfide/frontend/hooks/useVFIDEBalance.ts":{"path":"/workspaces/Vfide/frontend/hooks/useVFIDEBalance.ts","statementMap":{"0":{"start":{"line":4,"column":16},"end":{"line":4,"column":32}},"1":{"start":{"line":1,"column":32},"end":{"line":1,"column":null}},"2":{"start":{"line":2,"column":52},"end":{"line":2,"column":null}},"3":{"start":{"line":5,"column":39},"end":{"line":13,"column":null}},"4":{"start":{"line":15,"column":2},"end":{"line":19,"column":null}}},"fnMap":{"0":{"name":"useVFIDEBalance","decl":{"start":{"line":4,"column":16},"end":{"line":4,"column":32}},"loc":{"start":{"line":4,"column":55},"end":{"line":20,"column":null}}}},"branchMap":{"0":{"loc":{"start":{"line":9,"column":10},"end":{"line":9,"column":null}},"type":"cond-expr","locations":[{"start":{"line":9,"column":20},"end":{"line":9,"column":32}},{"start":{"line":9,"column":32},"end":{"line":9,"column":null}}]},"1":{"loc":{"start":{"line":11,"column":15},"end":{"line":11,"column":59}},"type":"binary-expr","locations":[{"start":{"line":11,"column":15},"end":{"line":11,"column":28}},{"start":{"line":11,"column":28},"end":{"line":11,"column":59}}]}},"s":{"0":5,"1":1,"2":1,"3":5,"4":5},"f":{"0":5},"b":{"0":[4,1],"1":[5,4]}},"/workspaces/Vfide/frontend/lib/price-utils.ts":{"path":"/workspaces/Vfide/frontend/lib/price-utils.ts","statementMap":{"0":{"start":{"line":16,"column":13},"end":{"line":16,"column":35}},"1":{"start":{"line":9,"column":13},"end":{"line":9,"column":30}},"2":{"start":{"line":41,"column":16},"end":{"line":41,"column":null}},"3":{"start":{"line":21,"column":16},"end":{"line":21,"column":27}},"4":{"start":{"line":9,"column":30},"end":{"line":13,"column":null}},"5":{"start":{"line":16,"column":35},"end":{"line":16,"column":null}},"6":{"start":{"line":22,"column":20},"end":{"line":22,"column":null}},"7":{"start":{"line":23,"column":2},"end":{"line":23,"column":null}},"8":{"start":{"line":23,"column":43},"end":{"line":23,"column":null}},"9":{"start":{"line":25,"column":19},"end":{"line":25,"column":null}},"10":{"start":{"line":27,"column":2},"end":{"line":35,"column":null}},"11":{"start":{"line":28,"column":4},"end":{"line":28,"column":null}},"12":{"start":{"line":29,"column":9},"end":{"line":35,"column":null}},"13":{"start":{"line":30,"column":4},"end":{"line":30,"column":null}},"14":{"start":{"line":31,"column":9},"end":{"line":35,"column":null}},"15":{"start":{"line":32,"column":4},"end":{"line":32,"column":null}},"16":{"start":{"line":34,"column":4},"end":{"line":34,"column":null}},"17":{"start":{"line":45,"column":20},"end":{"line":45,"column":null}},"18":{"start":{"line":47,"column":2},"end":{"line":50,"column":null}}},"fnMap":{"0":{"name":"vfideToUsd","decl":{"start":{"line":21,"column":16},"end":{"line":21,"column":27}},"loc":{"start":{"line":21,"column":95},"end":{"line":36,"column":null}}},"1":{"name":"formatVfideWithUsd","decl":{"start":{"line":41,"column":16},"end":{"line":41,"column":null}},"loc":{"start":{"line":43,"column":45},"end":{"line":51,"column":null}}}},"branchMap":{"0":{"loc":{"start":{"line":21,"column":52},"end":{"line":21,"column":95}},"type":"default-arg","locations":[{"start":{"line":21,"column":76},"end":{"line":21,"column":95}}]},"1":{"loc":{"start":{"line":22,"column":20},"end":{"line":22,"column":null}},"type":"cond-expr","locations":[{"start":{"line":22,"column":49},"end":{"line":22,"column":70}},{"start":{"line":22,"column":70},"end":{"line":22,"column":null}}]},"2":{"loc":{"start":{"line":23,"column":2},"end":{"line":23,"column":null}},"type":"if","locations":[{"start":{"line":23,"column":2},"end":{"line":23,"column":null}},{"start":{},"end":{}}]},"3":{"loc":{"start":{"line":23,"column":6},"end":{"line":23,"column":43}},"type":"binary-expr","locations":[{"start":{"line":23,"column":6},"end":{"line":23,"column":26}},{"start":{"line":23,"column":26},"end":{"line":23,"column":43}}]},"4":{"loc":{"start":{"line":27,"column":2},"end":{"line":35,"column":null}},"type":"if","locations":[{"start":{"line":27,"column":2},"end":{"line":35,"column":null}},{"start":{"line":29,"column":9},"end":{"line":35,"column":null}}]},"5":{"loc":{"start":{"line":29,"column":9},"end":{"line":35,"column":null}},"type":"if","locations":[{"start":{"line":29,"column":9},"end":{"line":35,"column":null}},{"start":{"line":31,"column":9},"end":{"line":35,"column":null}}]},"6":{"loc":{"start":{"line":31,"column":9},"end":{"line":35,"column":null}},"type":"if","locations":[{"start":{"line":31,"column":9},"end":{"line":35,"column":null}},{"start":{"line":33,"column":9},"end":{"line":35,"column":null}}]},"7":{"loc":{"start":{"line":43,"column":2},"end":{"line":43,"column":45}},"type":"default-arg","locations":[{"start":{"line":43,"column":26},"end":{"line":43,"column":45}}]},"8":{"loc":{"start":{"line":45,"column":20},"end":{"line":45,"column":null}},"type":"cond-expr","locations":[{"start":{"line":45,"column":49},"end":{"line":45,"column":70}},{"start":{"line":45,"column":70},"end":{"line":45,"column":null}}]}},"s":{"0":1,"1":3,"2":5,"3":9,"4":1,"5":1,"6":14,"7":14,"8":3,"9":11,"10":11,"11":1,"12":10,"13":2,"14":8,"15":6,"16":2,"17":5,"18":5},"f":{"0":14,"1":5},"b":{"0":[8],"1":[1,13],"2":[3,11],"3":[14,13],"4":[1,10],"5":[2,8],"6":[6,2],"7":[4],"8":[1,4]}},"/workspaces/Vfide/frontend/hooks/useMerchantStatus.ts":{"path":"/workspaces/Vfide/frontend/hooks/useMerchantStatus.ts","statementMap":{"0":{"start":{"line":4,"column":16},"end":{"line":4,"column":34}},"1":{"start":{"line":1,"column":32},"end":{"line":1,"column":null}},"2":{"start":{"line":2,"column":56},"end":{"line":2,"column":null}},"3":{"start":{"line":5,"column":39},"end":{"line":13,"column":null}},"4":{"start":{"line":15,"column":2},"end":{"line":19,"column":null}}},"fnMap":{"0":{"name":"useMerchantStatus","decl":{"start":{"line":4,"column":16},"end":{"line":4,"column":34}},"loc":{"start":{"line":4,"column":57},"end":{"line":20,"column":null}}}},"branchMap":{"0":{"loc":{"start":{"line":9,"column":10},"end":{"line":9,"column":null}},"type":"cond-expr","locations":[{"start":{"line":9,"column":20},"end":{"line":9,"column":32}},{"start":{"line":9,"column":32},"end":{"line":9,"column":null}}]},"1":{"loc":{"start":{"line":11,"column":15},"end":{"line":11,"column":63}},"type":"binary-expr","locations":[{"start":{"line":11,"column":15},"end":{"line":11,"column":28}},{"start":{"line":11,"column":28},"end":{"line":11,"column":63}}]},"2":{"loc":{"start":{"line":16,"column":16},"end":{"line":16,"column":null}},"type":"binary-expr","locations":[{"start":{"line":16,"column":16},"end":{"line":16,"column":24}},{"start":{"line":16,"column":24},"end":{"line":16,"column":null}}]}},"s":{"0":6,"1":1,"2":1,"3":6,"4":6},"f":{"0":6},"b":{"0":[5,1],"1":[6,5],"2":[6,5]}}}}
