{"contracts-min/mocks/BurnRouterMock.sol":{"l":{"12":226,"13":226,"14":226,"15":226,"19":148},"path":"/workspaces/Vfide/contracts-min/mocks/BurnRouterMock.sol","s":{"1":148},"b":{},"f":{"1":226,"2":148},"fnMap":{"1":{"name":"set","line":11,"loc":{"start":{"line":11,"column":4},"end":{"line":16,"column":4}}},"2":{"name":"computeFees","line":18,"loc":{"start":{"line":18,"column":4},"end":{"line":20,"column":4}}}},"statementMap":{"1":{"start":{"line":19,"column":8},"end":{"line":19,"column":65}}},"branchMap":{}},"contracts-min/mocks/ERC20FailTransfer.sol":{"l":{"17":22,"18":22,"22":33,"26":5,"27":5,"28":5,"32":5},"path":"/workspaces/Vfide/contracts-min/mocks/ERC20FailTransfer.sol","s":{"1":22,"2":33,"3":5,"4":5,"5":5},"b":{},"f":{"1":22,"2":33,"3":5,"4":5},"fnMap":{"1":{"name":"mint","line":16,"loc":{"start":{"line":16,"column":4},"end":{"line":19,"column":4}}},"2":{"name":"transfer","line":21,"loc":{"start":{"line":21,"column":4},"end":{"line":23,"column":4}}},"3":{"name":"approve","line":25,"loc":{"start":{"line":25,"column":4},"end":{"line":29,"column":4}}},"4":{"name":"transferFrom","line":31,"loc":{"start":{"line":31,"column":4},"end":{"line":33,"column":4}}}},"statementMap":{"1":{"start":{"line":18,"column":8},"end":{"line":18,"column":45}},"2":{"start":{"line":22,"column":8},"end":{"line":22,"column":20}},"3":{"start":{"line":27,"column":8},"end":{"line":27,"column":49}},"4":{"start":{"line":28,"column":8},"end":{"line":28,"column":19}},"5":{"start":{"line":32,"column":8},"end":{"line":32,"column":20}}},"branchMap":{}},"contracts-min/mocks/ERC20Mock.sol":{"l":{"16":102,"17":102,"21":38,"22":38,"23":38,"27":71,"28":47,"29":47,"30":47,"31":47,"35":20,"36":20,"37":20,"41":39,"42":37,"43":37,"44":35,"45":35,"46":35,"47":35,"48":35,"52":28},"path":"/workspaces/Vfide/contracts-min/mocks/ERC20Mock.sol","s":{"1":38,"2":71,"3":47,"4":47,"5":20,"6":20,"7":39,"8":37,"9":37,"10":35,"11":35,"12":28},"b":{"1":[47,24],"2":[37,2],"3":[35,2]},"f":{"1":102,"2":38,"3":71,"4":20,"5":39,"6":28},"fnMap":{"1":{"name":"constructor","line":15,"loc":{"start":{"line":15,"column":4},"end":{"line":18,"column":4}}},"2":{"name":"mint","line":20,"loc":{"start":{"line":20,"column":4},"end":{"line":24,"column":4}}},"3":{"name":"transfer","line":26,"loc":{"start":{"line":26,"column":4},"end":{"line":32,"column":4}}},"4":{"name":"approve","line":34,"loc":{"start":{"line":34,"column":4},"end":{"line":38,"column":4}}},"5":{"name":"transferFrom","line":40,"loc":{"start":{"line":40,"column":4},"end":{"line":49,"column":4}}},"6":{"name":"decimals","line":51,"loc":{"start":{"line":51,"column":4},"end":{"line":53,"column":4}}}},"statementMap":{"1":{"start":{"line":23,"column":8},"end":{"line":23,"column":45}},"2":{"start":{"line":27,"column":8},"end":{"line":27,"column":57}},"3":{"start":{"line":30,"column":8},"end":{"line":30,"column":44}},"4":{"start":{"line":31,"column":8},"end":{"line":31,"column":19}},"5":{"start":{"line":36,"column":8},"end":{"line":36,"column":49}},"6":{"start":{"line":37,"column":8},"end":{"line":37,"column":19}},"7":{"start":{"line":41,"column":8},"end":{"line":41,"column":51}},"8":{"start":{"line":42,"column":8},"end":{"line":42,"column":53}},"9":{"start":{"line":43,"column":8},"end":{"line":43,"column":45}},"10":{"start":{"line":47,"column":8},"end":{"line":47,"column":38}},"11":{"start":{"line":48,"column":8},"end":{"line":48,"column":19}},"12":{"start":{"line":52,"column":8},"end":{"line":52,"column":24}}},"branchMap":{"1":{"line":27,"type":"if","locations":[{"start":{"line":27,"column":8},"end":{"line":27,"column":8}},{"start":{"line":27,"column":8},"end":{"line":27,"column":8}}]},"2":{"line":41,"type":"if","locations":[{"start":{"line":41,"column":8},"end":{"line":41,"column":8}},{"start":{"line":41,"column":8},"end":{"line":41,"column":8}}]},"3":{"line":43,"type":"if","locations":[{"start":{"line":43,"column":8},"end":{"line":43,"column":8}},{"start":{"line":43,"column":8},"end":{"line":43,"column":8}}]}}},"contracts-min/mocks/ERC20ReturnFalse.sol":{"l":{"12":1,"15":2},"path":"/workspaces/Vfide/contracts-min/mocks/ERC20ReturnFalse.sol","s":{"1":1,"2":2,"3":1},"b":{},"f":{"1":1,"2":2,"3":1},"fnMap":{"1":{"name":"transfer","line":11,"loc":{"start":{"line":11,"column":4},"end":{"line":13,"column":4}}},"2":{"name":"transferFrom","line":14,"loc":{"start":{"line":14,"column":4},"end":{"line":16,"column":4}}},"3":{"name":"balanceOf","line":17,"loc":{"start":{"line":17,"column":4},"end":{"line":17,"column":76}}}},"statementMap":{"1":{"start":{"line":12,"column":8},"end":{"line":12,"column":20}},"2":{"start":{"line":15,"column":8},"end":{"line":15,"column":20}},"3":{"start":{"line":17,"column":66},"end":{"line":17,"column":74}}},"branchMap":{}},"contracts-min/mocks/GasDrainerERC20.sol":{"l":{"12":2,"17":2,"18":2,"19":2,"21":2,"23":4000,"25":2,"29":0,"30":0,"34":0,"35":0,"36":0,"37":0,"38":0,"39":0,"40":0,"41":0},"path":"/workspaces/Vfide/contracts-min/mocks/GasDrainerERC20.sol","s":{"1":2,"2":2,"3":2,"4":0,"5":0,"6":0,"7":0,"8":0,"9":0,"10":0},"b":{"1":[2,0],"2":[0,0],"3":[0,0]},"f":{"1":2,"2":2,"3":0,"4":0,"5":0},"fnMap":{"1":{"name":"mint","line":11,"loc":{"start":{"line":11,"column":4},"end":{"line":13,"column":4}}},"2":{"name":"transfer","line":16,"loc":{"start":{"line":16,"column":4},"end":{"line":26,"column":4}}},"3":{"name":"approve","line":28,"loc":{"start":{"line":28,"column":4},"end":{"line":31,"column":4}}},"4":{"name":"transferFrom","line":33,"loc":{"start":{"line":33,"column":4},"end":{"line":42,"column":4}}},"5":{"name":"decimals","line":44,"loc":{"start":{"line":44,"column":4},"end":{"line":44,"column":74}}}},"statementMap":{"1":{"start":{"line":17,"column":8},"end":{"line":17,"column":57}},"2":{"start":{"line":21,"column":8},"end":{"line":21,"column":721}},"3":{"start":{"line":25,"column":8},"end":{"line":25,"column":19}},"4":{"start":{"line":30,"column":8},"end":{"line":30,"column":19}},"5":{"start":{"line":34,"column":8},"end":{"line":34,"column":51}},"6":{"start":{"line":35,"column":8},"end":{"line":35,"column":53}},"7":{"start":{"line":36,"column":8},"end":{"line":36,"column":45}},"8":{"start":{"line":40,"column":8},"end":{"line":40,"column":69}},"9":{"start":{"line":41,"column":8},"end":{"line":41,"column":19}},"10":{"start":{"line":44,"column":56},"end":{"line":44,"column":72}}},"branchMap":{"1":{"line":17,"type":"if","locations":[{"start":{"line":17,"column":8},"end":{"line":17,"column":8}},{"start":{"line":17,"column":8},"end":{"line":17,"column":8}}]},"2":{"line":34,"type":"if","locations":[{"start":{"line":34,"column":8},"end":{"line":34,"column":8}},{"start":{"line":34,"column":8},"end":{"line":34,"column":8}}]},"3":{"line":36,"type":"if","locations":[{"start":{"line":36,"column":8},"end":{"line":36,"column":8}},{"start":{"line":36,"column":8},"end":{"line":36,"column":8}}]}}},"contracts-min/mocks/LedgerMock.sol":{"l":{"11":120,"17":20,"18":17,"22":44,"23":43},"path":"/workspaces/Vfide/contracts-min/mocks/LedgerMock.sol","s":{"1":20,"2":3,"3":17,"4":44,"5":1,"6":43},"b":{"1":[3,17],"2":[1,43]},"f":{"1":120,"2":1,"3":20,"4":44},"fnMap":{"1":{"name":"constructor","line":10,"loc":{"start":{"line":10,"column":4},"end":{"line":12,"column":4}}},"2":{"name":"setRevert","line":14,"loc":{"start":{"line":14,"column":4},"end":{"line":14,"column":58}}},"3":{"name":"logSystemEvent","line":16,"loc":{"start":{"line":16,"column":4},"end":{"line":19,"column":4}}},"4":{"name":"logEvent","line":21,"loc":{"start":{"line":21,"column":4},"end":{"line":24,"column":4}}}},"statementMap":{"1":{"start":{"line":17,"column":8},"end":{"line":17,"column":47}},"2":{"start":{"line":17,"column":24},"end":{"line":17,"column":46}},"3":{"start":{"line":18,"column":8},"end":{"line":18,"column":42}},"4":{"start":{"line":22,"column":8},"end":{"line":22,"column":47}},"5":{"start":{"line":22,"column":24},"end":{"line":22,"column":46}},"6":{"start":{"line":23,"column":8},"end":{"line":23,"column":46}}},"branchMap":{"1":{"line":17,"type":"if","locations":[{"start":{"line":17,"column":8},"end":{"line":17,"column":8}},{"start":{"line":17,"column":8},"end":{"line":17,"column":8}}]},"2":{"line":22,"type":"if","locations":[{"start":{"line":22,"column":8},"end":{"line":22,"column":8}},{"start":{"line":22,"column":8},"end":{"line":22,"column":8}}]}}},"contracts-min/mocks/MerchantRegistryMock.sol":{"l":{"18":4,"19":4,"20":4,"21":4,"22":4,"23":4,"27":0,"28":0,"29":0,"34":3},"path":"/workspaces/Vfide/contracts-min/mocks/MerchantRegistryMock.sol","s":{"1":3},"b":{},"f":{"1":4,"2":0,"3":3},"fnMap":{"1":{"name":"constructor","line":17,"loc":{"start":{"line":17,"column":4},"end":{"line":24,"column":4}}},"2":{"name":"setMerchant","line":26,"loc":{"start":{"line":26,"column":4},"end":{"line":30,"column":4}}},"3":{"name":"info","line":33,"loc":{"start":{"line":33,"column":4},"end":{"line":35,"column":4}}}},"statementMap":{"1":{"start":{"line":34,"column":8},"end":{"line":34,"column":16}}},"branchMap":{}},"contracts-min/mocks/ReenteringERC20.sol":{"l":{"20":2,"21":2,"25":3,"29":3,"30":3,"31":3,"33":3,"35":2,"37":1,"41":0,"42":0,"46":0,"47":0,"48":0,"49":0,"50":0,"51":0,"52":0},"path":"/workspaces/Vfide/contracts-min/mocks/ReenteringERC20.sol","s":{"1":3,"2":3,"3":2,"4":1,"5":0,"6":0,"7":0,"8":0,"9":0,"10":0},"b":{"1":[3,0],"2":[2,1],"3":[0,0],"4":[0,0]},"f":{"1":2,"2":3,"3":3,"4":0,"5":0,"6":0},"fnMap":{"1":{"name":"setReenter","line":19,"loc":{"start":{"line":19,"column":4},"end":{"line":22,"column":4}}},"2":{"name":"mint","line":24,"loc":{"start":{"line":24,"column":4},"end":{"line":26,"column":4}}},"3":{"name":"transfer","line":28,"loc":{"start":{"line":28,"column":4},"end":{"line":38,"column":4}}},"4":{"name":"approve","line":40,"loc":{"start":{"line":40,"column":4},"end":{"line":43,"column":4}}},"5":{"name":"transferFrom","line":45,"loc":{"start":{"line":45,"column":4},"end":{"line":53,"column":4}}},"6":{"name":"decimals","line":55,"loc":{"start":{"line":55,"column":4},"end":{"line":55,"column":74}}}},"statementMap":{"1":{"start":{"line":29,"column":8},"end":{"line":29,"column":57}},"2":{"start":{"line":33,"column":8},"end":{"line":33,"column":1016}},"3":{"start":{"line":35,"column":12},"end":{"line":35,"column":60}},"4":{"start":{"line":37,"column":8},"end":{"line":37,"column":19}},"5":{"start":{"line":42,"column":8},"end":{"line":42,"column":19}},"6":{"start":{"line":46,"column":8},"end":{"line":46,"column":51}},"7":{"start":{"line":47,"column":8},"end":{"line":47,"column":53}},"8":{"start":{"line":48,"column":8},"end":{"line":48,"column":45}},"9":{"start":{"line":52,"column":8},"end":{"line":52,"column":19}},"10":{"start":{"line":55,"column":56},"end":{"line":55,"column":72}}},"branchMap":{"1":{"line":29,"type":"if","locations":[{"start":{"line":29,"column":8},"end":{"line":29,"column":8}},{"start":{"line":29,"column":8},"end":{"line":29,"column":8}}]},"2":{"line":33,"type":"if","locations":[{"start":{"line":33,"column":8},"end":{"line":33,"column":8}},{"start":{"line":33,"column":8},"end":{"line":33,"column":8}}]},"3":{"line":46,"type":"if","locations":[{"start":{"line":46,"column":8},"end":{"line":46,"column":8}},{"start":{"line":46,"column":8},"end":{"line":46,"column":8}}]},"4":{"line":48,"type":"if","locations":[{"start":{"line":48,"column":8},"end":{"line":48,"column":8}},{"start":{"line":48,"column":8},"end":{"line":48,"column":8}}]}}},"contracts-min/mocks/RevertingDecimals.sol":{"l":{"7":3},"path":"/workspaces/Vfide/contracts-min/mocks/RevertingDecimals.sol","s":{"1":3},"b":{},"f":{"1":3},"fnMap":{"1":{"name":null,"line":6,"loc":{"start":{"line":6,"column":4},"end":{"line":8,"column":4}}}},"statementMap":{"1":{"start":{"line":7,"column":8},"end":{"line":7,"column":32}}},"branchMap":{}},"contracts-min/mocks/SecurityHubMock.sol":{"l":{},"path":"/workspaces/Vfide/contracts-min/mocks/SecurityHubMock.sol","s":{"1":95},"b":{},"f":{"1":20,"2":95},"fnMap":{"1":{"name":"setLocked","line":6,"loc":{"start":{"line":6,"column":4},"end":{"line":6,"column":76}}},"2":{"name":"isLocked","line":7,"loc":{"start":{"line":7,"column":4},"end":{"line":7,"column":90}}}},"statementMap":{"1":{"start":{"line":7,"column":68},"end":{"line":7,"column":88}}},"branchMap":{}},"contracts-min/mocks/SeerMock.sol":{"l":{},"path":"/workspaces/Vfide/contracts-min/mocks/SeerMock.sol","s":{"1":60,"2":76},"b":{},"f":{"1":61,"2":60,"3":69,"4":76},"fnMap":{"1":{"name":"setScore","line":7,"loc":{"start":{"line":7,"column":4},"end":{"line":7,"column":81}}},"2":{"name":"getScore","line":8,"loc":{"start":{"line":8,"column":4},"end":{"line":8,"column":88}}},"3":{"name":"setMin","line":9,"loc":{"start":{"line":9,"column":4},"end":{"line":9,"column":55}}},"4":{"name":"minForMerchant","line":10,"loc":{"start":{"line":10,"column":4},"end":{"line":10,"column":80}}}},"statementMap":{"1":{"start":{"line":8,"column":68},"end":{"line":8,"column":86}},"2":{"start":{"line":10,"column":63},"end":{"line":10,"column":78}}},"branchMap":{}},"contracts-min/mocks/TestVFIDEHarness.sol":{"l":{"13":1,"18":1},"path":"/workspaces/Vfide/contracts-min/mocks/TestVFIDEHarness.sol","s":{"1":1,"2":1},"b":{},"f":{"1":5,"2":1,"3":1},"fnMap":{"1":{"name":"constructor","line":8,"loc":{"start":{"line":7,"column":4},"end":{"line":9,"column":5}}},"2":{"name":"TEST_exposed_mint","line":12,"loc":{"start":{"line":12,"column":4},"end":{"line":14,"column":4}}},"3":{"name":"TEST_expose_transfer","line":17,"loc":{"start":{"line":17,"column":4},"end":{"line":19,"column":4}}}},"statementMap":{"1":{"start":{"line":13,"column":8},"end":{"line":13,"column":24}},"2":{"start":{"line":18,"column":8},"end":{"line":18,"column":34}}},"branchMap":{}},"contracts-min/mocks/VaultHubMock.sol":{"l":{"7":537,"10":838},"path":"/workspaces/Vfide/contracts-min/mocks/VaultHubMock.sol","s":{"1":838},"b":{},"f":{"1":537,"2":838},"fnMap":{"1":{"name":"setVault","line":6,"loc":{"start":{"line":6,"column":4},"end":{"line":8,"column":4}}},"2":{"name":"vaultOf","line":9,"loc":{"start":{"line":9,"column":4},"end":{"line":11,"column":4}}}},"statementMap":{"1":{"start":{"line":10,"column":8},"end":{"line":10,"column":28}}},"branchMap":{}},"contracts-min/mocks/VestingVault.sol":{"l":{},"path":"/workspaces/Vfide/contracts-min/mocks/VestingVault.sol","s":{},"b":{},"f":{},"fnMap":{},"statementMap":{},"branchMap":{}},"contracts-min/VFIDECommerce.sol":{"l":{"90":77,"92":76,"93":76,"94":76,"95":76,"99":77,"100":69,"101":69,"102":60,"103":57,"111":57,"115":48,"116":44,"117":44,"118":41,"119":41,"120":9,"121":9,"126":24,"127":20,"128":20,"129":18,"130":18,"131":2,"132":2,"164":75,"166":74,"170":67,"171":64,"172":64,"173":62,"174":58,"176":57,"177":57,"178":54,"179":54,"191":49,"192":49,"193":48,"194":48,"195":42,"199":25,"200":25,"201":21,"202":19,"203":19,"207":15,"208":15,"209":14,"210":13,"211":13,"212":8,"216":12,"217":12,"218":11,"219":11,"220":11,"224":10,"225":10,"226":10,"227":10,"228":7,"230":3},"path":"/workspaces/Vfide/contracts-min/VFIDECommerce.sol","s":{"1":0,"2":77,"3":76,"4":77,"5":69,"6":69,"7":60,"8":57,"9":48,"10":44,"11":44,"12":41,"13":9,"14":24,"15":20,"16":20,"17":18,"18":2,"19":75,"20":13,"21":75,"22":67,"23":64,"24":64,"25":62,"26":58,"27":57,"28":57,"29":49,"30":49,"31":48,"32":48,"33":25,"34":25,"35":21,"36":19,"37":15,"38":15,"39":14,"40":13,"41":8,"42":12,"43":12,"44":11,"45":11,"46":10,"47":10,"48":10,"49":7,"50":3},"b":{"1":[0,0],"2":[1,76],"3":[1,0],"4":[0,0],"5":[0,0],"6":[8,69],"7":[4,4],"8":[9,60],"9":[8,1],"10":[3,57],"11":[2,1],"12":[4,44],"13":[0,4],"14":[3,41],"15":[9,32],"16":[4,20],"17":[0,4],"18":[2,18],"19":[2,16],"20":[3,10],"21":[1,74],"22":[1,0],"23":[0,0],"24":[0,0],"25":[3,64],"26":[2,62],"27":[4,58],"28":[1,57],"29":[3,54],"30":[1,48],"31":[6,42],"32":[4,21],"33":[2,19],"34":[6,13],"35":[1,14],"36":[1,13],"37":[8,5],"38":[1,11],"39":[0,11],"40":[10,3],"41":[0,10],"42":[7,3],"43":[4,3],"44":[2,1]},"f":{"1":0,"2":8,"3":8,"4":6,"5":6,"6":5,"7":0,"8":77,"9":77,"10":48,"11":24,"12":75,"13":13,"14":75,"15":67,"16":49,"17":25,"18":15,"19":12,"20":10},"fnMap":{"1":{"name":"TEST_setOnlyDAOOff","line":80,"loc":{"start":{"line":80,"column":4},"end":{"line":80,"column":73}}},"2":{"name":"TEST_setForceAlreadyMerchant","line":81,"loc":{"start":{"line":81,"column":4},"end":{"line":81,"column":92}}},"3":{"name":"TEST_setForceNoVault","line":82,"loc":{"start":{"line":82,"column":4},"end":{"line":82,"column":76}}},"4":{"name":"TEST_setForceLowScore","line":83,"loc":{"start":{"line":83,"column":4},"end":{"line":83,"column":78}}},"5":{"name":"TEST_setForceZeroSenderRefund","line":84,"loc":{"start":{"line":84,"column":4},"end":{"line":84,"column":95}}},"6":{"name":"TEST_setForceZeroSenderDispute","line":85,"loc":{"start":{"line":85,"column":4},"end":{"line":85,"column":97}}},"7":{"name":"onlyDAO","line":87,"loc":{"start":{"line":87,"column":4},"end":{"line":87,"column":93}}},"8":{"name":"constructor","line":89,"loc":{"start":{"line":89,"column":4},"end":{"line":96,"column":4}}},"9":{"name":"addMerchant","line":98,"loc":{"start":{"line":98,"column":4},"end":{"line":112,"column":4}}},"10":{"name":"_noteRefund","line":114,"loc":{"start":{"line":114,"column":4},"end":{"line":123,"column":4}}},"11":{"name":"_noteDispute","line":125,"loc":{"start":{"line":125,"column":4},"end":{"line":134,"column":4}}},"12":{"name":"info","line":136,"loc":{"start":{"line":136,"column":4},"end":{"line":136,"column":100}}},"13":{"name":"onlyDAO","line":161,"loc":{"start":{"line":161,"column":4},"end":{"line":161,"column":72}}},"14":{"name":"constructor","line":163,"loc":{"start":{"line":163,"column":4},"end":{"line":167,"column":4}}},"15":{"name":"open","line":169,"loc":{"start":{"line":169,"column":4},"end":{"line":188,"column":4}}},"16":{"name":"markFunded","line":190,"loc":{"start":{"line":190,"column":4},"end":{"line":196,"column":4}}},"17":{"name":"release","line":198,"loc":{"start":{"line":198,"column":4},"end":{"line":204,"column":4}}},"18":{"name":"refund","line":206,"loc":{"start":{"line":206,"column":4},"end":{"line":213,"column":4}}},"19":{"name":"dispute","line":215,"loc":{"start":{"line":215,"column":4},"end":{"line":221,"column":4}}},"20":{"name":"resolve","line":223,"loc":{"start":{"line":223,"column":4},"end":{"line":232,"column":4}}}},"statementMap":{"1":{"start":{"line":87,"column":25},"end":{"line":87,"column":88}},"2":{"start":{"line":90,"column":8},"end":{"line":90,"column":104}},"3":{"start":{"line":95,"column":8},"end":{"line":95,"column":65}},"4":{"start":{"line":99,"column":4},"end":{"line":99,"column":110}},"5":{"start":{"line":100,"column":4},"end":{"line":100,"column":44}},"6":{"start":{"line":101,"column":4},"end":{"line":101,"column":69}},"7":{"start":{"line":102,"column":4},"end":{"line":102,"column":91}},"8":{"start":{"line":111,"column":8},"end":{"line":111,"column":51}},"9":{"start":{"line":115,"column":4},"end":{"line":115,"column":82}},"10":{"start":{"line":116,"column":8},"end":{"line":116,"column":45}},"11":{"start":{"line":117,"column":8},"end":{"line":117,"column":61}},"12":{"start":{"line":119,"column":8},"end":{"line":119,"column":4699}},"13":{"start":{"line":121,"column":12},"end":{"line":121,"column":55}},"14":{"start":{"line":126,"column":4},"end":{"line":126,"column":83}},"15":{"start":{"line":127,"column":8},"end":{"line":127,"column":45}},"16":{"start":{"line":128,"column":8},"end":{"line":128,"column":61}},"17":{"start":{"line":130,"column":8},"end":{"line":130,"column":5147}},"18":{"start":{"line":132,"column":12},"end":{"line":132,"column":56}},"19":{"start":{"line":136,"column":75},"end":{"line":136,"column":98}},"20":{"start":{"line":161,"column":25},"end":{"line":161,"column":67}},"21":{"start":{"line":164,"column":8},"end":{"line":164,"column":109}},"22":{"start":{"line":170,"column":8},"end":{"line":170,"column":47}},"23":{"start":{"line":171,"column":8},"end":{"line":171,"column":74}},"24":{"start":{"line":172,"column":8},"end":{"line":172,"column":78}},"25":{"start":{"line":173,"column":8},"end":{"line":173,"column":81}},"26":{"start":{"line":174,"column":8},"end":{"line":174,"column":79}},"27":{"start":{"line":176,"column":8},"end":{"line":176,"column":53}},"28":{"start":{"line":177,"column":8},"end":{"line":177,"column":55}},"29":{"start":{"line":191,"column":8},"end":{"line":191,"column":38}},"30":{"start":{"line":192,"column":8},"end":{"line":192,"column":56}},"31":{"start":{"line":193,"column":8},"end":{"line":193,"column":52}},"32":{"start":{"line":194,"column":8},"end":{"line":194,"column":50}},"33":{"start":{"line":199,"column":8},"end":{"line":199,"column":38}},"34":{"start":{"line":200,"column":8},"end":{"line":200,"column":58}},"35":{"start":{"line":201,"column":8},"end":{"line":201,"column":84}},"36":{"start":{"line":203,"column":8},"end":{"line":203,"column":72}},"37":{"start":{"line":207,"column":8},"end":{"line":207,"column":38}},"38":{"start":{"line":208,"column":8},"end":{"line":208,"column":87}},"39":{"start":{"line":209,"column":8},"end":{"line":209,"column":87}},"40":{"start":{"line":211,"column":8},"end":{"line":211,"column":71}},"41":{"start":{"line":212,"column":8},"end":{"line":212,"column":45}},"42":{"start":{"line":216,"column":8},"end":{"line":216,"column":38}},"43":{"start":{"line":217,"column":8},"end":{"line":217,"column":58}},"44":{"start":{"line":218,"column":8},"end":{"line":218,"column":96}},"45":{"start":{"line":220,"column":8},"end":{"line":220,"column":46}},"46":{"start":{"line":224,"column":8},"end":{"line":224,"column":38}},"47":{"start":{"line":225,"column":8},"end":{"line":225,"column":60}},"48":{"start":{"line":227,"column":8},"end":{"line":227,"column":8977}},"49":{"start":{"line":228,"column":12},"end":{"line":228,"column":75}},"50":{"start":{"line":230,"column":12},"end":{"line":230,"column":76}}},"branchMap":{"1":{"line":87,"type":"if","locations":[{"start":{"line":87,"column":25},"end":{"line":87,"column":25}},{"start":{"line":87,"column":25},"end":{"line":87,"column":25}}]},"2":{"line":90,"type":"if","locations":[{"start":{"line":90,"column":8},"end":{"line":90,"column":8}},{"start":{"line":90,"column":8},"end":{"line":90,"column":8}}]},"3":{"line":90,"type":"cond-expr","locations":[{"start":{"line":90,"column":12},"end":{"line":90,"column":27}},{"start":{"line":90,"column":30},"end":{"line":90,"column":47}}]},"4":{"line":90,"type":"cond-expr","locations":[{"start":{"line":90,"column":12},"end":{"line":90,"column":47}},{"start":{"line":90,"column":50},"end":{"line":90,"column":65}}]},"5":{"line":90,"type":"cond-expr","locations":[{"start":{"line":90,"column":12},"end":{"line":90,"column":65}},{"start":{"line":90,"column":68},"end":{"line":90,"column":84}}]},"6":{"line":99,"type":"if","locations":[{"start":{"line":99,"column":4},"end":{"line":99,"column":4}},{"start":{"line":99,"column":4},"end":{"line":99,"column":4}}]},"7":{"line":99,"type":"cond-expr","locations":[{"start":{"line":99,"column":8},"end":{"line":99,"column":50}},{"start":{"line":99,"column":55},"end":{"line":99,"column":79}}]},"8":{"line":101,"type":"if","locations":[{"start":{"line":101,"column":4},"end":{"line":101,"column":4}},{"start":{"line":101,"column":4},"end":{"line":101,"column":4}}]},"9":{"line":101,"type":"cond-expr","locations":[{"start":{"line":101,"column":8},"end":{"line":101,"column":22}},{"start":{"line":101,"column":27},"end":{"line":101,"column":43}}]},"10":{"line":102,"type":"if","locations":[{"start":{"line":102,"column":4},"end":{"line":102,"column":4}},{"start":{"line":102,"column":4},"end":{"line":102,"column":4}}]},"11":{"line":102,"type":"cond-expr","locations":[{"start":{"line":102,"column":8},"end":{"line":102,"column":43}},{"start":{"line":102,"column":48},"end":{"line":102,"column":65}}]},"12":{"line":115,"type":"if","locations":[{"start":{"line":115,"column":4},"end":{"line":115,"column":4}},{"start":{"line":115,"column":4},"end":{"line":115,"column":4}}]},"13":{"line":115,"type":"cond-expr","locations":[{"start":{"line":115,"column":8},"end":{"line":115,"column":31}},{"start":{"line":115,"column":36},"end":{"line":115,"column":62}}]},"14":{"line":117,"type":"if","locations":[{"start":{"line":117,"column":8},"end":{"line":117,"column":8}},{"start":{"line":117,"column":8},"end":{"line":117,"column":8}}]},"15":{"line":119,"type":"if","locations":[{"start":{"line":119,"column":8},"end":{"line":119,"column":8}},{"start":{"line":119,"column":8},"end":{"line":119,"column":8}}]},"16":{"line":126,"type":"if","locations":[{"start":{"line":126,"column":4},"end":{"line":126,"column":4}},{"start":{"line":126,"column":4},"end":{"line":126,"column":4}}]},"17":{"line":126,"type":"cond-expr","locations":[{"start":{"line":126,"column":8},"end":{"line":126,"column":31}},{"start":{"line":126,"column":36},"end":{"line":126,"column":63}}]},"18":{"line":128,"type":"if","locations":[{"start":{"line":128,"column":8},"end":{"line":128,"column":8}},{"start":{"line":128,"column":8},"end":{"line":128,"column":8}}]},"19":{"line":130,"type":"if","locations":[{"start":{"line":130,"column":8},"end":{"line":130,"column":8}},{"start":{"line":130,"column":8},"end":{"line":130,"column":8}}]},"20":{"line":161,"type":"if","locations":[{"start":{"line":161,"column":25},"end":{"line":161,"column":25}},{"start":{"line":161,"column":25},"end":{"line":161,"column":25}}]},"21":{"line":164,"type":"if","locations":[{"start":{"line":164,"column":8},"end":{"line":164,"column":8}},{"start":{"line":164,"column":8},"end":{"line":164,"column":8}}]},"22":{"line":164,"type":"cond-expr","locations":[{"start":{"line":164,"column":12},"end":{"line":164,"column":27}},{"start":{"line":164,"column":30},"end":{"line":164,"column":47}}]},"23":{"line":164,"type":"cond-expr","locations":[{"start":{"line":164,"column":12},"end":{"line":164,"column":47}},{"start":{"line":164,"column":50},"end":{"line":164,"column":65}}]},"24":{"line":164,"type":"cond-expr","locations":[{"start":{"line":164,"column":12},"end":{"line":164,"column":65}},{"start":{"line":164,"column":68},"end":{"line":164,"column":89}}]},"25":{"line":170,"type":"if","locations":[{"start":{"line":170,"column":8},"end":{"line":170,"column":8}},{"start":{"line":170,"column":8},"end":{"line":170,"column":8}}]},"26":{"line":172,"type":"if","locations":[{"start":{"line":172,"column":8},"end":{"line":172,"column":8}},{"start":{"line":172,"column":8},"end":{"line":172,"column":8}}]},"27":{"line":173,"type":"if","locations":[{"start":{"line":173,"column":8},"end":{"line":173,"column":8}},{"start":{"line":173,"column":8},"end":{"line":173,"column":8}}]},"28":{"line":174,"type":"if","locations":[{"start":{"line":174,"column":8},"end":{"line":174,"column":8}},{"start":{"line":174,"column":8},"end":{"line":174,"column":8}}]},"29":{"line":177,"type":"if","locations":[{"start":{"line":177,"column":8},"end":{"line":177,"column":8}},{"start":{"line":177,"column":8},"end":{"line":177,"column":8}}]},"30":{"line":192,"type":"if","locations":[{"start":{"line":192,"column":8},"end":{"line":192,"column":8}},{"start":{"line":192,"column":8},"end":{"line":192,"column":8}}]},"31":{"line":194,"type":"if","locations":[{"start":{"line":194,"column":8},"end":{"line":194,"column":8}},{"start":{"line":194,"column":8},"end":{"line":194,"column":8}}]},"32":{"line":200,"type":"if","locations":[{"start":{"line":200,"column":8},"end":{"line":200,"column":8}},{"start":{"line":200,"column":8},"end":{"line":200,"column":8}}]},"33":{"line":201,"type":"if","locations":[{"start":{"line":201,"column":8},"end":{"line":201,"column":8}},{"start":{"line":201,"column":8},"end":{"line":201,"column":8}}]},"34":{"line":203,"type":"if","locations":[{"start":{"line":203,"column":8},"end":{"line":203,"column":8}},{"start":{"line":203,"column":8},"end":{"line":203,"column":8}}]},"35":{"line":208,"type":"if","locations":[{"start":{"line":208,"column":8},"end":{"line":208,"column":8}},{"start":{"line":208,"column":8},"end":{"line":208,"column":8}}]},"36":{"line":209,"type":"if","locations":[{"start":{"line":209,"column":8},"end":{"line":209,"column":8}},{"start":{"line":209,"column":8},"end":{"line":209,"column":8}}]},"37":{"line":211,"type":"if","locations":[{"start":{"line":211,"column":8},"end":{"line":211,"column":8}},{"start":{"line":211,"column":8},"end":{"line":211,"column":8}}]},"38":{"line":217,"type":"if","locations":[{"start":{"line":217,"column":8},"end":{"line":217,"column":8}},{"start":{"line":217,"column":8},"end":{"line":217,"column":8}}]},"39":{"line":218,"type":"if","locations":[{"start":{"line":218,"column":8},"end":{"line":218,"column":8}},{"start":{"line":218,"column":8},"end":{"line":218,"column":8}}]},"40":{"line":223,"type":"if","locations":[{"start":{"line":223,"column":58},"end":{"line":223,"column":58}},{"start":{"line":223,"column":58},"end":{"line":223,"column":58}}]},"41":{"line":225,"type":"if","locations":[{"start":{"line":225,"column":8},"end":{"line":225,"column":8}},{"start":{"line":225,"column":8},"end":{"line":225,"column":8}}]},"42":{"line":227,"type":"if","locations":[{"start":{"line":227,"column":8},"end":{"line":227,"column":8}},{"start":{"line":227,"column":8},"end":{"line":227,"column":8}}]},"43":{"line":228,"type":"if","locations":[{"start":{"line":228,"column":12},"end":{"line":228,"column":12}},{"start":{"line":228,"column":12},"end":{"line":228,"column":12}}]},"44":{"line":230,"type":"if","locations":[{"start":{"line":230,"column":12},"end":{"line":230,"column":12}},{"start":{"line":230,"column":12},"end":{"line":230,"column":12}}]}}},"contracts-min/VFIDEFinance.sol":{"l":{"64":46,"72":87,"73":84,"74":49,"75":49,"76":49,"77":49,"81":16,"82":11,"83":11,"84":11,"88":6,"89":6,"90":3,"91":3,"92":3,"99":49,"100":40,"101":40,"102":5,"106":5,"109":63,"137":49,"139":49,"143":4,"145":2,"146":2,"150":1,"151":1,"155":61,"156":51,"157":44,"158":30,"159":30,"163":63,"164":61,"165":4,"167":57,"168":42,"170":10,"171":10,"175":2,"179":2,"182":41},"path":"/workspaces/Vfide/contracts-min/VFIDEFinance.sol","s":{"1":119,"2":46,"3":3,"4":2,"5":2,"6":3,"7":3,"8":87,"9":84,"10":49,"11":49,"12":49,"13":16,"14":11,"15":11,"16":6,"17":6,"18":3,"19":3,"20":128,"21":13,"22":49,"23":9,"24":40,"25":40,"26":35,"27":5,"28":5,"29":4,"30":63,"31":26,"32":69,"33":49,"34":49,"35":4,"36":2,"37":2,"38":1,"39":1,"40":61,"41":51,"42":44,"43":30,"44":30,"45":63,"46":61,"47":57,"48":42,"49":10,"50":10,"51":2,"52":2,"53":2,"54":41,"55":6},"b":{"1":[4,115],"2":[0,46],"3":[3,0],"4":[1,2],"5":[3,2],"6":[87,2],"7":[3,84],"8":[35,49],"9":[16,0],"10":[5,11],"11":[6,0],"12":[3,3],"13":[9,40],"14":[35,5],"15":[4,1],"16":[26,37],"17":[2,67],"18":[0,49],"19":[4,1],"20":[2,2],"21":[10,51],"22":[7,44],"23":[12,30],"24":[7,5],"25":[63,1],"26":[2,61],"27":[1,1],"28":[4,57],"29":[15,42],"30":[19,10],"31":[14,5],"32":[2,0],"33":[6,35]},"f":{"1":3,"2":44,"3":119,"4":46,"5":3,"6":3,"7":87,"8":16,"9":6,"10":128,"11":13,"12":49,"13":5,"14":63,"15":1,"16":8,"17":6,"18":69,"19":49,"20":4,"21":1,"22":61,"23":63,"24":2,"25":2,"26":41},"fnMap":{"1":{"name":"TEST_setOnlyDAOOff","line":58,"loc":{"start":{"line":58,"column":4},"end":{"line":58,"column":73}}},"2":{"name":"TEST_setForceDecimals","line":59,"loc":{"start":{"line":59,"column":4},"end":{"line":59,"column":124}}},"3":{"name":"onlyDAO","line":61,"loc":{"start":{"line":61,"column":4},"end":{"line":61,"column":92}}},"4":{"name":"constructor","line":63,"loc":{"start":{"line":63,"column":4},"end":{"line":66,"column":4}}},"5":{"name":"setDAO","line":68,"loc":{"start":{"line":68,"column":4},"end":{"line":68,"column":143}}},"6":{"name":"setLedger","line":69,"loc":{"start":{"line":69,"column":4},"end":{"line":69,"column":141}}},"7":{"name":"addAsset","line":71,"loc":{"start":{"line":71,"column":4},"end":{"line":78,"column":4}}},"8":{"name":"removeAsset","line":80,"loc":{"start":{"line":80,"column":4},"end":{"line":85,"column":4}}},"9":{"name":"setSymbolHint","line":87,"loc":{"start":{"line":87,"column":4},"end":{"line":93,"column":4}}},"10":{"name":"isWhitelisted","line":95,"loc":{"start":{"line":95,"column":4},"end":{"line":95,"column":98}}},"11":{"name":"tokenDecimals","line":96,"loc":{"start":{"line":96,"column":4},"end":{"line":96,"column":105}}},"12":{"name":"_decimalsOrTry","line":98,"loc":{"start":{"line":98,"column":4},"end":{"line":103,"column":4}}},"13":{"name":"_log","line":105,"loc":{"start":{"line":105,"column":4},"end":{"line":107,"column":4}}},"14":{"name":"_logEv","line":108,"loc":{"start":{"line":108,"column":4},"end":{"line":110,"column":4}}},"15":{"name":"TEST_setOnlyDAOOff_Tx","line":130,"loc":{"start":{"line":130,"column":4},"end":{"line":130,"column":79}}},"16":{"name":"TEST_setForceDepositInsufficient","line":131,"loc":{"start":{"line":131,"column":4},"end":{"line":131,"column":100}}},"17":{"name":"TEST_setForceSendInsufficient","line":132,"loc":{"start":{"line":132,"column":4},"end":{"line":132,"column":94}}},"18":{"name":"onlyDAO","line":134,"loc":{"start":{"line":134,"column":4},"end":{"line":134,"column":95}}},"19":{"name":"constructor","line":136,"loc":{"start":{"line":136,"column":4},"end":{"line":140,"column":4}}},"20":{"name":"setModules","line":142,"loc":{"start":{"line":142,"column":4},"end":{"line":147,"column":4}}},"21":{"name":"noteVFIDE","line":149,"loc":{"start":{"line":149,"column":4},"end":{"line":152,"column":4}}},"22":{"name":"depositStable","line":154,"loc":{"start":{"line":154,"column":4},"end":{"line":160,"column":4}}},"23":{"name":"send","line":162,"loc":{"start":{"line":162,"column":4},"end":{"line":172,"column":4}}},"24":{"name":"balanceOf","line":174,"loc":{"start":{"line":174,"column":4},"end":{"line":176,"column":4}}},"25":{"name":"_log","line":178,"loc":{"start":{"line":178,"column":4},"end":{"line":180,"column":4}}},"26":{"name":"_logEv","line":181,"loc":{"start":{"line":181,"column":4},"end":{"line":183,"column":4}}}},"statementMap":{"1":{"start":{"line":61,"column":25},"end":{"line":61,"column":87}},"2":{"start":{"line":64,"column":8},"end":{"line":64,"column":48}},"3":{"start":{"line":68,"column":53},"end":{"line":68,"column":91}},"4":{"start":{"line":68,"column":103},"end":{"line":68,"column":120}},"5":{"start":{"line":68,"column":122},"end":{"line":68,"column":140}},"6":{"start":{"line":69,"column":92},"end":{"line":69,"column":115}},"7":{"start":{"line":69,"column":117},"end":{"line":69,"column":138}},"8":{"start":{"line":72,"column":8},"end":{"line":72,"column":49}},"9":{"start":{"line":73,"column":8},"end":{"line":73,"column":60}},"10":{"start":{"line":74,"column":8},"end":{"line":74,"column":41}},"11":{"start":{"line":76,"column":8},"end":{"line":76,"column":47}},"12":{"start":{"line":77,"column":8},"end":{"line":77,"column":48}},"13":{"start":{"line":81,"column":8},"end":{"line":81,"column":57}},"14":{"start":{"line":83,"column":8},"end":{"line":83,"column":32}},"15":{"start":{"line":84,"column":8},"end":{"line":84,"column":41}},"16":{"start":{"line":88,"column":8},"end":{"line":88,"column":39}},"17":{"start":{"line":89,"column":8},"end":{"line":89,"column":45}},"18":{"start":{"line":91,"column":8},"end":{"line":91,"column":45}},"19":{"start":{"line":92,"column":8},"end":{"line":92,"column":49}},"20":{"start":{"line":95,"column":73},"end":{"line":95,"column":96}},"21":{"start":{"line":96,"column":74},"end":{"line":96,"column":103}},"22":{"start":{"line":99,"column":8},"end":{"line":99,"column":68}},"23":{"start":{"line":99,"column":38},"end":{"line":99,"column":68}},"24":{"start":{"line":100,"column":8},"end":{"line":100,"column":91}},"25":{"start":{"line":101,"column":8},"end":{"line":101,"column":67}},"26":{"start":{"line":101,"column":36},"end":{"line":101,"column":65}},"27":{"start":{"line":102,"column":8},"end":{"line":102,"column":17}},"28":{"start":{"line":106,"column":8},"end":{"line":106,"column":116}},"29":{"start":{"line":106,"column":43},"end":{"line":106,"column":114}},"30":{"start":{"line":109,"column":8},"end":{"line":109,"column":102}},"31":{"start":{"line":109,"column":43},"end":{"line":109,"column":100}},"32":{"start":{"line":134,"column":25},"end":{"line":134,"column":90}},"33":{"start":{"line":137,"column":8},"end":{"line":137,"column":48}},"34":{"start":{"line":139,"column":8},"end":{"line":139,"column":55}},"35":{"start":{"line":143,"column":8},"end":{"line":143,"column":48}},"36":{"start":{"line":145,"column":8},"end":{"line":145,"column":55}},"37":{"start":{"line":146,"column":8},"end":{"line":146,"column":35}},"38":{"start":{"line":150,"column":8},"end":{"line":150,"column":40}},"39":{"start":{"line":151,"column":8},"end":{"line":151,"column":52}},"40":{"start":{"line":155,"column":8},"end":{"line":155,"column":68}},"41":{"start":{"line":156,"column":8},"end":{"line":156,"column":41}},"42":{"start":{"line":157,"column":4},"end":{"line":157,"column":132}},"43":{"start":{"line":158,"column":8},"end":{"line":158,"column":54}},"44":{"start":{"line":159,"column":8},"end":{"line":159,"column":59}},"45":{"start":{"line":163,"column":8},"end":{"line":163,"column":61}},"46":{"start":{"line":164,"column":8},"end":{"line":164,"column":6835}},"47":{"start":{"line":167,"column":12},"end":{"line":167,"column":95}},"48":{"start":{"line":168,"column":12},"end":{"line":168,"column":110}},"49":{"start":{"line":170,"column":8},"end":{"line":170,"column":44}},"50":{"start":{"line":171,"column":8},"end":{"line":171,"column":50}},"51":{"start":{"line":175,"column":8},"end":{"line":175,"column":56}},"52":{"start":{"line":179,"column":8},"end":{"line":179,"column":116}},"53":{"start":{"line":179,"column":43},"end":{"line":179,"column":114}},"54":{"start":{"line":182,"column":8},"end":{"line":182,"column":102}},"55":{"start":{"line":182,"column":43},"end":{"line":182,"column":100}}},"branchMap":{"1":{"line":61,"type":"if","locations":[{"start":{"line":61,"column":25},"end":{"line":61,"column":25}},{"start":{"line":61,"column":25},"end":{"line":61,"column":25}}]},"2":{"line":64,"type":"if","locations":[{"start":{"line":64,"column":8},"end":{"line":64,"column":8}},{"start":{"line":64,"column":8},"end":{"line":64,"column":8}}]},"3":{"line":68,"type":"if","locations":[{"start":{"line":68,"column":43},"end":{"line":68,"column":43}},{"start":{"line":68,"column":43},"end":{"line":68,"column":43}}]},"4":{"line":68,"type":"if","locations":[{"start":{"line":68,"column":53},"end":{"line":68,"column":53}},{"start":{"line":68,"column":53},"end":{"line":68,"column":53}}]},"5":{"line":69,"type":"if","locations":[{"start":{"line":69,"column":49},"end":{"line":69,"column":49}},{"start":{"line":69,"column":49},"end":{"line":69,"column":49}}]},"6":{"line":71,"type":"if","locations":[{"start":{"line":71,"column":74},"end":{"line":71,"column":74}},{"start":{"line":71,"column":74},"end":{"line":71,"column":74}}]},"7":{"line":72,"type":"if","locations":[{"start":{"line":72,"column":8},"end":{"line":72,"column":8}},{"start":{"line":72,"column":8},"end":{"line":72,"column":8}}]},"8":{"line":73,"type":"if","locations":[{"start":{"line":73,"column":8},"end":{"line":73,"column":8}},{"start":{"line":73,"column":8},"end":{"line":73,"column":8}}]},"9":{"line":80,"type":"if","locations":[{"start":{"line":80,"column":49},"end":{"line":80,"column":49}},{"start":{"line":80,"column":49},"end":{"line":80,"column":49}}]},"10":{"line":81,"type":"if","locations":[{"start":{"line":81,"column":8},"end":{"line":81,"column":8}},{"start":{"line":81,"column":8},"end":{"line":81,"column":8}}]},"11":{"line":87,"type":"if","locations":[{"start":{"line":87,"column":79},"end":{"line":87,"column":79}},{"start":{"line":87,"column":79},"end":{"line":87,"column":79}}]},"12":{"line":89,"type":"if","locations":[{"start":{"line":89,"column":8},"end":{"line":89,"column":8}},{"start":{"line":89,"column":8},"end":{"line":89,"column":8}}]},"13":{"line":99,"type":"if","locations":[{"start":{"line":99,"column":8},"end":{"line":99,"column":8}},{"start":{"line":99,"column":8},"end":{"line":99,"column":8}}]},"14":{"line":101,"type":"if","locations":[{"start":{"line":101,"column":8},"end":{"line":101,"column":8}},{"start":{"line":101,"column":8},"end":{"line":101,"column":8}}]},"15":{"line":106,"type":"if","locations":[{"start":{"line":106,"column":8},"end":{"line":106,"column":8}},{"start":{"line":106,"column":8},"end":{"line":106,"column":8}}]},"16":{"line":109,"type":"if","locations":[{"start":{"line":109,"column":8},"end":{"line":109,"column":8}},{"start":{"line":109,"column":8},"end":{"line":109,"column":8}}]},"17":{"line":134,"type":"if","locations":[{"start":{"line":134,"column":25},"end":{"line":134,"column":25}},{"start":{"line":134,"column":25},"end":{"line":134,"column":25}}]},"18":{"line":137,"type":"if","locations":[{"start":{"line":137,"column":8},"end":{"line":137,"column":8}},{"start":{"line":137,"column":8},"end":{"line":137,"column":8}}]},"19":{"line":142,"type":"if","locations":[{"start":{"line":142,"column":105},"end":{"line":142,"column":105}},{"start":{"line":142,"column":105},"end":{"line":142,"column":105}}]},"20":{"line":143,"type":"if","locations":[{"start":{"line":143,"column":8},"end":{"line":143,"column":8}},{"start":{"line":143,"column":8},"end":{"line":143,"column":8}}]},"21":{"line":155,"type":"if","locations":[{"start":{"line":155,"column":8},"end":{"line":155,"column":8}},{"start":{"line":155,"column":8},"end":{"line":155,"column":8}}]},"22":{"line":156,"type":"if","locations":[{"start":{"line":156,"column":8},"end":{"line":156,"column":8}},{"start":{"line":156,"column":8},"end":{"line":156,"column":8}}]},"23":{"line":157,"type":"if","locations":[{"start":{"line":157,"column":4},"end":{"line":157,"column":4}},{"start":{"line":157,"column":4},"end":{"line":157,"column":4}}]},"24":{"line":157,"type":"cond-expr","locations":[{"start":{"line":157,"column":8},"end":{"line":157,"column":72}},{"start":{"line":157,"column":77},"end":{"line":157,"column":105}}]},"25":{"line":162,"type":"if","locations":[{"start":{"line":162,"column":94},"end":{"line":162,"column":94}},{"start":{"line":162,"column":94},"end":{"line":162,"column":94}}]},"26":{"line":163,"type":"if","locations":[{"start":{"line":163,"column":8},"end":{"line":163,"column":8}},{"start":{"line":163,"column":8},"end":{"line":163,"column":8}}]},"27":{"line":163,"type":"cond-expr","locations":[{"start":{"line":163,"column":12},"end":{"line":163,"column":27}},{"start":{"line":163,"column":32},"end":{"line":163,"column":42}}]},"28":{"line":164,"type":"if","locations":[{"start":{"line":164,"column":8},"end":{"line":164,"column":8}},{"start":{"line":164,"column":8},"end":{"line":164,"column":8}}]},"29":{"line":167,"type":"if","locations":[{"start":{"line":167,"column":12},"end":{"line":167,"column":12}},{"start":{"line":167,"column":12},"end":{"line":167,"column":12}}]},"30":{"line":168,"type":"if","locations":[{"start":{"line":168,"column":12},"end":{"line":168,"column":12}},{"start":{"line":168,"column":12},"end":{"line":168,"column":12}}]},"31":{"line":168,"type":"cond-expr","locations":[{"start":{"line":168,"column":16},"end":{"line":168,"column":53}},{"start":{"line":168,"column":58},"end":{"line":168,"column":83}}]},"32":{"line":179,"type":"if","locations":[{"start":{"line":179,"column":8},"end":{"line":179,"column":8}},{"start":{"line":179,"column":8},"end":{"line":179,"column":8}}]},"33":{"line":182,"type":"if","locations":[{"start":{"line":182,"column":8},"end":{"line":182,"column":8}},{"start":{"line":182,"column":8},"end":{"line":182,"column":8}}]}}},"contracts-min/VFIDEToken.sol":{"l":{"57":4,"58":3,"59":3,"127":240,"130":239,"131":239,"132":239,"135":238,"136":172,"137":172,"139":238,"140":40,"141":40,"143":238,"144":8,"145":8,"149":238,"150":238,"168":86,"169":84,"173":1,"174":1,"178":4,"179":4,"180":2,"181":2,"185":231,"186":160,"190":80,"191":80,"192":79,"193":79,"194":46,"200":81,"201":81,"202":81,"206":71,"207":71,"208":71,"212":3,"213":3,"214":3,"218":301,"219":291,"220":291,"221":291,"225":100,"226":93,"227":93,"228":93,"232":152,"233":152,"234":152,"238":212,"239":204,"240":204,"241":204,"246":36,"247":36,"248":36,"252":200,"253":200,"254":194,"255":194,"257":200,"258":200,"263":211,"264":210,"265":209,"268":206,"269":134,"272":199,"273":199,"274":198,"275":198,"281":311,"282":309,"285":302,"286":62,"287":62,"288":62,"290":15,"295":287,"296":169,"297":149,"299":104,"300":95,"305":218,"306":218,"307":217,"309":217,"312":217,"313":148,"316":148,"317":92,"318":92,"319":92,"321":148,"322":86,"323":86,"324":79,"325":79,"326":79,"328":141,"329":119,"333":69,"334":12,"339":199,"340":199,"342":199,"346":92,"348":40,"349":40,"352":52,"353":52,"358":438,"359":437,"360":436,"361":436,"362":436,"366":168,"367":166,"368":166,"374":463,"375":450,"376":450,"377":141,"378":139,"380":2,"384":124,"385":122,"389":173,"390":128,"391":128,"399":27,"403":979,"406":787},"path":"/workspaces/Vfide/contracts-min/VFIDEToken.sol","s":{"1":240,"2":1172,"3":4,"4":3,"5":240,"6":239,"7":239,"8":238,"9":172,"10":238,"11":40,"12":238,"13":8,"14":238,"15":238,"16":248,"17":11,"18":86,"19":84,"20":1,"21":1,"22":4,"23":4,"24":2,"25":2,"26":231,"27":160,"28":80,"29":80,"30":79,"31":79,"32":46,"33":81,"34":81,"35":71,"36":71,"37":3,"38":3,"39":301,"40":291,"41":291,"42":100,"43":93,"44":93,"45":152,"46":152,"47":212,"48":204,"49":204,"50":36,"51":36,"52":200,"53":194,"54":200,"55":200,"56":211,"57":210,"58":209,"59":206,"60":134,"61":199,"62":198,"63":198,"64":311,"65":309,"66":7,"67":7,"68":302,"69":62,"70":62,"71":62,"72":287,"73":169,"74":149,"75":104,"76":95,"77":218,"78":218,"79":217,"80":217,"81":148,"82":148,"83":92,"84":92,"85":148,"86":86,"87":86,"88":79,"89":141,"90":119,"91":69,"92":12,"93":199,"94":199,"95":92,"96":40,"97":52,"98":438,"99":437,"100":436,"101":168,"102":166,"103":463,"104":13,"105":450,"106":450,"107":309,"108":141,"109":139,"110":2,"111":124,"112":2,"113":122,"114":173,"115":45,"116":128,"117":128,"118":76,"119":85,"120":27,"121":24,"122":979,"123":160,"124":787,"125":152},"b":{"1":[1160,12],"2":[4,1],"3":[3,1],"4":[1,239],"5":[238,1],"6":[172,66],"7":[40,198],"8":[8,230],"9":[2,2],"10":[79,1],"11":[81,1],"12":[71,1],"13":[3,1],"14":[301,2],"15":[10,291],"16":[100,2],"17":[7,93],"18":[152,1],"19":[212,1],"20":[8,204],"21":[36,1],"22":[200,1],"23":[194,6],"24":[1,210],"25":[1,209],"26":[3,206],"27":[134,72],"28":[127,7],"29":[2,309],"30":[1,1],"31":[7,302],"32":[62,240],"33":[15,47],"34":[14,1],"35":[169,118],"36":[149,20],"37":[84,65],"38":[95,9],"39":[91,4],"40":[217,1],"41":[148,69],"42":[92,56],"43":[40,52],"44":[86,62],"45":[43,43],"46":[79,7],"47":[119,22],"48":[91,28],"49":[12,57],"50":[10,2],"51":[1,11],"52":[40,52],"53":[1,437],"54":[1,436],"55":[166,2],"56":[13,450],"57":[3,10],"58":[309,141],"59":[139,2],"60":[2,122],"61":[45,128],"62":[33,10],"63":[24,3],"64":[10,14],"65":[7,17],"66":[160,819],"67":[152,635]},"f":{"1":240,"2":1172,"3":4,"4":240,"5":148,"6":21,"7":23,"8":248,"9":11,"10":86,"11":1,"12":4,"13":231,"14":80,"15":81,"16":71,"17":3,"18":301,"19":100,"20":152,"21":212,"22":36,"23":200,"24":211,"25":311,"26":92,"27":438,"28":168,"29":463,"30":124,"31":173,"32":76,"33":85,"34":27,"35":979,"36":787},"fnMap":{"1":{"name":"constructor","line":54,"loc":{"start":{"line":54,"column":4},"end":{"line":54,"column":91}}},"2":{"name":"onlyOwner","line":55,"loc":{"start":{"line":55,"column":4},"end":{"line":55,"column":78}}},"3":{"name":"transferOwnership","line":56,"loc":{"start":{"line":56,"column":4},"end":{"line":60,"column":4}}},"4":{"name":"constructor","line":121,"loc":{"start":{"line":121,"column":4},"end":{"line":151,"column":4}}},"5":{"name":"TEST_setForceSecurityStaticcallFail","line":158,"loc":{"start":{"line":158,"column":4},"end":{"line":158,"column":109}}},"6":{"name":"TEST_setForceVaultHubZero","line":159,"loc":{"start":{"line":159,"column":4},"end":{"line":159,"column":88}}},"7":{"name":"TEST_setForcePolicyLockedRequireRouter","line":160,"loc":{"start":{"line":160,"column":4},"end":{"line":160,"column":115}}},"8":{"name":"balanceOf","line":164,"loc":{"start":{"line":164,"column":4},"end":{"line":164,"column":101}}},"9":{"name":"allowance","line":165,"loc":{"start":{"line":165,"column":4},"end":{"line":165,"column":127}}},"10":{"name":"approve","line":167,"loc":{"start":{"line":167,"column":4},"end":{"line":170,"column":4}}},"11":{"name":"increaseAllowance","line":172,"loc":{"start":{"line":172,"column":4},"end":{"line":175,"column":4}}},"12":{"name":"decreaseAllowance","line":177,"loc":{"start":{"line":177,"column":4},"end":{"line":182,"column":4}}},"13":{"name":"transfer","line":184,"loc":{"start":{"line":184,"column":4},"end":{"line":187,"column":4}}},"14":{"name":"transferFrom","line":189,"loc":{"start":{"line":189,"column":4},"end":{"line":195,"column":4}}},"15":{"name":"setVaultHub","line":199,"loc":{"start":{"line":199,"column":4},"end":{"line":203,"column":4}}},"16":{"name":"setSecurityHub","line":205,"loc":{"start":{"line":205,"column":4},"end":{"line":209,"column":4}}},"17":{"name":"setLedger","line":211,"loc":{"start":{"line":211,"column":4},"end":{"line":215,"column":4}}},"18":{"name":"setBurnRouter","line":217,"loc":{"start":{"line":217,"column":4},"end":{"line":222,"column":4}}},"19":{"name":"setTreasurySink","line":224,"loc":{"start":{"line":224,"column":4},"end":{"line":229,"column":4}}},"20":{"name":"setSystemExempt","line":231,"loc":{"start":{"line":231,"column":4},"end":{"line":235,"column":4}}},"21":{"name":"setVaultOnly","line":237,"loc":{"start":{"line":237,"column":4},"end":{"line":242,"column":4}}},"22":{"name":"lockPolicy","line":245,"loc":{"start":{"line":245,"column":4},"end":{"line":249,"column":4}}},"23":{"name":"setPresale","line":251,"loc":{"start":{"line":251,"column":4},"end":{"line":259,"column":4}}},"24":{"name":"mintPresale","line":262,"loc":{"start":{"line":262,"column":4},"end":{"line":276,"column":4}}},"25":{"name":"_transfer","line":280,"loc":{"start":{"line":280,"column":4},"end":{"line":343,"column":4}}},"26":{"name":"_applyBurn","line":345,"loc":{"start":{"line":345,"column":4},"end":{"line":355,"column":4}}},"27":{"name":"_mint","line":357,"loc":{"start":{"line":357,"column":4},"end":{"line":363,"column":4}}},"28":{"name":"_approve","line":365,"loc":{"start":{"line":365,"column":4},"end":{"line":369,"column":4}}},"29":{"name":"_isVault","line":373,"loc":{"start":{"line":373,"column":4},"end":{"line":381,"column":4}}},"30":{"name":"_vaultOfAddr","line":383,"loc":{"start":{"line":383,"column":4},"end":{"line":386,"column":4}}},"31":{"name":"_locked","line":388,"loc":{"start":{"line":388,"column":4},"end":{"line":392,"column":4}}},"32":{"name":"TEST_check_locked","line":395,"loc":{"start":{"line":395,"column":4},"end":{"line":395,"column":100}}},"33":{"name":"TEST_check_isVault","line":396,"loc":{"start":{"line":396,"column":4},"end":{"line":396,"column":94}}},"34":{"name":"TEST_force_router_requirement","line":398,"loc":{"start":{"line":398,"column":4},"end":{"line":400,"column":4}}},"35":{"name":"_log","line":402,"loc":{"start":{"line":402,"column":4},"end":{"line":404,"column":4}}},"36":{"name":"_logEv","line":405,"loc":{"start":{"line":405,"column":4},"end":{"line":407,"column":4}}}},"statementMap":{"1":{"start":{"line":54,"column":40},"end":{"line":54,"column":89}},"2":{"start":{"line":55,"column":27},"end":{"line":55,"column":72}},"3":{"start":{"line":57,"column":8},"end":{"line":57,"column":51}},"4":{"start":{"line":58,"column":8},"end":{"line":58,"column":50}},"5":{"start":{"line":127,"column":8},"end":{"line":127,"column":66}},"6":{"start":{"line":130,"column":8},"end":{"line":130,"column":20}},"7":{"start":{"line":132,"column":8},"end":{"line":132,"column":46}},"8":{"start":{"line":135,"column":8},"end":{"line":135,"column":5543}},"9":{"start":{"line":137,"column":12},"end":{"line":137,"column":39}},"10":{"start":{"line":139,"column":8},"end":{"line":139,"column":5678}},"11":{"start":{"line":141,"column":12},"end":{"line":141,"column":35}},"12":{"start":{"line":143,"column":8},"end":{"line":143,"column":5811}},"13":{"start":{"line":145,"column":12},"end":{"line":145,"column":47}},"14":{"start":{"line":149,"column":8},"end":{"line":149,"column":56}},"15":{"start":{"line":150,"column":8},"end":{"line":150,"column":104}},"16":{"start":{"line":164,"column":74},"end":{"line":164,"column":99}},"17":{"start":{"line":165,"column":90},"end":{"line":165,"column":125}},"18":{"start":{"line":168,"column":8},"end":{"line":168,"column":44}},"19":{"start":{"line":169,"column":8},"end":{"line":169,"column":19}},"20":{"start":{"line":173,"column":8},"end":{"line":173,"column":78}},"21":{"start":{"line":174,"column":8},"end":{"line":174,"column":19}},"22":{"start":{"line":178,"column":8},"end":{"line":178,"column":54}},"23":{"start":{"line":179,"column":8},"end":{"line":179,"column":52}},"24":{"start":{"line":180,"column":8},"end":{"line":180,"column":54}},"25":{"start":{"line":181,"column":8},"end":{"line":181,"column":19}},"26":{"start":{"line":185,"column":8},"end":{"line":185,"column":40}},"27":{"start":{"line":186,"column":8},"end":{"line":186,"column":19}},"28":{"start":{"line":190,"column":8},"end":{"line":190,"column":51}},"29":{"start":{"line":191,"column":8},"end":{"line":191,"column":38}},"30":{"start":{"line":192,"column":8},"end":{"line":192,"column":47}},"31":{"start":{"line":193,"column":8},"end":{"line":193,"column":34}},"32":{"start":{"line":194,"column":8},"end":{"line":194,"column":19}},"33":{"start":{"line":201,"column":8},"end":{"line":201,"column":29}},"34":{"start":{"line":202,"column":8},"end":{"line":202,"column":28}},"35":{"start":{"line":207,"column":8},"end":{"line":207,"column":32}},"36":{"start":{"line":208,"column":8},"end":{"line":208,"column":31}},"37":{"start":{"line":213,"column":8},"end":{"line":213,"column":31}},"38":{"start":{"line":214,"column":8},"end":{"line":214,"column":25}},"39":{"start":{"line":218,"column":8},"end":{"line":218,"column":75}},"40":{"start":{"line":220,"column":8},"end":{"line":220,"column":34}},"41":{"start":{"line":221,"column":8},"end":{"line":221,"column":30}},"42":{"start":{"line":225,"column":8},"end":{"line":225,"column":73}},"43":{"start":{"line":227,"column":8},"end":{"line":227,"column":34}},"44":{"start":{"line":228,"column":8},"end":{"line":228,"column":32}},"45":{"start":{"line":233,"column":8},"end":{"line":233,"column":43}},"46":{"start":{"line":234,"column":8},"end":{"line":234,"column":64}},"47":{"start":{"line":238,"column":8},"end":{"line":238,"column":63}},"48":{"start":{"line":240,"column":8},"end":{"line":240,"column":34}},"49":{"start":{"line":241,"column":8},"end":{"line":241,"column":57}},"50":{"start":{"line":247,"column":8},"end":{"line":247,"column":27}},"51":{"start":{"line":248,"column":8},"end":{"line":248,"column":28}},"52":{"start":{"line":253,"column":8},"end":{"line":253,"column":9934}},"53":{"start":{"line":255,"column":12},"end":{"line":255,"column":48}},"54":{"start":{"line":257,"column":8},"end":{"line":257,"column":33}},"55":{"start":{"line":258,"column":8},"end":{"line":258,"column":26}},"56":{"start":{"line":263,"column":8},"end":{"line":263,"column":58}},"57":{"start":{"line":264,"column":8},"end":{"line":264,"column":41}},"58":{"start":{"line":265,"column":8},"end":{"line":265,"column":72}},"59":{"start":{"line":268,"column":8},"end":{"line":268,"column":10613}},"60":{"start":{"line":269,"column":12},"end":{"line":269,"column":57}},"61":{"start":{"line":273,"column":8},"end":{"line":273,"column":24}},"62":{"start":{"line":274,"column":8},"end":{"line":274,"column":36}},"63":{"start":{"line":275,"column":8},"end":{"line":275,"column":45}},"64":{"start":{"line":281,"column":8},"end":{"line":281,"column":68}},"65":{"start":{"line":282,"column":8},"end":{"line":282,"column":63}},"66":{"start":{"line":282,"column":27},"end":{"line":282,"column":53}},"67":{"start":{"line":282,"column":55},"end":{"line":282,"column":61}},"68":{"start":{"line":285,"column":8},"end":{"line":285,"column":11167}},"69":{"start":{"line":286,"column":12},"end":{"line":286,"column":50}},"70":{"start":{"line":287,"column":12},"end":{"line":287,"column":48}},"71":{"start":{"line":288,"column":12},"end":{"line":288,"column":11327}},"72":{"start":{"line":295,"column":8},"end":{"line":295,"column":11571}},"73":{"start":{"line":296,"column":12},"end":{"line":296,"column":11604}},"74":{"start":{"line":297,"column":16},"end":{"line":297,"column":53}},"75":{"start":{"line":299,"column":12},"end":{"line":299,"column":11713}},"76":{"start":{"line":300,"column":16},"end":{"line":300,"column":49}},"77":{"start":{"line":305,"column":8},"end":{"line":305,"column":37}},"78":{"start":{"line":306,"column":8},"end":{"line":306,"column":40}},"79":{"start":{"line":309,"column":8},"end":{"line":309,"column":34}},"80":{"start":{"line":312,"column":8},"end":{"line":312,"column":12105}},"81":{"start":{"line":313,"column":12},"end":{"line":313,"column":12251}},"82":{"start":{"line":316,"column":12},"end":{"line":316,"column":12357}},"83":{"start":{"line":317,"column":16},"end":{"line":317,"column":79}},"84":{"start":{"line":318,"column":16},"end":{"line":318,"column":46}},"85":{"start":{"line":321,"column":12},"end":{"line":321,"column":12570}},"86":{"start":{"line":322,"column":16},"end":{"line":322,"column":88}},"87":{"start":{"line":323,"column":16},"end":{"line":323,"column":61}},"88":{"start":{"line":325,"column":16},"end":{"line":325,"column":54}},"89":{"start":{"line":328,"column":12},"end":{"line":328,"column":12917}},"90":{"start":{"line":329,"column":16},"end":{"line":329,"column":120}},"91":{"start":{"line":333,"column":12},"end":{"line":333,"column":13212}},"92":{"start":{"line":334,"column":16},"end":{"line":334,"column":76}},"93":{"start":{"line":340,"column":8},"end":{"line":340,"column":42}},"94":{"start":{"line":342,"column":8},"end":{"line":342,"column":43}},"95":{"start":{"line":346,"column":8},"end":{"line":346,"column":13631}},"96":{"start":{"line":349,"column":12},"end":{"line":349,"column":52}},"97":{"start":{"line":353,"column":12},"end":{"line":353,"column":46}},"98":{"start":{"line":358,"column":8},"end":{"line":358,"column":46}},"99":{"start":{"line":359,"column":8},"end":{"line":359,"column":62}},"100":{"start":{"line":362,"column":8},"end":{"line":362,"column":45}},"101":{"start":{"line":366,"column":8},"end":{"line":366,"column":74}},"102":{"start":{"line":368,"column":8},"end":{"line":368,"column":46}},"103":{"start":{"line":374,"column":8},"end":{"line":374,"column":85}},"104":{"start":{"line":374,"column":73},"end":{"line":374,"column":85}},"105":{"start":{"line":375,"column":8},"end":{"line":375,"column":39}},"106":{"start":{"line":376,"column":8},"end":{"line":376,"column":50}},"107":{"start":{"line":376,"column":39},"end":{"line":376,"column":50}},"108":{"start":{"line":377,"column":8},"end":{"line":377,"column":14806}},"109":{"start":{"line":378,"column":12},"end":{"line":378,"column":43}},"110":{"start":{"line":380,"column":8},"end":{"line":380,"column":20}},"111":{"start":{"line":384,"column":8},"end":{"line":384,"column":62}},"112":{"start":{"line":384,"column":45},"end":{"line":384,"column":62}},"113":{"start":{"line":385,"column":8},"end":{"line":385,"column":34}},"114":{"start":{"line":389,"column":8},"end":{"line":389,"column":60}},"115":{"start":{"line":389,"column":49},"end":{"line":389,"column":60}},"116":{"start":{"line":390,"column":8},"end":{"line":390,"column":130}},"117":{"start":{"line":391,"column":8},"end":{"line":391,"column":63}},"118":{"start":{"line":395,"column":77},"end":{"line":395,"column":98}},"119":{"start":{"line":396,"column":74},"end":{"line":396,"column":92}},"120":{"start":{"line":399,"column":8},"end":{"line":399,"column":133}},"121":{"start":{"line":399,"column":70},"end":{"line":399,"column":130}},"122":{"start":{"line":403,"column":8},"end":{"line":403,"column":118}},"123":{"start":{"line":403,"column":45},"end":{"line":403,"column":116}},"124":{"start":{"line":406,"column":8},"end":{"line":406,"column":104}},"125":{"start":{"line":406,"column":45},"end":{"line":406,"column":102}}},"branchMap":{"1":{"line":55,"type":"if","locations":[{"start":{"line":55,"column":27},"end":{"line":55,"column":27}},{"start":{"line":55,"column":27},"end":{"line":55,"column":27}}]},"2":{"line":56,"type":"if","locations":[{"start":{"line":56,"column":58},"end":{"line":56,"column":58}},{"start":{"line":56,"column":58},"end":{"line":56,"column":58}}]},"3":{"line":57,"type":"if","locations":[{"start":{"line":57,"column":8},"end":{"line":57,"column":8}},{"start":{"line":57,"column":8},"end":{"line":57,"column":8}}]},"4":{"line":127,"type":"if","locations":[{"start":{"line":127,"column":8},"end":{"line":127,"column":8}},{"start":{"line":127,"column":8},"end":{"line":127,"column":8}}]},"5":{"line":132,"type":"if","locations":[{"start":{"line":132,"column":8},"end":{"line":132,"column":8}},{"start":{"line":132,"column":8},"end":{"line":132,"column":8}}]},"6":{"line":135,"type":"if","locations":[{"start":{"line":135,"column":8},"end":{"line":135,"column":8}},{"start":{"line":135,"column":8},"end":{"line":135,"column":8}}]},"7":{"line":139,"type":"if","locations":[{"start":{"line":139,"column":8},"end":{"line":139,"column":8}},{"start":{"line":139,"column":8},"end":{"line":139,"column":8}}]},"8":{"line":143,"type":"if","locations":[{"start":{"line":143,"column":8},"end":{"line":143,"column":8}},{"start":{"line":143,"column":8},"end":{"line":143,"column":8}}]},"9":{"line":179,"type":"if","locations":[{"start":{"line":179,"column":8},"end":{"line":179,"column":8}},{"start":{"line":179,"column":8},"end":{"line":179,"column":8}}]},"10":{"line":191,"type":"if","locations":[{"start":{"line":191,"column":8},"end":{"line":191,"column":8}},{"start":{"line":191,"column":8},"end":{"line":191,"column":8}}]},"11":{"line":199,"type":"if","locations":[{"start":{"line":199,"column":47},"end":{"line":199,"column":47}},{"start":{"line":199,"column":47},"end":{"line":199,"column":47}}]},"12":{"line":205,"type":"if","locations":[{"start":{"line":205,"column":50},"end":{"line":205,"column":50}},{"start":{"line":205,"column":50},"end":{"line":205,"column":50}}]},"13":{"line":211,"type":"if","locations":[{"start":{"line":211,"column":49},"end":{"line":211,"column":49}},{"start":{"line":211,"column":49},"end":{"line":211,"column":49}}]},"14":{"line":217,"type":"if","locations":[{"start":{"line":217,"column":52},"end":{"line":217,"column":52}},{"start":{"line":217,"column":52},"end":{"line":217,"column":52}}]},"15":{"line":218,"type":"if","locations":[{"start":{"line":218,"column":8},"end":{"line":218,"column":8}},{"start":{"line":218,"column":8},"end":{"line":218,"column":8}}]},"16":{"line":224,"type":"if","locations":[{"start":{"line":224,"column":52},"end":{"line":224,"column":52}},{"start":{"line":224,"column":52},"end":{"line":224,"column":52}}]},"17":{"line":225,"type":"if","locations":[{"start":{"line":225,"column":8},"end":{"line":225,"column":8}},{"start":{"line":225,"column":8},"end":{"line":225,"column":8}}]},"18":{"line":231,"type":"if","locations":[{"start":{"line":231,"column":66},"end":{"line":231,"column":66}},{"start":{"line":231,"column":66},"end":{"line":231,"column":66}}]},"19":{"line":237,"type":"if","locations":[{"start":{"line":237,"column":49},"end":{"line":237,"column":49}},{"start":{"line":237,"column":49},"end":{"line":237,"column":49}}]},"20":{"line":238,"type":"if","locations":[{"start":{"line":238,"column":8},"end":{"line":238,"column":8}},{"start":{"line":238,"column":8},"end":{"line":238,"column":8}}]},"21":{"line":245,"type":"if","locations":[{"start":{"line":245,"column":35},"end":{"line":245,"column":35}},{"start":{"line":245,"column":35},"end":{"line":245,"column":35}}]},"22":{"line":251,"type":"if","locations":[{"start":{"line":251,"column":51},"end":{"line":251,"column":51}},{"start":{"line":251,"column":51},"end":{"line":251,"column":51}}]},"23":{"line":253,"type":"if","locations":[{"start":{"line":253,"column":8},"end":{"line":253,"column":8}},{"start":{"line":253,"column":8},"end":{"line":253,"column":8}}]},"24":{"line":263,"type":"if","locations":[{"start":{"line":263,"column":8},"end":{"line":263,"column":8}},{"start":{"line":263,"column":8},"end":{"line":263,"column":8}}]},"25":{"line":264,"type":"if","locations":[{"start":{"line":264,"column":8},"end":{"line":264,"column":8}},{"start":{"line":264,"column":8},"end":{"line":264,"column":8}}]},"26":{"line":265,"type":"if","locations":[{"start":{"line":265,"column":8},"end":{"line":265,"column":8}},{"start":{"line":265,"column":8},"end":{"line":265,"column":8}}]},"27":{"line":268,"type":"if","locations":[{"start":{"line":268,"column":8},"end":{"line":268,"column":8}},{"start":{"line":268,"column":8},"end":{"line":268,"column":8}}]},"28":{"line":269,"type":"if","locations":[{"start":{"line":269,"column":12},"end":{"line":269,"column":12}},{"start":{"line":269,"column":12},"end":{"line":269,"column":12}}]},"29":{"line":281,"type":"if","locations":[{"start":{"line":281,"column":8},"end":{"line":281,"column":8}},{"start":{"line":281,"column":8},"end":{"line":281,"column":8}}]},"30":{"line":281,"type":"cond-expr","locations":[{"start":{"line":281,"column":12},"end":{"line":281,"column":29}},{"start":{"line":281,"column":34},"end":{"line":281,"column":49}}]},"31":{"line":282,"type":"if","locations":[{"start":{"line":282,"column":8},"end":{"line":282,"column":8}},{"start":{"line":282,"column":8},"end":{"line":282,"column":8}}]},"32":{"line":285,"type":"if","locations":[{"start":{"line":285,"column":8},"end":{"line":285,"column":8}},{"start":{"line":285,"column":8},"end":{"line":285,"column":8}}]},"33":{"line":288,"type":"if","locations":[{"start":{"line":288,"column":12},"end":{"line":288,"column":12}},{"start":{"line":288,"column":12},"end":{"line":288,"column":12}}]},"34":{"line":288,"type":"cond-expr","locations":[{"start":{"line":288,"column":16},"end":{"line":288,"column":62}},{"start":{"line":289,"column":16},"end":{"line":289,"column":60}}]},"35":{"line":295,"type":"if","locations":[{"start":{"line":295,"column":8},"end":{"line":295,"column":8}},{"start":{"line":295,"column":8},"end":{"line":295,"column":8}}]},"36":{"line":296,"type":"if","locations":[{"start":{"line":296,"column":12},"end":{"line":296,"column":12}},{"start":{"line":296,"column":12},"end":{"line":296,"column":12}}]},"37":{"line":297,"type":"if","locations":[{"start":{"line":297,"column":16},"end":{"line":297,"column":16}},{"start":{"line":297,"column":16},"end":{"line":297,"column":16}}]},"38":{"line":299,"type":"if","locations":[{"start":{"line":299,"column":12},"end":{"line":299,"column":12}},{"start":{"line":299,"column":12},"end":{"line":299,"column":12}}]},"39":{"line":300,"type":"if","locations":[{"start":{"line":300,"column":16},"end":{"line":300,"column":16}},{"start":{"line":300,"column":16},"end":{"line":300,"column":16}}]},"40":{"line":306,"type":"if","locations":[{"start":{"line":306,"column":8},"end":{"line":306,"column":8}},{"start":{"line":306,"column":8},"end":{"line":306,"column":8}}]},"41":{"line":312,"type":"if","locations":[{"start":{"line":312,"column":8},"end":{"line":312,"column":8}},{"start":{"line":312,"column":8},"end":{"line":312,"column":8}}]},"42":{"line":316,"type":"if","locations":[{"start":{"line":316,"column":12},"end":{"line":316,"column":12}},{"start":{"line":316,"column":12},"end":{"line":316,"column":12}}]},"43":{"line":317,"type":"if","locations":[{"start":{"line":317,"column":58},"end":{"line":317,"column":67}},{"start":{"line":317,"column":71},"end":{"line":317,"column":78}}]},"44":{"line":321,"type":"if","locations":[{"start":{"line":321,"column":12},"end":{"line":321,"column":12}},{"start":{"line":321,"column":12},"end":{"line":321,"column":12}}]},"45":{"line":322,"type":"if","locations":[{"start":{"line":322,"column":62},"end":{"line":322,"column":73}},{"start":{"line":322,"column":77},"end":{"line":322,"column":87}}]},"46":{"line":323,"type":"if","locations":[{"start":{"line":323,"column":16},"end":{"line":323,"column":16}},{"start":{"line":323,"column":16},"end":{"line":323,"column":16}}]},"47":{"line":328,"type":"if","locations":[{"start":{"line":328,"column":12},"end":{"line":328,"column":12}},{"start":{"line":328,"column":12},"end":{"line":328,"column":12}}]},"48":{"line":328,"type":"cond-expr","locations":[{"start":{"line":328,"column":16},"end":{"line":328,"column":26}},{"start":{"line":328,"column":31},"end":{"line":328,"column":44}}]},"49":{"line":333,"type":"if","locations":[{"start":{"line":333,"column":12},"end":{"line":333,"column":12}},{"start":{"line":333,"column":12},"end":{"line":333,"column":12}}]},"50":{"line":333,"type":"cond-expr","locations":[{"start":{"line":333,"column":16},"end":{"line":333,"column":27}},{"start":{"line":333,"column":32},"end":{"line":333,"column":69}}]},"51":{"line":334,"type":"if","locations":[{"start":{"line":334,"column":16},"end":{"line":334,"column":16}},{"start":{"line":334,"column":16},"end":{"line":334,"column":16}}]},"52":{"line":346,"type":"if","locations":[{"start":{"line":346,"column":8},"end":{"line":346,"column":8}},{"start":{"line":346,"column":8},"end":{"line":346,"column":8}}]},"53":{"line":358,"type":"if","locations":[{"start":{"line":358,"column":8},"end":{"line":358,"column":8}},{"start":{"line":358,"column":8},"end":{"line":358,"column":8}}]},"54":{"line":359,"type":"if","locations":[{"start":{"line":359,"column":8},"end":{"line":359,"column":8}},{"start":{"line":359,"column":8},"end":{"line":359,"column":8}}]},"55":{"line":366,"type":"if","locations":[{"start":{"line":366,"column":8},"end":{"line":366,"column":8}},{"start":{"line":366,"column":8},"end":{"line":366,"column":8}}]},"56":{"line":374,"type":"if","locations":[{"start":{"line":374,"column":8},"end":{"line":374,"column":8}},{"start":{"line":374,"column":8},"end":{"line":374,"column":8}}]},"57":{"line":374,"type":"cond-expr","locations":[{"start":{"line":374,"column":12},"end":{"line":374,"column":42}},{"start":{"line":374,"column":47},"end":{"line":374,"column":70}}]},"58":{"line":376,"type":"if","locations":[{"start":{"line":376,"column":8},"end":{"line":376,"column":8}},{"start":{"line":376,"column":8},"end":{"line":376,"column":8}}]},"59":{"line":377,"type":"if","locations":[{"start":{"line":377,"column":8},"end":{"line":377,"column":8}},{"start":{"line":377,"column":8},"end":{"line":377,"column":8}}]},"60":{"line":384,"type":"if","locations":[{"start":{"line":384,"column":8},"end":{"line":384,"column":8}},{"start":{"line":384,"column":8},"end":{"line":384,"column":8}}]},"61":{"line":389,"type":"if","locations":[{"start":{"line":389,"column":8},"end":{"line":389,"column":8}},{"start":{"line":389,"column":8},"end":{"line":389,"column":8}}]},"62":{"line":391,"type":"cond-expr","locations":[{"start":{"line":391,"column":15},"end":{"line":391,"column":37}},{"start":{"line":391,"column":42},"end":{"line":391,"column":62}}]},"63":{"line":399,"type":"if","locations":[{"start":{"line":399,"column":8},"end":{"line":399,"column":8}},{"start":{"line":399,"column":8},"end":{"line":399,"column":8}}]},"64":{"line":399,"type":"cond-expr","locations":[{"start":{"line":399,"column":12},"end":{"line":399,"column":23}},{"start":{"line":399,"column":28},"end":{"line":399,"column":65}}]},"65":{"line":399,"type":"if","locations":[{"start":{"line":399,"column":70},"end":{"line":399,"column":70}},{"start":{"line":399,"column":70},"end":{"line":399,"column":70}}]},"66":{"line":403,"type":"if","locations":[{"start":{"line":403,"column":8},"end":{"line":403,"column":8}},{"start":{"line":403,"column":8},"end":{"line":403,"column":8}}]},"67":{"line":406,"type":"if","locations":[{"start":{"line":406,"column":8},"end":{"line":406,"column":8}},{"start":{"line":406,"column":8},"end":{"line":406,"column":8}}]}}}}