{"contracts-min/mocks/BurnRouterMock.sol":{"l":{"12":227,"13":227,"14":227,"15":227,"19":150},"path":"/workspaces/Vfide/contracts-min/mocks/BurnRouterMock.sol","s":{"1":150},"b":{},"f":{"1":227,"2":150},"fnMap":{"1":{"name":"set","line":11,"loc":{"start":{"line":11,"column":4},"end":{"line":16,"column":4}}},"2":{"name":"computeFees","line":18,"loc":{"start":{"line":18,"column":4},"end":{"line":20,"column":4}}}},"statementMap":{"1":{"start":{"line":19,"column":8},"end":{"line":19,"column":65}}},"branchMap":{}},"contracts-min/mocks/ERC20FailTransfer.sol":{"l":{"17":23,"18":23,"22":35,"26":5,"27":5,"28":5,"32":6},"path":"/workspaces/Vfide/contracts-min/mocks/ERC20FailTransfer.sol","s":{"1":23,"2":35,"3":5,"4":5,"5":6},"b":{},"f":{"1":23,"2":35,"3":5,"4":6},"fnMap":{"1":{"name":"mint","line":16,"loc":{"start":{"line":16,"column":4},"end":{"line":19,"column":4}}},"2":{"name":"transfer","line":21,"loc":{"start":{"line":21,"column":4},"end":{"line":23,"column":4}}},"3":{"name":"approve","line":25,"loc":{"start":{"line":25,"column":4},"end":{"line":29,"column":4}}},"4":{"name":"transferFrom","line":31,"loc":{"start":{"line":31,"column":4},"end":{"line":33,"column":4}}}},"statementMap":{"1":{"start":{"line":18,"column":8},"end":{"line":18,"column":45}},"2":{"start":{"line":22,"column":8},"end":{"line":22,"column":20}},"3":{"start":{"line":27,"column":8},"end":{"line":27,"column":49}},"4":{"start":{"line":28,"column":8},"end":{"line":28,"column":19}},"5":{"start":{"line":32,"column":8},"end":{"line":32,"column":20}}},"branchMap":{}},"contracts-min/mocks/ERC20Mock.sol":{"l":{"16":213,"17":213,"21":82,"22":82,"23":82,"27":138,"28":102,"29":102,"30":102,"31":102,"35":22,"36":22,"37":22,"41":41,"42":39,"43":39,"44":37,"45":37,"46":37,"47":37,"48":37,"52":202},"path":"/workspaces/Vfide/contracts-min/mocks/ERC20Mock.sol","s":{"1":82,"2":138,"3":102,"4":102,"5":22,"6":22,"7":41,"8":39,"9":39,"10":37,"11":37,"12":202},"b":{"1":[102,36],"2":[39,2],"3":[37,2]},"f":{"1":213,"2":82,"3":138,"4":22,"5":41,"6":202},"fnMap":{"1":{"name":"constructor","line":15,"loc":{"start":{"line":15,"column":4},"end":{"line":18,"column":4}}},"2":{"name":"mint","line":20,"loc":{"start":{"line":20,"column":4},"end":{"line":24,"column":4}}},"3":{"name":"transfer","line":26,"loc":{"start":{"line":26,"column":4},"end":{"line":32,"column":4}}},"4":{"name":"approve","line":34,"loc":{"start":{"line":34,"column":4},"end":{"line":38,"column":4}}},"5":{"name":"transferFrom","line":40,"loc":{"start":{"line":40,"column":4},"end":{"line":49,"column":4}}},"6":{"name":"decimals","line":51,"loc":{"start":{"line":51,"column":4},"end":{"line":53,"column":4}}}},"statementMap":{"1":{"start":{"line":23,"column":8},"end":{"line":23,"column":45}},"2":{"start":{"line":27,"column":8},"end":{"line":27,"column":57}},"3":{"start":{"line":30,"column":8},"end":{"line":30,"column":44}},"4":{"start":{"line":31,"column":8},"end":{"line":31,"column":19}},"5":{"start":{"line":36,"column":8},"end":{"line":36,"column":49}},"6":{"start":{"line":37,"column":8},"end":{"line":37,"column":19}},"7":{"start":{"line":41,"column":8},"end":{"line":41,"column":51}},"8":{"start":{"line":42,"column":8},"end":{"line":42,"column":53}},"9":{"start":{"line":43,"column":8},"end":{"line":43,"column":45}},"10":{"start":{"line":47,"column":8},"end":{"line":47,"column":38}},"11":{"start":{"line":48,"column":8},"end":{"line":48,"column":19}},"12":{"start":{"line":52,"column":8},"end":{"line":52,"column":24}}},"branchMap":{"1":{"line":27,"type":"if","locations":[{"start":{"line":27,"column":8},"end":{"line":27,"column":8}},{"start":{"line":27,"column":8},"end":{"line":27,"column":8}}]},"2":{"line":41,"type":"if","locations":[{"start":{"line":41,"column":8},"end":{"line":41,"column":8}},{"start":{"line":41,"column":8},"end":{"line":41,"column":8}}]},"3":{"line":43,"type":"if","locations":[{"start":{"line":43,"column":8},"end":{"line":43,"column":8}},{"start":{"line":43,"column":8},"end":{"line":43,"column":8}}]}}},"contracts-min/mocks/ERC20ReturnFalse.sol":{"l":{"12":3,"15":4},"path":"/workspaces/Vfide/contracts-min/mocks/ERC20ReturnFalse.sol","s":{"1":3,"2":4,"3":1},"b":{},"f":{"1":3,"2":4,"3":1},"fnMap":{"1":{"name":"transfer","line":11,"loc":{"start":{"line":11,"column":4},"end":{"line":13,"column":4}}},"2":{"name":"transferFrom","line":14,"loc":{"start":{"line":14,"column":4},"end":{"line":16,"column":4}}},"3":{"name":"balanceOf","line":17,"loc":{"start":{"line":17,"column":4},"end":{"line":17,"column":76}}}},"statementMap":{"1":{"start":{"line":12,"column":8},"end":{"line":12,"column":20}},"2":{"start":{"line":15,"column":8},"end":{"line":15,"column":20}},"3":{"start":{"line":17,"column":66},"end":{"line":17,"column":74}}},"branchMap":{}},"contracts-min/mocks/GasDrainerERC20.sol":{"l":{"12":10,"17":4,"18":3,"19":3,"21":3,"23":6000,"25":3,"29":7,"30":7,"34":9,"35":8,"36":8,"37":3,"38":3,"39":3,"40":3,"41":3,"50":7,"51":4,"53":3},"path":"/workspaces/Vfide/contracts-min/mocks/GasDrainerERC20.sol","s":{"1":4,"2":3,"3":3,"4":7,"5":9,"6":8,"7":8,"8":3,"9":3,"10":0,"11":7,"12":4,"13":3},"b":{"1":[3,1],"2":[8,1],"3":[3,5],"4":[4,3]},"f":{"1":10,"2":4,"3":7,"4":9,"5":0,"6":7},"fnMap":{"1":{"name":"mint","line":11,"loc":{"start":{"line":11,"column":4},"end":{"line":13,"column":4}}},"2":{"name":"transfer","line":16,"loc":{"start":{"line":16,"column":4},"end":{"line":26,"column":4}}},"3":{"name":"approve","line":28,"loc":{"start":{"line":28,"column":4},"end":{"line":31,"column":4}}},"4":{"name":"transferFrom","line":33,"loc":{"start":{"line":33,"column":4},"end":{"line":42,"column":4}}},"5":{"name":"decimals","line":44,"loc":{"start":{"line":44,"column":4},"end":{"line":44,"column":74}}},"6":{"name":"TEST_checkAllowance","line":49,"loc":{"start":{"line":49,"column":4},"end":{"line":55,"column":4}}}},"statementMap":{"1":{"start":{"line":17,"column":8},"end":{"line":17,"column":57}},"2":{"start":{"line":21,"column":8},"end":{"line":21,"column":721}},"3":{"start":{"line":25,"column":8},"end":{"line":25,"column":19}},"4":{"start":{"line":30,"column":8},"end":{"line":30,"column":19}},"5":{"start":{"line":34,"column":8},"end":{"line":34,"column":51}},"6":{"start":{"line":35,"column":8},"end":{"line":35,"column":53}},"7":{"start":{"line":36,"column":8},"end":{"line":36,"column":45}},"8":{"start":{"line":40,"column":8},"end":{"line":40,"column":69}},"9":{"start":{"line":41,"column":8},"end":{"line":41,"column":19}},"10":{"start":{"line":44,"column":56},"end":{"line":44,"column":72}},"11":{"start":{"line":50,"column":8},"end":{"line":50,"column":1906}},"12":{"start":{"line":51,"column":12},"end":{"line":51,"column":23}},"13":{"start":{"line":53,"column":12},"end":{"line":53,"column":24}}},"branchMap":{"1":{"line":17,"type":"if","locations":[{"start":{"line":17,"column":8},"end":{"line":17,"column":8}},{"start":{"line":17,"column":8},"end":{"line":17,"column":8}}]},"2":{"line":34,"type":"if","locations":[{"start":{"line":34,"column":8},"end":{"line":34,"column":8}},{"start":{"line":34,"column":8},"end":{"line":34,"column":8}}]},"3":{"line":36,"type":"if","locations":[{"start":{"line":36,"column":8},"end":{"line":36,"column":8}},{"start":{"line":36,"column":8},"end":{"line":36,"column":8}}]},"4":{"line":50,"type":"if","locations":[{"start":{"line":50,"column":8},"end":{"line":50,"column":8}},{"start":{"line":50,"column":8},"end":{"line":50,"column":8}}]}}},"contracts-min/mocks/LedgerMock.sol":{"l":{"11":207,"17":29,"18":23,"22":109,"23":103},"path":"/workspaces/Vfide/contracts-min/mocks/LedgerMock.sol","s":{"1":29,"2":6,"3":23,"4":109,"5":6,"6":103},"b":{"1":[6,23],"2":[6,103]},"f":{"1":207,"2":7,"3":29,"4":109},"fnMap":{"1":{"name":"constructor","line":10,"loc":{"start":{"line":10,"column":4},"end":{"line":12,"column":4}}},"2":{"name":"setRevert","line":14,"loc":{"start":{"line":14,"column":4},"end":{"line":14,"column":58}}},"3":{"name":"logSystemEvent","line":16,"loc":{"start":{"line":16,"column":4},"end":{"line":19,"column":4}}},"4":{"name":"logEvent","line":21,"loc":{"start":{"line":21,"column":4},"end":{"line":24,"column":4}}}},"statementMap":{"1":{"start":{"line":17,"column":8},"end":{"line":17,"column":47}},"2":{"start":{"line":17,"column":24},"end":{"line":17,"column":46}},"3":{"start":{"line":18,"column":8},"end":{"line":18,"column":42}},"4":{"start":{"line":22,"column":8},"end":{"line":22,"column":47}},"5":{"start":{"line":22,"column":24},"end":{"line":22,"column":46}},"6":{"start":{"line":23,"column":8},"end":{"line":23,"column":46}}},"branchMap":{"1":{"line":17,"type":"if","locations":[{"start":{"line":17,"column":8},"end":{"line":17,"column":8}},{"start":{"line":17,"column":8},"end":{"line":17,"column":8}}]},"2":{"line":22,"type":"if","locations":[{"start":{"line":22,"column":8},"end":{"line":22,"column":8}},{"start":{"line":22,"column":8},"end":{"line":22,"column":8}}]}}},"contracts-min/mocks/MerchantRegistryMock.sol":{"l":{"18":5,"19":5,"20":5,"21":5,"22":5,"23":5,"27":2,"28":2,"29":2,"34":6},"path":"/workspaces/Vfide/contracts-min/mocks/MerchantRegistryMock.sol","s":{"1":6},"b":{},"f":{"1":5,"2":2,"3":6},"fnMap":{"1":{"name":"constructor","line":17,"loc":{"start":{"line":17,"column":4},"end":{"line":24,"column":4}}},"2":{"name":"setMerchant","line":26,"loc":{"start":{"line":26,"column":4},"end":{"line":30,"column":4}}},"3":{"name":"info","line":33,"loc":{"start":{"line":33,"column":4},"end":{"line":35,"column":4}}}},"statementMap":{"1":{"start":{"line":34,"column":8},"end":{"line":34,"column":16}}},"branchMap":{}},"contracts-min/mocks/ReenteringERC20.sol":{"l":{"20":4,"21":4,"25":12,"29":7,"30":6,"31":6,"33":6,"35":4,"37":4,"41":6,"42":6,"46":7,"47":6,"48":6,"49":2,"50":2,"51":2,"52":2,"61":4,"62":2,"64":2},"path":"/workspaces/Vfide/contracts-min/mocks/ReenteringERC20.sol","s":{"1":7,"2":6,"3":4,"4":4,"5":6,"6":7,"7":6,"8":6,"9":2,"10":0,"11":4,"12":2,"13":2},"b":{"1":[6,1],"2":[4,2],"3":[6,1],"4":[2,4],"5":[2,2]},"f":{"1":4,"2":12,"3":7,"4":6,"5":7,"6":0,"7":4},"fnMap":{"1":{"name":"setReenter","line":19,"loc":{"start":{"line":19,"column":4},"end":{"line":22,"column":4}}},"2":{"name":"mint","line":24,"loc":{"start":{"line":24,"column":4},"end":{"line":26,"column":4}}},"3":{"name":"transfer","line":28,"loc":{"start":{"line":28,"column":4},"end":{"line":38,"column":4}}},"4":{"name":"approve","line":40,"loc":{"start":{"line":40,"column":4},"end":{"line":43,"column":4}}},"5":{"name":"transferFrom","line":45,"loc":{"start":{"line":45,"column":4},"end":{"line":53,"column":4}}},"6":{"name":"decimals","line":55,"loc":{"start":{"line":55,"column":4},"end":{"line":55,"column":74}}},"7":{"name":"TEST_checkAllowance","line":60,"loc":{"start":{"line":60,"column":4},"end":{"line":66,"column":4}}}},"statementMap":{"1":{"start":{"line":29,"column":8},"end":{"line":29,"column":57}},"2":{"start":{"line":33,"column":8},"end":{"line":33,"column":1016}},"3":{"start":{"line":35,"column":12},"end":{"line":35,"column":60}},"4":{"start":{"line":37,"column":8},"end":{"line":37,"column":19}},"5":{"start":{"line":42,"column":8},"end":{"line":42,"column":19}},"6":{"start":{"line":46,"column":8},"end":{"line":46,"column":51}},"7":{"start":{"line":47,"column":8},"end":{"line":47,"column":53}},"8":{"start":{"line":48,"column":8},"end":{"line":48,"column":45}},"9":{"start":{"line":52,"column":8},"end":{"line":52,"column":19}},"10":{"start":{"line":55,"column":56},"end":{"line":55,"column":72}},"11":{"start":{"line":61,"column":8},"end":{"line":61,"column":2185}},"12":{"start":{"line":62,"column":12},"end":{"line":62,"column":23}},"13":{"start":{"line":64,"column":12},"end":{"line":64,"column":24}}},"branchMap":{"1":{"line":29,"type":"if","locations":[{"start":{"line":29,"column":8},"end":{"line":29,"column":8}},{"start":{"line":29,"column":8},"end":{"line":29,"column":8}}]},"2":{"line":33,"type":"if","locations":[{"start":{"line":33,"column":8},"end":{"line":33,"column":8}},{"start":{"line":33,"column":8},"end":{"line":33,"column":8}}]},"3":{"line":46,"type":"if","locations":[{"start":{"line":46,"column":8},"end":{"line":46,"column":8}},{"start":{"line":46,"column":8},"end":{"line":46,"column":8}}]},"4":{"line":48,"type":"if","locations":[{"start":{"line":48,"column":8},"end":{"line":48,"column":8}},{"start":{"line":48,"column":8},"end":{"line":48,"column":8}}]},"5":{"line":61,"type":"if","locations":[{"start":{"line":61,"column":8},"end":{"line":61,"column":8}},{"start":{"line":61,"column":8},"end":{"line":61,"column":8}}]}}},"contracts-min/mocks/ReenterTargetMock.sol":{"l":{"8":3},"path":"/workspaces/Vfide/contracts-min/mocks/ReenterTargetMock.sol","s":{"1":3},"b":{},"f":{"1":3},"fnMap":{"1":{"name":"release","line":7,"loc":{"start":{"line":7,"column":4},"end":{"line":9,"column":4}}}},"statementMap":{"1":{"start":{"line":8,"column":8},"end":{"line":8,"column":37}}},"branchMap":{}},"contracts-min/mocks/ReverterEscrow.sol":{"l":{"13":4,"14":2,"18":4,"19":2},"path":"/workspaces/Vfide/contracts-min/mocks/ReverterEscrow.sol","s":{"1":4,"2":2,"3":2,"4":4,"5":2,"6":2},"b":{"1":[2,2],"2":[2,2]},"f":{"1":3,"2":4,"3":4},"fnMap":{"1":{"name":"setRevert","line":10,"loc":{"start":{"line":10,"column":1},"end":{"line":10,"column":57}}},"2":{"name":"release","line":12,"loc":{"start":{"line":12,"column":1},"end":{"line":15,"column":1}}},"3":{"name":"refund","line":17,"loc":{"start":{"line":17,"column":1},"end":{"line":20,"column":1}}}},"statementMap":{"1":{"start":{"line":13,"column":2},"end":{"line":13,"column":44}},"2":{"start":{"line":13,"column":20},"end":{"line":13,"column":43}},"3":{"start":{"line":14,"column":2},"end":{"line":14,"column":19}},"4":{"start":{"line":18,"column":2},"end":{"line":18,"column":43}},"5":{"start":{"line":18,"column":20},"end":{"line":18,"column":42}},"6":{"start":{"line":19,"column":2},"end":{"line":19,"column":19}}},"branchMap":{"1":{"line":13,"type":"if","locations":[{"start":{"line":13,"column":2},"end":{"line":13,"column":2}},{"start":{"line":13,"column":2},"end":{"line":13,"column":2}}]},"2":{"line":18,"type":"if","locations":[{"start":{"line":18,"column":2},"end":{"line":18,"column":2}},{"start":{"line":18,"column":2},"end":{"line":18,"column":2}}]}}},"contracts-min/mocks/RevertingDecimals.sol":{"l":{"7":110},"path":"/workspaces/Vfide/contracts-min/mocks/RevertingDecimals.sol","s":{"1":110},"b":{},"f":{"1":110},"fnMap":{"1":{"name":null,"line":6,"loc":{"start":{"line":6,"column":4},"end":{"line":8,"column":4}}}},"statementMap":{"1":{"start":{"line":7,"column":8},"end":{"line":7,"column":32}}},"branchMap":{}},"contracts-min/mocks/SecurityHubMock.sol":{"l":{},"path":"/workspaces/Vfide/contracts-min/mocks/SecurityHubMock.sol","s":{"1":97},"b":{},"f":{"1":21,"2":97},"fnMap":{"1":{"name":"setLocked","line":6,"loc":{"start":{"line":6,"column":4},"end":{"line":6,"column":76}}},"2":{"name":"isLocked","line":7,"loc":{"start":{"line":7,"column":4},"end":{"line":7,"column":90}}}},"statementMap":{"1":{"start":{"line":7,"column":68},"end":{"line":7,"column":88}}},"branchMap":{}},"contracts-min/mocks/SeerMock.sol":{"l":{},"path":"/workspaces/Vfide/contracts-min/mocks/SeerMock.sol","s":{"1":806,"2":153},"b":{},"f":{"1":131,"2":806,"3":121,"4":153},"fnMap":{"1":{"name":"setScore","line":7,"loc":{"start":{"line":7,"column":4},"end":{"line":7,"column":81}}},"2":{"name":"getScore","line":8,"loc":{"start":{"line":8,"column":4},"end":{"line":8,"column":88}}},"3":{"name":"setMin","line":9,"loc":{"start":{"line":9,"column":4},"end":{"line":9,"column":55}}},"4":{"name":"minForMerchant","line":10,"loc":{"start":{"line":10,"column":4},"end":{"line":10,"column":80}}}},"statementMap":{"1":{"start":{"line":8,"column":68},"end":{"line":8,"column":86}},"2":{"start":{"line":10,"column":63},"end":{"line":10,"column":78}}},"branchMap":{}},"contracts-min/mocks/TestVFIDEHarness.sol":{"l":{"13":2,"18":2},"path":"/workspaces/Vfide/contracts-min/mocks/TestVFIDEHarness.sol","s":{"1":2,"2":2},"b":{},"f":{"1":6,"2":2,"3":2},"fnMap":{"1":{"name":"constructor","line":8,"loc":{"start":{"line":7,"column":4},"end":{"line":9,"column":5}}},"2":{"name":"TEST_exposed_mint","line":12,"loc":{"start":{"line":12,"column":4},"end":{"line":14,"column":4}}},"3":{"name":"TEST_expose_transfer","line":17,"loc":{"start":{"line":17,"column":4},"end":{"line":19,"column":4}}}},"statementMap":{"1":{"start":{"line":13,"column":8},"end":{"line":13,"column":24}},"2":{"start":{"line":18,"column":8},"end":{"line":18,"column":34}}},"branchMap":{}},"contracts-min/mocks/VaultHubMock.sol":{"l":{"7":636,"10":2153},"path":"/workspaces/Vfide/contracts-min/mocks/VaultHubMock.sol","s":{"1":2153},"b":{},"f":{"1":636,"2":2153},"fnMap":{"1":{"name":"setVault","line":6,"loc":{"start":{"line":6,"column":4},"end":{"line":8,"column":4}}},"2":{"name":"vaultOf","line":9,"loc":{"start":{"line":9,"column":4},"end":{"line":11,"column":4}}}},"statementMap":{"1":{"start":{"line":10,"column":8},"end":{"line":10,"column":28}}},"branchMap":{}},"contracts-min/mocks/VestingVault.sol":{"l":{},"path":"/workspaces/Vfide/contracts-min/mocks/VestingVault.sol","s":{},"b":{},"f":{},"fnMap":{},"statementMap":{},"branchMap":{}},"contracts-min/VFIDECommerce.sol":{"l":{"90":158,"92":151,"93":151,"94":151,"95":151,"99":350,"100":285,"101":203,"102":203,"103":131,"104":113,"105":95,"106":93,"114":93,"118":100,"119":100,"120":77,"121":77,"122":65,"123":65,"124":14,"125":14,"130":69,"131":69,"132":46,"133":46,"134":35,"135":35,"136":6,"137":6,"144":4,"145":4,"146":4,"151":3,"152":3,"156":1,"160":1,"174":26,"175":26,"176":26,"177":26,"178":26,"179":26,"183":1,"184":1,"191":173,"192":173,"193":173,"194":173,"208":2,"209":2,"211":2,"212":2,"213":2,"215":2,"216":2,"221":14,"225":11,"229":10,"230":10,"234":6,"238":4,"242":6,"248":55,"250":55,"251":27,"253":28,"257":55,"258":55,"259":42,"261":13,"265":55,"266":43,"268":12,"271":55,"276":7,"280":10,"281":10,"285":3,"291":1,"295":1,"300":2,"301":2,"305":2,"309":2,"314":185,"318":1,"319":1,"320":1,"327":6,"329":6,"332":6,"333":6,"336":6,"339":6,"340":6,"343":6,"346":6,"347":6,"349":6,"350":6,"352":6,"359":2,"360":2,"361":2,"363":2,"365":2,"367":2,"368":2,"375":1,"376":1,"377":1,"379":1,"380":1,"382":1,"384":1,"385":1,"389":1,"390":1,"391":1,"393":1,"394":1,"396":1,"397":1,"402":1,"403":1,"404":1,"405":1,"406":1,"407":1,"408":1,"413":2,"414":2,"415":2,"416":2,"417":2,"421":1,"422":1,"423":1,"424":1,"425":1,"430":1,"431":1,"432":1,"433":1,"435":1,"441":1,"442":1,"443":1,"444":1,"445":1,"447":1,"452":1,"453":1,"454":1,"455":1,"456":1,"462":1,"463":1,"464":1,"465":1,"466":1,"472":1,"473":0,"475":1,"480":1,"481":1,"482":1,"483":1,"484":1,"485":1,"486":1,"492":1,"497":1,"498":1,"503":1,"504":1,"505":1,"506":1,"507":1,"508":1,"516":1,"520":0,"523":0,"524":0,"525":0,"526":0,"527":0,"534":204,"538":27,"540":27,"545":4,"550":3,"551":3,"552":3,"553":3,"554":3,"555":3,"560":4,"564":4,"570":7,"574":6,"575":6,"579":7,"584":216,"586":216,"588":216,"589":216,"591":216,"592":216,"599":34,"601":34,"602":22,"604":12,"608":34,"609":34,"610":21,"612":13,"616":34,"617":24,"619":10,"622":34,"629":28,"630":28,"631":28,"632":28,"633":28,"636":28,"637":4,"639":24,"642":28,"643":4,"645":24,"648":28,"649":28,"650":28,"657":54,"664":27,"665":0,"667":27,"672":68,"674":68,"675":34,"677":34,"681":68,"682":68,"683":51,"685":17,"689":68,"690":51,"692":17,"695":68,"702":223,"703":223,"709":13,"711":13,"712":13,"715":13,"716":13,"719":13,"720":13,"723":13,"724":13,"725":13,"727":13,"736":69,"738":69,"739":69,"742":69,"743":69,"744":69,"745":69,"748":69,"751":69,"752":69,"755":69,"756":69,"758":69,"788":110,"790":105,"794":99,"795":96,"796":96,"797":94,"798":90,"800":89,"801":89,"802":86,"803":86,"815":75,"816":75,"817":74,"818":74,"819":56,"823":29,"824":29,"825":24,"826":22,"827":22,"831":33,"832":33,"833":20,"834":16,"835":16,"836":11,"840":34,"841":34,"842":21,"843":18,"844":18,"848":28,"849":28,"850":16,"851":16,"852":12,"854":4,"860":4,"861":4,"862":4,"863":4,"864":4,"869":2,"870":0,"871":0,"875":3,"876":3,"880":2,"881":2,"885":0,"886":0,"891":12,"892":12,"894":12,"895":12,"897":0,"900":12,"901":5,"903":7,"906":12,"907":3,"909":9,"912":12,"913":10,"915":2,"917":12,"921":3,"922":3,"923":3,"924":3,"929":8,"930":8,"934":8,"935":8,"939":7,"940":7,"945":9,"946":9,"947":9,"948":9,"949":9,"950":9,"955":7,"956":7,"957":7,"958":7,"959":7,"960":7,"962":7,"964":7,"965":7,"971":11,"973":11,"974":11,"976":11,"978":11,"979":11,"981":11,"982":11,"983":11,"985":11,"986":11,"990":9,"992":9,"993":9,"994":9,"995":9,"997":9,"998":9,"1002":11,"1003":11,"1005":11,"1006":11,"1008":11,"1009":11,"1013":4,"1015":4,"1016":4,"1017":4,"1018":4,"1019":4,"1024":5,"1025":5,"1027":5,"1028":5,"1029":5,"1032":5,"1033":5,"1036":5,"1037":5,"1040":5,"1041":5,"1042":5,"1045":5,"1047":5,"1054":2,"1055":2,"1059":2,"1060":2,"1064":0,"1065":0,"1069":1,"1070":1,"1071":1,"1076":0,"1082":2,"1083":2,"1085":2,"1086":2,"1089":2,"1090":2,"1093":2,"1094":2,"1097":2,"1099":2,"1104":1,"1105":1,"1106":1,"1108":1,"1109":1,"1110":1,"1112":1,"1113":1,"1117":1,"1118":1,"1119":1,"1120":1,"1121":1,"1122":1,"1124":1,"1125":1,"1129":1,"1130":1,"1131":1,"1132":1,"1133":1,"1134":1,"1138":1,"1139":1,"1140":1,"1141":1,"1142":1,"1144":1,"1145":1,"1149":1,"1150":1,"1151":1,"1152":1,"1153":1,"1154":1,"1155":1,"1156":1,"1158":1,"1159":1,"1165":1,"1166":1,"1167":1,"1168":1,"1169":1,"1171":1,"1172":1,"1173":1,"1177":1,"1178":1,"1179":1,"1181":1,"1182":1,"1183":1,"1184":1,"1188":1,"1189":1,"1190":1,"1192":1,"1193":1,"1194":1,"1195":1,"1199":1,"1200":1,"1201":1,"1202":1,"1204":1,"1205":1,"1206":1,"1207":1,"1208":1,"1212":1,"1213":1,"1214":1,"1216":1,"1217":1,"1218":1,"1219":1,"1220":1,"1225":1,"1226":1,"1227":1,"1228":1,"1230":1,"1232":1,"1234":1,"1235":1,"1239":1,"1240":1,"1241":1,"1242":1,"1243":1,"1245":1,"1246":1,"1248":1,"1249":1,"1253":1,"1254":1,"1255":1,"1257":1,"1258":1,"1259":1,"1263":1,"1264":1,"1265":1,"1267":1,"1268":1,"1269":1,"1273":1,"1274":1,"1275":1,"1277":1,"1278":1,"1279":1,"1280":1,"1284":1,"1285":1,"1286":1,"1288":1,"1289":1,"1290":1,"1291":1,"1292":1,"1297":1,"1298":1,"1299":1,"1301":1,"1302":1,"1303":1,"1305":1,"1306":1,"1310":1,"1311":1,"1312":1,"1313":1,"1315":1,"1316":1,"1317":1,"1321":1,"1322":1,"1323":1,"1325":1,"1326":1,"1327":1,"1328":1,"1332":1,"1333":1,"1335":1,"1336":1,"1337":1,"1338":1,"1342":1,"1343":1,"1344":1,"1345":1,"1346":1,"1347":1,"1348":1,"1352":1,"1353":1,"1354":1,"1355":1,"1356":1,"1358":1,"1359":1,"1363":1,"1364":1,"1365":1,"1366":1,"1367":1,"1368":1,"1369":1,"1374":1,"1375":1,"1376":1,"1377":1,"1378":1,"1379":1,"1380":1,"1381":1,"1385":1,"1386":1,"1387":1,"1388":1,"1389":1,"1390":1,"1394":1,"1395":1,"1396":1,"1397":1,"1398":1,"1399":1,"1400":1,"1404":1,"1405":1,"1406":1,"1407":1,"1408":1,"1409":1,"1410":1,"1414":1,"1415":1,"1416":1,"1417":1,"1418":1,"1419":1,"1420":1,"1421":1,"1422":1,"1426":1,"1427":1,"1428":1,"1429":1,"1430":1,"1435":1,"1436":1,"1437":1,"1438":1,"1439":1,"1440":1,"1441":1,"1442":1,"1443":1,"1447":1,"1448":1,"1449":1,"1450":1,"1452":1,"1453":1,"1454":1,"1455":1,"1456":1,"1460":1,"1461":1,"1462":1,"1463":1,"1465":1,"1466":1,"1470":1,"1471":1,"1472":1,"1473":1,"1474":1,"1475":1,"1476":1,"1480":1,"1481":1,"1482":1,"1483":1,"1484":1,"1485":1,"1486":1,"1487":1,"1492":1,"1493":1,"1494":1,"1496":1,"1497":1,"1498":1,"1499":1,"1500":1,"1504":1,"1505":1,"1506":1,"1507":1,"1508":1,"1509":1,"1513":1,"1514":1,"1515":1,"1516":1,"1517":1,"1521":1,"1522":1,"1523":1,"1524":1,"1525":1,"1526":1,"1530":1,"1531":1,"1532":1,"1533":1,"1534":1,"1535":1,"1539":1,"1540":1,"1541":1,"1542":1,"1543":1,"1544":1,"1549":1,"1551":1,"1555":1,"1557":1,"1561":1,"1562":1,"1563":1,"1565":1,"1566":1,"1567":1,"1568":1,"1572":1,"1573":1,"1574":1,"1576":1,"1577":1,"1578":1,"1582":1,"1584":1,"1588":1,"1590":1,"1594":1,"1595":1,"1596":1,"1597":1,"1598":1,"1599":1,"1600":1,"1604":1,"1605":1,"1610":1,"1611":1,"1615":1,"1616":1,"1620":1,"1624":1,"1625":1,"1629":1,"1630":1,"1634":1,"1635":1,"1636":1,"1640":1,"1641":1,"1642":1,"1644":1,"1645":1,"1650":1,"1651":1,"1652":1,"1654":1,"1655":1,"1657":1,"1658":1,"1660":1,"1661":1,"1667":1,"1668":1,"1669":1,"1670":1,"1671":1,"1673":1,"1674":1,"1679":1,"1680":1,"1681":1,"1682":1,"1683":1,"1684":1,"1689":1,"1690":1,"1691":1,"1692":1,"1694":1,"1695":1,"1696":1,"1697":1,"1702":1,"1703":1,"1704":1,"1706":1,"1707":1,"1708":1,"1713":1,"1714":1,"1715":1,"1717":1,"1719":1,"1721":1,"1722":1,"1727":1,"1728":1,"1729":1,"1730":1,"1731":1,"1732":1,"1733":1,"1735":1,"1736":1,"1740":1,"1741":1,"1742":1,"1743":1,"1745":1,"1746":1,"1752":1,"1753":1,"1754":1,"1755":1,"1756":1,"1761":1,"1762":1,"1763":1,"1764":1,"1765":1,"1766":1,"1771":1,"1772":1,"1773":1,"1774":1,"1775":1,"1776":1,"1777":1,"1782":1,"1783":1,"1784":1,"1785":1,"1786":1,"1787":1,"1788":1,"1793":1,"1794":1,"1795":1,"1796":1,"1797":1,"1798":1,"1803":1,"1804":1,"1805":1,"1806":1,"1807":1,"1808":1,"1810":1,"1811":1,"1815":1,"1816":1,"1817":1,"1818":1,"1819":1,"1821":1,"1822":1,"1826":1,"1827":1,"1828":1,"1829":1,"1830":1,"1832":1,"1833":1,"1838":1,"1839":1,"1840":1,"1841":1,"1842":1,"1843":1,"1848":1,"1849":1,"1850":1,"1852":1,"1853":1,"1854":1,"1855":1,"1859":1,"1860":1,"1861":1,"1863":1,"1864":1,"1865":1,"1866":1,"1870":1,"1871":1,"1872":1,"1873":1,"1874":1,"1875":1,"1879":1,"1880":1,"1881":1,"1882":1,"1883":1,"1884":1,"1885":1,"1889":1,"1890":1,"1891":1,"1892":1,"1893":1,"1894":1,"1895":1,"1896":1,"1900":1,"1901":1,"1902":1,"1903":1,"1904":1,"1905":1,"1909":1,"1910":1,"1911":1,"1912":1,"1913":1,"1914":1,"1915":1,"1916":1,"1917":1,"1918":1,"1925":1,"1926":1,"1927":1,"1928":1,"1930":1,"1932":1,"1933":1,"1934":1,"1938":1,"1939":1,"1940":1,"1942":1,"1943":1,"1944":1,"1945":1,"1949":1,"1950":1,"1952":1,"1953":1,"1954":1,"1958":1,"1959":1,"1960":1,"1962":1,"1963":1,"1964":1,"1965":1,"1970":1,"1971":1,"1972":1,"1973":1,"1975":1,"1976":1,"1977":1,"1981":1,"1982":1,"1983":1,"1985":1,"1986":1,"1987":1,"1991":1,"1992":1,"1993":1,"1995":1,"1996":1,"2000":1,"2001":1,"2002":1,"2003":1,"2004":1,"2005":1,"2006":1,"2010":1,"2011":1,"2012":1,"2013":1,"2014":1,"2015":1,"2016":1,"2020":1,"2021":1,"2022":1,"2024":1,"2025":1,"2026":1,"2027":1,"2028":1,"2035":1,"2036":1,"2037":1,"2039":1,"2040":1,"2042":1,"2043":1,"2047":1,"2048":1,"2049":1,"2051":1,"2052":1,"2053":1,"2057":1,"2058":1,"2060":1,"2061":1,"2062":1,"2066":1,"2067":1,"2068":1,"2069":1,"2071":1,"2072":1,"2073":1,"2074":1},"path":"/workspaces/Vfide/contracts-min/VFIDECommerce.sol","s":{"1":0,"2":158,"3":151,"4":350,"5":285,"6":203,"7":203,"8":131,"9":113,"10":95,"11":93,"12":100,"13":100,"14":77,"15":77,"16":65,"17":14,"18":69,"19":69,"20":46,"21":46,"22":35,"23":6,"24":232,"25":1,"26":1,"27":173,"28":2,"29":14,"30":5,"31":9,"32":11,"33":7,"34":4,"35":10,"36":10,"37":6,"38":4,"39":6,"40":4,"41":2,"42":4,"43":1,"44":3,"45":6,"46":4,"47":2,"48":55,"49":55,"50":55,"51":55,"52":55,"53":55,"54":7,"55":7,"56":0,"57":10,"58":10,"59":2,"60":8,"61":3,"62":2,"63":1,"64":1,"65":0,"66":1,"67":1,"68":1,"69":0,"70":2,"71":2,"72":1,"73":1,"74":2,"75":2,"76":0,"77":2,"78":2,"79":0,"80":185,"81":1,"82":6,"83":6,"84":6,"85":6,"86":6,"87":6,"88":6,"89":6,"90":6,"91":6,"92":6,"93":2,"94":2,"95":2,"96":2,"97":2,"98":2,"99":2,"100":1,"101":1,"102":1,"103":1,"104":1,"105":1,"106":1,"107":1,"108":1,"109":1,"110":1,"111":1,"112":1,"113":1,"114":1,"115":1,"116":2,"117":2,"118":2,"119":2,"120":2,"121":1,"122":1,"123":1,"124":1,"125":1,"126":1,"127":1,"128":1,"129":1,"130":1,"131":0,"132":1,"133":1,"134":1,"135":1,"136":1,"137":1,"138":1,"139":0,"140":1,"141":1,"142":1,"143":1,"144":1,"145":1,"146":0,"147":1,"148":1,"149":1,"150":1,"151":1,"152":1,"153":1,"154":0,"155":1,"156":0,"157":1,"158":1,"159":1,"160":1,"161":1,"162":1,"163":1,"164":1,"165":1,"166":0,"167":1,"168":0,"169":1,"170":1,"171":1,"172":1,"173":0,"174":1,"175":1,"176":1,"177":1,"178":1,"179":0,"180":0,"181":0,"182":0,"183":0,"184":0,"185":0,"186":204,"187":130,"188":74,"189":27,"190":27,"191":21,"192":6,"193":4,"194":3,"195":1,"196":3,"197":3,"198":3,"199":4,"200":4,"201":0,"202":4,"203":4,"204":0,"205":7,"206":5,"207":2,"208":6,"209":6,"210":6,"211":0,"212":7,"213":7,"214":0,"215":216,"216":216,"217":216,"218":216,"219":216,"220":216,"221":34,"222":34,"223":34,"224":34,"225":34,"226":34,"227":28,"228":28,"229":28,"230":28,"231":28,"232":28,"233":54,"234":12,"235":42,"236":27,"237":0,"238":27,"239":68,"240":68,"241":68,"242":68,"243":68,"244":68,"245":223,"246":223,"247":167,"248":56,"249":13,"250":13,"251":13,"252":13,"253":13,"254":13,"255":13,"256":13,"257":13,"258":69,"259":69,"260":69,"261":69,"262":69,"263":69,"264":69,"265":69,"266":69,"267":69,"268":69,"269":69,"270":31,"271":110,"272":99,"273":96,"274":96,"275":94,"276":90,"277":89,"278":89,"279":75,"280":75,"281":74,"282":74,"283":29,"284":29,"285":24,"286":22,"287":33,"288":33,"289":20,"290":16,"291":11,"292":34,"293":34,"294":21,"295":18,"296":28,"297":28,"298":16,"299":12,"300":4,"301":4,"302":2,"303":2,"304":0,"305":0,"306":3,"307":3,"308":2,"309":2,"310":2,"311":0,"312":0,"313":0,"314":0,"315":0,"316":12,"317":12,"318":12,"319":12,"320":12,"321":12,"322":12,"323":3,"324":8,"325":8,"326":3,"327":5,"328":8,"329":8,"330":3,"331":5,"332":7,"333":7,"334":4,"335":3,"336":9,"337":9,"338":9,"339":9,"340":9,"341":9,"342":7,"343":7,"344":7,"345":7,"346":7,"347":7,"348":7,"349":7,"350":11,"351":11,"352":11,"353":11,"354":11,"355":11,"356":11,"357":11,"358":11,"359":11,"360":9,"361":9,"362":9,"363":9,"364":9,"365":9,"366":11,"367":11,"368":11,"369":11,"370":11,"371":11,"372":4,"373":4,"374":4,"375":4,"376":4,"377":5,"378":5,"379":5,"380":5,"381":5,"382":5,"383":5,"384":5,"385":5,"386":5,"387":5,"388":5,"389":2,"390":2,"391":1,"392":1,"393":2,"394":2,"395":0,"396":2,"397":0,"398":0,"399":0,"400":0,"401":1,"402":1,"403":1,"404":0,"405":1,"406":0,"407":0,"408":0,"409":2,"410":2,"411":2,"412":2,"413":2,"414":2,"415":2,"416":2,"417":2,"418":2,"419":1,"420":1,"421":1,"422":1,"423":1,"424":1,"425":1,"426":1,"427":1,"428":1,"429":1,"430":1,"431":1,"432":1,"433":1,"434":1,"435":1,"436":1,"437":1,"438":1,"439":1,"440":1,"441":1,"442":1,"443":1,"444":1,"445":1,"446":1,"447":1,"448":1,"449":1,"450":1,"451":1,"452":1,"453":1,"454":1,"455":1,"456":1,"457":1,"458":1,"459":1,"460":1,"461":1,"462":1,"463":1,"464":1,"465":1,"466":1,"467":1,"468":1,"469":1,"470":1,"471":1,"472":1,"473":1,"474":1,"475":1,"476":1,"477":1,"478":1,"479":1,"480":1,"481":1,"482":1,"483":1,"484":1,"485":1,"486":1,"487":1,"488":1,"489":1,"490":1,"491":1,"492":1,"493":1,"494":1,"495":1,"496":1,"497":1,"498":1,"499":1,"500":1,"501":1,"502":1,"503":1,"504":1,"505":1,"506":1,"507":1,"508":1,"509":1,"510":1,"511":1,"512":1,"513":1,"514":1,"515":1,"516":1,"517":1,"518":1,"519":1,"520":1,"521":1,"522":1,"523":1,"524":1,"525":1,"526":1,"527":1,"528":1,"529":1,"530":1,"531":1,"532":1,"533":1,"534":1,"535":1,"536":1,"537":1,"538":1,"539":1,"540":1,"541":1,"542":1,"543":1,"544":1,"545":1,"546":1,"547":1,"548":1,"549":1,"550":1,"551":1,"552":1,"553":1,"554":1,"555":1,"556":1,"557":1,"558":1,"559":1,"560":1,"561":1,"562":1,"563":1,"564":1,"565":1,"566":1,"567":1,"568":1,"569":1,"570":1,"571":1,"572":1,"573":1,"574":1,"575":1,"576":1,"577":1,"578":1,"579":1,"580":1,"581":1,"582":1,"583":1,"584":1,"585":1,"586":1,"587":1,"588":1,"589":1,"590":1,"591":1,"592":1,"593":1,"594":1,"595":1,"596":1,"597":1,"598":1,"599":1,"600":1,"601":1,"602":1,"603":1,"604":1,"605":1,"606":1,"607":1,"608":1,"609":1,"610":1,"611":1,"612":1,"613":1,"614":1,"615":1,"616":1,"617":1,"618":1,"619":1,"620":1,"621":1,"622":1,"623":1,"624":1,"625":1,"626":1,"627":1,"628":1,"629":1,"630":1,"631":1,"632":1,"633":1,"634":1,"635":1,"636":1,"637":1,"638":1,"639":1,"640":1,"641":1,"642":1,"643":1,"644":1,"645":1,"646":1,"647":1,"648":1,"649":1,"650":1,"651":1,"652":1,"653":1,"654":1,"655":1,"656":1,"657":1,"658":1,"659":1,"660":1,"661":1,"662":1,"663":1,"664":1,"665":1,"666":1,"667":1,"668":1,"669":1,"670":0,"671":1,"672":1,"673":1,"674":1,"675":0,"676":1,"677":1,"678":1,"679":1,"680":1,"681":1,"682":1,"683":1,"684":1,"685":1,"686":1,"687":1,"688":1,"689":1,"690":1,"691":0,"692":1,"693":1,"694":1,"695":1,"696":0,"697":1,"698":1,"699":1,"700":1,"701":1,"702":1,"703":1,"704":1,"705":1,"706":1,"707":0,"708":1,"709":1,"710":1,"711":1,"712":1,"713":1,"714":1,"715":1,"716":1,"717":1,"718":1,"719":1,"720":1,"721":1,"722":1,"723":1,"724":1,"725":1,"726":1,"727":1,"728":1,"729":1,"730":1,"731":1,"732":1,"733":1,"734":1,"735":1,"736":1,"737":1,"738":1,"739":1,"740":1,"741":1,"742":1,"743":1,"744":1,"745":1,"746":1,"747":1,"748":1,"749":1,"750":1,"751":1,"752":1,"753":1,"754":1,"755":1,"756":1,"757":1,"758":1,"759":1,"760":1,"761":1,"762":1,"763":1,"764":1,"765":1,"766":1,"767":1,"768":1,"769":1,"770":1,"771":1,"772":1,"773":1,"774":1,"775":1,"776":1,"777":1,"778":1,"779":1,"780":1,"781":1,"782":1,"783":1,"784":1,"785":1,"786":1,"787":1,"788":1,"789":1,"790":1,"791":1,"792":1,"793":1,"794":1,"795":1,"796":1,"797":1,"798":1,"799":1,"800":1,"801":1,"802":1,"803":1,"804":1,"805":1,"806":1,"807":1,"808":1,"809":1,"810":1,"811":1,"812":1,"813":1,"814":1,"815":1,"816":1,"817":1,"818":1,"819":1,"820":1,"821":1,"822":1,"823":1,"824":1,"825":1,"826":1,"827":1,"828":1,"829":1,"830":1,"831":1,"832":1,"833":1,"834":1,"835":1,"836":1,"837":1,"838":1,"839":1,"840":1,"841":1,"842":1,"843":1,"844":1,"845":1,"846":1,"847":1,"848":1,"849":1,"850":1,"851":1,"852":1,"853":1,"854":1,"855":1,"856":1,"857":1,"858":1,"859":1,"860":1,"861":1,"862":1,"863":1,"864":1,"865":1,"866":1,"867":1,"868":1,"869":1,"870":1,"871":1,"872":1,"873":1,"874":1,"875":1,"876":1,"877":1,"878":1,"879":1,"880":1,"881":1,"882":1,"883":1,"884":1,"885":1,"886":1,"887":1,"888":1,"889":1,"890":1,"891":1,"892":1,"893":1,"894":1,"895":1,"896":1,"897":1,"898":1,"899":1,"900":1,"901":1,"902":1,"903":1,"904":1,"905":1,"906":1,"907":1,"908":1,"909":1,"910":1,"911":1,"912":1,"913":1,"914":1,"915":1,"916":1,"917":1,"918":1,"919":1,"920":1,"921":1,"922":1,"923":1,"924":1,"925":1,"926":1,"927":1,"928":1,"929":1,"930":1,"931":1,"932":1,"933":1,"934":1,"935":1,"936":1,"937":1,"938":1,"939":1,"940":1,"941":1,"942":1,"943":1,"944":1,"945":1,"946":1,"947":1,"948":1,"949":1,"950":1,"951":1,"952":1,"953":1,"954":1,"955":1,"956":1,"957":1,"958":1,"959":1,"960":1,"961":1,"962":1,"963":1,"964":1,"965":1},"b":{"1":[0,0],"2":[7,151],"3":[3,2],"4":[2,1],"5":[1,1],"6":[65,285],"7":[82,203],"8":[72,131],"9":[18,113],"10":[18,95],"11":[2,93],"12":[0,100],"13":[23,77],"14":[12,65],"15":[14,51],"16":[0,69],"17":[23,46],"18":[11,35],"19":[6,29],"20":[5,9],"21":[7,4],"22":[6,4],"23":[4,2],"24":[1,3],"25":[4,2],"26":[27,28],"27":[0,27],"28":[42,13],"29":[32,10],"30":[43,12],"31":[32,11],"32":[7,0],"33":[2,8],"34":[2,1],"35":[0,1],"36":[1,0],"37":[1,1],"38":[1,0],"39":[2,0],"40":[2,0],"41":[2,0],"42":[0,2],"43":[0,6],"44":[6,0],"45":[1,5],"46":[5,0],"47":[6,0],"48":[5,1],"49":[1,0],"50":[3,3],"51":[3,3],"52":[0,6],"53":[6,0],"54":[1,1],"55":[0,2],"56":[0,0],"57":[0,2],"58":[0,0],"59":[1,0],"60":[0,1],"61":[1,0],"62":[1,0],"63":[1,0],"64":[1,0],"65":[0,1],"66":[1,0],"67":[0,1],"68":[1,0],"69":[1,0],"70":[1,0],"71":[1,1],"72":[1,0],"73":[0,2],"74":[0,0],"75":[0,2],"76":[1,0],"77":[0,1],"78":[0,1],"79":[0,1],"80":[0,0],"81":[0,0],"82":[0,0],"83":[0,1],"84":[0,0],"85":[0,0],"86":[0,0],"87":[0,0],"88":[0,1],"89":[0,0],"90":[0,0],"91":[0,0],"92":[1,0],"93":[1,0],"94":[0,0],"95":[0,0],"96":[0,1],"97":[0,0],"98":[0,0],"99":[0,0],"100":[0,0],"101":[1,0],"102":[1,0],"103":[0,0],"104":[0,0],"105":[0,0],"106":[0,0],"107":[0,1],"108":[1,0],"109":[1,0],"110":[0,0],"111":[1,0],"112":[0,1],"113":[0,1],"114":[1,0],"115":[0,0],"116":[0,0],"117":[0,0],"118":[0,0],"119":[0,0],"120":[0,0],"121":[0,0],"122":[0,0],"123":[0,0],"124":[130,74],"125":[55,73],"126":[73,2],"127":[21,6],"128":[16,4],"129":[4,1],"130":[3,1],"131":[3,0],"132":[0,3],"133":[4,0],"134":[4,0],"135":[0,0],"136":[4,0],"137":[3,1],"138":[1,0],"139":[5,2],"140":[0,5],"141":[6,0],"142":[5,1],"143":[1,0],"144":[7,0],"145":[5,1],"146":[1,1],"147":[135,81],"148":[109,24],"149":[24,2],"150":[160,56],"151":[107,50],"152":[50,3],"153":[182,34],"154":[155,27],"155":[22,12],"156":[12,10],"157":[10,0],"158":[21,13],"159":[11,9],"160":[9,1],"161":[24,10],"162":[19,5],"163":[5,0],"164":[12,42],"165":[0,27],"166":[0,0],"167":[0,0],"168":[0,0],"169":[34,34],"170":[9,25],"171":[51,17],"172":[42,9],"173":[51,17],"174":[42,9],"175":[167,56],"176":[110,53],"177":[53,4],"178":[6,7],"179":[5,8],"180":[6,7],"181":[5,1],"182":[3,10],"183":[3,0],"184":[7,6],"185":[6,1],"186":[1,0],"187":[64,5],"188":[0,69],"189":[28,41],"190":[27,1],"191":[1,0],"192":[12,57],"193":[9,0],"194":[0,3],"195":[41,28],"196":[9,32],"197":[32,0],"198":[27,42],"199":[27,42],"200":[11,58],"201":[3,28],"202":[5,105],"203":[2,1],"204":[1,1],"205":[1,1],"206":[3,96],"207":[2,94],"208":[4,90],"209":[1,89],"210":[3,86],"211":[1,74],"212":[18,56],"213":[5,24],"214":[2,22],"215":[9,13],"216":[13,20],"217":[4,16],"218":[11,5],"219":[13,21],"220":[3,18],"221":[28,3],"222":[12,16],"223":[12,4],"224":[9,3],"225":[3,1],"226":[2,0],"227":[0,0],"228":[2,0],"229":[0,0],"230":[12,0],"231":[12,0],"232":[5,7],"233":[0,5],"234":[3,9],"235":[0,3],"236":[10,2],"237":[6,4],"238":[3,5],"239":[3,5],"240":[2,1],"241":[4,3],"242":[3,1],"243":[3,6],"244":[1,2],"245":[3,6],"246":[1,2],"247":[2,7],"248":[1,1],"249":[7,0],"250":[0,7],"251":[7,0],"252":[7,0],"253":[7,0],"254":[7,0],"255":[0,7],"256":[0,0],"257":[0,11],"258":[9,2],"259":[4,5],"260":[5,6],"261":[5,0],"262":[6,3],"263":[3,3],"264":[3,0],"265":[8,1],"266":[4,3],"267":[3,1],"268":[5,6],"269":[0,5],"270":[5,6],"271":[0,5],"272":[7,4],"273":[6,1],"274":[2,2],"275":[0,2],"276":[2,2],"277":[0,2],"278":[5,0],"279":[0,5],"280":[0,5],"281":[5,0],"282":[5,0],"283":[5,0],"284":[5,0],"285":[1,4],"286":[0,1],"287":[1,4],"288":[0,1],"289":[2,3],"290":[1,1],"291":[0,1],"292":[0,2],"293":[0,0],"294":[0,0],"295":[0,0],"296":[0,1],"297":[0,0],"298":[0,2],"299":[0,2],"300":[1,1],"301":[0,1],"302":[1,1],"303":[0,1],"304":[0,2],"305":[1,1],"306":[1,0],"307":[0,1],"308":[0,1],"309":[1,0],"310":[0,0],"311":[0,0],"312":[0,1],"313":[1,0],"314":[1,0],"315":[1,0],"316":[0,1],"317":[0,0],"318":[1,0],"319":[1,0],"320":[0,1],"321":[0,0],"322":[0,1],"323":[1,0],"324":[1,0],"325":[1,0],"326":[0,1],"327":[1,0],"328":[0,1],"329":[0,1],"330":[0,0],"331":[1,0],"332":[1,0],"333":[1,0],"334":[1,0],"335":[0,1],"336":[1,0],"337":[1,0],"338":[0,1],"339":[1,0],"340":[0,1],"341":[0,1],"342":[1,0],"343":[0,1],"344":[1,0],"345":[0,1],"346":[1,0],"347":[1,0],"348":[1,0],"349":[1,0],"350":[1,0],"351":[1,0],"352":[0,1],"353":[1,0],"354":[0,1],"355":[1,0],"356":[1,0],"357":[0,1],"358":[1,0],"359":[1,0],"360":[0,1],"361":[0,0],"362":[1,0],"363":[1,0],"364":[0,1],"365":[1,0],"366":[0,1],"367":[1,0],"368":[0,1],"369":[0,1],"370":[0,0],"371":[1,0],"372":[0,1],"373":[1,0],"374":[1,0],"375":[0,1],"376":[1,0],"377":[0,1],"378":[0,1],"379":[0,0],"380":[1,0],"381":[1,0],"382":[1,0],"383":[0,1],"384":[0,1],"385":[0,0],"386":[1,0],"387":[0,1],"388":[0,1],"389":[1,0],"390":[0,1],"391":[1,0],"392":[1,0],"393":[0,1],"394":[1,0],"395":[1,0],"396":[1,0],"397":[0,1],"398":[1,0],"399":[0,1],"400":[1,0],"401":[0,1],"402":[1,0],"403":[0,1],"404":[0,1],"405":[0,0],"406":[1,0],"407":[1,0],"408":[1,0],"409":[0,1],"410":[0,1],"411":[1,0],"412":[0,1],"413":[1,0],"414":[0,1],"415":[0,1],"416":[0,0],"417":[1,0],"418":[0,1],"419":[1,0],"420":[1,0],"421":[1,0],"422":[1,0],"423":[1,0],"424":[1,0],"425":[1,0],"426":[0,1],"427":[0,1],"428":[0,0],"429":[1,0],"430":[1,0],"431":[0,1],"432":[0,0],"433":[0,1],"434":[0,1],"435":[1,0],"436":[1,0],"437":[1,0],"438":[0,1],"439":[1,0],"440":[1,0],"441":[0,1],"442":[0,1],"443":[0,0],"444":[1,0],"445":[0,1],"446":[1,0],"447":[1,0],"448":[1,0],"449":[1,0],"450":[0,1],"451":[1,0],"452":[0,1],"453":[0,1],"454":[0,0],"455":[0,1],"456":[1,0],"457":[1,0],"458":[0,1],"459":[1,0],"460":[1,0],"461":[0,1],"462":[0,1],"463":[1,0],"464":[0,1],"465":[1,0],"466":[1,0],"467":[0,1],"468":[0,1],"469":[1,0],"470":[1,0],"471":[1,0],"472":[1,0],"473":[1,0],"474":[0,1],"475":[1,0],"476":[1,0],"477":[1,0],"478":[1,0],"479":[1,0],"480":[1,0],"481":[0,1],"482":[1,0],"483":[1,0],"484":[1,0],"485":[1,0],"486":[0,1],"487":[0,0],"488":[0,1],"489":[1,0],"490":[1,0],"491":[1,0],"492":[0,1],"493":[0,1],"494":[1,0],"495":[0,1],"496":[1,0],"497":[0,1],"498":[0,0],"499":[0,1],"500":[1,0],"501":[0,1],"502":[0,1],"503":[0,1],"504":[1,0],"505":[1,0],"506":[1,0],"507":[1,0],"508":[1,0],"509":[0,1],"510":[1,0],"511":[0,1],"512":[0,1],"513":[0,1],"514":[0,0],"515":[1,0],"516":[1,0],"517":[0,1],"518":[1,0],"519":[1,0],"520":[0,0],"521":[0,1],"522":[1,0],"523":[1,0],"524":[0,1],"525":[1,0],"526":[0,1],"527":[1,0],"528":[0,1],"529":[0,0],"530":[0,1],"531":[0,1],"532":[1,0],"533":[1,0],"534":[1,0],"535":[1,0],"536":[1,0],"537":[0,1],"538":[0,0],"539":[0,1],"540":[0,1],"541":[0,0],"542":[0,1],"543":[0,0],"544":[0,1],"545":[0,0],"546":[1,0],"547":[1,0],"548":[1,0],"549":[1,0],"550":[0,1],"551":[1,0],"552":[1,0],"553":[1,0],"554":[1,0],"555":[0,1],"556":[1,0],"557":[1,0],"558":[0,0],"559":[0,1],"560":[0,0],"561":[1,0],"562":[0,1],"563":[1,0],"564":[0,1],"565":[1,0],"566":[0,1],"567":[1,0],"568":[1,0],"569":[1,0],"570":[0,1],"571":[1,0],"572":[1,0],"573":[1,0],"574":[1,0],"575":[1,0],"576":[0,0],"577":[1,0],"578":[1,0],"579":[0,0],"580":[0,1],"581":[0,0],"582":[1,0],"583":[0,1],"584":[1,0],"585":[0,1],"586":[1,0],"587":[1,0],"588":[1,0],"589":[0,1],"590":[0,1],"591":[0,0],"592":[0,1],"593":[1,0],"594":[1,0],"595":[1,0],"596":[1,0],"597":[1,0],"598":[0,0],"599":[0,1],"600":[0,1],"601":[1,0],"602":[1,0],"603":[1,0],"604":[0,1],"605":[0,0],"606":[1,0],"607":[0,1],"608":[1,0],"609":[1,0],"610":[0,1],"611":[1,0],"612":[1,0],"613":[1,0],"614":[0,1],"615":[0,1],"616":[1,0],"617":[1,0],"618":[0,1],"619":[0,0],"620":[0,1],"621":[0,0],"622":[1,0],"623":[0,1],"624":[1,0],"625":[0,1],"626":[0,1],"627":[0,0],"628":[1,0],"629":[1,0],"630":[0,1],"631":[0,0],"632":[1,0],"633":[0,1]},"f":{"1":0,"2":171,"3":191,"4":168,"5":19,"6":16,"7":0,"8":158,"9":350,"10":100,"11":69,"12":232,"13":4,"14":3,"15":1,"16":1,"17":26,"18":1,"19":173,"20":2,"21":14,"22":11,"23":10,"24":6,"25":4,"26":6,"27":55,"28":7,"29":10,"30":3,"31":1,"32":1,"33":2,"34":2,"35":2,"36":185,"37":1,"38":6,"39":2,"40":1,"41":1,"42":1,"43":2,"44":1,"45":1,"46":1,"47":1,"48":1,"49":1,"50":1,"51":1,"52":1,"53":1,"54":1,"55":0,"56":204,"57":27,"58":4,"59":3,"60":4,"61":4,"62":7,"63":6,"64":7,"65":216,"66":34,"67":28,"68":54,"69":27,"70":68,"71":223,"72":13,"73":69,"74":31,"75":110,"76":99,"77":75,"78":29,"79":33,"80":34,"81":28,"82":4,"83":2,"84":3,"85":2,"86":0,"87":12,"88":3,"89":8,"90":8,"91":7,"92":9,"93":7,"94":11,"95":9,"96":11,"97":4,"98":5,"99":2,"100":2,"101":0,"102":1,"103":0,"104":2,"105":1,"106":1,"107":1,"108":1,"109":1,"110":1,"111":1,"112":1,"113":1,"114":1,"115":1,"116":1,"117":1,"118":1,"119":1,"120":1,"121":1,"122":1,"123":1,"124":1,"125":1,"126":1,"127":1,"128":1,"129":1,"130":1,"131":1,"132":1,"133":1,"134":1,"135":1,"136":1,"137":1,"138":1,"139":1,"140":1,"141":1,"142":1,"143":1,"144":1,"145":1,"146":1,"147":1,"148":1,"149":1,"150":1,"151":1,"152":1,"153":1,"154":1,"155":1,"156":1,"157":1,"158":1,"159":1,"160":1,"161":1,"162":1,"163":1,"164":1,"165":1,"166":1,"167":1,"168":1,"169":1,"170":1,"171":1,"172":1,"173":1,"174":1,"175":1,"176":1,"177":1,"178":1,"179":1,"180":1,"181":1,"182":1,"183":1,"184":1,"185":1,"186":1,"187":1,"188":1,"189":1,"190":1,"191":1,"192":1,"193":1,"194":1,"195":1,"196":1,"197":1},"fnMap":{"1":{"name":"TEST_setOnlyDAOOff","line":80,"loc":{"start":{"line":80,"column":4},"end":{"line":80,"column":73}}},"2":{"name":"TEST_setForceAlreadyMerchant","line":81,"loc":{"start":{"line":81,"column":4},"end":{"line":81,"column":92}}},"3":{"name":"TEST_setForceNoVault","line":82,"loc":{"start":{"line":82,"column":4},"end":{"line":82,"column":76}}},"4":{"name":"TEST_setForceLowScore","line":83,"loc":{"start":{"line":83,"column":4},"end":{"line":83,"column":78}}},"5":{"name":"TEST_setForceZeroSenderRefund","line":84,"loc":{"start":{"line":84,"column":4},"end":{"line":84,"column":95}}},"6":{"name":"TEST_setForceZeroSenderDispute","line":85,"loc":{"start":{"line":85,"column":4},"end":{"line":85,"column":97}}},"7":{"name":"onlyDAO","line":87,"loc":{"start":{"line":87,"column":4},"end":{"line":87,"column":93}}},"8":{"name":"constructor","line":89,"loc":{"start":{"line":89,"column":4},"end":{"line":96,"column":4}}},"9":{"name":"addMerchant","line":98,"loc":{"start":{"line":98,"column":4},"end":{"line":115,"column":4}}},"10":{"name":"_noteRefund","line":117,"loc":{"start":{"line":117,"column":4},"end":{"line":127,"column":4}}},"11":{"name":"_noteDispute","line":129,"loc":{"start":{"line":129,"column":4},"end":{"line":139,"column":4}}},"12":{"name":"info","line":141,"loc":{"start":{"line":141,"column":4},"end":{"line":141,"column":100}}},"13":{"name":"TEST_eval_addMerchant_flags","line":143,"loc":{"start":{"line":143,"column":4},"end":{"line":147,"column":4}}},"14":{"name":"TEST_eval_addMerchant_subexpr","line":150,"loc":{"start":{"line":150,"column":4},"end":{"line":153,"column":4}}},"15":{"name":"TEST_eval_noteRefund_forceFlag","line":155,"loc":{"start":{"line":155,"column":4},"end":{"line":157,"column":4}}},"16":{"name":"TEST_eval_noteDispute_forceFlag","line":159,"loc":{"start":{"line":159,"column":4},"end":{"line":161,"column":4}}},"17":{"name":"TEST_exercise_addMerchant_checks","line":166,"loc":{"start":{"line":166,"column":4},"end":{"line":180,"column":4}}},"18":{"name":"TEST_exercise_noteFlags","line":182,"loc":{"start":{"line":182,"column":4},"end":{"line":185,"column":4}}},"19":{"name":"TEST_exec_addMerchant_branches","line":189,"loc":{"start":{"line":189,"column":4},"end":{"line":195,"column":4}}},"20":{"name":"TEST_cover_addMerchant_variants","line":200,"loc":{"start":{"line":200,"column":4},"end":{"line":217,"column":4}}},"21":{"name":"TEST_if_alreadyMerchant_left","line":220,"loc":{"start":{"line":220,"column":4},"end":{"line":222,"column":4}}},"22":{"name":"TEST_if_forceAlready_right","line":224,"loc":{"start":{"line":224,"column":4},"end":{"line":226,"column":4}}},"23":{"name":"TEST_if_noVault_left","line":228,"loc":{"start":{"line":228,"column":4},"end":{"line":231,"column":4}}},"24":{"name":"TEST_if_forceNoVault_right","line":233,"loc":{"start":{"line":233,"column":4},"end":{"line":235,"column":4}}},"25":{"name":"TEST_if_lowScore_left","line":237,"loc":{"start":{"line":237,"column":4},"end":{"line":239,"column":4}}},"26":{"name":"TEST_if_forceLowScore_right","line":241,"loc":{"start":{"line":241,"column":4},"end":{"line":243,"column":4}}},"27":{"name":"TEST_exec_addMerchant_ifvariants","line":247,"loc":{"start":{"line":247,"column":4},"end":{"line":272,"column":4}}},"28":{"name":"TEST_if_merchant_status_none","line":275,"loc":{"start":{"line":275,"column":4},"end":{"line":277,"column":4}}},"29":{"name":"TEST_if_vaultHub_vaultOf_isZero","line":279,"loc":{"start":{"line":279,"column":4},"end":{"line":282,"column":4}}},"30":{"name":"TEST_if_seer_getScore_lt_min","line":284,"loc":{"start":{"line":284,"column":4},"end":{"line":286,"column":4}}},"31":{"name":"TEST_if_refund_threshold_reached","line":289,"loc":{"start":{"line":289,"column":4},"end":{"line":292,"column":4}}},"32":{"name":"TEST_if_dispute_threshold_reached","line":294,"loc":{"start":{"line":294,"column":4},"end":{"line":296,"column":4}}},"33":{"name":"TEST_if_vaultOf_isZero_or_force","line":299,"loc":{"start":{"line":299,"column":4},"end":{"line":302,"column":4}}},"34":{"name":"TEST_if_seer_score_below_min_or_force","line":304,"loc":{"start":{"line":304,"column":4},"end":{"line":306,"column":4}}},"35":{"name":"TEST_if_alreadyMerchant_or_force","line":308,"loc":{"start":{"line":308,"column":4},"end":{"line":310,"column":4}}},"36":{"name":"TEST_if_onlyDAO_off_flag","line":313,"loc":{"start":{"line":313,"column":4},"end":{"line":315,"column":4}}},"37":{"name":"TEST_if_vaultAndScore","line":317,"loc":{"start":{"line":317,"column":4},"end":{"line":321,"column":4}}},"38":{"name":"TEST_cover_additional_branches","line":326,"loc":{"start":{"line":326,"column":4},"end":{"line":353,"column":4}}},"39":{"name":"TEST_force_eval_360_and_neighbors","line":358,"loc":{"start":{"line":358,"column":4},"end":{"line":369,"column":4}}},"40":{"name":"TEST_line365_condexpr_variant2","line":374,"loc":{"start":{"line":374,"column":4},"end":{"line":386,"column":4}}},"41":{"name":"TEST_line367_condexpr_variant2","line":388,"loc":{"start":{"line":388,"column":4},"end":{"line":398,"column":4}}},"42":{"name":"TEST_line374_condexpr_variant","line":400,"loc":{"start":{"line":400,"column":4},"end":{"line":409,"column":4}}},"43":{"name":"TEST_force_eval_367_variants","line":412,"loc":{"start":{"line":412,"column":4},"end":{"line":418,"column":4}}},"44":{"name":"TEST_force_eval_369_370_combo","line":420,"loc":{"start":{"line":420,"column":4},"end":{"line":426,"column":4}}},"45":{"name":"TEST_dup_constructor_or_local","line":429,"loc":{"start":{"line":429,"column":4},"end":{"line":436,"column":4}}},"46":{"name":"TEST_dup_constructor_or_local2","line":440,"loc":{"start":{"line":440,"column":4},"end":{"line":448,"column":4}}},"47":{"name":"TEST_dup_constructor_or_msgsender_variant","line":451,"loc":{"start":{"line":451,"column":4},"end":{"line":457,"column":4}}},"48":{"name":"TEST_trick_constructor_or_line87","line":461,"loc":{"start":{"line":461,"column":4},"end":{"line":467,"column":4}}},"49":{"name":"TEST_line87_txorigin_variant","line":470,"loc":{"start":{"line":470,"column":4},"end":{"line":477,"column":4}}},"50":{"name":"TEST_line87_ledger_security_variant","line":479,"loc":{"start":{"line":479,"column":4},"end":{"line":487,"column":4}}},"51":{"name":"TEST_line118_msgsender_false_arm","line":490,"loc":{"start":{"line":490,"column":4},"end":{"line":493,"column":4}}},"52":{"name":"TEST_line130_msgsender_vaultZero_false","line":496,"loc":{"start":{"line":496,"column":4},"end":{"line":499,"column":4}}},"53":{"name":"TEST_line250_condexpr_alt","line":502,"loc":{"start":{"line":502,"column":4},"end":{"line":509,"column":4}}},"54":{"name":"TEST_force_eval_line87_msgsender","line":514,"loc":{"start":{"line":514,"column":4},"end":{"line":517,"column":4}}},"55":{"name":"TEST_force_eval_addMerchant_msgsender_variants","line":519,"loc":{"start":{"line":519,"column":4},"end":{"line":528,"column":4}}},"56":{"name":"TEST_line118_already_or_force","line":532,"loc":{"start":{"line":532,"column":4},"end":{"line":535,"column":4}}},"57":{"name":"TEST_line130_vaultZero_or_force","line":537,"loc":{"start":{"line":537,"column":4},"end":{"line":541,"column":4}}},"58":{"name":"TEST_line238_refunds_threshold","line":543,"loc":{"start":{"line":543,"column":4},"end":{"line":546,"column":4}}},"59":{"name":"TEST_line250_condexpr_variant","line":548,"loc":{"start":{"line":548,"column":4},"end":{"line":556,"column":4}}},"60":{"name":"TEST_line291_sender_zero_or_force_refund","line":558,"loc":{"start":{"line":558,"column":4},"end":{"line":561,"column":4}}},"61":{"name":"TEST_line305_seer_lt_or_force","line":563,"loc":{"start":{"line":563,"column":4},"end":{"line":565,"column":4}}},"62":{"name":"TEST_if_addMerchant_or_force","line":568,"loc":{"start":{"line":568,"column":4},"end":{"line":571,"column":4}}},"63":{"name":"TEST_if_vaultOf_or_force2","line":573,"loc":{"start":{"line":573,"column":4},"end":{"line":576,"column":4}}},"64":{"name":"TEST_if_seer_lt_min_or_force2","line":578,"loc":{"start":{"line":578,"column":4},"end":{"line":580,"column":4}}},"65":{"name":"TEST_cover_addMerchant_near118_130","line":583,"loc":{"start":{"line":583,"column":4},"end":{"line":593,"column":4}}},"66":{"name":"TEST_exec_addMerchant_msgsender_full","line":598,"loc":{"start":{"line":598,"column":4},"end":{"line":623,"column":4}}},"67":{"name":"TEST_exec_note_guards_and_restore","line":628,"loc":{"start":{"line":628,"column":4},"end":{"line":651,"column":4}}},"68":{"name":"TEST_if_msgsender_alreadyMerchant","line":656,"loc":{"start":{"line":656,"column":4},"end":{"line":658,"column":4}}},"69":{"name":"TEST_if_constructor_zero_check","line":663,"loc":{"start":{"line":663,"column":4},"end":{"line":669,"column":4}}},"70":{"name":"TEST_exec_addMerchant_msgsender_ifvariants","line":671,"loc":{"start":{"line":671,"column":4},"end":{"line":696,"column":4}}},"71":{"name":"TEST_line130_msgsender_vaultZero_or_force","line":701,"loc":{"start":{"line":701,"column":4},"end":{"line":704,"column":4}}},"72":{"name":"TEST_cover_250_300_region","line":708,"loc":{"start":{"line":708,"column":4},"end":{"line":728,"column":4}}},"73":{"name":"TEST_cover_mass_250_410","line":734,"loc":{"start":{"line":734,"column":4},"end":{"line":759,"column":4}}},"74":{"name":"onlyDAO","line":785,"loc":{"start":{"line":785,"column":4},"end":{"line":785,"column":72}}},"75":{"name":"constructor","line":787,"loc":{"start":{"line":787,"column":4},"end":{"line":791,"column":4}}},"76":{"name":"open","line":793,"loc":{"start":{"line":793,"column":4},"end":{"line":812,"column":4}}},"77":{"name":"markFunded","line":814,"loc":{"start":{"line":814,"column":4},"end":{"line":820,"column":4}}},"78":{"name":"release","line":822,"loc":{"start":{"line":822,"column":4},"end":{"line":828,"column":4}}},"79":{"name":"refund","line":830,"loc":{"start":{"line":830,"column":4},"end":{"line":837,"column":4}}},"80":{"name":"dispute","line":839,"loc":{"start":{"line":839,"column":4},"end":{"line":845,"column":4}}},"81":{"name":"resolve","line":847,"loc":{"start":{"line":847,"column":4},"end":{"line":856,"column":4}}},"82":{"name":"TEST_eval_open_checks","line":859,"loc":{"start":{"line":859,"column":4},"end":{"line":865,"column":4}}},"83":{"name":"TEST_if_securityCheck_addr","line":868,"loc":{"start":{"line":868,"column":4},"end":{"line":872,"column":4}}},"84":{"name":"TEST_if_escrow_state_eq","line":874,"loc":{"start":{"line":874,"column":4},"end":{"line":877,"column":4}}},"85":{"name":"TEST_if_escrow_buyerVault_zero","line":879,"loc":{"start":{"line":879,"column":4},"end":{"line":882,"column":4}}},"86":{"name":"TEST_if_escrow_sellerVault_zero","line":884,"loc":{"start":{"line":884,"column":4},"end":{"line":887,"column":4}}},"87":{"name":"TEST_exec_open_ifvariants","line":890,"loc":{"start":{"line":890,"column":4},"end":{"line":918,"column":4}}},"88":{"name":"TEST_eval_access_checks","line":920,"loc":{"start":{"line":920,"column":4},"end":{"line":925,"column":4}}},"89":{"name":"TEST_if_buyerVault_zero","line":928,"loc":{"start":{"line":928,"column":4},"end":{"line":931,"column":4}}},"90":{"name":"TEST_if_release_allowed","line":933,"loc":{"start":{"line":933,"column":4},"end":{"line":936,"column":4}}},"91":{"name":"TEST_if_refund_allowed","line":938,"loc":{"start":{"line":938,"column":4},"end":{"line":941,"column":4}}},"92":{"name":"TEST_exec_access_ifvariants","line":944,"loc":{"start":{"line":944,"column":4},"end":{"line":951,"column":4}}},"93":{"name":"TEST_cover_escrow_more","line":954,"loc":{"start":{"line":954,"column":4},"end":{"line":966,"column":4}}},"94":{"name":"TEST_hotspot_300s","line":970,"loc":{"start":{"line":970,"column":4},"end":{"line":987,"column":4}}},"95":{"name":"TEST_hotspot_330s","line":989,"loc":{"start":{"line":989,"column":4},"end":{"line":999,"column":4}}},"96":{"name":"TEST_hotspot_360s","line":1001,"loc":{"start":{"line":1001,"column":4},"end":{"line":1010,"column":4}}},"97":{"name":"TEST_hotspot_490s","line":1012,"loc":{"start":{"line":1012,"column":4},"end":{"line":1020,"column":4}}},"98":{"name":"TEST_cover_post360s","line":1023,"loc":{"start":{"line":1023,"column":4},"end":{"line":1048,"column":4}}},"99":{"name":"TEST_if_msgsender_release_allowed","line":1053,"loc":{"start":{"line":1053,"column":4},"end":{"line":1056,"column":4}}},"100":{"name":"TEST_if_msgsender_refund_allowed","line":1058,"loc":{"start":{"line":1058,"column":4},"end":{"line":1061,"column":4}}},"101":{"name":"TEST_if_msgsender_dispute_allowed","line":1063,"loc":{"start":{"line":1063,"column":4},"end":{"line":1066,"column":4}}},"102":{"name":"TEST_if_notFunded","line":1068,"loc":{"start":{"line":1068,"column":4},"end":{"line":1072,"column":4}}},"103":{"name":"TEST_if_resolve_buyerWins_branch","line":1074,"loc":{"start":{"line":1074,"column":4},"end":{"line":1077,"column":4}}},"104":{"name":"TEST_force_eval_release_refund_resolve","line":1081,"loc":{"start":{"line":1081,"column":4},"end":{"line":1100,"column":4}}},"105":{"name":"TEST_line435_condexpr_variants","line":1103,"loc":{"start":{"line":1103,"column":4},"end":{"line":1114,"column":4}}},"106":{"name":"TEST_line447_condexpr_variants","line":1116,"loc":{"start":{"line":1116,"column":4},"end":{"line":1126,"column":4}}},"107":{"name":"TEST_line456_condexpr_variants","line":1128,"loc":{"start":{"line":1128,"column":4},"end":{"line":1135,"column":4}}},"108":{"name":"TEST_line466_condexpr_variants","line":1137,"loc":{"start":{"line":1137,"column":4},"end":{"line":1146,"column":4}}},"109":{"name":"TEST_line503_506_combo","line":1148,"loc":{"start":{"line":1148,"column":4},"end":{"line":1160,"column":4}}},"110":{"name":"TEST_dup_line435_with_locals","line":1164,"loc":{"start":{"line":1164,"column":4},"end":{"line":1174,"column":4}}},"111":{"name":"TEST_line435_msgsender_include","line":1176,"loc":{"start":{"line":1176,"column":4},"end":{"line":1185,"column":4}}},"112":{"name":"TEST_line447_many_ors","line":1187,"loc":{"start":{"line":1187,"column":4},"end":{"line":1196,"column":4}}},"113":{"name":"TEST_line503_extended_variants","line":1198,"loc":{"start":{"line":1198,"column":4},"end":{"line":1209,"column":4}}},"114":{"name":"TEST_line644_combo","line":1211,"loc":{"start":{"line":1211,"column":4},"end":{"line":1221,"column":4}}},"115":{"name":"TEST_line371_alt","line":1224,"loc":{"start":{"line":1224,"column":4},"end":{"line":1236,"column":4}}},"116":{"name":"TEST_line372_local_and_msgsender","line":1238,"loc":{"start":{"line":1238,"column":4},"end":{"line":1250,"column":4}}},"117":{"name":"TEST_line435_force_left","line":1252,"loc":{"start":{"line":1252,"column":4},"end":{"line":1260,"column":4}}},"118":{"name":"TEST_line447_force_right","line":1262,"loc":{"start":{"line":1262,"column":4},"end":{"line":1270,"column":4}}},"119":{"name":"TEST_line466_local_variant","line":1272,"loc":{"start":{"line":1272,"column":4},"end":{"line":1281,"column":4}}},"120":{"name":"TEST_line644_force_flags","line":1283,"loc":{"start":{"line":1283,"column":4},"end":{"line":1293,"column":4}}},"121":{"name":"TEST_line435_alt2","line":1296,"loc":{"start":{"line":1296,"column":4},"end":{"line":1307,"column":4}}},"122":{"name":"TEST_line435_local_msg_variants","line":1309,"loc":{"start":{"line":1309,"column":4},"end":{"line":1318,"column":4}}},"123":{"name":"TEST_line447_alt2","line":1320,"loc":{"start":{"line":1320,"column":4},"end":{"line":1329,"column":4}}},"124":{"name":"TEST_line456_alt2","line":1331,"loc":{"start":{"line":1331,"column":4},"end":{"line":1339,"column":4}}},"125":{"name":"TEST_line472_force_combo","line":1341,"loc":{"start":{"line":1341,"column":4},"end":{"line":1349,"column":4}}},"126":{"name":"TEST_line486_combo_alt","line":1351,"loc":{"start":{"line":1351,"column":4},"end":{"line":1360,"column":4}}},"127":{"name":"TEST_line498_force_variants","line":1362,"loc":{"start":{"line":1362,"column":4},"end":{"line":1370,"column":4}}},"128":{"name":"TEST_line435_ternary_variant","line":1373,"loc":{"start":{"line":1373,"column":4},"end":{"line":1382,"column":4}}},"129":{"name":"TEST_line435_injected_zero","line":1384,"loc":{"start":{"line":1384,"column":4},"end":{"line":1391,"column":4}}},"130":{"name":"TEST_line447_msgsender_variant","line":1393,"loc":{"start":{"line":1393,"column":4},"end":{"line":1401,"column":4}}},"131":{"name":"TEST_line456_ternary_localdup","line":1403,"loc":{"start":{"line":1403,"column":4},"end":{"line":1411,"column":4}}},"132":{"name":"TEST_line503_injected_msg_local","line":1413,"loc":{"start":{"line":1413,"column":4},"end":{"line":1423,"column":4}}},"133":{"name":"TEST_line506_force_injected","line":1425,"loc":{"start":{"line":1425,"column":4},"end":{"line":1431,"column":4}}},"134":{"name":"TEST_line503_msg_variant2","line":1434,"loc":{"start":{"line":1434,"column":4},"end":{"line":1444,"column":4}}},"135":{"name":"TEST_line503_nested_alt","line":1446,"loc":{"start":{"line":1446,"column":4},"end":{"line":1457,"column":4}}},"136":{"name":"TEST_line523_force_toggle","line":1459,"loc":{"start":{"line":1459,"column":4},"end":{"line":1467,"column":4}}},"137":{"name":"TEST_line525_combo","line":1469,"loc":{"start":{"line":1469,"column":4},"end":{"line":1477,"column":4}}},"138":{"name":"TEST_line664_force_mix","line":1479,"loc":{"start":{"line":1479,"column":4},"end":{"line":1488,"column":4}}},"139":{"name":"TEST_line664_alt2","line":1491,"loc":{"start":{"line":1491,"column":4},"end":{"line":1501,"column":4}}},"140":{"name":"TEST_line664_threshold_local","line":1503,"loc":{"start":{"line":1503,"column":4},"end":{"line":1510,"column":4}}},"141":{"name":"TEST_line871_force_alt","line":1512,"loc":{"start":{"line":1512,"column":4},"end":{"line":1518,"column":4}}},"142":{"name":"TEST_line886_toggle","line":1520,"loc":{"start":{"line":1520,"column":4},"end":{"line":1527,"column":4}}},"143":{"name":"TEST_line964_combo","line":1529,"loc":{"start":{"line":1529,"column":4},"end":{"line":1536,"column":4}}},"144":{"name":"TEST_line1060_condexpr_alt","line":1538,"loc":{"start":{"line":1538,"column":4},"end":{"line":1545,"column":4}}},"145":{"name":"TEST_line435_single_arm_left","line":1548,"loc":{"start":{"line":1548,"column":4},"end":{"line":1552,"column":4}}},"146":{"name":"TEST_line435_single_arm_right","line":1554,"loc":{"start":{"line":1554,"column":4},"end":{"line":1558,"column":4}}},"147":{"name":"TEST_line435_force_variants3","line":1560,"loc":{"start":{"line":1560,"column":4},"end":{"line":1569,"column":4}}},"148":{"name":"TEST_line447_split_arms","line":1571,"loc":{"start":{"line":1571,"column":4},"end":{"line":1579,"column":4}}},"149":{"name":"TEST_line456_single_left","line":1581,"loc":{"start":{"line":1581,"column":4},"end":{"line":1585,"column":4}}},"150":{"name":"TEST_line456_single_right","line":1587,"loc":{"start":{"line":1587,"column":4},"end":{"line":1591,"column":4}}},"151":{"name":"TEST_line503_force_msgsender","line":1593,"loc":{"start":{"line":1593,"column":4},"end":{"line":1601,"column":4}}},"152":{"name":"TEST_line523_single_toggle","line":1603,"loc":{"start":{"line":1603,"column":4},"end":{"line":1606,"column":4}}},"153":{"name":"TEST_435_vault_zero","line":1609,"loc":{"start":{"line":1609,"column":4},"end":{"line":1612,"column":4}}},"154":{"name":"TEST_435_status_suspended","line":1614,"loc":{"start":{"line":1614,"column":4},"end":{"line":1617,"column":4}}},"155":{"name":"TEST_456_amount_zero","line":1619,"loc":{"start":{"line":1619,"column":4},"end":{"line":1621,"column":4}}},"156":{"name":"TEST_503_state_disputed","line":1623,"loc":{"start":{"line":1623,"column":4},"end":{"line":1626,"column":4}}},"157":{"name":"TEST_503_mm_suspended","line":1628,"loc":{"start":{"line":1628,"column":4},"end":{"line":1631,"column":4}}},"158":{"name":"TEST_525_injected_addr","line":1633,"loc":{"start":{"line":1633,"column":4},"end":{"line":1637,"column":4}}},"159":{"name":"TEST_664_thresholds_msgsender","line":1639,"loc":{"start":{"line":1639,"column":4},"end":{"line":1646,"column":4}}},"160":{"name":"TEST_line664_exhaustive","line":1649,"loc":{"start":{"line":1649,"column":4},"end":{"line":1662,"column":4}}},"161":{"name":"TEST_line664_injected_zero","line":1666,"loc":{"start":{"line":1666,"column":4},"end":{"line":1675,"column":4}}},"162":{"name":"TEST_line664_msgsender_vault","line":1678,"loc":{"start":{"line":1678,"column":4},"end":{"line":1685,"column":4}}},"163":{"name":"TEST_line664_localdup_order","line":1688,"loc":{"start":{"line":1688,"column":4},"end":{"line":1698,"column":4}}},"164":{"name":"TEST_line664_threshold_ifelse","line":1701,"loc":{"start":{"line":1701,"column":4},"end":{"line":1709,"column":4}}},"165":{"name":"TEST_line664_ternary_vs_if","line":1712,"loc":{"start":{"line":1712,"column":4},"end":{"line":1723,"column":4}}},"166":{"name":"TEST_line664_combined_mask","line":1726,"loc":{"start":{"line":1726,"column":4},"end":{"line":1737,"column":4}}},"167":{"name":"TEST_line871_deep","line":1739,"loc":{"start":{"line":1739,"column":4},"end":{"line":1747,"column":4}}},"168":{"name":"TEST_line871_injected","line":1751,"loc":{"start":{"line":1751,"column":4},"end":{"line":1757,"column":4}}},"169":{"name":"TEST_line871_msgsender","line":1760,"loc":{"start":{"line":1760,"column":4},"end":{"line":1767,"column":4}}},"170":{"name":"TEST_line871_localdup","line":1770,"loc":{"start":{"line":1770,"column":4},"end":{"line":1778,"column":4}}},"171":{"name":"TEST_line886_ifelse","line":1781,"loc":{"start":{"line":1781,"column":4},"end":{"line":1789,"column":4}}},"172":{"name":"TEST_line886_ternary_local","line":1792,"loc":{"start":{"line":1792,"column":4},"end":{"line":1799,"column":4}}},"173":{"name":"TEST_line871_886_combined","line":1802,"loc":{"start":{"line":1802,"column":4},"end":{"line":1812,"column":4}}},"174":{"name":"TEST_line886_deep","line":1814,"loc":{"start":{"line":1814,"column":4},"end":{"line":1823,"column":4}}},"175":{"name":"TEST_line964_deep","line":1825,"loc":{"start":{"line":1825,"column":4},"end":{"line":1834,"column":4}}},"176":{"name":"TEST_line664_msgsender_variant","line":1837,"loc":{"start":{"line":1837,"column":4},"end":{"line":1844,"column":4}}},"177":{"name":"TEST_line435_force_left2","line":1847,"loc":{"start":{"line":1847,"column":4},"end":{"line":1856,"column":4}}},"178":{"name":"TEST_line447_force_right2","line":1858,"loc":{"start":{"line":1858,"column":4},"end":{"line":1867,"column":4}}},"179":{"name":"TEST_line523_injected_toggle","line":1869,"loc":{"start":{"line":1869,"column":4},"end":{"line":1876,"column":4}}},"180":{"name":"TEST_line525_injected_combo","line":1878,"loc":{"start":{"line":1878,"column":4},"end":{"line":1886,"column":4}}},"181":{"name":"TEST_line664_force_mix2","line":1888,"loc":{"start":{"line":1888,"column":4},"end":{"line":1897,"column":4}}},"182":{"name":"TEST_line506_msgsender_force","line":1899,"loc":{"start":{"line":1899,"column":4},"end":{"line":1906,"column":4}}},"183":{"name":"TEST_line503_condexpr_deep","line":1908,"loc":{"start":{"line":1908,"column":4},"end":{"line":1919,"column":4}}},"184":{"name":"TEST_line523_exhaustive","line":1924,"loc":{"start":{"line":1924,"column":4},"end":{"line":1935,"column":4}}},"185":{"name":"TEST_line524_msgsender_variant","line":1937,"loc":{"start":{"line":1937,"column":4},"end":{"line":1946,"column":4}}},"186":{"name":"TEST_line525_expand","line":1948,"loc":{"start":{"line":1948,"column":4},"end":{"line":1955,"column":4}}},"187":{"name":"TEST_line526_ternary_split","line":1957,"loc":{"start":{"line":1957,"column":4},"end":{"line":1966,"column":4}}},"188":{"name":"TEST_line523_localdup2","line":1969,"loc":{"start":{"line":1969,"column":4},"end":{"line":1978,"column":4}}},"189":{"name":"TEST_line524_injected_zero2","line":1980,"loc":{"start":{"line":1980,"column":4},"end":{"line":1988,"column":4}}},"190":{"name":"TEST_line525_msgsender_toggle","line":1990,"loc":{"start":{"line":1990,"column":4},"end":{"line":1997,"column":4}}},"191":{"name":"TEST_line526_combined","line":1999,"loc":{"start":{"line":1999,"column":4},"end":{"line":2007,"column":4}}},"192":{"name":"TEST_line503_msg_injected","line":2009,"loc":{"start":{"line":2009,"column":4},"end":{"line":2017,"column":4}}},"193":{"name":"TEST_line503_cond_split2","line":2019,"loc":{"start":{"line":2019,"column":4},"end":{"line":2029,"column":4}}},"194":{"name":"TEST_line435_exhaustive2","line":2034,"loc":{"start":{"line":2034,"column":4},"end":{"line":2044,"column":4}}},"195":{"name":"TEST_line447_extra3","line":2046,"loc":{"start":{"line":2046,"column":4},"end":{"line":2054,"column":4}}},"196":{"name":"TEST_line456_expand_arms","line":2056,"loc":{"start":{"line":2056,"column":4},"end":{"line":2063,"column":4}}},"197":{"name":"TEST_line503_force_all","line":2065,"loc":{"start":{"line":2065,"column":4},"end":{"line":2075,"column":4}}}},"statementMap":{"1":{"start":{"line":87,"column":25},"end":{"line":87,"column":88}},"2":{"start":{"line":90,"column":8},"end":{"line":90,"column":104}},"3":{"start":{"line":95,"column":8},"end":{"line":95,"column":65}},"4":{"start":{"line":99,"column":4},"end":{"line":99,"column":81}},"5":{"start":{"line":100,"column":4},"end":{"line":100,"column":63}},"6":{"start":{"line":101,"column":4},"end":{"line":101,"column":44}},"7":{"start":{"line":102,"column":4},"end":{"line":102,"column":48}},"8":{"start":{"line":103,"column":4},"end":{"line":103,"column":50}},"9":{"start":{"line":104,"column":4},"end":{"line":104,"column":69}},"10":{"start":{"line":105,"column":4},"end":{"line":105,"column":51}},"11":{"start":{"line":114,"column":8},"end":{"line":114,"column":51}},"12":{"start":{"line":118,"column":4},"end":{"line":118,"column":51}},"13":{"start":{"line":119,"column":4},"end":{"line":119,"column":54}},"14":{"start":{"line":120,"column":8},"end":{"line":120,"column":45}},"15":{"start":{"line":121,"column":8},"end":{"line":121,"column":61}},"16":{"start":{"line":123,"column":8},"end":{"line":123,"column":4822}},"17":{"start":{"line":125,"column":12},"end":{"line":125,"column":55}},"18":{"start":{"line":130,"column":4},"end":{"line":130,"column":51}},"19":{"start":{"line":131,"column":4},"end":{"line":131,"column":55}},"20":{"start":{"line":132,"column":8},"end":{"line":132,"column":45}},"21":{"start":{"line":133,"column":8},"end":{"line":133,"column":61}},"22":{"start":{"line":135,"column":8},"end":{"line":135,"column":5295}},"23":{"start":{"line":137,"column":12},"end":{"line":137,"column":56}},"24":{"start":{"line":141,"column":75},"end":{"line":141,"column":98}},"25":{"start":{"line":156,"column":8},"end":{"line":156,"column":42}},"26":{"start":{"line":160,"column":8},"end":{"line":160,"column":43}},"27":{"start":{"line":192,"column":8},"end":{"line":192,"column":41}},"28":{"start":{"line":211,"column":8},"end":{"line":211,"column":41}},"29":{"start":{"line":221,"column":8},"end":{"line":221,"column":88}},"30":{"start":{"line":221,"column":52},"end":{"line":221,"column":63}},"31":{"start":{"line":221,"column":74},"end":{"line":221,"column":86}},"32":{"start":{"line":225,"column":8},"end":{"line":225,"column":77}},"33":{"start":{"line":225,"column":41},"end":{"line":225,"column":52}},"34":{"start":{"line":225,"column":63},"end":{"line":225,"column":75}},"35":{"start":{"line":229,"column":8},"end":{"line":229,"column":41}},"36":{"start":{"line":230,"column":8},"end":{"line":230,"column":67}},"37":{"start":{"line":230,"column":31},"end":{"line":230,"column":42}},"38":{"start":{"line":230,"column":53},"end":{"line":230,"column":65}},"39":{"start":{"line":234,"column":8},"end":{"line":234,"column":69}},"40":{"start":{"line":234,"column":33},"end":{"line":234,"column":44}},"41":{"start":{"line":234,"column":55},"end":{"line":234,"column":67}},"42":{"start":{"line":238,"column":8},"end":{"line":238,"column":81}},"43":{"start":{"line":238,"column":45},"end":{"line":238,"column":56}},"44":{"start":{"line":238,"column":67},"end":{"line":238,"column":79}},"45":{"start":{"line":242,"column":8},"end":{"line":242,"column":70}},"46":{"start":{"line":242,"column":34},"end":{"line":242,"column":45}},"47":{"start":{"line":242,"column":56},"end":{"line":242,"column":68}},"48":{"start":{"line":248,"column":8},"end":{"line":248,"column":21}},"49":{"start":{"line":250,"column":8},"end":{"line":250,"column":10721}},"50":{"start":{"line":257,"column":8},"end":{"line":257,"column":41}},"51":{"start":{"line":258,"column":8},"end":{"line":258,"column":10962}},"52":{"start":{"line":265,"column":8},"end":{"line":265,"column":11103}},"53":{"start":{"line":271,"column":8},"end":{"line":271,"column":18}},"54":{"start":{"line":276,"column":8},"end":{"line":276,"column":88}},"55":{"start":{"line":276,"column":52},"end":{"line":276,"column":63}},"56":{"start":{"line":276,"column":74},"end":{"line":276,"column":86}},"57":{"start":{"line":280,"column":8},"end":{"line":280,"column":41}},"58":{"start":{"line":281,"column":8},"end":{"line":281,"column":67}},"59":{"start":{"line":281,"column":31},"end":{"line":281,"column":42}},"60":{"start":{"line":281,"column":53},"end":{"line":281,"column":65}},"61":{"start":{"line":285,"column":8},"end":{"line":285,"column":81}},"62":{"start":{"line":285,"column":45},"end":{"line":285,"column":56}},"63":{"start":{"line":285,"column":67},"end":{"line":285,"column":79}},"64":{"start":{"line":291,"column":8},"end":{"line":291,"column":88}},"65":{"start":{"line":291,"column":52},"end":{"line":291,"column":63}},"66":{"start":{"line":291,"column":74},"end":{"line":291,"column":86}},"67":{"start":{"line":295,"column":8},"end":{"line":295,"column":90}},"68":{"start":{"line":295,"column":54},"end":{"line":295,"column":65}},"69":{"start":{"line":295,"column":76},"end":{"line":295,"column":88}},"70":{"start":{"line":300,"column":8},"end":{"line":300,"column":41}},"71":{"start":{"line":301,"column":8},"end":{"line":301,"column":81}},"72":{"start":{"line":301,"column":45},"end":{"line":301,"column":56}},"73":{"start":{"line":301,"column":67},"end":{"line":301,"column":79}},"74":{"start":{"line":305,"column":8},"end":{"line":305,"column":95}},"75":{"start":{"line":305,"column":59},"end":{"line":305,"column":70}},"76":{"start":{"line":305,"column":81},"end":{"line":305,"column":93}},"77":{"start":{"line":309,"column":8},"end":{"line":309,"column":106}},"78":{"start":{"line":309,"column":70},"end":{"line":309,"column":81}},"79":{"start":{"line":309,"column":92},"end":{"line":309,"column":104}},"80":{"start":{"line":314,"column":8},"end":{"line":314,"column":31}},"81":{"start":{"line":318,"column":8},"end":{"line":318,"column":41}},"82":{"start":{"line":327,"column":8},"end":{"line":327,"column":21}},"83":{"start":{"line":329,"column":8},"end":{"line":329,"column":77}},"84":{"start":{"line":332,"column":8},"end":{"line":332,"column":44}},"85":{"start":{"line":333,"column":8},"end":{"line":333,"column":89}},"86":{"start":{"line":336,"column":8},"end":{"line":336,"column":106}},"87":{"start":{"line":339,"column":8},"end":{"line":339,"column":80}},"88":{"start":{"line":340,"column":8},"end":{"line":340,"column":83}},"89":{"start":{"line":343,"column":8},"end":{"line":343,"column":106}},"90":{"start":{"line":346,"column":8},"end":{"line":346,"column":66}},"91":{"start":{"line":349,"column":8},"end":{"line":349,"column":46}},"92":{"start":{"line":352,"column":8},"end":{"line":352,"column":16}},"93":{"start":{"line":359,"column":8},"end":{"line":359,"column":21}},"94":{"start":{"line":360,"column":8},"end":{"line":360,"column":42}},"95":{"start":{"line":361,"column":8},"end":{"line":361,"column":48}},"96":{"start":{"line":363,"column":8},"end":{"line":363,"column":91}},"97":{"start":{"line":365,"column":8},"end":{"line":365,"column":134}},"98":{"start":{"line":367,"column":8},"end":{"line":367,"column":107}},"99":{"start":{"line":368,"column":8},"end":{"line":368,"column":16}},"100":{"start":{"line":375,"column":8},"end":{"line":375,"column":21}},"101":{"start":{"line":376,"column":8},"end":{"line":376,"column":42}},"102":{"start":{"line":377,"column":8},"end":{"line":377,"column":44}},"103":{"start":{"line":382,"column":8},"end":{"line":382,"column":111}},"104":{"start":{"line":385,"column":8},"end":{"line":385,"column":18}},"105":{"start":{"line":389,"column":8},"end":{"line":389,"column":23}},"106":{"start":{"line":390,"column":8},"end":{"line":390,"column":42}},"107":{"start":{"line":391,"column":8},"end":{"line":391,"column":44}},"108":{"start":{"line":393,"column":8},"end":{"line":393,"column":82}},"109":{"start":{"line":394,"column":8},"end":{"line":394,"column":74}},"110":{"start":{"line":397,"column":8},"end":{"line":397,"column":19}},"111":{"start":{"line":402,"column":8},"end":{"line":402,"column":19}},"112":{"start":{"line":403,"column":8},"end":{"line":403,"column":42}},"113":{"start":{"line":404,"column":8},"end":{"line":404,"column":44}},"114":{"start":{"line":407,"column":8},"end":{"line":407,"column":73}},"115":{"start":{"line":408,"column":8},"end":{"line":408,"column":16}},"116":{"start":{"line":413,"column":8},"end":{"line":413,"column":21}},"117":{"start":{"line":414,"column":8},"end":{"line":414,"column":93}},"118":{"start":{"line":415,"column":8},"end":{"line":415,"column":95}},"119":{"start":{"line":416,"column":8},"end":{"line":416,"column":134}},"120":{"start":{"line":417,"column":8},"end":{"line":417,"column":18}},"121":{"start":{"line":421,"column":8},"end":{"line":421,"column":20}},"122":{"start":{"line":422,"column":8},"end":{"line":422,"column":52}},"123":{"start":{"line":423,"column":8},"end":{"line":423,"column":79}},"124":{"start":{"line":424,"column":8},"end":{"line":424,"column":83}},"125":{"start":{"line":425,"column":8},"end":{"line":425,"column":16}},"126":{"start":{"line":430,"column":8},"end":{"line":430,"column":23}},"127":{"start":{"line":431,"column":8},"end":{"line":431,"column":34}},"128":{"start":{"line":432,"column":8},"end":{"line":432,"column":37}},"129":{"start":{"line":433,"column":8},"end":{"line":433,"column":33}},"130":{"start":{"line":435,"column":8},"end":{"line":435,"column":124}},"131":{"start":{"line":435,"column":88},"end":{"line":435,"column":99}},"132":{"start":{"line":435,"column":110},"end":{"line":435,"column":122}},"133":{"start":{"line":441,"column":8},"end":{"line":441,"column":23}},"134":{"start":{"line":442,"column":8},"end":{"line":442,"column":34}},"135":{"start":{"line":443,"column":8},"end":{"line":443,"column":37}},"136":{"start":{"line":444,"column":8},"end":{"line":444,"column":33}},"137":{"start":{"line":445,"column":8},"end":{"line":445,"column":35}},"138":{"start":{"line":447,"column":8},"end":{"line":447,"column":143}},"139":{"start":{"line":447,"column":107},"end":{"line":447,"column":118}},"140":{"start":{"line":447,"column":129},"end":{"line":447,"column":141}},"141":{"start":{"line":452,"column":8},"end":{"line":452,"column":30}},"142":{"start":{"line":453,"column":8},"end":{"line":453,"column":34}},"143":{"start":{"line":454,"column":8},"end":{"line":454,"column":37}},"144":{"start":{"line":455,"column":8},"end":{"line":455,"column":33}},"145":{"start":{"line":456,"column":8},"end":{"line":456,"column":124}},"146":{"start":{"line":456,"column":88},"end":{"line":456,"column":99}},"147":{"start":{"line":456,"column":110},"end":{"line":456,"column":122}},"148":{"start":{"line":462,"column":8},"end":{"line":462,"column":28}},"149":{"start":{"line":463,"column":8},"end":{"line":463,"column":34}},"150":{"start":{"line":464,"column":8},"end":{"line":464,"column":37}},"151":{"start":{"line":465,"column":8},"end":{"line":465,"column":33}},"152":{"start":{"line":466,"column":8},"end":{"line":466,"column":124}},"153":{"start":{"line":466,"column":88},"end":{"line":466,"column":99}},"154":{"start":{"line":466,"column":110},"end":{"line":466,"column":122}},"155":{"start":{"line":472,"column":8},"end":{"line":472,"column":21474}},"156":{"start":{"line":473,"column":12},"end":{"line":473,"column":23}},"157":{"start":{"line":475,"column":12},"end":{"line":475,"column":24}},"158":{"start":{"line":480,"column":8},"end":{"line":480,"column":28}},"159":{"start":{"line":481,"column":8},"end":{"line":481,"column":34}},"160":{"start":{"line":482,"column":8},"end":{"line":482,"column":37}},"161":{"start":{"line":483,"column":8},"end":{"line":483,"column":33}},"162":{"start":{"line":484,"column":8},"end":{"line":484,"column":35}},"163":{"start":{"line":485,"column":8},"end":{"line":485,"column":37}},"164":{"start":{"line":486,"column":8},"end":{"line":486,"column":162}},"165":{"start":{"line":486,"column":126},"end":{"line":486,"column":137}},"166":{"start":{"line":486,"column":148},"end":{"line":486,"column":160}},"167":{"start":{"line":492,"column":8},"end":{"line":492,"column":95}},"168":{"start":{"line":492,"column":59},"end":{"line":492,"column":71}},"169":{"start":{"line":492,"column":82},"end":{"line":492,"column":93}},"170":{"start":{"line":497,"column":8},"end":{"line":497,"column":48}},"171":{"start":{"line":498,"column":8},"end":{"line":498,"column":99}},"172":{"start"
[...]
t":{"line":137,"column":12},"end":{"line":137,"column":39}},"10":{"start":{"line":139,"column":8},"end":{"line":139,"column":5678}},"11":{"start":{"line":141,"column":12},"end":{"line":141,"column":35}},"12":{"start":{"line":143,"column":8},"end":{"line":143,"column":5811}},"13":{"start":{"line":145,"column":12},"end":{"line":145,"column":47}},"14":{"start":{"line":149,"column":8},"end":{"line":149,"column":56}},"15":{"start":{"line":150,"column":8},"end":{"line":150,"column":104}},"16":{"start":{"line":164,"column":74},"end":{"line":164,"column":99}},"17":{"start":{"line":165,"column":90},"end":{"line":165,"column":125}},"18":{"start":{"line":168,"column":8},"end":{"line":168,"column":44}},"19":{"start":{"line":169,"column":8},"end":{"line":169,"column":19}},"20":{"start":{"line":173,"column":8},"end":{"line":173,"column":78}},"21":{"start":{"line":174,"column":8},"end":{"line":174,"column":19}},"22":{"start":{"line":178,"column":8},"end":{"line":178,"column":54}},"23":{"start":{"line":179,"column":8},"end":{"line":179,"column":52}},"24":{"start":{"line":180,"column":8},"end":{"line":180,"column":54}},"25":{"start":{"line":181,"column":8},"end":{"line":181,"column":19}},"26":{"start":{"line":185,"column":8},"end":{"line":185,"column":40}},"27":{"start":{"line":186,"column":8},"end":{"line":186,"column":19}},"28":{"start":{"line":190,"column":8},"end":{"line":190,"column":51}},"29":{"start":{"line":191,"column":8},"end":{"line":191,"column":38}},"30":{"start":{"line":192,"column":8},"end":{"line":192,"column":47}},"31":{"start":{"line":193,"column":8},"end":{"line":193,"column":34}},"32":{"start":{"line":194,"column":8},"end":{"line":194,"column":19}},"33":{"start":{"line":201,"column":8},"end":{"line":201,"column":29}},"34":{"start":{"line":202,"column":8},"end":{"line":202,"column":28}},"35":{"start":{"line":207,"column":8},"end":{"line":207,"column":32}},"36":{"start":{"line":208,"column":8},"end":{"line":208,"column":31}},"37":{"start":{"line":213,"column":8},"end":{"line":213,"column":31}},"38":{"start":{"line":214,"column":8},"end":{"line":214,"column":25}},"39":{"start":{"line":218,"column":8},"end":{"line":218,"column":75}},"40":{"start":{"line":220,"column":8},"end":{"line":220,"column":34}},"41":{"start":{"line":221,"column":8},"end":{"line":221,"column":30}},"42":{"start":{"line":225,"column":8},"end":{"line":225,"column":73}},"43":{"start":{"line":227,"column":8},"end":{"line":227,"column":34}},"44":{"start":{"line":228,"column":8},"end":{"line":228,"column":32}},"45":{"start":{"line":233,"column":8},"end":{"line":233,"column":43}},"46":{"start":{"line":234,"column":8},"end":{"line":234,"column":64}},"47":{"start":{"line":238,"column":8},"end":{"line":238,"column":63}},"48":{"start":{"line":240,"column":8},"end":{"line":240,"column":34}},"49":{"start":{"line":241,"column":8},"end":{"line":241,"column":57}},"50":{"start":{"line":247,"column":8},"end":{"line":247,"column":27}},"51":{"start":{"line":248,"column":8},"end":{"line":248,"column":28}},"52":{"start":{"line":253,"column":8},"end":{"line":253,"column":9934}},"53":{"start":{"line":255,"column":12},"end":{"line":255,"column":48}},"54":{"start":{"line":257,"column":8},"end":{"line":257,"column":33}},"55":{"start":{"line":258,"column":8},"end":{"line":258,"column":26}},"56":{"start":{"line":263,"column":8},"end":{"line":263,"column":58}},"57":{"start":{"line":264,"column":8},"end":{"line":264,"column":41}},"58":{"start":{"line":265,"column":8},"end":{"line":265,"column":72}},"59":{"start":{"line":268,"column":8},"end":{"line":268,"column":10613}},"60":{"start":{"line":269,"column":12},"end":{"line":269,"column":57}},"61":{"start":{"line":273,"column":8},"end":{"line":273,"column":24}},"62":{"start":{"line":274,"column":8},"end":{"line":274,"column":36}},"63":{"start":{"line":275,"column":8},"end":{"line":275,"column":45}},"64":{"start":{"line":281,"column":8},"end":{"line":281,"column":68}},"65":{"start":{"line":282,"column":8},"end":{"line":282,"column":63}},"66":{"start":{"line":282,"column":27},"end":{"line":282,"column":53}},"67":{"start":{"line":282,"column":55},"end":{"line":282,"column":61}},"68":{"start":{"line":285,"column":8},"end":{"line":285,"column":11167}},"69":{"start":{"line":286,"column":12},"end":{"line":286,"column":50}},"70":{"start":{"line":287,"column":12},"end":{"line":287,"column":48}},"71":{"start":{"line":288,"column":12},"end":{"line":288,"column":11327}},"72":{"start":{"line":295,"column":8},"end":{"line":295,"column":11571}},"73":{"start":{"line":296,"column":12},"end":{"line":296,"column":11604}},"74":{"start":{"line":297,"column":16},"end":{"line":297,"column":53}},"75":{"start":{"line":299,"column":12},"end":{"line":299,"column":11713}},"76":{"start":{"line":300,"column":16},"end":{"line":300,"column":49}},"77":{"start":{"line":305,"column":8},"end":{"line":305,"column":37}},"78":{"start":{"line":306,"column":8},"end":{"line":306,"column":40}},"79":{"start":{"line":309,"column":8},"end":{"line":309,"column":34}},"80":{"start":{"line":312,"column":8},"end":{"line":312,"column":12105}},"81":{"start":{"line":313,"column":12},"end":{"line":313,"column":12251}},"82":{"start":{"line":316,"column":12},"end":{"line":316,"column":12357}},"83":{"start":{"line":317,"column":16},"end":{"line":317,"column":79}},"84":{"start":{"line":318,"column":16},"end":{"line":318,"column":46}},"85":{"start":{"line":321,"column":12},"end":{"line":321,"column":12570}},"86":{"start":{"line":322,"column":16},"end":{"line":322,"column":88}},"87":{"start":{"line":323,"column":16},"end":{"line":323,"column":61}},"88":{"start":{"line":325,"column":16},"end":{"line":325,"column":54}},"89":{"start":{"line":328,"column":12},"end":{"line":328,"column":12917}},"90":{"start":{"line":329,"column":16},"end":{"line":329,"column":120}},"91":{"start":{"line":333,"column":12},"end":{"line":333,"column":13212}},"92":{"start":{"line":334,"column":16},"end":{"line":334,"column":76}},"93":{"start":{"line":340,"column":8},"end":{"line":340,"column":42}},"94":{"start":{"line":342,"column":8},"end":{"line":342,"column":43}},"95":{"start":{"line":346,"column":8},"end":{"line":346,"column":13631}},"96":{"start":{"line":349,"column":12},"end":{"line":349,"column":52}},"97":{"start":{"line":353,"column":12},"end":{"line":353,"column":46}},"98":{"start":{"line":358,"column":8},"end":{"line":358,"column":46}},"99":{"start":{"line":359,"column":8},"end":{"line":359,"column":62}},"100":{"start":{"line":362,"column":8},"end":{"line":362,"column":45}},"101":{"start":{"line":366,"column":8},"end":{"line":366,"column":74}},"102":{"start":{"line":368,"column":8},"end":{"line":368,"column":46}},"103":{"start":{"line":374,"column":8},"end":{"line":374,"column":85}},"104":{"start":{"line":374,"column":73},"end":{"line":374,"column":85}},"105":{"start":{"line":375,"column":8},"end":{"line":375,"column":39}},"106":{"start":{"line":376,"column":8},"end":{"line":376,"column":50}},"107":{"start":{"line":376,"column":39},"end":{"line":376,"column":50}},"108":{"start":{"line":377,"column":8},"end":{"line":377,"column":14806}},"109":{"start":{"line":378,"column":12},"end":{"line":378,"column":43}},"110":{"start":{"line":380,"column":8},"end":{"line":380,"column":20}},"111":{"start":{"line":384,"column":8},"end":{"line":384,"column":62}},"112":{"start":{"line":384,"column":45},"end":{"line":384,"column":62}},"113":{"start":{"line":385,"column":8},"end":{"line":385,"column":34}},"114":{"start":{"line":389,"column":8},"end":{"line":389,"column":60}},"115":{"start":{"line":389,"column":49},"end":{"line":389,"column":60}},"116":{"start":{"line":390,"column":8},"end":{"line":390,"column":130}},"117":{"start":{"line":391,"column":8},"end":{"line":391,"column":63}},"118":{"start":{"line":395,"column":77},"end":{"line":395,"column":98}},"119":{"start":{"line":396,"column":74},"end":{"line":396,"column":92}},"120":{"start":{"line":399,"column":8},"end":{"line":399,"column":133}},"121":{"start":{"line":399,"column":70},"end":{"line":399,"column":130}},"122":{"start":{"line":403,"column":8},"end":{"line":403,"column":118}},"123":{"start":{"line":403,"column":45},"end":{"line":403,"column":116}},"124":{"start":{"line":406,"column":8},"end":{"line":406,"column":104}},"125":{"start":{"line":406,"column":45},"end":{"line":406,"column":102}}},"branchMap":{"1":{"line":55,"type":"if","locations":[{"start":{"line":55,"column":27},"end":{"line":55,"column":27}},{"start":{"line":55,"column":27},"end":{"line":55,"column":27}}]},"2":{"line":56,"type":"if","locations":[{"start":{"line":56,"column":58},"end":{"line":56,"column":58}},{"start":{"line":56,"column":58},"end":{"line":56,"column":58}}]},"3":{"line":57,"type":"if","locations":[{"start":{"line":57,"column":8},"end":{"line":57,"column":8}},{"start":{"line":57,"column":8},"end":{"line":57,"column":8}}]},"4":{"line":127,"type":"if","locations":[{"start":{"line":127,"column":8},"end":{"line":127,"column":8}},{"start":{"line":127,"column":8},"end":{"line":127,"column":8}}]},"5":{"line":132,"type":"if","locations":[{"start":{"line":132,"column":8},"end":{"line":132,"column":8}},{"start":{"line":132,"column":8},"end":{"line":132,"column":8}}]},"6":{"line":135,"type":"if","locations":[{"start":{"line":135,"column":8},"end":{"line":135,"column":8}},{"start":{"line":135,"column":8},"end":{"line":135,"column":8}}]},"7":{"line":139,"type":"if","locations":[{"start":{"line":139,"column":8},"end":{"line":139,"column":8}},{"start":{"line":139,"column":8},"end":{"line":139,"column":8}}]},"8":{"line":143,"type":"if","locations":[{"start":{"line":143,"column":8},"end":{"line":143,"column":8}},{"start":{"line":143,"column":8},"end":{"line":143,"column":8}}]},"9":{"line":179,"type":"if","locations":[{"start":{"line":179,"column":8},"end":{"line":179,"column":8}},{"start":{"line":179,"column":8},"end":{"line":179,"column":8}}]},"10":{"line":191,"type":"if","locations":[{"start":{"line":191,"column":8},"end":{"line":191,"column":8}},{"start":{"line":191,"column":8},"end":{"line":191,"column":8}}]},"11":{"line":199,"type":"if","locations":[{"start":{"line":199,"column":47},"end":{"line":199,"column":47}},{"start":{"line":199,"column":47},"end":{"line":199,"column":47}}]},"12":{"line":205,"type":"if","locations":[{"start":{"line":205,"column":50},"end":{"line":205,"column":50}},{"start":{"line":205,"column":50},"end":{"line":205,"column":50}}]},"13":{"line":211,"type":"if","locations":[{"start":{"line":211,"column":49},"end":{"line":211,"column":49}},{"start":{"line":211,"column":49},"end":{"line":211,"column":49}}]},"14":{"line":217,"type":"if","locations":[{"start":{"line":217,"column":52},"end":{"line":217,"column":52}},{"start":{"line":217,"column":52},"end":{"line":217,"column":52}}]},"15":{"line":218,"type":"if","locations":[{"start":{"line":218,"column":8},"end":{"line":218,"column":8}},{"start":{"line":218,"column":8},"end":{"line":218,"column":8}}]},"16":{"line":224,"type":"if","locations":[{"start":{"line":224,"column":52},"end":{"line":224,"column":52}},{"start":{"line":224,"column":52},"end":{"line":224,"column":52}}]},"17":{"line":225,"type":"if","locations":[{"start":{"line":225,"column":8},"end":{"line":225,"column":8}},{"start":{"line":225,"column":8},"end":{"line":225,"column":8}}]},"18":{"line":231,"type":"if","locations":[{"start":{"line":231,"column":66},"end":{"line":231,"column":66}},{"start":{"line":231,"column":66},"end":{"line":231,"column":66}}]},"19":{"line":237,"type":"if","locations":[{"start":{"line":237,"column":49},"end":{"line":237,"column":49}},{"start":{"line":237,"column":49},"end":{"line":237,"column":49}}]},"20":{"line":238,"type":"if","locations":[{"start":{"line":238,"column":8},"end":{"line":238,"column":8}},{"start":{"line":238,"column":8},"end":{"line":238,"column":8}}]},"21":{"line":245,"type":"if","locations":[{"start":{"line":245,"column":35},"end":{"line":245,"column":35}},{"start":{"line":245,"column":35},"end":{"line":245,"column":35}}]},"22":{"line":251,"type":"if","locations":[{"start":{"line":251,"column":51},"end":{"line":251,"column":51}},{"start":{"line":251,"column":51},"end":{"line":251,"column":51}}]},"23":{"line":253,"type":"if","locations":[{"start":{"line":253,"column":8},"end":{"line":253,"column":8}},{"start":{"line":253,"column":8},"end":{"line":253,"column":8}}]},"24":{"line":263,"type":"if","locations":[{"start":{"line":263,"column":8},"end":{"line":263,"column":8}},{"start":{"line":263,"column":8},"end":{"line":263,"column":8}}]},"25":{"line":264,"type":"if","locations":[{"start":{"line":264,"column":8},"end":{"line":264,"column":8}},{"start":{"line":264,"column":8},"end":{"line":264,"column":8}}]},"26":{"line":265,"type":"if","locations":[{"start":{"line":265,"column":8},"end":{"line":265,"column":8}},{"start":{"line":265,"column":8},"end":{"line":265,"column":8}}]},"27":{"line":268,"type":"if","locations":[{"start":{"line":268,"column":8},"end":{"line":268,"column":8}},{"start":{"line":268,"column":8},"end":{"line":268,"column":8}}]},"28":{"line":269,"type":"if","locations":[{"start":{"line":269,"column":12},"end":{"line":269,"column":12}},{"start":{"line":269,"column":12},"end":{"line":269,"column":12}}]},"29":{"line":281,"type":"if","locations":[{"start":{"line":281,"column":8},"end":{"line":281,"column":8}},{"start":{"line":281,"column":8},"end":{"line":281,"column":8}}]},"30":{"line":281,"type":"cond-expr","locations":[{"start":{"line":281,"column":12},"end":{"line":281,"column":29}},{"start":{"line":281,"column":34},"end":{"line":281,"column":49}}]},"31":{"line":282,"type":"if","locations":[{"start":{"line":282,"column":8},"end":{"line":282,"column":8}},{"start":{"line":282,"column":8},"end":{"line":282,"column":8}}]},"32":{"line":285,"type":"if","locations":[{"start":{"line":285,"column":8},"end":{"line":285,"column":8}},{"start":{"line":285,"column":8},"end":{"line":285,"column":8}}]},"33":{"line":288,"type":"if","locations":[{"start":{"line":288,"column":12},"end":{"line":288,"column":12}},{"start":{"line":288,"column":12},"end":{"line":288,"column":12}}]},"34":{"line":288,"type":"cond-expr","locations":[{"start":{"line":288,"column":16},"end":{"line":288,"column":62}},{"start":{"line":289,"column":16},"end":{"line":289,"column":60}}]},"35":{"line":295,"type":"if","locations":[{"start":{"line":295,"column":8},"end":{"line":295,"column":8}},{"start":{"line":295,"column":8},"end":{"line":295,"column":8}}]},"36":{"line":296,"type":"if","locations":[{"start":{"line":296,"column":12},"end":{"line":296,"column":12}},{"start":{"line":296,"column":12},"end":{"line":296,"column":12}}]},"37":{"line":297,"type":"if","locations":[{"start":{"line":297,"column":16},"end":{"line":297,"column":16}},{"start":{"line":297,"column":16},"end":{"line":297,"column":16}}]},"38":{"line":299,"type":"if","locations":[{"start":{"line":299,"column":12},"end":{"line":299,"column":12}},{"start":{"line":299,"column":12},"end":{"line":299,"column":12}}]},"39":{"line":300,"type":"if","locations":[{"start":{"line":300,"column":16},"end":{"line":300,"column":16}},{"start":{"line":300,"column":16},"end":{"line":300,"column":16}}]},"40":{"line":306,"type":"if","locations":[{"start":{"line":306,"column":8},"end":{"line":306,"column":8}},{"start":{"line":306,"column":8},"end":{"line":306,"column":8}}]},"41":{"line":312,"type":"if","locations":[{"start":{"line":312,"column":8},"end":{"line":312,"column":8}},{"start":{"line":312,"column":8},"end":{"line":312,"column":8}}]},"42":{"line":316,"type":"if","locations":[{"start":{"line":316,"column":12},"end":{"line":316,"column":12}},{"start":{"line":316,"column":12},"end":{"line":316,"column":12}}]},"43":{"line":317,"type":"if","locations":[{"start":{"line":317,"column":58},"end":{"line":317,"column":67}},{"start":{"line":317,"column":71},"end":{"line":317,"column":78}}]},"44":{"line":321,"type":"if","locations":[{"start":{"line":321,"column":12},"end":{"line":321,"column":12}},{"start":{"line":321,"column":12},"end":{"line":321,"column":12}}]},"45":{"line":322,"type":"if","locations":[{"start":{"line":322,"column":62},"end":{"line":322,"column":73}},{"start":{"line":322,"column":77},"end":{"line":322,"column":87}}]},"46":{"line":323,"type":"if","locations":[{"start":{"line":323,"column":16},"end":{"line":323,"column":16}},{"start":{"line":323,"column":16},"end":{"line":323,"column":16}}]},"47":{"line":328,"type":"if","locations":[{"start":{"line":328,"column":12},"end":{"line":328,"column":12}},{"start":{"line":328,"column":12},"end":{"line":328,"column":12}}]},"48":{"line":328,"type":"cond-expr","locations":[{"start":{"line":328,"column":16},"end":{"line":328,"column":26}},{"start":{"line":328,"column":31},"end":{"line":328,"column":44}}]},"49":{"line":333,"type":"if","locations":[{"start":{"line":333,"column":12},"end":{"line":333,"column":12}},{"start":{"line":333,"column":12},"end":{"line":333,"column":12}}]},"50":{"line":333,"type":"cond-expr","locations":[{"start":{"line":333,"column":16},"end":{"line":333,"column":27}},{"start":{"line":333,"column":32},"end":{"line":333,"column":69}}]},"51":{"line":334,"type":"if","locations":[{"start":{"line":334,"column":16},"end":{"line":334,"column":16}},{"start":{"line":334,"column":16},"end":{"line":334,"column":16}}]},"52":{"line":346,"type":"if","locations":[{"start":{"line":346,"column":8},"end":{"line":346,"column":8}},{"start":{"line":346,"column":8},"end":{"line":346,"column":8}}]},"53":{"line":358,"type":"if","locations":[{"start":{"line":358,"column":8},"end":{"line":358,"column":8}},{"start":{"line":358,"column":8},"end":{"line":358,"column":8}}]},"54":{"line":359,"type":"if","locations":[{"start":{"line":359,"column":8},"end":{"line":359,"column":8}},{"start":{"line":359,"column":8},"end":{"line":359,"column":8}}]},"55":{"line":366,"type":"if","locations":[{"start":{"line":366,"column":8},"end":{"line":366,"column":8}},{"start":{"line":366,"column":8},"end":{"line":366,"column":8}}]},"56":{"line":374,"type":"if","locations":[{"start":{"line":374,"column":8},"end":{"line":374,"column":8}},{"start":{"line":374,"column":8},"end":{"line":374,"column":8}}]},"57":{"line":374,"type":"cond-expr","locations":[{"start":{"line":374,"column":12},"end":{"line":374,"column":42}},{"start":{"line":374,"column":47},"end":{"line":374,"column":70}}]},"58":{"line":376,"type":"if","locations":[{"start":{"line":376,"column":8},"end":{"line":376,"column":8}},{"start":{"line":376,"column":8},"end":{"line":376,"column":8}}]},"59":{"line":377,"type":"if","locations":[{"start":{"line":377,"column":8},"end":{"line":377,"column":8}},{"start":{"line":377,"column":8},"end":{"line":377,"column":8}}]},"60":{"line":384,"type":"if","locations":[{"start":{"line":384,"column":8},"end":{"line":384,"column":8}},{"start":{"line":384,"column":8},"end":{"line":384,"column":8}}]},"61":{"line":389,"type":"if","locations":[{"start":{"line":389,"column":8},"end":{"line":389,"column":8}},{"start":{"line":389,"column":8},"end":{"line":389,"column":8}}]},"62":{"line":391,"type":"cond-expr","locations":[{"start":{"line":391,"column":15},"end":{"line":391,"column":37}},{"start":{"line":391,"column":42},"end":{"line":391,"column":62}}]},"63":{"line":399,"type":"if","locations":[{"start":{"line":399,"column":8},"end":{"line":399,"column":8}},{"start":{"line":399,"column":8},"end":{"line":399,"column":8}}]},"64":{"line":399,"type":"cond-expr","locations":[{"start":{"line":399,"column":12},"end":{"line":399,"column":23}},{"start":{"line":399,"column":28},"end":{"line":399,"column":65}}]},"65":{"line":399,"type":"if","locations":[{"start":{"line":399,"column":70},"end":{"line":399,"column":70}},{"start":{"line":399,"column":70},"end":{"line":399,"column":70}}]},"66":{"line":403,"type":"if","locations":[{"start":{"line":403,"column":8},"end":{"line":403,"column":8}},{"start":{"line":403,"column":8},"end":{"line":403,"column":8}}]},"67":{"line":406,"type":"if","locations":[{"start":{"line":406,"column":8},"end":{"line":406,"column":8}},{"start":{"line":406,"column":8},"end":{"line":406,"column":8}}]}}}}