{"contracts-min/CouncilElection.sol":{"l":{"38":0,"40":0,"41":0,"45":0,"51":0,"57":0,"64":0,"68":0,"72":0,"74":0,"75":0,"76":0,"81":0,"82":0,"83":0,"85":0,"89":0,"90":0,"91":0,"95":0},"path":"/workspaces/Vfide/contracts-min/CouncilElection.sol","s":{"1":0,"2":0,"3":0,"4":0,"5":0,"6":0,"7":0,"8":0,"9":0,"10":0,"11":0,"12":0,"13":0,"14":0,"15":0,"16":0,"17":0,"18":0,"19":0,"20":0,"21":0,"22":0,"23":0,"24":0,"25":0,"26":0,"27":0,"28":0,"29":0,"30":0,"31":0},"b":{"1":[0,0],"2":[0,0],"3":[0,0],"4":[0,0],"5":[0,0],"6":[0,0],"7":[0,0],"8":[0,0],"9":[0,0],"10":[0,0],"11":[0,0],"12":[0,0],"13":[0,0],"14":[0,0],"15":[0,0],"16":[0,0],"17":[0,0],"18":[0,0],"19":[0,0],"20":[0,0]},"f":{"1":0,"2":0,"3":0,"4":0,"5":0,"6":0,"7":0,"8":0,"9":0,"10":0},"fnMap":{"1":{"name":"onlyDAO","line":35,"loc":{"start":{"line":35,"column":4},"end":{"line":35,"column":71}}},"2":{"name":"constructor","line":37,"loc":{"start":{"line":37,"column":4},"end":{"line":42,"column":4}}},"3":{"name":"setModules","line":44,"loc":{"start":{"line":44,"column":4},"end":{"line":48,"column":4}}},"4":{"name":"setParams","line":50,"loc":{"start":{"line":50,"column":4},"end":{"line":54,"column":4}}},"5":{"name":"register","line":56,"loc":{"start":{"line":56,"column":4},"end":{"line":59,"column":4}}},"6":{"name":"unregister","line":61,"loc":{"start":{"line":61,"column":4},"end":{"line":61,"column":131}}},"7":{"name":"setCouncil","line":63,"loc":{"start":{"line":63,"column":4},"end":{"line":77,"column":4}}},"8":{"name":"refreshCouncil","line":80,"loc":{"start":{"line":80,"column":4},"end":{"line":86,"column":4}}},"9":{"name":"_eligible","line":88,"loc":{"start":{"line":88,"column":4},"end":{"line":92,"column":4}}},"10":{"name":"_log","line":94,"loc":{"start":{"line":94,"column":4},"end":{"line":96,"column":4}}}},"statementMap":{"1":{"start":{"line":35,"column":25},"end":{"line":35,"column":66}},"2":{"start":{"line":38,"column":8},"end":{"line":38,"column":93}},"3":{"start":{"line":41,"column":8},"end":{"line":41,"column":48}},"4":{"start":{"line":45,"column":8},"end":{"line":45,"column":93}},"5":{"start":{"line":47,"column":8},"end":{"line":47,"column":48}},"6":{"start":{"line":47,"column":50},"end":{"line":47,"column":71}},"7":{"start":{"line":51,"column":8},"end":{"line":51,"column":43}},"8":{"start":{"line":53,"column":8},"end":{"line":53,"column":54}},"9":{"start":{"line":53,"column":56},"end":{"line":53,"column":76}},"10":{"start":{"line":57,"column":8},"end":{"line":57,"column":59}},"11":{"start":{"line":58,"column":38},"end":{"line":58,"column":74}},"12":{"start":{"line":58,"column":76},"end":{"line":58,"column":94}},"13":{"start":{"line":61,"column":68},"end":{"line":61,"column":106}},"14":{"start":{"line":61,"column":108},"end":{"line":61,"column":128}},"15":{"start":{"line":64,"column":8},"end":{"line":64,"column":86}},"16":{"start":{"line":68,"column":8},"end":{"line":68,"column":100}},"17":{"start":{"line":68,"column":48},"end":{"line":68,"column":98}},"18":{"start":{"line":72,"column":8},"end":{"line":72,"column":76}},"19":{"start":{"line":75,"column":8},"end":{"line":75,"column":41}},"20":{"start":{"line":76,"column":8},"end":{"line":76,"column":29}},"21":{"start":{"line":81,"column":8},"end":{"line":81,"column":3854}},"22":{"start":{"line":82,"column":12},"end":{"line":82,"column":32}},"23":{"start":{"line":83,"column":12},"end":{"line":83,"column":69}},"24":{"start":{"line":85,"column":8},"end":{"line":85,"column":25}},"25":{"start":{"line":89,"column":8},"end":{"line":89,"column":39}},"26":{"start":{"line":89,"column":27},"end":{"line":89,"column":39}},"27":{"start":{"line":90,"column":8},"end":{"line":90,"column":57}},"28":{"start":{"line":90,"column":45},"end":{"line":90,"column":57}},"29":{"start":{"line":91,"column":8},"end":{"line":91,"column":50}},"30":{"start":{"line":95,"column":8},"end":{"line":95,"column":116}},"31":{"start":{"line":95,"column":43},"end":{"line":95,"column":114}}},"branchMap":{"1":{"line":35,"type":"if","locations":[{"start":{"line":35,"column":25},"end":{"line":35,"column":25}},{"start":{"line":35,"column":25},"end":{"line":35,"column":25}}]},"2":{"line":38,"type":"if","locations":[{"start":{"line":38,"column":8},"end":{"line":38,"column":8}},{"start":{"line":38,"column":8},"end":{"line":38,"column":8}}]},"3":{"line":38,"type":"cond-expr","locations":[{"start":{"line":38,"column":12},"end":{"line":38,"column":29}},{"start":{"line":38,"column":34},"end":{"line":38,"column":52}}]},"4":{"line":38,"type":"cond-expr","locations":[{"start":{"line":38,"column":12},"end":{"line":38,"column":52}},{"start":{"line":38,"column":57},"end":{"line":38,"column":74}}]},"5":{"line":44,"type":"if","locations":[{"start":{"line":44,"column":93},"end":{"line":44,"column":93}},{"start":{"line":44,"column":93},"end":{"line":44,"column":93}}]},"6":{"line":45,"type":"if","locations":[{"start":{"line":45,"column":8},"end":{"line":45,"column":8}},{"start":{"line":45,"column":8},"end":{"line":45,"column":8}}]},"7":{"line":45,"type":"cond-expr","locations":[{"start":{"line":45,"column":12},"end":{"line":45,"column":29}},{"start":{"line":45,"column":34},"end":{"line":45,"column":52}}]},"8":{"line":45,"type":"cond-expr","locations":[{"start":{"line":45,"column":12},"end":{"line":45,"column":52}},{"start":{"line":45,"column":57},"end":{"line":45,"column":74}}]},"9":{"line":50,"type":"if","locations":[{"start":{"line":50,"column":94},"end":{"line":50,"column":94}},{"start":{"line":50,"column":94},"end":{"line":50,"column":94}}]},"10":{"line":51,"type":"if","locations":[{"start":{"line":51,"column":8},"end":{"line":51,"column":8}},{"start":{"line":51,"column":8},"end":{"line":51,"column":8}}]},"11":{"line":57,"type":"if","locations":[{"start":{"line":57,"column":8},"end":{"line":57,"column":8}},{"start":{"line":57,"column":8},"end":{"line":57,"column":8}}]},"12":{"line":63,"type":"if","locations":[{"start":{"line":63,"column":61},"end":{"line":63,"column":61}},{"start":{"line":63,"column":61},"end":{"line":63,"column":61}}]},"13":{"line":64,"type":"if","locations":[{"start":{"line":64,"column":8},"end":{"line":64,"column":8}},{"start":{"line":64,"column":8},"end":{"line":64,"column":8}}]},"14":{"line":64,"type":"cond-expr","locations":[{"start":{"line":64,"column":12},"end":{"line":64,"column":28}},{"start":{"line":64,"column":33},"end":{"line":64,"column":58}}]},"15":{"line":68,"type":"if","locations":[{"start":{"line":68,"column":48},"end":{"line":68,"column":48}},{"start":{"line":68,"column":48},"end":{"line":68,"column":48}}]},"16":{"line":80,"type":"if","locations":[{"start":{"line":80,"column":65},"end":{"line":80,"column":65}},{"start":{"line":80,"column":65},"end":{"line":80,"column":65}}]},"17":{"line":83,"type":"if","locations":[{"start":{"line":83,"column":12},"end":{"line":83,"column":12}},{"start":{"line":83,"column":12},"end":{"line":83,"column":12}}]},"18":{"line":89,"type":"if","locations":[{"start":{"line":89,"column":8},"end":{"line":89,"column":8}},{"start":{"line":89,"column":8},"end":{"line":89,"column":8}}]},"19":{"line":90,"type":"if","locations":[{"start":{"line":90,"column":8},"end":{"line":90,"column":8}},{"start":{"line":90,"column":8},"end":{"line":90,"column":8}}]},"20":{"line":95,"type":"if","locations":[{"start":{"line":95,"column":8},"end":{"line":95,"column":8}},{"start":{"line":95,"column":8},"end":{"line":95,"column":8}}]}}},"contracts-min/DAO.sol":{"l":{"60":0,"66":0,"68":0,"75":0,"76":0,"80":0,"81":0,"82":0,"85":0,"89":0,"90":0,"91":0,"92":0,"93":0,"95":0,"96":0,"100":0,"101":0,"102":0,"103":0,"104":0,"105":0,"106":0,"109":0,"110":0,"114":0,"115":0,"116":0,"117":0,"118":0,"119":0,"124":0,"125":0},"path":"/workspaces/Vfide/contracts-min/DAO.sol","s":{"1":0,"2":0,"3":0,"4":0,"5":0,"6":0,"7":0,"8":0,"9":0,"10":0,"11":0,"12":0,"13":0,"14":0,"15":0,"16":0,"17":0,"18":0,"19":0,"20":0,"21":0,"22":0,"23":0,"24":0,"25":0,"26":0,"27":0,"28":0,"29":0,"30":0,"31":0,"32":0,"33":0,"34":0,"35":0,"36":0,"37":0,"38":0,"39":0,"40":0,"41":0,"42":0,"43":0,"44":0,"45":0},"b":{"1":[0,0],"2":[0,0],"3":[0,0],"4":[0,0],"5":[0,0],"6":[0,0],"7":[0,0],"8":[0,0],"9":[0,0],"10":[0,0],"11":[0,0],"12":[0,0],"13":[0,0],"14":[0,0],"15":[0,0],"16":[0,0],"17":[0,0],"18":[0,0],"19":[0,0],"20":[0,0],"21":[0,0],"22":[0,0],"23":[0,0],"24":[0,0],"25":[0,0],"26":[0,0]},"f":{"1":0,"2":0,"3":0,"4":0,"5":0,"6":0,"7":0,"8":0,"9":0,"10":0},"fnMap":{"1":{"name":"onlyAdmin","line":57,"loc":{"start":{"line":57,"column":4},"end":{"line":57,"column":76}}},"2":{"name":"constructor","line":59,"loc":{"start":{"line":59,"column":4},"end":{"line":63,"column":4}}},"3":{"name":"setModules","line":65,"loc":{"start":{"line":65,"column":4},"end":{"line":69,"column":4}}},"4":{"name":"setAdmin","line":71,"loc":{"start":{"line":71,"column":4},"end":{"line":71,"column":132}}},"5":{"name":"setParams","line":72,"loc":{"start":{"line":72,"column":4},"end":{"line":72,"column":186}}},"6":{"name":"_eligible","line":74,"loc":{"start":{"line":74,"column":4},"end":{"line":77,"column":4}}},"7":{"name":"propose","line":79,"loc":{"start":{"line":79,"column":4},"end":{"line":86,"column":4}}},"8":{"name":"vote","line":88,"loc":{"start":{"line":88,"column":4},"end":{"line":97,"column":4}}},"9":{"name":"finalize","line":99,"loc":{"start":{"line":99,"column":4},"end":{"line":121,"column":4}}},"10":{"name":"markExecuted","line":123,"loc":{"start":{"line":123,"column":4},"end":{"line":127,"column":4}}}},"statementMap":{"1":{"start":{"line":57,"column":27},"end":{"line":57,"column":71}},"2":{"start":{"line":60,"column":8},"end":{"line":60,"column":108}},"3":{"start":{"line":62,"column":8},"end":{"line":62,"column":63}},"4":{"start":{"line":62,"column":65},"end":{"line":62,"column":86}},"5":{"start":{"line":66,"column":8},"end":{"line":66,"column":81}},"6":{"start":{"line":68,"column":8},"end":{"line":68,"column":63}},"7":{"start":{"line":71,"column":59},"end":{"line":71,"column":92}},"8":{"start":{"line":71,"column":109},"end":{"line":71,"column":130}},"9":{"start":{"line":72,"column":71},"end":{"line":72,"column":105}},"10":{"start":{"line":72,"column":107},"end":{"line":72,"column":123}},"11":{"start":{"line":72,"column":158},"end":{"line":72,"column":184}},"12":{"start":{"line":75,"column":8},"end":{"line":75,"column":57}},"13":{"start":{"line":75,"column":45},"end":{"line":75,"column":57}},"14":{"start":{"line":76,"column":8},"end":{"line":76,"column":58}},"15":{"start":{"line":80,"column":8},"end":{"line":80,"column":59}},"16":{"start":{"line":82,"column":8},"end":{"line":82,"column":40}},"17":{"start":{"line":85,"column":8},"end":{"line":85,"column":79}},"18":{"start":{"line":89,"column":8},"end":{"line":89,"column":40}},"19":{"start":{"line":90,"column":8},"end":{"line":90,"column":49}},"20":{"start":{"line":91,"column":8},"end":{"line":91,"column":57}},"21":{"start":{"line":92,"column":8},"end":{"line":92,"column":59}},"22":{"start":{"line":93,"column":8},"end":{"line":93,"column":60}},"23":{"start":{"line":94,"column":37},"end":{"line":94,"column":86}},"24":{"start":{"line":95,"column":8},"end":{"line":95,"column":41}},"25":{"start":{"line":96,"column":8},"end":{"line":96,"column":98}},"26":{"start":{"line":96,"column":42},"end":{"line":96,"column":96}},"27":{"start":{"line":100,"column":8},"end":{"line":100,"column":40}},"28":{"start":{"line":101,"column":8},"end":{"line":101,"column":49}},"29":{"start":{"line":102,"column":8},"end":{"line":102,"column":46}},"30":{"start":{"line":103,"column":8},"end":{"line":103,"column":45}},"31":{"start":{"line":104,"column":8},"end":{"line":104,"column":46}},"32":{"start":{"line":105,"column":8},"end":{"line":105,"column":67}},"33":{"start":{"line":106,"column":8},"end":{"line":106,"column":55}},"34":{"start":{"line":109,"column":8},"end":{"line":109,"column":5488}},"35":{"start":{"line":114,"column":8},"end":{"line":114,"column":33}},"36":{"start":{"line":115,"column":8},"end":{"line":115,"column":87}},"37":{"start":{"line":115,"column":42},"end":{"line":115,"column":85}},"38":{"start":{"line":116,"column":8},"end":{"line":116,"column":5740}},"39":{"start":{"line":117,"column":12},"end":{"line":117,"column":68}},"40":{"start":{"line":118,"column":12},"end":{"line":118,"column":32}},"41":{"start":{"line":119,"column":12},"end":{"line":119,"column":106}},"42":{"start":{"line":119,"column":46},"end":{"line":119,"column":104}},"43":{"start":{"line":124,"column":8},"end":{"line":124,"column":40}},"44":{"start":{"line":125,"column":8},"end":{"line":125,"column":43}},"45":{"start":{"line":126,"column":25},"end":{"line":126,"column":42}}},"branchMap":{"1":{"line":57,"type":"if","locations":[{"start":{"line":57,"column":27},"end":{"line":57,"column":27}},{"start":{"line":57,"column":27},"end":{"line":57,"column":27}}]},"2":{"line":60,"type":"if","locations":[{"start":{"line":60,"column":8},"end":{"line":60,"column":8}},{"start":{"line":60,"column":8},"end":{"line":60,"column":8}}]},"3":{"line":65,"type":"if","locations":[{"start":{"line":65,"column":97},"end":{"line":65,"column":97}},{"start":{"line":65,"column":97},"end":{"line":65,"column":97}}]},"4":{"line":66,"type":"if","locations":[{"start":{"line":66,"column":8},"end":{"line":66,"column":8}},{"start":{"line":66,"column":8},"end":{"line":66,"column":8}}]},"5":{"line":71,"type":"if","locations":[{"start":{"line":71,"column":47},"end":{"line":71,"column":47}},{"start":{"line":71,"column":47},"end":{"line":71,"column":47}}]},"6":{"line":71,"type":"if","locations":[{"start":{"line":71,"column":59},"end":{"line":71,"column":59}},{"start":{"line":71,"column":59},"end":{"line":71,"column":59}}]},"7":{"line":72,"type":"if","locations":[{"start":{"line":72,"column":59},"end":{"line":72,"column":59}},{"start":{"line":72,"column":59},"end":{"line":72,"column":59}}]},"8":{"line":72,"type":"if","locations":[{"start":{"line":72,"column":71},"end":{"line":72,"column":71}},{"start":{"line":72,"column":71},"end":{"line":72,"column":71}}]},"9":{"line":72,"type":"if","locations":[{"start":{"line":72,"column":107},"end":{"line":72,"column":107}},{"start":{"line":72,"column":107},"end":{"line":72,"column":107}}]},"10":{"line":75,"type":"if","locations":[{"start":{"line":75,"column":8},"end":{"line":75,"column":8}},{"start":{"line":75,"column":8},"end":{"line":75,"column":8}}]},"11":{"line":80,"type":"if","locations":[{"start":{"line":80,"column":8},"end":{"line":80,"column":8}},{"start":{"line":80,"column":8},"end":{"line":80,"column":8}}]},"12":{"line":90,"type":"if","locations":[{"start":{"line":90,"column":8},"end":{"line":90,"column":8}},{"start":{"line":90,"column":8},"end":{"line":90,"column":8}}]},"13":{"line":91,"type":"if","locations":[{"start":{"line":91,"column":8},"end":{"line":91,"column":8}},{"start":{"line":91,"column":8},"end":{"line":91,"column":8}}]},"14":{"line":92,"type":"if","locations":[{"start":{"line":92,"column":8},"end":{"line":92,"column":8}},{"start":{"line":92,"column":8},"end":{"line":92,"column":8}}]},"15":{"line":93,"type":"if","locations":[{"start":{"line":93,"column":8},"end":{"line":93,"column":8}},{"start":{"line":93,"column":8},"end":{"line":93,"column":8}}]},"16":{"line":94,"type":"if","locations":[{"start":{"line":94,"column":37},"end":{"line":94,"column":37}},{"start":{"line":94,"column":37},"end":{"line":94,"column":37}}]},"17":{"line":96,"type":"if","locations":[{"start":{"line":96,"column":8},"end":{"line":96,"column":8}},{"start":{"line":96,"column":8},"end":{"line":96,"column":8}}]},"18":{"line":101,"type":"if","locations":[{"start":{"line":101,"column":8},"end":{"line":101,"column":8}},{"start":{"line":101,"column":8},"end":{"line":101,"column":8}}]},"19":{"line":102,"type":"if","locations":[{"start":{"line":102,"column":8},"end":{"line":102,"column":8}},{"start":{"line":102,"column":8},"end":{"line":102,"column":8}}]},"20":{"line":103,"type":"if","locations":[{"start":{"line":103,"column":8},"end":{"line":103,"column":8}},{"start":{"line":103,"column":8},"end":{"line":103,"column":8}}]},"21":{"line":109,"type":"if","locations":[{"start":{"line":109,"column":8},"end":{"line":109,"column":8}},{"start":{"line":109,"column":8},"end":{"line":109,"column":8}}]},"22":{"line":115,"type":"if","locations":[{"start":{"line":115,"column":8},"end":{"line":115,"column":8}},{"start":{"line":115,"column":8},"end":{"line":115,"column":8}}]},"23":{"line":116,"type":"if","locations":[{"start":{"line":116,"column":8},"end":{"line":116,"column":8}},{"start":{"line":116,"column":8},"end":{"line":116,"column":8}}]},"24":{"line":119,"type":"if","locations":[{"start":{"line":119,"column":12},"end":{"line":119,"column":12}},{"start":{"line":119,"column":12},"end":{"line":119,"column":12}}]},"25":{"line":123,"type":"if","locations":[{"start":{"line":123,"column":47},"end":{"line":123,"column":47}},{"start":{"line":123,"column":47},"end":{"line":123,"column":47}}]},"26":{"line":125,"type":"if","locations":[{"start":{"line":125,"column":8},"end":{"line":125,"column":8}},{"start":{"line":125,"column":8},"end":{"line":125,"column":8}}]}}},"contracts-min/DAOTimelock.sol":{"l":{"39":0,"40":0,"41":0,"42":0,"49":0,"50":0,"51":0,"53":0,"54":0,"56":0,"59":0,"60":0,"61":0,"63":0,"67":0},"path":"/workspaces/Vfide/contracts-min/DAOTimelock.sol","s":{"1":0,"2":0,"3":0,"4":0,"5":0,"6":0,"7":0,"8":0,"9":0,"10":0,"11":0,"12":0,"13":0,"14":0,"15":0,"16":0,"17":0,"18":0,"19":0,"20":0,"21":0,"22":0,"23":0,"24":0,"25":0,"26":0,"27":0,"28":0,"29":0,"30":0,"31":0,"32":0},"b":{"1":[0,0],"2":[0,0],"3":[0,0],"4":[0,0],"5":[0,0],"6":[0,0],"7":[0,0],"8":[0,0],"9":[0,0],"10":[0,0],"11":[0,0],"12":[0,0],"13":[0,0],"14":[0,0],"15":[0,0],"16":[0,0],"17":[0,0],"18":[0,0]},"f":{"1":0,"2":0,"3":0,"4":0,"5":0,"6":0,"7":0,"8":0,"9":0,"10":0},"fnMap":{"1":{"name":"onlyAdmin","line":29,"loc":{"start":{"line":29,"column":4},"end":{"line":29,"column":73}}},"2":{"name":"constructor","line":31,"loc":{"start":{"line":31,"column":4},"end":{"line":31,"column":109}}},"3":{"name":"setAdmin","line":33,"loc":{"start":{"line":33,"column":4},"end":{"line":33,"column":157}}},"4":{"name":"setDelay","line":34,"loc":{"start":{"line":34,"column":4},"end":{"line":34,"column":117}}},"5":{"name":"setLedger","line":35,"loc":{"start":{"line":35,"column":4},"end":{"line":35,"column":143}}},"6":{"name":"setPanicGuard","line":36,"loc":{"start":{"line":36,"column":4},"end":{"line":36,"column":146}}},"7":{"name":"queueTx","line":38,"loc":{"start":{"line":38,"column":4},"end":{"line":44,"column":4}}},"8":{"name":"cancel","line":46,"loc":{"start":{"line":46,"column":4},"end":{"line":46,"column":157}}},"9":{"name":"execute","line":48,"loc":{"start":{"line":48,"column":4},"end":{"line":64,"column":4}}},"10":{"name":"_log","line":66,"loc":{"start":{"line":66,"column":4},"end":{"line":68,"column":4}}}},"statementMap":{"1":{"start":{"line":29,"column":26},"end":{"line":29,"column":68}},"2":{"start":{"line":31,"column":33},"end":{"line":31,"column":69}},"3":{"start":{"line":31,"column":86},"end":{"line":31,"column":107}},"4":{"start":{"line":33,"column":59},"end":{"line":33,"column":95}},"5":{"start":{"line":33,"column":112},"end":{"line":33,"column":133}},"6":{"start":{"line":33,"column":135},"end":{"line":33,"column":154}},"7":{"start":{"line":34,"column":72},"end":{"line":34,"column":93}},"8":{"start":{"line":34,"column":95},"end":{"line":34,"column":114}},"9":{"start":{"line":35,"column":95},"end":{"line":35,"column":118}},"10":{"start":{"line":35,"column":120},"end":{"line":35,"column":140}},"11":{"start":{"line":36,"column":94},"end":{"line":36,"column":117}},"12":{"start":{"line":36,"column":119},"end":{"line":36,"column":143}},"13":{"start":{"line":39,"column":8},"end":{"line":39,"column":48}},"14":{"start":{"line":41,"column":8},"end":{"line":41,"column":54}},"15":{"start":{"line":43,"column":8},"end":{"line":43,"column":45}},"16":{"start":{"line":43,"column":47},"end":{"line":43,"column":63}},"17":{"start":{"line":46,"column":53},"end":{"line":46,"column":95}},"18":{"start":{"line":46,"column":115},"end":{"line":46,"column":133}},"19":{"start":{"line":46,"column":135},"end":{"line":46,"column":154}},"20":{"start":{"line":49,"column":8},"end":{"line":49,"column":31}},"21":{"start":{"line":50,"column":8},"end":{"line":50,"column":43}},"22":{"start":{"line":51,"column":8},"end":{"line":51,"column":42}},"23":{"start":{"line":53,"column":8},"end":{"line":53,"column":2502}},"24":{"start":{"line":54,"column":12},"end":{"line":54,"column":64}},"25":{"start":{"line":56,"column":12},"end":{"line":56,"column":55}},"26":{"start":{"line":60,"column":8},"end":{"line":60,"column":72}},"27":{"start":{"line":61,"column":8},"end":{"line":61,"column":32}},"28":{"start":{"line":62,"column":8},"end":{"line":62,"column":25}},"29":{"start":{"line":62,"column":27},"end":{"line":62,"column":45}},"30":{"start":{"line":63,"column":8},"end":{"line":63,"column":16}},"31":{"start":{"line":67,"column":8},"end":{"line":67,"column":112}},"32":{"start":{"line":67,"column":41},"end":{"line":67,"column":110}}},"branchMap":{"1":{"line":29,"type":"if","locations":[{"start":{"line":29,"column":26},"end":{"line":29,"column":26}},{"start":{"line":29,"column":26},"end":{"line":29,"column":26}}]},"2":{"line":31,"type":"if","locations":[{"start":{"line":31,"column":33},"end":{"line":31,"column":33}},{"start":{"line":31,"column":33},"end":{"line":31,"column":33}}]},"3":{"line":33,"type":"if","locations":[{"start":{"line":33,"column":47},"end":{"line":33,"column":47}},{"start":{"line":33,"column":47},"end":{"line":33,"column":47}}]},"4":{"line":33,"type":"if","locations":[{"start":{"line":33,"column":59},"end":{"line":33,"column":59}},{"start":{"line":33,"column":59},"end":{"line":33,"column":59}}]},"5":{"line":34,"type":"if","locations":[{"start":{"line":34,"column":46},"end":{"line":34,"column":46}},{"start":{"line":34,"column":46},"end":{"line":34,"column":46}}]},"6":{"line":35,"type":"if","locations":[{"start":{"line":35,"column":49},"end":{"line":35,"column":49}},{"start":{"line":35,"column":49},"end":{"line":35,"column":49}}]},"7":{"line":36,"type":"if","locations":[{"start":{"line":36,"column":49},"end":{"line":36,"column":49}},{"start":{"line":36,"column":49},"end":{"line":36,"column":49}}]},"8":{"line":38,"type":"if","locations":[{"start":{"line":38,"column":80},"end":{"line":38,"column":80}},{"start":{"line":38,"column":80},"end":{"line":38,"column":80}}]},"9":{"line":41,"type":"if","locations":[{"start":{"line":41,"column":8},"end":{"line":41,"column":8}},{"start":{"line":41,"column":8},"end":{"line":41,"column":8}}]},"10":{"line":46,"type":"if","locations":[{"start":{"line":46,"column":41},"end":{"line":46,"column":41}},{"start":{"line":46,"column":41},"end":{"line":46,"column":41}}]},"11":{"line":46,"type":"if","locations":[{"start":{"line":46,"column":53},"end":{"line":46,"column":53}},{"start":{"line":46,"column":53},"end":{"line":46,"column":53}}]},"12":{"line":50,"type":"if","locations":[{"start":{"line":50,"column":8},"end":{"line":50,"column":8}},{"start":{"line":50,"column":8},"end":{"line":50,"column":8}}]},"13":{"line":51,"type":"if","locations":[{"start":{"line":51,"column":8},"end":{"line":51,"column":8}},{"start":{"line":51,"column":8},"end":{"line":51,"column":8}}]},"14":{"line":53,"type":"if","locations":[{"start":{"line":53,"column":8},"end":{"line":53,"column":8}},{"start":{"line":53,"column":8},"end":{"line":53,"column":8}}]},"15":{"line":54,"type":"if","locations":[{"start":{"line":54,"column":12},"end":{"line":54,"column":12}},{"start":{"line":54,"column":12},"end":{"line":54,"column":12}}]},"16":{"line":56,"type":"if","locations":[{"start":{"line":56,"column":12},"end":{"line":56,"column":12}},{"start":{"line":56,"column":12},"end":{"line":56,"column":12}}]},"17":{"line":61,"type":"if","locations":[{"start":{"line":61,"column":8},"end":{"line":61,"column":8}},{"start":{"line":61,"column":8},"end":{"line":61,"column":8}}]},"18":{"line":67,"type":"if","locations":[{"start":{"line":67,"column":8},"end":{"line":67,"column":8}},{"start":{"line":67,"column":8},"end":{"line":67,"column":8}}]}}},"contracts-min/DevReserveVestingVault.sol":{"l":{"43":0,"44":0,"45":0,"46":0,"96":0,"97":0,"98":0,"99":0,"100":0,"101":0,"102":0,"103":0,"105":0,"106":0,"114":0,"115":0,"116":0,"117":0,"118":0,"122":0,"123":0,"124":0,"128":0,"136":0,"137":0,"138":0,"139":0,"147":0,"148":0,"150":0,"152":0,"154":0,"155":0,"158":0,"159":0,"162":0,"165":0,"166":0,"168":0,"169":0,"177":0,"179":0,"180":0,"182":0,"183":0,"184":0,"186":0,"187":0,"191":0,"192":0,"194":0,"196":0,"197":0,"198":0,"203":0,"205":0,"208":0,"209":0,"210":0,"213":0,"216":0,"217":0,"218":0,"221":0,"224":0,"225":0,"226":0,"229":0,"233":0,"234":0,"242":0,"245":0},"path":"/workspaces/Vfide/contracts-min/DevReserveVestingVault.sol","s":{"1":0,"2":0,"3":0,"4":0,"5":0,"6":0,"7":0,"8":0,"9":0,"10":0,"11":0,"12":0,"13":0,"14":0,"15":0,"16":0,"17":0,"18":0,"19":0,"20":0,"21":0,"22":0,"23":0,"24":0,"25":0,"26":0,"27":0,"28":0,"29":0,"30":0,"31":0,"32":0,"33":0,"34":0,"35":0,"36":0,"37":0,"38":0,"39":0,"40":0,"41":0,"42":0,"43":0,"44":0,"45":0,"46":0,"47":0,"48":0,"49":0,"50":0,"51":0,"52":0,"53":0,"54":0,"55":0,"56":0,"57":0,"58":0,"59":0,"60":0,"61":0,"62":0},"b":{"1":[0,0],"2":[0,0],"3":[0,0],"4":[0,0],"5":[0,0],"6":[0,0],"7":[0,0],"8":[0,0],"9":[0,0],"10":[0,0],"11":[0,0],"12":[0,0],"13":[0,0],"14":[0,0],"15":[0,0],"16":[0,0],"17":[0,0],"18":[0,0],"19":[0,0],"20":[0,0],"21":[0,0],"22":[0,0],"23":[0,0],"24":[0,0],"25":[0,0],"26":[0,0],"27":[0,0],"28":[0,0],"29":[0,0],"30":[0,0]},"f":{"1":0,"2":0,"3":0,"4":0,"5":0,"6":0,"7":0,"8":0,"9":0,"10":0,"11":0,"12":0,"13":0},"fnMap":{"1":{"name":"nonReentrant","line":42,"loc":{"start":{"line":42,"column":4},"end":{"line":47,"column":4}}},"2":{"name":"constructor","line":87,"loc":{"start":{"line":87,"column":4},"end":{"line":107,"column":4}}},"3":{"name":"vested","line":113,"loc":{"start":{"line":113,"column":4},"end":{"line":119,"column":4}}},"4":{"name":"claimable","line":121,"loc":{"start":{"line":121,"column":4},"end":{"line":125,"column":4}}},"5":{"name":"beneficiaryVault","line":127,"loc":{"start":{"line":127,"column":4},"end":{"line":129,"column":4}}},"6":{"name":"pauseClaims","line":135,"loc":{"start":{"line":135,"column":4},"end":{"line":140,"column":4}}},"7":{"name":"claim","line":146,"loc":{"start":{"line":146,"column":4},"end":{"line":170,"column":4}}},"8":{"name":"_syncStart","line":176,"loc":{"start":{"line":176,"column":4},"end":{"line":188,"column":4}}},"9":{"name":"_projTimesView","line":190,"loc":{"start":{"line":190,"column":4},"end":{"line":200,"column":4}}},"10":{"name":"_fetchStartFromPresale","line":202,"loc":{"start":{"line":202,"column":4},"end":{"line":230,"column":4}}},"11":{"name":"_peekStartFromPresale","line":232,"loc":{"start":{"line":232,"column":4},"end":{"line":235,"column":4}}},"12":{"name":"_log","line":241,"loc":{"start":{"line":241,"column":4},"end":{"line":243,"column":4}}},"13":{"name":"_logEv","line":244,"loc":{"start":{"line":244,"column":4},"end":{"line":246,"column":4}}}},"statementMap":{"1":{"start":{"line":43,"column":8},"end":{"line":43,"column":42}},"2":{"start":{"line":96,"column":8},"end":{"line":96,"column":119}},"3":{"start":{"line":105,"column":8},"end":{"line":105,"column":89}},"4":{"start":{"line":106,"column":8},"end":{"line":106,"column":35}},"5":{"start":{"line":114,"column":8},"end":{"line":114,"column":57}},"6":{"start":{"line":115,"column":8},"end":{"line":115,"column":51}},"7":{"start":{"line":115,"column":43},"end":{"line":115,"column":51}},"8":{"start":{"line":116,"column":8},"end":{"line":116,"column":51}},"9":{"start":{"line":116,"column":34},"end":{"line":116,"column":51}},"10":{"start":{"line":117,"column":8},"end":{"line":117,"column":54}},"11":{"start":{"line":118,"column":8},"end":{"line":118,"column":45}},"12":{"start":{"line":122,"column":8},"end":{"line":122,"column":28}},"13":{"start":{"line":123,"column":8},"end":{"line":123,"column":39}},"14":{"start":{"line":123,"column":31},"end":{"line":123,"column":39}},"15":{"start":{"line":124,"column":8},"end":{"line":124,"column":31}},"16":{"start":{"line":128,"column":8},"end":{"line":128,"column":63}},"17":{"start":{"line":136,"column":8},"end":{"line":136,"column":65}},"18":{"start":{"line":138,"column":8},"end":{"line":138,"column":29}},"19":{"start":{"line":139,"column":8},"end":{"line":139,"column":57}},"20":{"start":{"line":147,"column":8},"end":{"line":147,"column":65}},"21":{"start":{"line":148,"column":8},"end":{"line":148,"column":44}},"22":{"start":{"line":150,"column":8},"end":{"line":150,"column":19}},"23":{"start":{"line":152,"column":8},"end":{"line":152,"column":42}},"24":{"start":{"line":154,"column":8},"end":{"line":154,"column":5699}},"25":{"start":{"line":158,"column":8},"end":{"line":158,"column":36}},"26":{"start":{"line":159,"column":8},"end":{"line":159,"column":51}},"27":{"start":{"line":165,"column":8},"end":{"line":165,"column":58}},"28":{"start":{"line":166,"column":8},"end":{"line":166,"column":37}},"29":{"start":{"line":168,"column":8},"end":{"line":168,"column":59}},"30":{"start":{"line":169,"column":8},"end":{"line":169,"column":48}},"31":{"start":{"line":177,"column":8},"end":{"line":177,"column":39}},"32":{"start":{"line":177,"column":33},"end":{"line":177,"column":39}},"33":{"start":{"line":179,"column":8},"end":{"line":179,"column":44}},"34":{"start":{"line":180,"column":8},"end":{"line":180,"column":42}},"35":{"start":{"line":186,"column":8},"end":{"line":186,"column":33}},"36":{"start":{"line":187,"column":8},"end":{"line":187,"column":70}},"37":{"start":{"line":192,"column":8},"end":{"line":192,"column":7031}},"38":{"start":{"line":196,"column":8},"end":{"line":196,"column":7145}},"39":{"start":{"line":203,"column":8},"end":{"line":203,"column":43}},"40":{"start":{"line":203,"column":35},"end":{"line":203,"column":43}},"41":{"start":{"line":205,"column":8},"end":{"line":205,"column":7359}},"42":{"start":{"line":208,"column":8},"end":{"line":208,"column":7520}},"43":{"start":{"line":209,"column":12},"end":{"line":209,"column":50}},"44":{"start":{"line":210,"column":12},"end":{"line":210,"column":34}},"45":{"start":{"line":210,"column":25},"end":{"line":210,"column":34}},"46":{"start":{"line":213,"column":8},"end":{"line":213,"column":7658}},"47":{"start":{"line":216,"column":8},"end":{"line":216,"column":7817}},"48":{"start":{"line":217,"column":12},"end":{"line":217,"column":50}},"49":{"start":{"line":218,"column":12},"end":{"line":218,"column":34}},"50":{"start":{"line":218,"column":25},"end":{"line":218,"column":34}},"51":{"start":{"line":221,"column":8},"end":{"line":221,"column":7955}},"52":{"start":{"line":224,"column":8},"end":{"line":224,"column":8102}},"53":{"start":{"line":225,"column":12},"end":{"line":225,"column":50}},"54":{"start":{"line":226,"column":12},"end":{"line":226,"column":34}},"55":{"start":{"line":226,"column":25},"end":{"line":226,"column":34}},"56":{"start":{"line":229,"column":8},"end":{"line":229,"column":16}},"57":{"start":{"line":233,"column":8},"end":{"line":233,"column":44}},"58":{"start":{"line":234,"column":8},"end":{"line":234,"column":37}},"59":{"start":{"line":242,"column":8},"end":{"line":242,"column":126}},"60":{"start":{"line":242,"column":36},"end":{"line":242,"column":124}},"61":{"start":{"line":245,"column":8},"end":{"line":245,"column":112}},"62":{"start":{"line":245,"column":36},"end":{"line":245,"column":110}}},"branchMap":{"1":{"line":43,"type":"if","locations":[{"start":{"line":43,"column":8},"end":{"line":43,"column":8}},{"start":{"line":43,"column":8},"end":{"line":43,"column":8}}]},"2":{"line":96,"type":"if","locations":[{"start":{"line":96,"column":8},"end":{"line":96,"column":8}},{"start":{"line":96,"column":8},"end":{"line":96,"column":8}}]},"3":{"line":96,"type":"cond-expr","locations":[{"start":{"line":96,"column":12},"end":{"line":96,"column":29}},{"start":{"line":96,"column":34},"end":{"line":96,"column":57}}]},"4":{"line":96,"type":"cond-expr","locations":[{"start":{"line":96,"column":12},"end":{"line":96,"column":57}},{"start":{"line":96,"column":62},"end":{"line":96,"column":82}}]},"5":{"line":96,"type":"cond-expr","locations":[{"start":{"line":96,"column":12},"end":{"line":96,"column":82}},{"start":{"line":96,"column":87},"end":{"line":96,"column":100}}]},"6":{"line":115,"type":"if","locations":[{"start":{"line":115,"column":8},"end":{"line":115,"column":8}},{"start":{"line":115,"column":8},"end":{"line":115,"column":8}}]},"7":{"line":115,"type":"cond-expr","locations":[{"start":{"line":115,"column":12},"end":{"line":115,"column":17}},{"start":{"line":115,"column":22},"end":{"line":115,"column":40}}]},"8":{"line":116,"type":"if","locations":[{"start":{"line":116,"column":8},"end":{"line":116,"column":8}},{"start":{"line":116,"column":8},"end":{"line":116,"column":8}}]},"9":{"line":123,"type":"if","locations":[{"start":{"line":123,"column":8},"end":{"line":123,"column":8}},{"start":{"line":123,"column":8},"end":{"line":123,"column":8}}]},"10":{"line":136,"type":"if","locations":[{"start":{"line":136,"column":8},"end":{"line":136,"column":8}},{"start":{"line":136,"column":8},"end":{"line":136,"column":8}}]},"11":{"line":146,"type":"if","locations":[{"start":{"line":146,"column":30},"end":{"line":146,"column":30}},{"start":{"line":146,"column":30},"end":{"line":146,"column":30}}]},"12":{"line":147,"type":"if","locations":[{"start":{"line":147,"column":8},"end":{"line":147,"column":8}},{"start":{"line":147,"column":8},"end":{"line":147,"column":8}}]},"13":{"line":148,"type":"if","locations":[{"start":{"line":148,"column":8},"end":{"line":148,"column":8}},{"start":{"line":148,"column":8},"end":{"line":148,"column":8}}]},"14":{"line":154,"type":"if","locations":[{"start":{"line":154,"column":8},"end":{"line":154,"column":8}},{"start":{"line":154,"column":8},"end":{"line":154,"column":8}}]},"15":{"line":159,"type":"if","locations":[{"start":{"line":159,"column":8},"end":{"line":159,"column":8}},{"start":{"line":159,"column":8},"end":{"line":159,"column":8}}]},"16":{"line":166,"type":"if","locations":[{"start":{"line":166,"column":8},"end":{"line":166,"column":8}},{"start":{"line":166,"column":8},"end":{"line":166,"column":8}}]},"17":{"line":177,"type":"if","locations":[{"start":{"line":177,"column":8},"end":{"line":177,"column":8}},{"start":{"line":177,"column":8},"end":{"line":177,"column":8}}]},"18":{"line":180,"type":"if","locations":[{"start":{"line":180,"column":8},"end":{"line":180,"column":8}},{"start":{"line":180,"column":8},"end":{"line":180,"column":8}}]},"19":{"line":192,"type":"if","locations":[{"start":{"line":192,"column":8},"end":{"line":192,"column":8}},{"start":{"line":192,"column":8},"end":{"line":192,"column":8}}]},"20":{"line":196,"type":"if","locations":[{"start":{"line":196,"column":8},"end":{"line":196,"column":8}},{"start":{"line":196,"column":8},"end":{"line":196,"column":8}}]},"21":{"line":203,"type":"if","locations":[{"start":{"line":203,"column":8},"end":{"line":203,"column":8}},{"start":{"line":203,"column":8},"end":{"line":203,"column":8}}]},"22":{"line":208,"type":"if","locations":[{"start":{"line":208,"column":8},"end":{"line":208,"column":8}},{"start":{"line":208,"column":8},"end":{"line":208,"column":8}}]},"23":{"line":210,"type":"if","locations":[{"start":{"line":210,"column":12},"end":{"line":210,"column":12}},{"start":{"line":210,"column":12},"end":{"line":210,"column":12}}]},"24":{"line":216,"type":"if","locations":[{"start":{"line":216,"column":8},"end":{"line":216,"column":8}},{"start":{"line":216,"column":8},"end":{"line":216,"column":8}}]},"25":{"line":218,"type":"if","locations":[{"start":{"line":218,"column":12},"end":{"line":218,"column":12}},{"start":{"line":218,"column":12},"end":{"line":218,"column":12}}]},"26":{"line":224,"type":"if","locations":[{"start":{"line":224,"column":8},"end":{"line":224,"column":8}},{"start":{"line":224,"column":8},"end":{"line":224,"column":8}}]},"27":{"line":226,"type":"if","locations":[{"start":{"line":226,"column":12},"end":{"line":226,"column":12}},{"start":{"line":226,"column":12},"end":{"line":226,"column":12}}]},"28":{"line":234,"type":"if","locations":[{"start":{"line":234,"column":24},"end":{"line":234,"column":24}},{"start":{"line":234,"column":28},"end":{"line":234,"column":36}}]},"29":{"line":242,"type":"if","locations":[{"start":{"line":242,"column":8},"end":{"line":242,"column":8}},{"start":{"line":242,"column":8},"end":{"line":242,"column":8}}]},"30":{"line":245,"type":"if","locations":[{"start":{"line":245,"column":8},"end":{"line":245,"column":8}},{"start":{"line":245,"column":8},"end":{"line":245,"column":8}}]}}},"contracts-min/EmergencyControl.sol":{"l":{"67":0,"68":0,"72":0,"73":0,"74":0,"75":0,"76":0,"82":0,"84":0,"85":0,"89":0,"90":0,"91":0,"95":0,"97":0,"102":0,"103":0,"106":0,"107":0,"110":0,"111":0,"112":0,"113":0,"114":0,"115":0,"116":0,"118":0,"119":0,"123":0,"124":0,"126":0,"127":0,"132":0,"134":0,"135":0,"136":0,"137":0,"142":0,"143":0,"144":0,"150":0,"151":0,"152":0,"153":0,"154":0,"159":0,"161":0,"162":0,"163":0,"164":0,"166":0,"167":0,"170":0,"171":0,"172":0,"173":0,"176":0,"177":0,"178":0,"179":0,"180":0,"182":0,"183":0,"186":0,"187":0,"188":0,"190":0,"191":0,"194":0,"195":0,"196":0,"197":0,"200":0,"201":0,"202":0,"203":0,"204":0,"206":0,"207":0,"215":0,"216":0,"224":0,"225":0,"232":0,"233":0,"237":0,"240":0},"path":"/workspaces/Vfide/contracts-min/EmergencyControl.sol","s":{"1":0,"2":0,"3":0,"4":0,"5":0,"6":0,"7":0,"8":0,"9":0,"10":0,"11":0,"12":0,"13":0,"14":0,"15":0,"16":0,"17":0,"18":0,"19":0,"20":0,"21":0,"22":0,"23":0,"24":0,"25":0,"26":0,"27":0,"28":0,"29":0,"30":0,"31":0,"32":0,"33":0,"34":0,"35":0,"36":0,"37":0,"38":0,"39":0,"40":0,"41":0,"42":0,"43":0,"44":0,"45":0,"46":0,"47":0,"48":0,"49":0,"50":0,"51":0,"52":0,"53":0,"54":0,"55":0,"56":0,"57":0,"58":0,"59":0,"60":0,"61":0,"62":0,"63":0,"64":0,"65":0},"b":{"1":[0,0],"2":[0,0],"3":[0,0],"4":[0,0],"5":[0,0],"6":[0,0],"7":[0,0],"8":[0,0],"9":[0,0],"10":[0,0],"11":[0,0],"12":[0,0],"13":[0,0],"14":[0,0],"15":[0,0],"16":[0,0],"17":[0,0],"18":[0,0],"19":[0,0],"20":[0,0],"21":[0,0],"22":[0,0],"23":[0,0],"24":[0,0],"25":[0,0],"26":[0,0],"27":[0,0],"28":[0,0],"29":[0,0],"30":[0,0],"31":[0,0],"32":[0,0],"33":[0,0]},"f":{"1":0,"2":0,"3":0,"4":0,"5":0,"6":0,"7":0,"8":0,"9":0,"10":0,"11":0,"12":0,"13":0,"14":0,"15":0},"fnMap":{"1":{"name":"onlyDAO","line":66,"loc":{"start":{"line":66,"column":4},"end":{"line":69,"column":4}}},"2":{"name":"constructor","line":71,"loc":{"start":{"line":71,"column":4},"end":{"line":77,"column":4}}},"3":{"name":"setModules","line":81,"loc":{"start":{"line":81,"column":4},"end":{"line":86,"column":4}}},"4":{"name":"setCooldown","line":88,"loc":{"start":{"line":88,"column":4},"end":{"line":92,"column":4}}},"5":{"name":"resetCommittee","line":94,"loc":{"start":{"line":94,"column":4},"end":{"line":120,"column":4}}},"6":{"name":"addMember","line":122,"loc":{"start":{"line":122,"column":4},"end":{"line":129,"column":4}}},"7":{"name":"removeMember","line":131,"loc":{"start":{"line":131,"column":4},"end":{"line":139,"column":4}}},"8":{"name":"setThreshold","line":141,"loc":{"start":{"line":141,"column":4},"end":{"line":145,"column":4}}},"9":{"name":"daoToggle","line":149,"loc":{"start":{"line":149,"column":4},"end":{"line":155,"column":4}}},"10":{"name":"committeeVote","line":158,"loc":{"start":{"line":158,"column":4},"end":{"line":210,"column":4}}},"11":{"name":"timeSinceLastToggle","line":214,"loc":{"start":{"line":214,"column":4},"end":{"line":217,"column":4}}},"12":{"name":"_resetVotes","line":222,"loc":{"start":{"line":222,"column":4},"end":{"line":229,"column":4}}},"13":{"name":"_enforceCooldown","line":231,"loc":{"start":{"line":231,"column":4},"end":{"line":234,"column":4}}},"14":{"name":"_log","line":236,"loc":{"start":{"line":236,"column":4},"end":{"line":238,"column":4}}},"15":{"name":"_logEv","line":239,"loc":{"start":{"line":239,"column":4},"end":{"line":241,"column":4}}}},"statementMap":{"1":{"start":{"line":67,"column":8},"end":{"line":67,"column":49}},"2":{"start":{"line":72,"column":8},"end":{"line":72,"column":74}},"3":{"start":{"line":76,"column":8},"end":{"line":76,"column":48}},"4":{"start":{"line":82,"column":8},"end":{"line":82,"column":74}},"5":{"start":{"line":84,"column":8},"end":{"line":84,"column":48}},"6":{"start":{"line":85,"column":8},"end":{"line":85,"column":29}},"7":{"start":{"line":90,"column":8},"end":{"line":90,"column":36}},"8":{"start":{"line":91,"column":8},"end":{"line":91,"column":30}},"9":{"start":{"line":95,"column":8},"end":{"line":95,"column":84}},"10":{"start":{"line":97,"column":8},"end":{"line":97,"column":3444}},"11":{"start":{"line":110,"column":8},"end":{"line":110,"column":3943}},"12":{"start":{"line":111,"column":12},"end":{"line":111,"column":34}},"13":{"start":{"line":112,"column":12},"end":{"line":112,"column":49}},"14":{"start":{"line":113,"column":12},"end":{"line":113,"column":54}},"15":{"start":{"line":116,"column":12},"end":{"line":116,"column":31}},"16":{"start":{"line":118,"column":8},"end":{"line":118,"column":48}},"17":{"start":{"line":119,"column":8},"end":{"line":119,"column":33}},"18":{"start":{"line":123,"column":8},"end":{"line":123,"column":45}},"19":{"start":{"line":124,"column":8},"end":{"line":124,"column":50}},"20":{"start":{"line":126,"column":8},"end":{"line":126,"column":27}},"21":{"start":{"line":127,"column":8},"end":{"line":127,"column":28}},"22":{"start":{"line":132,"column":8},"end":{"line":132,"column":47}},"23":{"start":{"line":134,"column":8},"end":{"line":134,"column":29}},"24":{"start":{"line":135,"column":8},"end":{"line":135,"column":31}},"25":{"start":{"line":136,"column":8},"end":{"line":136,"column":4893}},"26":{"start":{"line":142,"column":8},"end":{"line":142,"column":81}},"27":{"start":{"line":144,"column":8},"end":{"line":144,"column":31}},"28":{"start":{"line":150,"column":8},"end":{"line":150,"column":25}},"29":{"start":{"line":151,"column":8},"end":{"line":151,"column":35}},"30":{"start":{"line":153,"column":8},"end":{"line":153,"column":37}},"31":{"start":{"line":154,"column":8},"end":{"line":154,"column":79}},"32":{"start":{"line":159,"column":8},"end":{"line":159,"column":56}},"33":{"start":{"line":161,"column":8},"end":{"line":161,"column":5777}},"34":{"start":{"line":162,"column":12},"end":{"line":162,"column":66}},"35":{"start":{"line":166,"column":12},"end":{"line":166,"column":5963}},"36":{"start":{"line":167,"column":16},"end":{"line":167,"column":33}},"37":{"start":{"line":170,"column":16},"end":{"line":170,"column":47}},"38":{"start":{"line":176,"column":16},"end":{"line":176,"column":71}},"39":{"start":{"line":177,"column":16},"end":{"line":177,"column":68}},"40":{"start":{"line":178,"column":16},"end":{"line":178,"column":43}},"41":{"start":{"line":179,"column":16},"end":{"line":179,"column":53}},"42":{"start":{"line":180,"column":16},"end":{"line":180,"column":38}},"43":{"start":{"line":182,"column":16},"end":{"line":182,"column":75}},"44":{"start":{"line":183,"column":16},"end":{"line":183,"column":72}},"45":{"start":{"line":186,"column":12},"end":{"line":186,"column":68}},"46":{"start":{"line":190,"column":12},"end":{"line":190,"column":7062}},"47":{"start":{"line":191,"column":16},"end":{"line":191,"column":33}},"48":{"start":{"line":194,"column":16},"end":{"line":194,"column":49}},"49":{"start":{"line":200,"column":16},"end":{"line":200,"column":72}},"50":{"start":{"line":201,"column":16},"end":{"line":201,"column":70}},"51":{"start":{"line":202,"column":16},"end":{"line":202,"column":44}},"52":{"start":{"line":203,"column":16},"end":{"line":203,"column":54}},"53":{"start":{"line":204,"column":16},"end":{"line":204,"column":40}},"54":{"start":{"line":206,"column":16},"end":{"line":206,"column":78}},"55":{"start":{"line":207,"column":16},"end":{"line":207,"column":76}},"56":{"start":{"line":215,"column":8},"end":{"line":215,"column":54}},"57":{"start":{"line":215,"column":31},"end":{"line":215,"column":54}},"58":{"start":{"line":216,"column":8},"end":{"line":216,"column":53}},"59":{"start":{"line":232,"column":8},"end":{"line":232,"column":37}},"60":{"start":{"line":232,"column":31},"end":{"line":232,"column":37}},"61":{"start":{"line":233,"column":8},"end":{"line":233,"column":86}},"62":{"start":{"line":237,"column":8},"end":{"line":237,"column":118}},"63":{"start":{"line":237,"column":45},"end":{"line":237,"column":116}},"64":{"start":{"line":240,"column":8},"end":{"line":240,"column":104}},"65":{"start":{"line":240,"column":45},"end":{"line":240,"column":102}}},"branchMap":{"1":{"line":67,"type":"if","locations":[{"start":{"line":67,"column":8},"end":{"line":67,"column":8}},{"start":{"line":67,"column":8},"end":{"line":67,"column":8}}]},"2":{"line":72,"type":"if","locations":[{"start":{"line":72,"column":8},"end":{"line":72,"column":8}},{"start":{"line":72,"column":8},"end":{"line":72,"column":8}}]},"3":{"line":72,"type":"cond-expr","locations":[{"start":{"line":72,"column":12},"end":{"line":72,"column":29}},{"start":{"line":72,"column":34},"end":{"line":72,"column":55}}]},"4":{"line":81,"type":"if","locations":[{"start":{"line":81,"column":82},"end":{"line":81,"column":82}},{"start":{"line":81,"column":82},"end":{"line":81,"column":82}}]},"5":{"line":82,"type":"if","locations":[{"start":{"line":82,"column":8},"end":{"line":82,"column":8}},{"start":{"line":82,"column":8},"end":{"line":82,"column":8}}]},"6":{"line":82,"type":"cond-expr","locations":[{"start":{"line":82,"column":12},"end":{"line":82,"column":29}},{"start":{"line":82,"column":34},"end":{"line":82,"column":55}}]},"7":{"line":88,"type":"if","locations":[{"start":{"line":88,"column":53},"end":{"line":88,"column":53}},{"start":{"line":88,"column":53},"end":{"line":88,"column":53}}]},"8":{"line":94,"type":"if","locations":[{"start":{"line":94,"column":83},"end":{"line":94,"column":83}},{"start":{"line":94,"column":83},"end":{"line":94,"column":83}}]},"9":{"line":95,"type":"if","locations":[{"start":{"line":95,"column":8},"end":{"line":95,"column":8}},{"start":{"line":95,"column":8},"end":{"line":95,"column":8}}]},"10":{"line":95,"type":"cond-expr","locations":[{"start":{"line":95,"column":12},"end":{"line":95,"column":26}},{"start":{"line":95,"column":31},"end":{"line":95,"column":57}}]},"11":{"line":112,"type":"if","locations":[{"start":{"line":112,"column":12},"end":{"line":112,"column":12}},{"start":{"line":112,"column":12},"end":{"line":112,"column":12}}]},"12":{"line":113,"type":"if","locations":[{"start":{"line":113,"column":12},"end":{"line":113,"column":12}},{"start":{"line":113,"column":12},"end":{"line":113,"column":12}}]},"13":{"line":122,"type":"if","locations":[{"start":{"line":122,"column":43},"end":{"line":122,"column":43}},{"start":{"line":122,"column":43},"end":{"line":122,"column":43}}]},"14":{"line":123,"type":"if","locations":[{"start":{"line":123,"column":8},"end":{"line":123,"column":8}},{"start":{"line":123,"column":8},"end":{"line":123,"column":8}}]},"15":{"line":124,"type":"if","locations":[{"start":{"line":124,"column":8},"end":{"line":124,"column":8}},{"start":{"line":124,"column":8},"end":{"line":124,"column":8}}]},"16":{"line":131,"type":"if","locations":[{"start":{"line":131,"column":46},"end":{"line":131,"column":46}},{"start":{"line":131,"column":46},"end":{"line":131,"column":46}}]},"17":{"line":132,"type":"if","locations":[{"start":{"line":132,"column":8},"end":{"line":132,"column":8}},{"start":{"line":132,"column":8},"end":{"line":132,"column":8}}]},"18":{"line":136,"type":"if","locations":[{"start":{"line":136,"column":8},"end":{"line":136,"column":8}},{"start":{"line":136,"column":8},"end":{"line":136,"column":8}}]},"19":{"line":141,"type":"if","locations":[{"start":{"line":141,"column":53},"end":{"line":141,"column":53}},{"start":{"line":141,"column":53},"end":{"line":141,"column":53}}]},"20":{"line":142,"type":"if","locations":[{"start":{"line":142,"column":8},"end":{"line":142,"column":8}},{"start":{"line":142,"column":8},"end":{"line":142,"column":8}}]},"21":{"line":142,"type":"cond-expr","locations":[{"start":{"line":142,"column":12},"end":{"line":142,"column":26}},{"start":{"line":142,"column":31},"end":{"line":142,"column":54}}]},"22":{"line":149,"type":"if","locations":[{"start":{"line":149,"column":67},"end":{"line":149,"column":67}},{"start":{"line":149,"column":67},"end":{"line":149,"column":67}}]},"23":{"line":159,"type":"if","locations":[{"start":{"line":159,"column":8},"end":{"line":159,"column":8}},{"start":{"line":159,"column":8},"end":{"line":159,"column":8}}]},"24":{"line":161,"type":"if","locations":[{"start":{"line":161,"column":8},"end":{"line":161,"column":8}},{"start":{"line":161,"column":8},"end":{"line":161,"column":8}}]},"25":{"line":162,"type":"if","locations":[{"start":{"line":162,"column":12},"end":{"line":162,"column":12}},{"start":{"line":162,"column":12},"end":{"line":162,"column":12}}]},"26":{"line":166,"type":"if","locations":[{"start":{"line":166,"column":12},"end":{"line":166,"column":12}},{"start":{"line":166,"column":12},"end":{"line":166,"column":12}}]},"27":{"line":186,"type":"if","locations":[{"start":{"line":186,"column":12},"end":{"line":186,"column":12}},{"start":{"line":186,"column":12},"end":{"line":186,"column":12}}]},"28":{"line":190,"type":"if","locations":[{"start":{"line":190,"column":12},"end":{"line":190,"column":12}},{"start":{"line":190,"column":12},"end":{"line":190,"column":12}}]},"29":{"line":215,"type":"if","locations":[{"start":{"line":215,"column":8},"end":{"line":215,"column":8}},{"start":{"line":215,"column":8},"end":{"line":215,"column":8}}]},"30":{"line":232,"type":"if","locations":[{"start":{"line":232,"column":8},"end":{"line":232,"column":8}},{"start":{"line":232,"column":8},"end":{"line":232,"column":8}}]},"31":{"line":233,"type":"if","locations":[{"start":{"line":233,"column":8},"end":{"line":233,"column":8}},{"start":{"line":233,"column":8},"end":{"line":233,"column":8}}]},"32":{"line":237,"type":"if","locations":[{"start":{"line":237,"column":8},"end":{"line":237,"column":8}},{"start":{"line":237,"column":8},"end":{"line":237,"column":8}}]},"33":{"line":240,"type":"if","locations":[{"start":{"line":240,"column":8},"end":{"line":240,"column":8}},{"start":{"line":240,"column":8},"end":{"line":240,"column":8}}]}}},"contracts-min/GovernanceHooks.sol":{"l":{"17":0,"21":0,"25":0},"path":"/workspaces/Vfide/contracts-min/GovernanceHooks.sol","s":{"1":0,"2":0,"3":0,"4":0,"5":0,"6":0,"7":0},"b":{"1":[0,0]},"f":{"1":0,"2":0,"3":0,"4":0,"5":0,"6":0},"fnMap":{"1":{"name":"constructor","line":13,"loc":{"start":{"line":13,"column":4},"end":{"line":13,"column":137}}},"2":{"name":"setModules","line":14,"loc":{"start":{"line":14,"column":4},"end":{"line":14,"column":154}}},"3":{"name":"onProposalQueued","line":16,"loc":{"start":{"line":16,"column":4},"end":{"line":19,"column":4}}},"4":{"name":"onVoteCast","line":20,"loc":{"start":{"line":20,"column":4},"end":{"line":23,"column":4}}},"5":{"name":"onFinalized","line":24,"loc":{"start":{"line":24,"column":4},"end":{"line":26,"column":4}}},"6":{"name":"_log","line":28,"loc":{"start":{"line":28,"column":4},"end":{"line":28,"column":161}}}},"statementMap":{"1":{"start":{"line":13,"column":105},"end":{"line":13,"column":135}},"2":{"start":{"line":14,"column":122},"end":{"line":14,"column":152}},"3":{"start":{"line":17,"column":8},"end":{"line":17,"column":24}},"4":{"start":{"line":21,"column":8},"end":{"line":21,"column":22}},"5":{"start":{"line":25,"column":8},"end":{"line":25,"column":47}},"6":{"start":{"line":28,"column":51},"end":{"line":28,"column":159}},"7":{"start":{"line":28,"column":86},"end":{"line":28,"column":157}}},"branchMap":{"1":{"line":28,"type":"if","locations":[{"start":{"line":28,"column":51},"end":{"line":28,"column":51}},{"start":{"line":28,"column":51},"end":{"line":28,"column":51}}]}}},"contracts-min/Interfaces.sol":{"l":{},"path":"/workspaces/Vfide/contracts-min/Interfaces.sol","s":{},"b":{},"f":{},"fnMap":{},"statementMap":{},"branchMap":{}},"contracts-min/interfaces/ICommerceEscrow.sol":{"l":{},"path":"/workspaces/Vfide/contracts-min/interfaces/ICommerceEscrow.sol","s":{},"b":{},"f":{},"fnMap":{},"statementMap":{},"branchMap":{}},"contracts-min/interfaces/ICouncilElection.sol":{"l":{},"path":"/workspaces/Vfide/contracts-min/interfaces/ICouncilElection.sol","s":{},"b":{},"f":{},"fnMap":{},"statementMap":{},"branchMap":{}},"contracts-min/interfaces/IDAO.sol":{"l":{},"path":"/workspaces/Vfide/contracts-min/interfaces/IDAO.sol","s":{},"b":{},"f":{},"fnMap":{},"statementMap":{},"branchMap":{}},"contracts-min/interfaces/IDAOTimelock.sol":{"l":{},"path":"/workspaces/Vfide/contracts-min/interfaces/IDAOTimelock.sol","s":{},"b":{},"f":{},"fnMap":{},"statementMap":{},"branchMap":{}},"contracts-min/interfaces/IDevReserveVestingVault.sol":{"l":{},"path":"/workspaces/Vfide/contracts-min/interfaces/IDevReserveVestingVault.sol","s":{},"b":{},"f":{},"fnMap":{},"statementMap":{},"branchMap":{}},"contracts-min/interfaces/IEcoTreasuryVault.sol":{"l":{},"path":"/workspaces/Vfide/contracts-min/interfaces/IEcoTreasuryVault.sol","s":{},"b":{},"f":{},"fnMap":{},"statementMap":{},"branchMap":{}},"contracts-min/interfaces/IEmergencyBreaker.sol":{"l":{},"path":"/workspaces/Vfide/contracts-min/interfaces/IEmergencyBreaker.sol","s":{},"b":{},"f":{},"fnMap":{},"statementMap":{},"branchMap":{}},"contracts-min/interfaces/IEmergencyControl.sol":{"l":{},"path":"/workspaces/Vfide/contracts-min/interfaces/IEmergencyControl.sol","s":{},"b":{},"f":{},"fnMap":{},"statementMap":{},"branchMap":{}},"contracts-min/interfaces/IERC20Minimal.sol":{"l":{},"path":"/workspaces/Vfide/contracts-min/interfaces/IERC20Minimal.sol","s":{},"b":{},"f":{},"fnMap":{},"statementMap":{},"branchMap":{}},"contracts-min/interfaces/IGovernanceHooks.sol":{"l":{},"path":"/workspaces/Vfide/contracts-min/interfaces/IGovernanceHooks.sol","s":{},"b":{},"f":{},"fnMap":{},"statementMap":{},"branchMap":{}},"contracts-min/interfaces/IGuardianLock.sol":{"l":{},"path":"/workspaces/Vfide/contracts-min/interfaces/IGuardianLock.sol","s":{},"b":{},"f":{},"fnMap":{},"statementMap":{},"branchMap":{}},"contracts-min/interfaces/IGuardianRegistry.sol":{"l":{},"path":"/workspaces/Vfide/contracts-min/interfaces/IGuardianRegistry.sol","s":{},"b":{},"f":{},"fnMap":{},"statementMap":{},"branchMap":{}},"contracts-min/interfaces/IMerchantRegistry.sol":{"l":{},"path":"/workspaces/Vfide/contracts-min/interfaces/IMerchantRegistry.sol","s":{},"b":{},"f":{},"fnMap":{},"statementMap":{},"branchMap":{}},"contracts-min/interfaces/IPanicGuard.sol":{"l":{},"path":"/workspaces/Vfide/contracts-min/interfaces/IPanicGuard.sol","s":{},"b":{},"f":{},"fnMap":{},"statementMap":{},"branchMap":{}},"contracts-min/interfaces/IProofLedger.sol":{"l":{},"path":"/workspaces/Vfide/contracts-min/interfaces/IProofLedger.sol","s":{},"b":{},"f":{},"fnMap":{},"statementMap":{},"branchMap":{}},"contracts-min/interfaces/IProofScoreBurnRouter.sol":{"l":{},"path":"/workspaces/Vfide/contracts-min/interfaces/IProofScoreBurnRouter.sol","s":{},"b":{},"f":{},"fnMap":{},"statementMap":{},"branchMap":{}},"contracts-min/interfaces/IReviewRegistry.sol":{"l":{},"path":"/workspaces/Vfide/contracts-min/interfaces/IReviewRegistry.sol","s":{},"b":{},"f":{},"fnMap":{},"statementMap":{},"branchMap":{}},"contracts-min/interfaces/ISanctumFund.sol":{"l":{},"path":"/workspaces/Vfide/contracts-min/interfaces/ISanctumFund.sol","s":{},"b":{},"f":{},"fnMap":{},"statementMap":{},"branchMap":{}},"contracts-min/interfaces/ISecurityHub.sol":{"l":{},"path":"/workspaces/Vfide/contracts-min/interfaces/ISecurityHub.sol","s":{},"b":{},"f":{},"fnMap":{},"statementMap":{},"branchMap":{}},"contracts-min/interfaces/ISeer.sol":{"l":{},"path":"/workspaces/Vfide/contracts-min/interfaces/ISeer.sol","s":{},"b":{},"f":{},"fnMap":{},"statementMap":{},"branchMap":{}},"contracts-min/interfaces/IStablecoinRegistry.sol":{"l":{},"path":"/workspaces/Vfide/contracts-min/interfaces/IStablecoinRegistry.sol","s":{},"b":{},"f":{},"fnMap":{},"statementMap":{},"branchMap":{}},"contracts-min/interfaces/ISystemHandover.sol":{"l":{},"path":"/workspaces/Vfide/contracts-min/interfaces/ISystemHandover.sol","s":{},"b":{},"f":{},"fnMap":{},"statementMap":{},"branchMap":{}},"contracts-min/interfaces/IUserVault.sol":{"l":{},"path":"/workspaces/Vfide/contracts-min/interfaces/IUserVault.sol","s":{},"b":{},"f":{},"fnMap":{},"statementMap":{},"branchMap":{}},"contracts-min/interfaces/IVaultFactory.sol":{"l":{},"path":"/workspaces/Vfide/contracts-min/interfaces/IVaultFactory.sol","s":{},"b":{},"f":{},"fnMap":{},"statementMap":{},"branchMap":{}},"contracts-min/interfaces/IVaultHub.sol":{"l":{},"path":"/workspaces/Vfide/contracts-min/interfaces/IVaultHub.sol","s":{},"b":{},"f":{},"fnMap":{},"statementMap":{},"branchMap":{}},"contracts-min/interfaces/IVFIDEPresale.sol":{"l":{},"path":"/workspaces/Vfide/contracts-min/interfaces/IVFIDEPresale.sol","s":{},"b":{},"f":{},"fnMap":{},"statementMap":{},"branchMap":{}},"contracts-min/interfaces/IVFIDEToken.sol":{"l":{},"path":"/workspaces/Vfide/contracts-min/interfaces/IVFIDEToken.sol","s":{},"b":{},"f":{},"fnMap":{},"statementMap":{},"branchMap":{}},"contracts-min/MerchantRegistry.sol":{"l":{"37":0,"38":0,"44":0,"45":0,"46":0,"47":0,"48":0,"49":0,"50":0,"54":0,"55":0,"56":0,"57":0,"61":0,"62":0,"63":0,"64":0,"65":0,"67":0,"75":0,"79":0,"83":0,"84":0,"85":0,"86":0,"87":0,"88":0,"93":0,"94":0,"95":0,"96":0,"97":0,"98":0},"path":"/workspaces/Vfide/contracts-min/MerchantRegistry.sol","s":{"1":0,"2":0,"3":0,"4":0,"5":0,"6":0,"7":0,"8":0,"9":0,"10":0,"11":0,"12":0,"13":0,"14":0,"15":0,"16":0,"17":0,"18":0,"19":0,"20":0,"21":0,"22":0},"b":{"1":[0,0],"2":[0,0],"3":[0,0],"4":[0,0],"5":[0,0],"6":[0,0],"7":[0,0],"8":[0,0],"9":[0,0],"10":[0,0],"11":[0,0],"12":[0,0],"13":[0,0],"14":[0,0]},"f":{"1":0,"2":0,"3":0,"4":0,"5":0,"6":0,"7":0,"8":0},"fnMap":{"1":{"name":"constructor","line":36,"loc":{"start":{"line":36,"column":4},"end":{"line":39,"column":4}}},"2":{"name":"onlyDAO","line":41,"loc":{"start":{"line":41,"column":4},"end":{"line":41,"column":72}}},"3":{"name":"setModules","line":43,"loc":{"start":{"line":43,"column":4},"end":{"line":51,"column":4}}},"4":{"name":"setPolicy","line":53,"loc":{"start":{"line":53,"column":4},"end":{"line":58,"column":4}}},"5":{"name":"addMerchant","line":60,"loc":{"start":{"line":60,"column":4},"end":{"line":76,"column":4}}},"6":{"name":"info","line":78,"loc":{"start":{"line":78,"column":4},"end":{"line":80,"column":4}}},"7":{"name":"_noteRefund","line":82,"loc":{"start":{"line":82,"column":4},"end":{"line":90,"column":4}}},"8":{"name":"_noteDispute","line":92,"loc":{"start":{"line":92,"column":4},"end":{"line":100,"column":4}}}},"statementMap":{"1":{"start":{"line":37,"column":8},"end":{"line":37,"column":49}},"2":{"start":{"line":41,"column":25},"end":{"line":41,"column":67}},"3":{"start":{"line":44,"column":8},"end":{"line":44,"column":86}},"4":{"start":{"line":50,"column":8},"end":{"line":50,"column":64}},"5":{"start":{"line":57,"column":8},"end":{"line":57,"column":76}},"6":{"start":{"line":61,"column":8},"end":{"line":61,"column":32}},"7":{"start":{"line":62,"column":8},"end":{"line":62,"column":78}},"8":{"start":{"line":63,"column":8},"end":{"line":63,"column":45}},"9":{"start":{"line":64,"column":8},"end":{"line":64,"column":56}},"10":{"start":{"line":65,"column":8},"end":{"line":65,"column":66}},"11":{"start":{"line":75,"column":8},"end":{"line":75,"column":48}},"12":{"start":{"line":79,"column":8},"end":{"line":79,"column":29}},"13":{"start":{"line":83,"column":8},"end":{"line":83,"column":43}},"14":{"start":{"line":84,"column":8},"end":{"line":84,"column":45}},"15":{"start":{"line":84,"column":39},"end":{"line":84,"column":45}},"16":{"start":{"line":86,"column":8},"end":{"line":86,"column":3011}},"17":{"start":{"line":88,"column":12},"end":{"line":88,"column":44}},"18":{"start":{"line":93,"column":8},"end":{"line":93,"column":43}},"19":{"start":{"line":94,"column":8},"end":{"line":94,"column":45}},"20":{"start":{"line":94,"column":39},"end":{"line":94,"column":45}},"21":{"start":{"line":96,"column":8},"end":{"line":96,"column":3326}},"22":{"start":{"line":98,"column":12},"end":{"line":98,"column":45}}},"branchMap":{"1":{"line":37,"type":"if","locations":[{"start":{"line":37,"column":8},"end":{"line":37,"column":8}},{"start":{"line":37,"column":8},"end":{"line":37,"column":8}}]},"2":{"line":41,"type":"if","locations":[{"start":{"line":41,"column":25},"end":{"line":41,"column":25}},{"start":{"line":41,"column":25},"end":{"line":41,"column":25}}]},"3":{"line":43,"type":"if","locations":[{"start":{"line":43,"column":109},"end":{"line":43,"column":109}},{"start":{"line":43,"column":109},"end":{"line":43,"column":109}}]},"4":{"line":44,"type":"if","locations":[{"start":{"line":44,"column":8},"end":{"line":44,"column":8}},{"start":{"line":44,"column":8},"end":{"line":44,"column":8}}]},"5":{"line":44,"type":"cond-expr","locations":[{"start":{"line":44,"column":12},"end":{"line":44,"column":29}},{"start":{"line":44,"column":32},"end":{"line":44,"column":47}}]},"6":{"line":44,"type":"cond-expr","locations":[{"start":{"line":44,"column":12},"end":{"line":44,"column":47}},{"start":{"line":44,"column":50},"end":{"line":44,"column":66}}]},"7":{"line":53,"type":"if","locations":[{"start":{"line":53,"column":105},"end":{"line":53,"column":105}},{"start":{"line":53,"column":105},"end":{"line":53,"column":105}}]},"8":{"line":62,"type":"if","locations":[{"start":{"line":62,"column":8},"end":{"line":62,"column":8}},{"start":{"line":62,"column":8},"end":{"line":62,"column":8}}]},"9":{"line":64,"type":"if","locations":[{"start":{"line":64,"column":8},"end":{"line":64,"column":8}},{"start":{"line":64,"column":8},"end":{"line":64,"column":8}}]},"10":{"line":65,"type":"if","locations":[{"start":{"line":65,"column":8},"end":{"line":65,"column":8}},{"start":{"line":65,"column":8},"end":{"line":65,"column":8}}]},"11":{"line":84,"type":"if","locations":[{"start":{"line":84,"column":8},"end":{"line":84,"column":8}},{"start":{"line":84,"column":8},"end":{"line":84,"column":8}}]},"12":{"line":86,"type":"if","locations":[{"start":{"line":86,"column":8},"end":{"line":86,"column":8}},{"start":{"line":86,"column":8},"end":{"line":86,"column":8}}]},"13":{"line":94,"type":"if","locations":[{"start":{"line":94,"column":8},"end":{"line":94,"column":8}},{"start":{"line":94,"column":8},"end":{"line":94,"column":8}}]},"14":{"line":96,"type":"if","locations":[{"start":{"line":96,"column":8},"end":{"line":96,"column":8}},{"start":{"line":96,"column":8},"end":{"line":96,"column":8}}]}}},"contracts-min/mocks/BurnRouterMock.sol":{"l":{"12":0,"13":0,"14":0,"15":0,"19":0},"path":"/workspaces/Vfide/contracts-min/mocks/BurnRouterMock.sol","s":{"1":0},"b":{},"f":{"1":0,"2":0},"fnMap":{"1":{"name":"set","line":11,"loc":{"start":{"line":11,"column":4},"end":{"line":16,"column":4}}},"2":{"name":"computeFees","line":18,"loc":{"start":{"line":18,"column":4},"end":{"line":20,"column":4}}}},"statementMap":{"1":{"start":{"line":19,"column":8},"end":{"line":19,"column":65}}},"branchMap":{}},"contracts-min/mocks/DAOMock.sol":{"l":{"8":0},"path":"/workspaces/Vfide/contracts-min/mocks/DAOMock.sol","s":{"1":0},"b":{},"f":{"1":0},"fnMap":{"1":{"name":"setAdmin","line":7,"loc":{"start":{"line":7,"column":4},"end":{"line":9,"column":4}}}},"statementMap":{"1":{"start":{"line":8,"column":8},"end":{"line":8,"column":29}}},"branchMap":{}},"contracts-min/mocks/DevReserveVestingVaultMock.sol":{"l":{},"path":"/workspaces/Vfide/contracts-min/mocks/DevReserveVestingVaultMock.sol","s":{},"b":{},"f":{},"fnMap":{},"statementMap":{},"branchMap":{}},"contracts-min/mocks/EmergencyBreakerMock.sol":{"l":{"8":0,"12":0,"16":0,"20":0},"path":"/workspaces/Vfide/contracts-min/mocks/EmergencyBreakerMock.sol","s":{"1":0,"2":0},"b":{},"f":{"1":0,"2":0,"3":0,"4":0},"fnMap":{"1":{"name":"setHalted","line":7,"loc":{"start":{"line":7,"column":4},"end":{"line":9,"column":4}}},"2":{"name":"toggle","line":11,"loc":{"start":{"line":11,"column":4},"end":{"line":13,"column":4}}},"3":{"name":"halted","line":15,"loc":{"start":{"line":15,"column":4},"end":{"line":17,"column":4}}},"4":{"name":"isHalted","line":19,"loc":{"start":{"line":19,"column":4},"end":{"line":21,"column":4}}}},"statementMap":{"1":{"start":{"line":16,"column":8},"end":{"line":16,"column":22}},"2":{"start":{"line":20,"column":8},"end":{"line":20,"column":22}}},"branchMap":{}},"contracts-min/mocks/ERC20FailTransfer.sol":{"l":{"17":0,"18":0,"22":0,"26":0,"27":0,"28":0,"32":0},"path":"/workspaces/Vfide/contracts-min/mocks/ERC20FailTransfer.sol","s":{"1":0,"2":0,"3":0,"4":0,"5":0},"b":{},"f":{"1":0,"2":0,"3":0,"4":0},"fnMap":{"1":{"name":"mint","line":16,"loc":{"start":{"line":16,"column":4},"end":{"line":19,"column":4}}},"2":{"name":"transfer","line":21,"loc":{"start":{"line":21,"column":4},"end":{"line":23,"column":4}}},"3":{"name":"approve","line":25,"loc":{"start":{"line":25,"column":4},"end":{"line":29,"column":4}}},"4":{"name":"transferFrom","line":31,"loc":{"start":{"line":31,"column":4},"end":{"line":33,"column":4}}}},"statementMap":{"1":{"start":{"line":18,"column":8},"end":{"line":18,"column":45}},"2":{"start":{"line":22,"column":8},"end":{"line":22,"column":20}},"3":{"start":{"line":27,"column":8},"end":{"line":27,"column":49}},"4":{"start":{"line":28,"column":8},"end":{"line":28,"column":19}},"5":{"start":{"line":32,"column":8},"end":{"line":32,"column":20}}},"branchMap":{}},"contracts-min/mocks/ERC20Mock.sol":{"l":{"16":0,"17":0,"21":0,"22":0,"23":0,"27":0,"28":0,"29":0,"30":0,"31":0,"35":0,"36":0,"37":0,"41":0,"42":0,"43":0,"44":0,"45":0,"46":0,"47":0,"48":0,"52":0},"path":"/workspaces/Vfide/contracts-min/mocks/ERC20Mock.sol","s":{"1":0,"2":0,"3":0,"4":0,"5":0,"6":0,"7":0,"8":0,"9":0,"10":0,"11":0,"12":0},"b":{"1":[0,0],"2":[0,0],"3":[0,0]},"f":{"1":0,"2":0,"3":0,"4":0,"5":0,"6":0},"fnMap":{"1":{"name":"constructor","line":15,"loc":{"start":{"line":15,"column":4},"end":{"line":18,"column":4}}},"2":{"name":"mint","line":20,"loc":{"start":{"line":20,"column":4},"end":{"line":24,"column":4}}},"3":{"name":"transfer","line":26,"loc":{"start":{"line":26,"column":4},"end":{"line":32,"column":4}}},"4":{"name":"approve","line":34,"loc":{"start":{"line":34,"column":4},"end":{"line":38,"column":4}}},"5":{"name":"transferFrom","line":40,"loc":{"start":{"line":40,"column":4},"end":{"line":49,"column":4}}},"6":{"name":"decimals","line":51,"loc":{"start":{"line":51,"column":4},"end":{"line":53,"column":4}}}},"statementMap":{"1":{"start":{"line":23,"column":8},"end":{"line":23,"column":45}},"2":{"start":{"line":27,"column":8},"end":{"line":27,"column":57}},"3":{"start":{"line":30,"column":8},"end":{"line":30,"column":44}},"4":{"start":{"line":31,"column":8},"end":{"line":31,"column":19}},"5":{"start":{"line":36,"column":8},"end":{"line":36,"column":49}},"6":{"start":{"line":37,"column":8},"end":{"line":37,"column":19}},"7":{"start":{"line":41,"column":8},"end":{"line":41,"column":51}},"8":{"start":{"line":42,"column":8},"end":{"line":42,"column":53}},"9":{"start":{"line":43,"column":8},"end":{"line":43,"column":45}},"10":{"start":{"line":47,"column":8},"end":{"line":47,"column":38}},"11":{"start":{"line":48,"column":8},"end":{"line":48,"column":19}},"12":{"start":{"line":52,"column":8},"end":{"line":52,"column":24}}},"branchMap":{"1":{"line":27,"type":"if","locations":[{"start":{"line":27,"column":8},"end":{"line":27,"column":8}},{"start":{"line":27,"column":8},"end":{"line":27,"column":8}}]},"2":{"line":41,"type":"if","locations":[{"start":{"line":41,"column":8},"end":{"line":41,"column":8}},{"start":{"line":41,"column":8},"end":{"line":41,"column":8}}]},"3":{"line":43,"type":"if","locations":[{"start":{"line":43,"column":8},"end":{"line":43,"column":8}},{"start":{"line":43,"column":8},"end":{"line":43,"column":8}}]}}},"contracts-min/mocks/ERC20PresaleMock.sol":{"l":{"8":0,"12":0,"13":0,"14":0,"18":0},"path":"/workspaces/Vfide/contracts-min/mocks/ERC20PresaleMock.sol","s":{"1":0,"2":0},"b":{},"f":{"1":0,"2":0,"3":0},"fnMap":{"1":{"name":"mint","line":7,"loc":{"start":{"line":7,"column":4},"end":{"line":9,"column":4}}},"2":{"name":"transferFrom","line":11,"loc":{"start":{"line":11,"column":4},"end":{"line":15,"column":4}}},"3":{"name":"decimals","line":17,"loc":{"start":{"line":17,"column":4},"end":{"line":19,"column":4}}}},"statementMap":{"1":{"start":{"line":14,"column":8},"end":{"line":14,"column":19}},"2":{"start":{"line":18,"column":8},"end":{"line":18,"column":16}}},"branchMap":{}},"contracts-min/mocks/ERC20ReturnFalse.sol":{"l":{"12":0,"15":0},"path":"/workspaces/Vfide/contracts-min/mocks/ERC20ReturnFalse.sol","s":{"1":0,"2":0,"3":0},"b":{},"f":{"1":0,"2":0,"3":0},"fnMap":{"1":{"name":"transfer","line":11,"loc":{"start":{"line":11,"column":4},"end":{"line":13,"column":4}}},"2":{"name":"transferFrom","line":14,"loc":{"start":{"line":14,"column":4},"end":{"line":16,"column":4}}},"3":{"name":"balanceOf","line":17,"loc":{"start":{"line":17,"column":4},"end":{"line":17,"column":76}}}},"statementMap":{"1":{"start":{"line":12,"column":8},"end":{"line":12,"column":20}},"2":{"start":{"line":15,"column":8},"end":{"line":15,"column":20}},"3":{"start":{"line":17,"column":66},"end":{"line":17,"column":74}}},"branchMap":{}},"contracts-min/mocks/GasDrainerERC20.sol":{"l":{"12":0,"17":0,"18":0,"19":0,"21":0,"23":0,"25":0,"29":0,"30":0,"34":0,"35":0,"36":0,"37":0,"38":0,"39":0,"40":0,"41":0,"50":0,"51":0,"53":0},"path":"/workspaces/Vfide/contracts-min/mocks/GasDrainerERC20.sol","s":{"1":0,"2":0,"3":0,"4":0,"5":0,"6":0,"7":0,"8":0,"9":0,"10":0,"11":0,"12":0,"13":0},"b":{"1":[0,0],"2":[0,0],"3":[0,0],"4":[0,0]},"f":{"1":0,"2":0,"3":0,"4":0,"5":0,"6":0},"fnMap":{"1":{"name":"mint","line":11,"loc":{"start":{"line":11,"column":4},"end":{"line":13,"column":4}}},"2":{"name":"transfer","line":16,"loc":{"start":{"line":16,"column":4},"end":{"line":26,"column":4}}},"3":{"name":"approve","line":28,"loc":{"start":{"line":28,"column":4},"end":{"line":31,"column":4}}},"4":{"name":"transferFrom","line":33,"loc":{"start":{"line":33,"column":4},"end":{"line":42,"column":4}}},"5":{"name":"decimals","line":44,"loc":{"start":{"line":44,"column":4},"end":{"line":44,"column":74}}},"6":{"name":"TEST_checkAllowance","line":49,"loc":{"start":{"line":49,"column":4},"end":{"line":55,"column":4}}}},"statementMap":{"1":{"start":{"line":17,"column":8},"end":{"line":17,"column":57}},"2":{"start":{"line":21,"column":8},"end":{"line":21,"column":721}},"3":{"start":{"line":25,"column":8},"end":{"line":25,"column":19}},"4":{"start":{"line":30,"column":8},"end":{"line":30,"column":19}},"5":{"start":{"line":34,"column":8},"end":{"line":34,"column":51}},"6":{"start":{"line":35,"column":8},"end":{"line":35,"column":53}},"7":{"start":{"line":36,"column":8},"end":{"line":36,"column":45}},"8":{"start":{"line":40,"column":8},"end":{"line":40,"column":69}},"9":{"start":{"line":41,"column":8},"end":{"line":41,"column":19}},"10":{"start":{"line":44,"column":56},"end":{"line":44,"column":72}},"11":{"start":{"line":50,"column":8},"end":{"line":50,"column":1906}},"12":{"start":{"line":51,"column":12},"end":{"line":51,"column":23}},"13":{"start":{"line":53,"column":12},"end":{"line":53,"column":24}}},"branchMap":{"1":{"line":17,"type":"if","locations":[{"start":{"line":17,"column":8},"end":{"line":17,"column":8}},{"start":{"line":17,"column":8},"end":{"line":17,"column":8}}]},"2":{"line":34,"type":"if","locations":[{"start":{"line":34,"column":8},"end":{"line":34,"column":8}},{"start":{"line":34,"column":8},"end":{"line":34,"column":8}}]},"3":{"line":36,"type":"if","locations":[{"start":{"line":36,"column":8},"end":{"line":36,"column":8}},{"start":{"line":36,"column":8},"end":{"line":36,"column":8}}]},"4":{"line":50,"type":"if","locations":[{"start":{"line":50,"column":8},"end":{"line":50,"column":8}},{"start":{"line":50,"column":8},"end":{"line":50,"column":8}}]}}},"contracts-min/mocks/GuardianLockMock.sol":{"l":{"8":0},"path":"/workspaces/Vfide/contracts-min/mocks/GuardianLockMock.sol","s":{},"b":{},"f":{"1":0},"fnMap":{"1":{"name":"setLocked","line":7,"loc":{"start":{"line":7,"column":4},"end":{"line":9,"column":4}}}},"statementMap":{},"branchMap":{}},"contracts-min/mocks/Ledger.sol":{"l":{},"path":"/workspaces/Vfide/contracts-min/mocks/Ledger.sol","s":{},"b":{},"f":{"1":0},"fnMap":{"1":{"name":"log","line":5,"loc":{"start":{"line":5,"column":4},"end":{"line":5,"column":72}}}},"statementMap":{},"branchMap":{}},"contracts-min/mocks/LedgerMock.sol":{"l":{"12":0,"18":0,"19":0,"20":0,"24":0,"25":0},"path":"/workspaces/Vfide/contracts-min/mocks/LedgerMock.sol","s":{"1":0,"2":0,"3":0,"4":0,"5":0,"6":0,"7":0},"b":{"1":[0,0],"2":[0,0]},"f":{"1":0,"2":0,"3":0,"4":0},"fnMap":{"1":{"name":"constructor","line":11,"loc":{"start":{"line":11,"column":4},"end":{"line":13,"column":4}}},"2":{"name":"setRevert","line":15,"loc":{"start":{"line":15,"column":4},"end":{"line":15,"column":58}}},"3":{"name":"logSystemEvent","line":17,"loc":{"start":{"line":17,"column":4},"end":{"line":21,"column":4}}},"4":{"name":"logEvent","line":23,"loc":{"start":{"line":23,"column":4},"end":{"line":26,"column":4}}}},"statementMap":{"1":{"start":{"line":18,"column":8},"end":{"line":18,"column":47}},"2":{"start":{"line":18,"column":24},"end":{"line":18,"column":46}},"3":{"start":{"line":19,"column":8},"end":{"line":19,"column":42}},"4":{"start":{"line":20,"column":8},"end":{"line":20,"column":64}},"5":{"start":{"line":24,"column":8},"end":{"line":24,"column":47}},"6":{"start":{"line":24,"column":24},"end":{"line":24,"column":46}},"7":{"start":{"line":25,"column":8},"end":{"line":25,"column":46}}},"branchMap":{"1":{"line":18,"type":"if","locations":[{"start":{"line":18,"column":8},"end":{"line":18,"column":8}},{"start":{"line":18,"column":8},"end":{"line":18,"column":8}}]},"2":{"line":24,"type":"if","locations":[{"start":{"line":24,"column":8},"end":{"line":24,"column":8}},{"start":{"line":24,"column":8},"end":{"line":24,"column":8}}]}}},"contracts-min/mocks/MerchantRegistryMock.sol":{"l":{"18":0,"19":0,"20":0,"21":0,"22":0,"23":0,"27":0,"28":0,"29":0,"34":0},"path":"/workspaces/Vfide/contracts-min/mocks/MerchantRegistryMock.sol","s":{"1":0},"b":{},"f":{"1":0,"2":0,"3":0},"fnMap":{"1":{"name":"constructor","line":17,"loc":{"start":{"line":17,"column":4},"end":{"line":24,"column":4}}},"2":{"name":"setMerchant","line":26,"loc":{"start":{"line":26,"column":4},"end":{"line":30,"column":4}}},"3":{"name":"info","line":33,"loc":{"start":{"line":33,"column":4},"end":{"line":35,"column":4}}}},"statementMap":{"1":{"start":{"line":34,"column":8},"end":{"line":34,"column":16}}},"branchMap":{}},"contracts-min/mocks/MockDAO.sol":{"l":{},"path":"/workspaces/Vfide/contracts-min/mocks/MockDAO.sol","s":{},"b":{},"f":{},"fnMap":{},"statementMap":{},"branchMap":{}},"contracts-min/mocks/MockDevVault.sol":{"l":{},"path":"/workspaces/Vfide/contracts-min/mocks/MockDevVault.sol","s":{},"b":{},"f":{},"fnMap":{},"statementMap":{},"branchMap":{}},"contracts-min/mocks/MockLedger.sol":{"l":{},"path":"/workspaces/Vfide/contracts-min/mocks/MockLedger.sol","s":{},"b":{},"f":{},"fnMap":{},"statementMap":{},"branchMap":{}},"contracts-min/mocks/MockSeer.sol":{"l":{},"path":"/workspaces/Vfide/contracts-min/mocks/MockSeer.sol","s":{},"b":{},"f":{},"fnMap":{},"statementMap":{},"branchMap":{}},"contracts-min/mocks/MockTreasurySink.sol":{"l":{},"path":"/workspaces/Vfide/contracts-min/mocks/MockTreasurySink.sol","s":{},"b":{},"f":{},"fnMap":{},"statementMap":{},"branchMap":{}},"contracts-min/mocks/MockVaultHub.sol":{"l":{},"path":"/workspaces/Vfide/contracts-min/mocks/MockVaultHub.sol","s":{},"b":{},"f":{},"fnMap":{},"statementMap":{},"branchMap":{}},"contracts-min/mocks/PanicGuardMock.sol":{"l":{"9":0,"13":0,"17":0,"21":0},"path":"/workspaces/Vfide/contracts-min/mocks/PanicGuardMock.sol","s":{"1":0,"2":0},"b":{},"f":{"1":0,"2":0,"3":0,"4":0},"fnMap":{"1":{"name":"setQuarantined","line":8,"loc":{"start":{"line":8,"column":4},"end":{"line":10,"column":4}}},"2":{"name":"setGlobalRisk","line":12,"loc":{"start":{"line":12,"column":4},"end":{"line":14,"column":4}}},"3":{"name":"isQuarantined","line":16,"loc":{"start":{"line":16,"column":4},"end":{"line":18,"column":4}}},"4":{"name":"globalRisk","line":20,"loc":{"start":{"line":20,"column":4},"end":{"line":22,"column":4}}}},"statementMap":{"1":{"start":{"line":17,"column":8},"end":{"line":17,"column":33}},"2":{"start":{"line":21,"column":8},"end":{"line":21,"column":26}}},"branchMap":{}},"contracts-min/mocks/PresaleDevVestingMock.sol":{"l":{"8":0,"12":0,"16":0},"path":"/workspaces/Vfide/contracts-min/mocks/PresaleDevVestingMock.sol","s":{},"b":{},"f":{"1":0,"2":0,"3":0},"fnMap":{"1":{"name":"launch","line":7,"loc":{"start":{"line":7,"column":4},"end":{"line":9,"column":4}}},"2":{"name":"launchPresale","line":11,"loc":{"start":{"line":11,"column":4},"end":{"line":13,"column":4}}},"3":{"name":"launchNow","line":15,"loc":{"start":{"line":15,"column":4},"end":{"line":17,"column":4}}}},"statementMap":{},"branchMap":{}},"contracts-min/mocks/PresaleMock.sol":{"l":{"8":0,"12":0},"path":"/workspaces/Vfide/contracts-min/mocks/PresaleMock.sol","s":{},"b":{},"f":{"1":0,"2":0},"fnMap":{"1":{"name":"launch","line":7,"loc":{"start":{"line":7,"column":4},"end":{"line":9,"column":4}}},"2":{"name":"launchNow","line":11,"loc":{"start":{"line":11,"column":4},"end":{"line":13,"column":4}}}},"statementMap":{},"branchMap":{}},"contracts-min/mocks/ProofLedgerMock.sol":{"l":{"11":0,"15":0},"path":"/workspaces/Vfide/contracts-min/mocks/ProofLedgerMock.sol","s":{"1":0,"2":0},"b":{},"f":{"1":0,"2":0},"fnMap":{"1":{"name":"logSystemEvent","line":10,"loc":{"start":{"line":10,"column":4},"end":{"line":12,"column":4}}},"2":{"name":"logEvent","line":14,"loc":{"start":{"line":14,"column":4},"end":{"line":16,"column":4}}}},"statementMap":{"1":{"start":{"line":11,"column":8},"end":{"line":11,"column":44}},"2":{"start":{"line":15,"column":8},"end":{"line":15,"column":48}}},"branchMap":{}},"contracts-min/mocks/ProofScoreBurnRouter.sol":{"l":{"11":0,"15":0,"16":0,"20":0,"21":0,"22":0,"23":0,"25":0},"path":"/workspaces/Vfide/contracts-min/mocks/ProofScoreBurnRouter.sol","s":{"1":0,"2":0,"3":0,"4":0,"5":0,"6":0},"b":{"1":[0,0],"2":[0,0],"3":[0,0]},"f":{"1":0,"2":0,"3":0},"fnMap":{"1":{"name":"constructor","line":10,"loc":{"start":{"line":10,"column":4},"end":{"line":12,"column":4}}},"2":{"name":"getScore","line":14,"loc":{"start":{"line":14,"column":4},"end":{"line":17,"column":4}}},"3":{"name":"adjustScore","line":19,"loc":{"start":{"line":19,"column":4},"end":{"line":27,"column":4}}}},"statementMap":{"1":{"start":{"line":15,"column":8},"end":{"line":15,"column":31}},"2":{"start":{"line":16,"column":8},"end":{"line":16,"column":31}},"3":{"start":{"line":20,"column":8},"end":{"line":20,"column":37}},"4":{"start":{"line":20,"column":31},"end":{"line":20,"column":37}},"5":{"start":{"line":21,"column":8},"end":{"line":21,"column":44}},"6":{"start":{"line":22,"column":8},"end":{"line":22,"column":625}}},"branchMap":{"1":{"line":16,"type":"if","locations":[{"start":{"line":16,"column":24},"end":{"line":16,"column":26}},{"start":{"line":16,"column":30},"end":{"line":16,"column":30}}]},"2":{"line":20,"type":"if","locations":[{"start":{"line":20,"column":8},"end":{"line":20,"column":8}},{"start":{"line":20,"column":8},"end":{"line":20,"column":8}}]},"3":{"line":22,"type":"if","locations":[{"start":{"line":22,"column":8},"end":{"line":22,"column":8}},{"start":{"line":22,"column":8},"end":{"line":22,"column":8}}]}}},"contracts-min/mocks/ReenteringERC20.sol":{"l":{"20":0,"21":0,"25":0,"29":0,"30":0,"31":0,"33":0,"35":0,"37":0,"41":0,"42":0,"46":0,"47":0,"48":0,"49":0,"50":0,"51":0,"52":0,"61":0,"62":0,"64":0},"path":"/workspaces/Vfide/contracts-min/mocks/ReenteringERC20.sol","s":{"1":0,"2":0,"3":0,"4":0,"5":0,"6":0,"7":0,"8":0,"9":0,"10":0,"11":0,"12":0,"13":0},"b":{"1":[0,0],"2":[0,0],"3":[0,0],"4":[0,0],"5":[0,0]},"f":{"1":0,"2":0,"3":0,"4":0,"5":0,"6":0,"7":0},"fnMap":{"1":{"name":"setReenter","line":19,"loc":{"start":{"line":19,"column":4},"end":{"line":22,"column":4}}},"2":{"name":"mint","line":24,"loc":{"start":{"line":24,"column":
[...]
":{"line":274,"column":12},"end":{"line":274,"column":12}}]},"29":{"line":286,"type":"if","locations":[{"start":{"line":286,"column":8},"end":{"line":286,"column":8}},{"start":{"line":286,"column":8},"end":{"line":286,"column":8}}]},"30":{"line":286,"type":"cond-expr","locations":[{"start":{"line":286,"column":12},"end":{"line":286,"column":29}},{"start":{"line":286,"column":34},"end":{"line":286,"column":49}}]},"31":{"line":287,"type":"if","locations":[{"start":{"line":287,"column":8},"end":{"line":287,"column":8}},{"start":{"line":287,"column":8},"end":{"line":287,"column":8}}]},"32":{"line":290,"type":"if","locations":[{"start":{"line":290,"column":8},"end":{"line":290,"column":8}},{"start":{"line":290,"column":8},"end":{"line":290,"column":8}}]},"33":{"line":293,"type":"if","locations":[{"start":{"line":293,"column":12},"end":{"line":293,"column":12}},{"start":{"line":293,"column":12},"end":{"line":293,"column":12}}]},"34":{"line":293,"type":"cond-expr","locations":[{"start":{"line":293,"column":16},"end":{"line":293,"column":62}},{"start":{"line":294,"column":16},"end":{"line":294,"column":60}}]},"35":{"line":300,"type":"if","locations":[{"start":{"line":300,"column":8},"end":{"line":300,"column":8}},{"start":{"line":300,"column":8},"end":{"line":300,"column":8}}]},"36":{"line":301,"type":"if","locations":[{"start":{"line":301,"column":12},"end":{"line":301,"column":12}},{"start":{"line":301,"column":12},"end":{"line":301,"column":12}}]},"37":{"line":302,"type":"if","locations":[{"start":{"line":302,"column":16},"end":{"line":302,"column":16}},{"start":{"line":302,"column":16},"end":{"line":302,"column":16}}]},"38":{"line":304,"type":"if","locations":[{"start":{"line":304,"column":12},"end":{"line":304,"column":12}},{"start":{"line":304,"column":12},"end":{"line":304,"column":12}}]},"39":{"line":305,"type":"if","locations":[{"start":{"line":305,"column":16},"end":{"line":305,"column":16}},{"start":{"line":305,"column":16},"end":{"line":305,"column":16}}]},"40":{"line":311,"type":"if","locations":[{"start":{"line":311,"column":8},"end":{"line":311,"column":8}},{"start":{"line":311,"column":8},"end":{"line":311,"column":8}}]},"41":{"line":317,"type":"if","locations":[{"start":{"line":317,"column":8},"end":{"line":317,"column":8}},{"start":{"line":317,"column":8},"end":{"line":317,"column":8}}]},"42":{"line":321,"type":"if","locations":[{"start":{"line":321,"column":12},"end":{"line":321,"column":12}},{"start":{"line":321,"column":12},"end":{"line":321,"column":12}}]},"43":{"line":322,"type":"if","locations":[{"start":{"line":322,"column":58},"end":{"line":322,"column":67}},{"start":{"line":322,"column":71},"end":{"line":322,"column":78}}]},"44":{"line":326,"type":"if","locations":[{"start":{"line":326,"column":12},"end":{"line":326,"column":12}},{"start":{"line":326,"column":12},"end":{"line":326,"column":12}}]},"45":{"line":327,"type":"if","locations":[{"start":{"line":327,"column":62},"end":{"line":327,"column":73}},{"start":{"line":327,"column":77},"end":{"line":327,"column":87}}]},"46":{"line":328,"type":"if","locations":[{"start":{"line":328,"column":16},"end":{"line":328,"column":16}},{"start":{"line":328,"column":16},"end":{"line":328,"column":16}}]},"47":{"line":333,"type":"if","locations":[{"start":{"line":333,"column":12},"end":{"line":333,"column":12}},{"start":{"line":333,"column":12},"end":{"line":333,"column":12}}]},"48":{"line":333,"type":"cond-expr","locations":[{"start":{"line":333,"column":16},"end":{"line":333,"column":26}},{"start":{"line":333,"column":31},"end":{"line":333,"column":44}}]},"49":{"line":338,"type":"if","locations":[{"start":{"line":338,"column":12},"end":{"line":338,"column":12}},{"start":{"line":338,"column":12},"end":{"line":338,"column":12}}]},"50":{"line":338,"type":"cond-expr","locations":[{"start":{"line":338,"column":16},"end":{"line":338,"column":27}},{"start":{"line":338,"column":32},"end":{"line":338,"column":69}}]},"51":{"line":339,"type":"if","locations":[{"start":{"line":339,"column":16},"end":{"line":339,"column":16}},{"start":{"line":339,"column":16},"end":{"line":339,"column":16}}]},"52":{"line":351,"type":"if","locations":[{"start":{"line":351,"column":8},"end":{"line":351,"column":8}},{"start":{"line":351,"column":8},"end":{"line":351,"column":8}}]},"53":{"line":363,"type":"if","locations":[{"start":{"line":363,"column":8},"end":{"line":363,"column":8}},{"start":{"line":363,"column":8},"end":{"line":363,"column":8}}]},"54":{"line":364,"type":"if","locations":[{"start":{"line":364,"column":8},"end":{"line":364,"column":8}},{"start":{"line":364,"column":8},"end":{"line":364,"column":8}}]},"55":{"line":372,"type":"if","locations":[{"start":{"line":372,"column":8},"end":{"line":372,"column":8}},{"start":{"line":372,"column":8},"end":{"line":372,"column":8}}]},"56":{"line":380,"type":"if","locations":[{"start":{"line":380,"column":8},"end":{"line":380,"column":8}},{"start":{"line":380,"column":8},"end":{"line":380,"column":8}}]},"57":{"line":380,"type":"cond-expr","locations":[{"start":{"line":380,"column":12},"end":{"line":380,"column":42}},{"start":{"line":380,"column":47},"end":{"line":380,"column":70}}]},"58":{"line":385,"type":"if","locations":[{"start":{"line":385,"column":8},"end":{"line":385,"column":8}},{"start":{"line":385,"column":8},"end":{"line":385,"column":8}}]},"59":{"line":390,"type":"if","locations":[{"start":{"line":390,"column":8},"end":{"line":390,"column":8}},{"start":{"line":390,"column":8},"end":{"line":390,"column":8}}]},"60":{"line":392,"type":"cond-expr","locations":[{"start":{"line":392,"column":15},"end":{"line":392,"column":37}},{"start":{"line":392,"column":42},"end":{"line":392,"column":62}}]},"61":{"line":400,"type":"if","locations":[{"start":{"line":400,"column":8},"end":{"line":400,"column":8}},{"start":{"line":400,"column":8},"end":{"line":400,"column":8}}]},"62":{"line":400,"type":"cond-expr","locations":[{"start":{"line":400,"column":12},"end":{"line":400,"column":23}},{"start":{"line":400,"column":28},"end":{"line":400,"column":65}}]},"63":{"line":400,"type":"if","locations":[{"start":{"line":400,"column":70},"end":{"line":400,"column":70}},{"start":{"line":400,"column":70},"end":{"line":400,"column":70}}]},"64":{"line":404,"type":"if","locations":[{"start":{"line":404,"column":8},"end":{"line":404,"column":8}},{"start":{"line":404,"column":8},"end":{"line":404,"column":8}}]},"65":{"line":407,"type":"if","locations":[{"start":{"line":407,"column":8},"end":{"line":407,"column":8}},{"start":{"line":407,"column":8},"end":{"line":407,"column":8}}]}}},"contracts-min/VFIDETrust.sol":{"l":{"39":0,"40":0,"44":0,"45":0,"46":0,"51":0,"55":0,"59":0,"90":0,"91":0,"92":0,"93":0,"97":0,"98":0,"99":0,"100":0,"101":0,"105":0,"106":0,"107":0,"108":0,"109":0,"110":0,"111":0,"112":0,"117":0,"118":0,"123":0,"124":0,"125":0,"126":0,"127":0,"128":0,"133":0,"137":0,"141":0,"142":0,"143":0,"144":0,"145":0,"146":0,"147":0,"151":0,"152":0,"156":0,"157":0,"180":0,"181":0,"182":0,"183":0,"187":0,"188":0,"189":0,"190":0,"201":0,"202":0,"203":0,"204":0,"205":0,"206":0,"207":0,"208":0,"220":0,"223":0,"224":0,"227":0,"228":0,"230":0,"234":0,"235":0,"237":0},"path":"/workspaces/Vfide/contracts-min/VFIDETrust.sol","s":{"1":0,"2":0,"3":0,"4":0,"5":0,"6":0,"7":0,"8":0,"9":0,"10":0,"11":0,"12":0,"13":0,"14":0,"15":0,"16":0,"17":0,"18":0,"19":0,"20":0,"21":0,"22":0,"23":0,"24":0,"25":0,"26":0,"27":0,"28":0,"29":0,"30":0,"31":0,"32":0,"33":0,"34":0,"35":0,"36":0,"37":0,"38":0,"39":0,"40":0,"41":0,"42":0,"43":0,"44":0,"45":0,"46":0,"47":0,"48":0,"49":0,"50":0,"51":0,"52":0,"53":0},"b":{"1":[0,0],"2":[0,0],"3":[0,0],"4":[0,0],"5":[0,0],"6":[0,0],"7":[0,0],"8":[0,0],"9":[0,0],"10":[0,0],"11":[2,2],"12":[0,0],"13":[0,0],"14":[0,0],"15":[76,114],"16":[0,0],"17":[0,0],"18":[0,0],"19":[0,0],"20":[0,0],"21":[0,0],"22":[0,0],"23":[0,0],"24":[0,0],"25":[0,0],"26":[0,0],"27":[0,0],"28":[0,0],"29":[0,0],"30":[0,0],"31":[0,0],"32":[0,0],"33":[0,0],"34":[0,0]},"f":{"1":0,"2":0,"3":0,"4":0,"5":0,"6":0,"7":0,"8":0,"9":0,"10":0,"11":0,"12":0,"13":0,"14":0,"15":0,"16":0,"17":0,"18":0,"19":0,"20":0,"21":0,"22":0},"fnMap":{"1":{"name":"onlyDAO","line":36,"loc":{"start":{"line":36,"column":4},"end":{"line":36,"column":74}}},"2":{"name":"constructor","line":38,"loc":{"start":{"line":38,"column":4},"end":{"line":41,"column":4}}},"3":{"name":"setDAO","line":43,"loc":{"start":{"line":43,"column":4},"end":{"line":47,"column":4}}},"4":{"name":"logSystemEvent","line":50,"loc":{"start":{"line":50,"column":4},"end":{"line":52,"column":4}}},"5":{"name":"logEvent","line":54,"loc":{"start":{"line":54,"column":4},"end":{"line":56,"column":4}}},"6":{"name":"logTransfer","line":58,"loc":{"start":{"line":58,"column":4},"end":{"line":60,"column":4}}},"7":{"name":"onlyDAO","line":87,"loc":{"start":{"line":87,"column":4},"end":{"line":87,"column":74}}},"8":{"name":"constructor","line":89,"loc":{"start":{"line":89,"column":4},"end":{"line":94,"column":4}}},"9":{"name":"setModules","line":96,"loc":{"start":{"line":96,"column":4},"end":{"line":102,"column":4}}},"10":{"name":"setThresholds","line":104,"loc":{"start":{"line":104,"column":4},"end":{"line":113,"column":4}}},"11":{"name":"getScore","line":116,"loc":{"start":{"line":116,"column":4},"end":{"line":119,"column":4}}},"12":{"name":"setScore","line":122,"loc":{"start":{"line":122,"column":4},"end":{"line":129,"column":4}}},"13":{"name":"reward","line":132,"loc":{"start":{"line":132,"column":4},"end":{"line":134,"column":4}}},"14":{"name":"punish","line":136,"loc":{"start":{"line":136,"column":4},"end":{"line":138,"column":4}}},"15":{"name":"_delta","line":140,"loc":{"start":{"line":140,"column":4},"end":{"line":148,"column":4}}},"16":{"name":"_logSystem","line":150,"loc":{"start":{"line":150,"column":4},"end":{"line":153,"column":4}}},"17":{"name":"_logEv","line":155,"loc":{"start":{"line":155,"column":4},"end":{"line":158,"column":4}}},"18":{"name":"onlyDAO","line":177,"loc":{"start":{"line":177,"column":4},"end":{"line":177,"column":74}}},"19":{"name":"constructor","line":179,"loc":{"start":{"line":179,"column":4},"end":{"line":184,"column":4}}},"20":{"name":"setModules","line":186,"loc":{"start":{"line":186,"column":4},"end":{"line":191,"column":4}}},"21":{"name":"setPolicy","line":200,"loc":{"start":{"line":193,"column":4},"end":{"line":209,"column":4}}},"22":{"name":"routeFor","line":219,"loc":{"start":{"line":219,"column":4},"end":{"line":238,"column":4}}}},"statementMap":{"1":{"start":{"line":36,"column":25},"end":{"line":36,"column":69}},"2":{"start":{"line":39,"column":8},"end":{"line":39,"column":51}},"3":{"start":{"line":44,"column":8},"end":{"line":44,"column":51}},"4":{"start":{"line":46,"column":8},"end":{"line":46,"column":29}},"5":{"start":{"line":51,"column":8},"end":{"line":51,"column":41}},"6":{"start":{"line":55,"column":8},"end":{"line":55,"column":48}},"7":{"start":{"line":59,"column":8},"end":{"line":59,"column":51}},"8":{"start":{"line":87,"column":25},"end":{"line":87,"column":69}},"9":{"start":{"line":90,"column":8},"end":{"line":90,"column":51}},"10":{"start":{"line":92,"column":8},"end":{"line":92,"column":64}},"11":{"start":{"line":93,"column":8},"end":{"line":93,"column":64}},"12":{"start":{"line":97,"column":8},"end":{"line":97,"column":76}},"13":{"start":{"line":100,"column":8},"end":{"line":100,"column":31}},"14":{"start":{"line":101,"column":8},"end":{"line":101,"column":25}},"15":{"start":{"line":105,"column":8},"end":{"line":105,"column":45}},"16":{"start":{"line":106,"column":8},"end":{"line":106,"column":51}},"17":{"start":{"line":111,"column":8},"end":{"line":111,"column":55}},"18":{"start":{"line":112,"column":8},"end":{"line":112,"column":40}},"19":{"start":{"line":117,"column":8},"end":{"line":117,"column":34}},"20":{"start":{"line":118,"column":8},"end":{"line":118,"column":35}},"21":{"start":{"line":123,"column":8},"end":{"line":123,"column":54}},"22":{"start":{"line":124,"column":8},"end":{"line":124,"column":55}},"23":{"start":{"line":125,"column":8},"end":{"line":125,"column":38}},"24":{"start":{"line":127,"column":8},"end":{"line":127,"column":53}},"25":{"start":{"line":128,"column":8},"end":{"line":128,"column":58}},"26":{"start":{"line":133,"column":8},"end":{"line":133,"column":54}},"27":{"start":{"line":137,"column":8},"end":{"line":137,"column":55}},"28":{"start":{"line":141,"column":8},"end":{"line":141,"column":38}},"29":{"start":{"line":142,"column":8},"end":{"line":142,"column":46}},"30":{"start":{"line":143,"column":8},"end":{"line":143,"column":80}},"31":{"start":{"line":144,"column":8},"end":{"line":144,"column":80}},"32":{"start":{"line":146,"column":8},"end":{"line":146,"column":60}},"33":{"start":{"line":147,"column":8},"end":{"line":147,"column":83}},"34":{"start":{"line":151,"column":8},"end":{"line":151,"column":35}},"35":{"start":{"line":152,"column":8},"end":{"line":152,"column":112}},"36":{"start":{"line":152,"column":31},"end":{"line":152,"column":110}},"37":{"start":{"line":156,"column":8},"end":{"line":156,"column":35}},"38":{"start":{"line":157,"column":8},"end":{"line":157,"column":98}},"39":{"start":{"line":157,"column":31},"end":{"line":157,"column":96}},"40":{"start":{"line":177,"column":25},"end":{"line":177,"column":69}},"41":{"start":{"line":180,"column":8},"end":{"line":180,"column":51}},"42":{"start":{"line":182,"column":8},"end":{"line":182,"column":51}},"43":{"start":{"line":187,"column":8},"end":{"line":187,"column":52}},"44":{"start":{"line":190,"column":8},"end":{"line":190,"column":27}},"45":{"start":{"line":201,"column":8},"end":{"line":201,"column":54}},"46":{"start":{"line":208,"column":8},"end":{"line":208,"column":102}},"47":{"start":{"line":220,"column":8},"end":{"line":220,"column":41}},"48":{"start":{"line":223,"column":8},"end":{"line":223,"column":34}},"49":{"start":{"line":224,"column":8},"end":{"line":224,"column":36}},"50":{"start":{"line":227,"column":8},"end":{"line":227,"column":8899}},"51":{"start":{"line":229,"column":15},"end":{"line":229,"column":8985}},"52":{"start":{"line":234,"column":8},"end":{"line":234,"column":34}},"53":{"start":{"line":235,"column":8},"end":{"line":235,"column":72}}},"branchMap":{"1":{"line":36,"type":"if","locations":[{"start":{"line":36,"column":25},"end":{"line":36,"column":25}},{"start":{"line":36,"column":25},"end":{"line":36,"column":25}}]},"2":{"line":39,"type":"if","locations":[{"start":{"line":39,"column":8},"end":{"line":39,"column":8}},{"start":{"line":39,"column":8},"end":{"line":39,"column":8}}]},"3":{"line":43,"type":"if","locations":[{"start":{"line":43,"column":43},"end":{"line":43,"column":43}},{"start":{"line":43,"column":43},"end":{"line":43,"column":43}}]},"4":{"line":44,"type":"if","locations":[{"start":{"line":44,"column":8},"end":{"line":44,"column":8}},{"start":{"line":44,"column":8},"end":{"line":44,"column":8}}]},"5":{"line":87,"type":"if","locations":[{"start":{"line":87,"column":25},"end":{"line":87,"column":25}},{"start":{"line":87,"column":25},"end":{"line":87,"column":25}}]},"6":{"line":90,"type":"if","locations":[{"start":{"line":90,"column":8},"end":{"line":90,"column":8}},{"start":{"line":90,"column":8},"end":{"line":90,"column":8}}]},"7":{"line":92,"type":"if","locations":[{"start":{"line":92,"column":8},"end":{"line":92,"column":8}},{"start":{"line":92,"column":8},"end":{"line":92,"column":8}}]},"8":{"line":93,"type":"if","locations":[{"start":{"line":93,"column":8},"end":{"line":93,"column":8}},{"start":{"line":93,"column":8},"end":{"line":93,"column":8}}]},"9":{"line":96,"type":"if","locations":[{"start":{"line":96,"column":64},"end":{"line":96,"column":64}},{"start":{"line":96,"column":64},"end":{"line":96,"column":64}}]},"10":{"line":97,"type":"if","locations":[{"start":{"line":97,"column":8},"end":{"line":97,"column":8}},{"start":{"line":97,"column":8},"end":{"line":97,"column":8}}]},"11":{"line":97,"type":"cond-expr","locations":[{"start":{"line":97,"column":12},"end":{"line":97,"column":32}},{"start":{"line":97,"column":37},"end":{"line":97,"column":54}}]},"12":{"line":104,"type":"if","locations":[{"start":{"line":104,"column":93},"end":{"line":104,"column":93}},{"start":{"line":104,"column":93},"end":{"line":104,"column":93}}]},"13":{"line":105,"type":"if","locations":[{"start":{"line":105,"column":8},"end":{"line":105,"column":8}},{"start":{"line":105,"column":8},"end":{"line":105,"column":8}}]},"14":{"line":106,"type":"if","locations":[{"start":{"line":106,"column":8},"end":{"line":106,"column":8}},{"start":{"line":106,"column":8},"end":{"line":106,"column":8}}]},"15":{"line":118,"type":"if","locations":[{"start":{"line":118,"column":24},"end":{"line":118,"column":30}},{"start":{"line":118,"column":34},"end":{"line":118,"column":34}}]},"16":{"line":122,"type":"if","locations":[{"start":{"line":122,"column":89},"end":{"line":122,"column":89}},{"start":{"line":122,"column":89},"end":{"line":122,"column":89}}]},"17":{"line":123,"type":"if","locations":[{"start":{"line":123,"column":8},"end":{"line":123,"column":8}},{"start":{"line":123,"column":8},"end":{"line":123,"column":8}}]},"18":{"line":124,"type":"if","locations":[{"start":{"line":124,"column":8},"end":{"line":124,"column":8}},{"start":{"line":124,"column":8},"end":{"line":124,"column":8}}]},"19":{"line":132,"type":"if","locations":[{"start":{"line":132,"column":84},"end":{"line":132,"column":84}},{"start":{"line":132,"column":84},"end":{"line":132,"column":84}}]},"20":{"line":136,"type":"if","locations":[{"start":{"line":136,"column":84},"end":{"line":136,"column":84}},{"start":{"line":136,"column":84},"end":{"line":136,"column":84}}]},"21":{"line":143,"type":"if","locations":[{"start":{"line":143,"column":8},"end":{"line":143,"column":8}},{"start":{"line":143,"column":8},"end":{"line":143,"column":8}}]},"22":{"line":144,"type":"if","locations":[{"start":{"line":144,"column":8},"end":{"line":144,"column":8}},{"start":{"line":144,"column":8},"end":{"line":144,"column":8}}]},"23":{"line":152,"type":"if","locations":[{"start":{"line":152,"column":8},"end":{"line":152,"column":8}},{"start":{"line":152,"column":8},"end":{"line":152,"column":8}}]},"24":{"line":157,"type":"if","locations":[{"start":{"line":157,"column":8},"end":{"line":157,"column":8}},{"start":{"line":157,"column":8},"end":{"line":157,"column":8}}]},"25":{"line":177,"type":"if","locations":[{"start":{"line":177,"column":25},"end":{"line":177,"column":25}},{"start":{"line":177,"column":25},"end":{"line":177,"column":25}}]},"26":{"line":180,"type":"if","locations":[{"start":{"line":180,"column":8},"end":{"line":180,"column":8}},{"start":{"line":180,"column":8},"end":{"line":180,"column":8}}]},"27":{"line":182,"type":"if","locations":[{"start":{"line":182,"column":8},"end":{"line":182,"column":8}},{"start":{"line":182,"column":8},"end":{"line":182,"column":8}}]},"28":{"line":186,"type":"if","locations":[{"start":{"line":186,"column":67},"end":{"line":186,"column":67}},{"start":{"line":186,"column":67},"end":{"line":186,"column":67}}]},"29":{"line":187,"type":"if","locations":[{"start":{"line":187,"column":8},"end":{"line":187,"column":8}},{"start":{"line":187,"column":8},"end":{"line":187,"column":8}}]},"30":{"line":200,"type":"if","locations":[{"start":{"line":200,"column":15},"end":{"line":200,"column":15}},{"start":{"line":200,"column":15},"end":{"line":200,"column":15}}]},"31":{"line":201,"type":"if","locations":[{"start":{"line":201,"column":8},"end":{"line":201,"column":8}},{"start":{"line":201,"column":8},"end":{"line":201,"column":8}}]},"32":{"line":227,"type":"if","locations":[{"start":{"line":227,"column":8},"end":{"line":227,"column":8}},{"start":{"line":227,"column":8},"end":{"line":227,"column":8}}]},"33":{"line":229,"type":"if","locations":[{"start":{"line":229,"column":15},"end":{"line":229,"column":15}},{"start":{"line":229,"column":15},"end":{"line":229,"column":15}}]},"34":{"line":235,"type":"if","locations":[{"start":{"line":235,"column":47},"end":{"line":235,"column":47}},{"start":{"line":235,"column":51},"end":{"line":235,"column":71}}]}}}}