TN:
SF:/src/contracts-prod/VFIDEToken.sol
DA:1,0
DA:54,6
DA:55,51
DA:57,0
DA:58,0
DA:64,1606
DA:68,1
DA:70,12
DA:71,18
DA:72,1
DA:75,1
DA:82,1
DA:83,1
DA:84,1
DA:87,4
DA:88,1
DA:89,1
DA:92,1
DA:93,1
DA:96,1
DA:127,4
DA:131,1
DA:132,1
DA:135,2
DA:136,0
DA:137,0
DA:139,6
DA:140,1
DA:141,2
DA:143,2
DA:144,0
DA:145,0
DA:155,2
DA:158,5
DA:163,6
DA:168,5
DA:169,3
DA:170,3
DA:175,6
DA:180,2
DA:181,3
DA:182,0
DA:183,0
DA:191,0
DA:192,0
DA:196,0
DA:197,0
DA:198,0
DA:202,0
DA:203,0
DA:204,0
DA:208,0
DA:210,0
DA:211,0
DA:215,0
DA:216,0
DA:217,0
DA:218,0
DA:222,0
DA:223,1
DA:224,0
DA:228,0
DA:230,0
DA:231,0
DA:236,0
DA:237,0
DA:238,0
DA:242,0
DA:243,0
DA:244,0
DA:245,0
DA:247,0
DA:248,0
DA:253,11
DA:254,3
DA:255,0
DA:258,0
DA:259,0
DA:262,0
DA:264,0
DA:265,0
DA:270,5
DA:271,21
DA:272,4
DA:275,3
DA:276,0
DA:277,0
DA:278,0
DA:279,0
DA:280,0
DA:285,4
DA:286,6
DA:287,5
DA:289,0
DA:290,0
DA:295,0
DA:296,0
DA:302,0
DA:304,0
DA:306,0
DA:307,0
DA:309,0
DA:311,0
DA:312,0
DA:313,0
DA:314,0
DA:315,0
DA:316,0
DA:318,0
DA:319,0
DA:323,0
DA:329,0
DA:330,0
DA:332,0
DA:336,0
DA:338,0
DA:339,0
DA:342,0
DA:343,0
DA:348,1
DA:349,8
DA:350,5
DA:351,5
DA:352,2
DA:355,3
DA:356,13
DA:357,1
DA:358,3
DA:363,1
DA:364,10
DA:365,0
DA:366,0
DA:367,0
DA:368,0
DA:370,0
DA:373,0
DA:374,0
DA:375,0
DA:378,0
DA:379,0
DA:380,0
DA:383,0
DA:384,0
DA:386,0
DA:387,34
end_of_record

SF:/src/echidna/EchidnaVFIDETokenSimple.sol
DA:7,98
DA:8,2
DA:14,119
DA:20,188
DA:23,1
DA:26,32
DA:27,25
DA:29,28
DA:39,4
DA:44,4
DA:49,5
DA:54,4
DA:55,0
DA:56,0
DA:61,0
DA:62,0
DA:63,0
DA:68,4
DA:73,4
DA:74,0
DA:79,4
DA:80,0
DA:85,3
DA:90,4
DA:95,4
DA:96,0
DA:97,0
end_of_record

