{
"contracts/ChainOfReturn.sol":{"l":{"146":0,"147":0,"149":0,"153":1,"154":1,"167":0,"168":0,"169":0,"170":0,"171":0,"172":0,"173":0,"184":0,"185":0,"186":0,"187":0,"188":0,"189":0,"190":0,"191":0,"192":0,"193":0,"202":0,"203":0,"204":0,"205":0,"206":0,"207":0,"220":0,"221":0,"222":0,"224":0,"225":0,"226":0,"227":0,"228":0,"232":0,"233":0,"234":0,"236":0,"243":0,"244":0,"249":0,"250":0,"251":0,"257":0,"258":0,"259":0,"260":0,"261":0,"263":0,"266":0,"267":0,"268":0,"269":0,"270":0,"271":0,"274":0,"275":0,"276":0,"280":0,"281":0,"287":0,"291":0,"292":0,"293":0,"294":0,"296":0,"297":0,"299":0,"300":0,"302":0,"303":0,"304":0,"305":0,"306":0,"307":0,"308":0,"310":0,"311":0,"313":0,"314":0,"319":0,"320":0,"321":0,"322":0,"323":0,"325":0,"326":0,"327":0,"329":0,"330":0,"332":0,"333":0,"335":0,"336":0,"337":0,"338":0,"339":0,"344":0,"345":0,"346":0,"347":0,"349":0,"351":0,"352":0,"353":0,"354":0,"355":0,"357":0,"359":0,"361":0,"362":0,"366":0,"367":0,"368":0,"370":0,"371":0,"372":0,"374":0,"375":0,"382":0,"383":0,"384":0,"387":0,"388":0,"391":0,"392":0,"395":0,"398":0,"400":0,"402":0,"405":0,"415":0,"416":0,"417":0,"418":0,"419":0,"424":0,"425":0},"path":"/workspaces/Vfide/contracts/ChainOfReturn.sol","s":{"1":0,"2":0,"3":1,"4":1,"5":0,"6":0,"7":0,"8":0,"9":0,"10":0,"11":0,"12":0,"13":0,"14":0,"15":0,"16":0,"17":0,"18":0,"19":0,"20":0,"21":0,"22":0,"23":0,"24":0,"25":0,"26":0,"27":0,"28":0,"29":0,"30":0,"31":0,"32":0,"33":0,"34":0,"35":0,"36":0,"37":0,"38":0,"39":0,"40":0,"41":0,"42":0,"43":0,"44":0,"45":0,"46":0,"47":0,"48":0,"49":0,"50":0,"51":0,"52":0,"53":0,"54":0,"55":0,"56":0,"57":0,"58":0,"59":0,"60":0,"61":0,"62":0,"63":0,"64":0,"65":0,"66":0,"67":0,"68":0,"69":0,"70":0,"71":0,"72":0,"73":0,"74":0,"75":0,"76":0,"77":0,"78":0,"79":0,"80":0,"81":0,"82":0,"83":0,"84":0,"85":0,"86":0,"87":0,"88":0,"89":0,"90":0,"91":0,"92":0,"93":0,"94":0,"95":0,"96":0,"97":0,"98":0,"99":0,"100":0,"101":0,"102":0,"103":0,"104":0,"105":0,"106":0,"107":0,"108":0,"109":0,"110":0,"111":0,"112":0,"113":0,"114":0,"115":0,"116":0},"b":{"1":[0,0],"2":[0,0],"3":[0,0],"4":[0,1],"5":[0,0],"6":[0,0],"7":[0,0],"8":[0,0],"9":[0,0],"10":[0,0],"11":[0,0],"12":[0,0],"13":[0,0],"14":[0,0],"15":[0,0],"16":[0,0],"17":[0,0],"18":[0,0],"19":[0,0],"20":[0,0],"21":[0,0],"22":[0,0],"23":[0,0],"24":[0,0],"25":[0,0],"26":[0,0],"27":[0,0],"28":[0,0],"29":[0,0],"30":[0,0],"31":[0,0],"32":[0,0],"33":[0,0],"34":[0,0],"35":[0,0],"36":[0,0],"37":[0,0],"38":[0,0],"39":[0,0],"40":[0,0],"41":[0,0],"42":[0,0],"43":[0,0],"44":[0,0],"45":[0,0],"46":[0,0],"47":[0,0],"48":[0,0],"49":[0,0],"50":[0,0],"51":[0,0],"52":[0,0],"53":[0,0],"54":[0,0],"55":[0,0],"56":[0,0],"57":[0,0],"58":[0,0],"59":[0,0],"60":[0,0],"61":[0,0],"62":[0,0],"63":[0,0],"64":[0,0],"65":[0,0],"66":[0,0],"67":[0,0]},"f":{"1":0,"2":1,"3":0,"4":0,"5":0,"6":0,"7":0,"8":0,"9":0,"10":0,"11":0,"12":0,"13":0,"14":0,"15":0,"16":0,"17":0,"18":0,"19":0,"20":0,"21":0},"fnMap":{"1":{"name":"breakerGuard","line":145,"loc":{"start":{"line":145,"column":4},"end":{"line":150,"column":4}}},"2":{"name":"constructor","line":152,"loc":{"start":{"line":152,"column":4},"end":{"line":155,"column":4}}},"3":{"name":"setWiring","line":166,"loc":{"start":{"line":159,"column":4},"end":{"line":174,"column":4}}},"4":{"name":"setPolicy","line":183,"loc":{"start":{"line":176,"column":4},"end":{"line":194,"column":4}}},"5":{"name":"setBounds","line":201,"loc":{"start":{"line":197,"column":4},"end":{"line":208,"column":4}}},"6":{"name":"setVaultPolicy","line":219,"loc":{"start":{"line":213,"column":4},"end":{"line":245,"column":4}}},"7":{"name":"effectivePolicy","line":248,"loc":{"start":{"line":248,"column":4},"end":{"line":252,"column":4}}},"8":{"name":"setGuardians","line":256,"loc":{"start":{"line":256,"column":4},"end":{"line":277,"column":4}}},"9":{"name":"getGuardians","line":279,"loc":{"start":{"line":279,"column":4},"end":{"line":282,"column":4}}},"10":{"name":"requestId","line":286,"loc":{"start":{"line":286,"column":4},"end":{"line":288,"column":4}}},"11":{"name":"propose","line":290,"loc":{"start":{"line":290,"column":4},"end":{"line":316,"column":4}}},"12":{"name":"approve","line":318,"loc":{"start":{"line":318,"column":4},"end":{"line":341,"column":4}}},"13":{"name":"execute","line":343,"loc":{"start":{"line":343,"column":4},"end":{"line":363,"column":4}}},"14":{"name":"cancel","line":365,"loc":{"start":{"line":365,"column":4},"end":{"line":377,"column":4}}},"15":{"name":"_reqsMust","line":381,"loc":{"start":{"line":381,"column":4},"end":{"line":385,"column":4}}},"16":{"name":"_isGuardian","line":386,"loc":{"start":{"line":386,"column":4},"end":{"line":389,"column":4}}},"17":{"name":"_requireVault","line":390,"loc":{"start":{"line":390,"column":4},"end":{"line":393,"column":4}}},"18":{"name":"_vaultOwner","line":394,"loc":{"start":{"line":394,"column":4},"end":{"line":396,"column":4}}},"19":{"name":"_rotateVault","line":397,"loc":{"start":{"line":397,"column":4},"end":{"line":406,"column":4}}},"20":{"name":"previewRequest","line":410,"loc":{"start":{"line":410,"column":4},"end":{"line":420,"column":4}}},"21":{"name":"_log","line":423,"loc":{"start":{"line":423,"column":4},"end":{"line":427,"column":4}}}},"statementMap":{"1":{"start":{"line":146,"column":8},"end":{"line":146,"column":6322}},"2":{"start":{"line":147,"column":12},"end":{"line":147,"column":100}},"3":{"start":{"line":153,"column":8},"end":{"line":153,"column":60}},"4":{"start":{"line":154,"column":8},"end":{"line":154,"column":39}},"5":{"start":{"line":173,"column":8},"end":{"line":173,"column":76}},"6":{"start":{"line":184,"column":8},"end":{"line":184,"column":55}},"7":{"start":{"line":185,"column":8},"end":{"line":185,"column":78}},"8":{"start":{"line":192,"column":8},"end":{"line":192,"column":122}},"9":{"start":{"line":193,"column":8},"end":{"line":193,"column":104}},"10":{"start":{"line":202,"column":8},"end":{"line":202,"column":56}},"11":{"start":{"line":203,"column":8},"end":{"line":203,"column":66}},"12":{"start":{"line":204,"column":8},"end":{"line":204,"column":64}},"13":{"start":{"line":206,"column":8},"end":{"line":206,"column":64}},"14":{"start":{"line":207,"column":8},"end":{"line":207,"column":90}},"15":{"start":{"line":220,"column":8},"end":{"line":220,"column":27}},"16":{"start":{"line":221,"column":8},"end":{"line":221,"column":43}},"17":{"start":{"line":222,"column":8},"end":{"line":222,"column":51}},"18":{"start":{"line":224,"column":8},"end":{"line":224,"column":9272}},"19":{"start":{"line":226,"column":12},"end":{"line":226,"column":53}},"20":{"start":{"line":227,"column":12},"end":{"line":227,"column":73}},"21":{"start":{"line":228,"column":12},"end":{"line":228,"column":18}},"22":{"start":{"line":232,"column":8},"end":{"line":232,"column":133}},"23":{"start":{"line":233,"column":8},"end":{"line":233,"column":135}},"24":{"start":{"line":234,"column":8},"end":{"line":234,"column":134}},"25":{"start":{"line":243,"column":8},"end":{"line":243,"column":92}},"26":{"start":{"line":244,"column":8},"end":{"line":244,"column":116}},"27":{"start":{"line":249,"column":8},"end":{"line":249,"column":50}},"28":{"start":{"line":250,"column":8},"end":{"line":250,"column":92}},"29":{"start":{"line":250,"column":28},"end":{"line":250,"column":92}},"30":{"start":{"line":251,"column":8},"end":{"line":251,"column":63}},"31":{"start":{"line":257,"column":8},"end":{"line":257,"column":27}},"32":{"start":{"line":258,"column":8},"end":{"line":258,"column":43}},"33":{"start":{"line":259,"column":8},"end":{"line":259,"column":51}},"34":{"start":{"line":260,"column":8},"end":{"line":260,"column":89}},"35":{"start":{"line":261,"column":8},"end":{"line":261,"column":78}},"36":{"start":{"line":263,"column":8},"end":{"line":263,"column":53}},"37":{"start":{"line":266,"column":8},"end":{"line":266,"column":11379}},"38":{"start":{"line":267,"column":12},"end":{"line":267,"column":37}},"39":{"start":{"line":268,"column":12},"end":{"line":268,"column":54}},"40":{"start":{"line":269,"column":12},"end":{"line":269,"column":100}},"41":{"start":{"line":269,"column":57},"end":{"line":269,"column":99}},"42":{"start":{"line":270,"column":12},"end":{"line":270,"column":52}},"43":{"start":{"line":271,"column":12},"end":{"line":271,"column":58}},"44":{"start":{"line":275,"column":8},"end":{"line":275,"column":61}},"45":{"start":{"line":276,"column":8},"end":{"line":276,"column":85}},"46":{"start":{"line":280,"column":8},"end":{"line":280,"column":45}},"47":{"start":{"line":281,"column":8},"end":{"line":281,"column":48}},"48":{"start":{"line":287,"column":8},"end":{"line":287,"column":60}},"49":{"start":{"line":291,"column":8},"end":{"line":291,"column":57}},"50":{"start":{"line":292,"column":8},"end":{"line":292,"column":27}},"51":{"start":{"line":293,"column":8},"end":{"line":293,"column":45}},"52":{"start":{"line":294,"column":8},"end":{"line":294,"column":42}},"53":{"start":{"line":296,"column":8},"end":{"line":296,"column":90}},"54":{"start":{"line":297,"column":8},"end":{"line":297,"column":42}},"55":{"start":{"line":300,"column":8},"end":{"line":300,"column":60}},"56":{"start":{"line":302,"column":8},"end":{"line":302,"column":45}},"57":{"start":{"line":310,"column":8},"end":{"line":310,"column":63}},"58":{"start":{"line":311,"column":8},"end":{"line":311,"column":94}},"59":{"start":{"line":313,"column":8},"end":{"line":313,"column":13458}},"60":{"start":{"line":314,"column":12},"end":{"line":314,"column":85}},"61":{"start":{"line":319,"column":8},"end":{"line":319,"column":49}},"62":{"start":{"line":320,"column":8},"end":{"line":320,"column":58}},"63":{"start":{"line":321,"column":8},"end":{"line":321,"column":47}},"64":{"start":{"line":322,"column":8},"end":{"line":322,"column":61}},"65":{"start":{"line":323,"column":8},"end":{"line":323,"column":62}},"66":{"start":{"line":325,"column":8},"end":{"line":325,"column":55}},"67":{"start":{"line":326,"column":8},"end":{"line":326,"column":56}},"68":{"start":{"line":327,"column":8},"end":{"line":327,"column":62}},"69":{"start":{"line":332,"column":8},"end":{"line":332,"column":71}},"70":{"start":{"line":333,"column":8},"end":{"line":333,"column":102}},"71":{"start":{"line":335,"column":8},"end":{"line":335,"column":14430}},"72":{"start":{"line":336,"column":12},"end":{"line":336,"column":54}},"73":{"start":{"line":338,"column":12},"end":{"line":338,"column":72}},"74":{"start":{"line":339,"column":12},"end":{"line":339,"column":87}},"75":{"start":{"line":344,"column":8},"end":{"line":344,"column":49}},"76":{"start":{"line":345,"column":8},"end":{"line":345,"column":92}},"77":{"start":{"line":346,"column":8},"end":{"line":346,"column":47}},"78":{"start":{"line":347,"column":8},"end":{"line":347,"column":37}},"79":{"start":{"line":349,"column":8},"end":{"line":349,"column":61}},"80":{"start":{"line":351,"column":8},"end":{"line":351,"column":60}},"81":{"start":{"line":352,"column":8},"end":{"line":352,"column":50}},"82":{"start":{"line":353,"column":8},"end":{"line":353,"column":42}},"83":{"start":{"line":354,"column":8},"end":{"line":354,"column":60}},"84":{"start":{"line":355,"column":8},"end":{"line":355,"column":65}},"85":{"start":{"line":357,"column":8},"end":{"line":357,"column":41}},"86":{"start":{"line":361,"column":8},"end":{"line":361,"column":55}},"87":{"start":{"line":362,"column":8},"end":{"line":362,"column":86}},"88":{"start":{"line":366,"column":8},"end":{"line":366,"column":49}},"89":{"start":{"line":367,"column":8},"end":{"line":367,"column":58}},"90":{"start":{"line":368,"column":8},"end":{"line":368,"column":65}},"91":{"start":{"line":371,"column":8},"end":{"line":371,"column":53}},"92":{"start":{"line":372,"column":8},"end":{"line":372,"column":102}},"93":{"start":{"line":374,"column":8},"end":{"line":374,"column":16149}},"94":{"start":{"line":375,"column":12},"end":{"line":375,"column":100}},"95":{"start":{"line":382,"column":8},"end":{"line":382,"column":45}},"96":{"start":{"line":383,"column":8},"end":{"line":383,"column":48}},"97":{"start":{"line":384,"column":8},"end":{"line":384,"column":16}},"98":{"start":{"line":387,"column":8},"end":{"line":387,"column":91}},"99":{"start":{"line":387,"column":53},"end":{"line":387,"column":91}},"100":{"start":{"line":387,"column":80},"end":{"line":387,"column":91}},"101":{"start":{"line":388,"column":8},"end":{"line":388,"column":20}},"102":{"start":{"line":391,"column":8},"end":{"line":391,"column":53}},"103":{"start":{"line":392,"column":8},"end":{"line":392,"column":88}},"104":{"start":{"line":392,"column":44},"end":{"line":392,"column":87}},"105":{"start":{"line":395,"column":8},"end":{"line":395,"column":110}},"106":{"start":{"line":398,"column":8},"end":{"line":398,"column":15}},"107":{"start":{"line":400,"column":8},"end":{"line":400,"column":17350}},"108":{"start":{"line":402,"column":12},"end":{"line":402,"column":17469}},"109":{"start":{"line":405,"column":8},"end":{"line":405,"column":43}},"110":{"start":{"line":415,"column":8},"end":{"line":415,"column":49}},"111":{"start":{"line":416,"column":8},"end":{"line":416,"column":47}},"112":{"start":{"line":417,"column":8},"end":{"line":417,"column":50}},"113":{"start":{"line":418,"column":8},"end":{"line":418,"column":69}},"114":{"start":{"line":419,"column":8},"end":{"line":419,"column":120}},"115":{"start":{"line":424,"column":8},"end":{"line":424,"column":18394}},"116":{"start":{"line":425,"column":12},"end":{"line":425,"column":68}}},"branchMap":{"1":{"line":146,"type":"if","locations":[{"start":{"line":146,"column":8},"end":{"line":146,"column":8}},{"start":{"line":146,"column":8},"end":{"line":146,"column":8}}]},"2":{"line":147,"type":"if","locations":[{"start":{"line":147,"column":12},"end":{"line":147,"column":12}},{"start":{"line":147,"column":12},"end":{"line":147,"column":12}}]},"3":{"line":147,"type":"cond-expr","locations":[{"start":{"line":147,"column":16},"end":{"line":147,"column":39}},{"start":{"line":147,"column":44},"end":{"line":147,"column":82}}]},"4":{"line":153,"type":"if","locations":[{"start":{"line":153,"column":8},"end":{"line":153,"column":8}},{"start":{"line":153,"column":8},"end":{"line":153,"column":8}}]},"5":{"line":166,"type":"if","locations":[{"start":{"line":166,"column":15},"end":{"line":166,"column":15}},{"start":{"line":166,"column":15},"end":{"line":166,"column":15}}]},"6":{"line":183,"type":"if","locations":[{"start":{"line":183,"column":15},"end":{"line":183,"column":15}},{"start":{"line":183,"column":15},"end":{"line":183,"column":15}}]},"7":{"line":184,"type":"if","locations":[{"start":{"line":184,"column":8},"end":{"line":184,"column":8}},{"start":{"line":184,"column":8},"end":{"line":184,"column":8}}]},"8":{"line":185,"type":"if","locations":[{"start":{"line":185,"column":8},"end":{"line":185,"column":8}},{"start":{"line":185,"column":8},"end":{"line":185,"column":8}}]},"9":{"line":201,"type":"if","locations":[{"start":{"line":201,"column":15},"end":{"line":201,"column":15}},{"start":{"line":201,"column":15},"end":{"line":201,"column":15}}]},"10":{"line":202,"type":"if","locations":[{"start":{"line":202,"column":8},"end":{"line":202,"column":8}},{"start":{"line":202,"column":8},"end":{"line":202,"column":8}}]},"11":{"line":203,"type":"if","locations":[{"start":{"line":203,"column":8},"end":{"line":203,"column":8}},{"start":{"line":203,"column":8},"end":{"line":203,"column":8}}]},"12":{"line":204,"type":"if","locations":[{"start":{"line":204,"column":8},"end":{"line":204,"column":8}},{"start":{"line":204,"column":8},"end":{"line":204,"column":8}}]},"13":{"line":219,"type":"if","locations":[{"start":{"line":219,"column":15},"end":{"line":219,"column":15}},{"start":{"line":219,"column":15},"end":{"line":219,"column":15}}]},"14":{"line":219,"type":"if","locations":[{"start":{"line":219,"column":28},"end":{"line":219,"column":28}},{"start":{"line":219,"column":28},"end":{"line":219,"column":28}}]},"15":{"line":222,"type":"if","locations":[{"start":{"line":222,"column":8},"end":{"line":222,"column":8}},{"start":{"line":222,"column":8},"end":{"line":222,"column":8}}]},"16":{"line":224,"type":"if","locations":[{"start":{"line":224,"column":8},"end":{"line":224,"column":8}},{"start":{"line":224,"column":8},"end":{"line":224,"column":8}}]},"17":{"line":232,"type":"if","locations":[{"start":{"line":232,"column":8},"end":{"line":232,"column":8}},{"start":{"line":232,"column":8},"end":{"line":232,"column":8}}]},"18":{"line":233,"type":"if","locations":[{"start":{"line":233,"column":8},"end":{"line":233,"column":8}},{"start":{"line":233,"column":8},"end":{"line":233,"column":8}}]},"19":{"line":234,"type":"if","locations":[{"start":{"line":234,"column":8},"end":{"line":234,"column":8}},{"start":{"line":234,"column":8},"end":{"line":234,"column":8}}]},"20":{"line":250,"type":"if","locations":[{"start":{"line":250,"column":8},"end":{"line":250,"column":8}},{"start":{"line":250,"column":8},"end":{"line":250,"column":8}}]},"21":{"line":256,"type":"if","locations":[{"start":{"line":256,"column":97},"end":{"line":256,"column":97}},{"start":{"line":256,"column":97},"end":{"line":256,"column":97}}]},"22":{"line":256,"type":"if","locations":[{"start":{"line":256,"column":110},"end":{"line":256,"column":110}},{"start":{"line":256,"column":110},"end":{"line":256,"column":110}}]},"23":{"line":259,"type":"if","locations":[{"start":{"line":259,"column":8},"end":{"line":259,"column":8}},{"start":{"line":259,"column":8},"end":{"line":259,"column":8}}]},"24":{"line":260,"type":"if","locations":[{"start":{"line":260,"column":8},"end":{"line":260,"column":8}},{"start":{"line":260,"column":8},"end":{"line":260,"column":8}}]},"25":{"line":260,"type":"cond-expr","locations":[{"start":{"line":260,"column":12},"end":{"line":260,"column":32}},{"start":{"line":260,"column":37},"end":{"line":260,"column":68}}]},"26":{"line":261,"type":"if","locations":[{"start":{"line":261,"column":8},"end":{"line":261,"column":8}},{"start":{"line":261,"column":8},"end":{"line":261,"column":8}}]},"27":{"line":261,"type":"cond-expr","locations":[{"start":{"line":261,"column":12},"end":{"line":261,"column":25}},{"start":{"line":261,"column":30},"end":{"line":261,"column":57}}]},"28":{"line":268,"type":"if","locations":[{"start":{"line":268,"column":12},"end":{"line":268,"column":12}},{"start":{"line":268,"column":12},"end":{"line":268,"column":12}}]},"29":{"line":269,"type":"if","locations":[{"start":{"line":269,"column":57},"end":{"line":269,"column":57}},{"start":{"line":269,"column":57},"end":{"line":269,"column":57}}]},"30":{"line":270,"type":"if","locations":[{"start":{"line":270,"column":12},"end":{"line":270,"column":12}},{"start":{"line":270,"column":12},"end":{"line":270,"column":12}}]},"31":{"line":271,"type":"if","locations":[{"start":{"line":271,"column":12},"end":{"line":271,"column":12}},{"start":{"line":271,"column":12},"end":{"line":271,"column":12}}]},"32":{"line":290,"type":"if","locations":[{"start":{"line":290,"column":78},"end":{"line":290,"column":78}},{"start":{"line":290,"column":78},"end":{"line":290,"column":78}}]},"33":{"line":290,"type":"if","locations":[{"start":{"line":290,"column":91},"end":{"line":290,"column":91}},{"start":{"line":290,"column":91},"end":{"line":290,"column":91}}]},"34":{"line":291,"type":"if","locations":[{"start":{"line":291,"column":8},"end":{"line":291,"column":8}},{"start":{"line":291,"column":8},"end":{"line":291,"column":8}}]},"35":{"line":294,"type":"if","locations":[{"start":{"line":294,"column":8},"end":{"line":294,"column":8}},{"start":{"line":294,"column":8},"end":{"line":294,"column":8}}]},"36":{"line":297,"type":"if","locations":[{"start":{"line":297,"column":8},"end":{"line":297,"column":8}},{"start":{"line":297,"column":8},"end":{"line":297,"column":8}}]},"37":{"line":300,"type":"if","locations":[{"start":{"line":300,"column":8},"end":{"line":300,"column":8}},{"start":{"line":300,"column":8},"end":{"line":300,"column":8}}]},"38":{"line":313,"type":"if","locations":[{"start":{"line":313,"column":8},"end":{"line":313,"column":8}},{"start":{"line":313,"column":8},"end":{"line":313,"column":8}}]},"39":{"line":318,"type":"if","locations":[{"start":{"line":318,"column":42},"end":{"line":318,"column":42}},{"start":{"line":318,"column":42},"end":{"line":318,"column":42}}]},"40":{"line":318,"type":"if","locations":[{"start":{"line":318,"column":55},"end":{"line":318,"column":55}},{"start":{"line":318,"column":55},"end":{"line":318,"column":55}}]},"41":{"line":320,"type":"if","locations":[{"start":{"line":320,"column":8},"end":{"line":320,"column":8}},{"start":{"line":320,"column":8},"end":{"line":320,"column":8}}]},"42":{"line":322,"type":"if","locations":[{"start":{"line":322,"column":8},"end":{"line":322,"column":8}},{"start":{"line":322,"column":8},"end":{"line":322,"column":8}}]},"43":{"line":323,"type":"if","locations":[{"start":{"line":323,"column":8},"end":{"line":323,"column":8}},{"start":{"line":323,"column":8},"end":{"line":323,"column":8}}]},"44":{"line":326,"type":"if","locations":[{"start":{"line":326,"column":8},"end":{"line":326,"column":8}},{"start":{"line":326,"column":8},"end":{"line":326,"column":8}}]},"45":{"line":327,"type":"if","locations":[{"start":{"line":327,"column":8},"end":{"line":327,"column":8}},{"start":{"line":327,"column":8},"end":{"line":327,"column":8}}]},"46":{"line":335,"type":"if","locations":[{"start":{"line":335,"column":8},"end":{"line":335,"column":8}},{"start":{"line":335,"column":8},"end":{"line":335,"column":8}}]},"47":{"line":343,"type":"if","locations":[{"start":{"line":343,"column":42},"end":{"line":343,"column":42}},{"start":{"line":343,"column":42},"end":{"line":343,"column":42}}]},"48":{"line":343,"type":"if","locations":[{"start":{"line":343,"column":55},"end":{"line":343,"column":55}},{"start":{"line":343,"column":55},"end":{"line":343,"column":55}}]},"49":{"line":345,"type":"if","locations":[{"start":{"line":345,"column":8},"end":{"line":345,"column":8}},{"start":{"line":345,"column":8},"end":{"line":345,"column":8}}]},"50":{"line":347,"type":"if","locations":[{"start":{"line":347,"column":8},"end":{"line":347,"column":8}},{"start":{"line":347,"column":8},"end":{"line":347,"column":8}}]},"51":{"line":351,"type":"if","locations":[{"start":{"line":351,"column":8},"end":{"line":351,"column":8}},{"start":{"line":351,"column":8},"end":{"line":351,"column":8}}]},"52":{"line":352,"type":"if","locations":[{"start":{"line":352,"column":8},"end":{"line":352,"column":8}},{"start":{"line":352,"column":8},"end":{"line":352,"column":8}}]},"53":{"line":354,"type":"if","locations":[{"start":{"line":354,"column":8},"end":{"line":354,"column":8}},{"start":{"line":354,"column":8},"end":{"line":354,"column":8}}]},"54":{"line":355,"type":"if","locations":[{"start":{"line":355,"column":8},"end":{"line":355,"column":8}},{"start":{"line":355,"column":8},"end":{"line":355,"column":8}}]},"55":{"line":365,"type":"if","locations":[{"start":{"line":365,"column":65},"end":{"line":365,"column":65}},{"start":{"line":365,"column":65},"end":{"line":365,"column":65}}]},"56":{"line":365,"type":"if","locations":[{"start":{"line":365,"column":78},"end":{"line":365,"column":78}},{"start":{"line":365,"column":78},"end":{"line":365,"column":78}}]},"57":{"line":367,"type":"if","locations":[{"start":{"line":367,"column":8},"end":{"line":367,"column":8}},{"start":{"line":367,"column":8},"end":{"line":367,"column":8}}]},"58":{"line":368,"type":"if","locations":[{"start":{"line":368,"column":8},"end":{"line":368,"column":8}},{"start":{"line":368,"column":8},"end":{"line":368,"column":8}}]},"59":{"line":374,"type":"if","locations":[{"start":{"line":374,"column":8},"end":{"line":374,"column":8}},{"start":{"line":374,"column":8},"end":{"line":374,"column":8}}]},"60":{"line":383,"type":"if","locations":[{"start":{"line":383,"column":8},"end":{"line":383,"column":8}},{"start":{"line":383,"column":8},"end":{"line":383,"column":8}}]},"61":{"line":387,"type":"if","locations":[{"start":{"line":387,"column":53},"end":{"line":387,"column":53}},{"start":{"line":387,"column":53},"end":{"line":387,"column":53}}]},"62":{"line":391,"type":"if","locations":[{"start":{"line":391,"column":8},"end":{"line":391,"column":8}},{"start":{"line":391,"column":8},"end":{"line":391,"column":8}}]},"63":{"line":392,"type":"if","locations":[{"start":{"line":392,"column":8},"end":{"line":392,"column":8}},{"start":{"line":392,"column":8},"end":{"line":392,"column":8}}]},"64":{"line":392,"type":"if","locations":[{"start":{"line":392,"column":44},"end":{"line":392,"column":44}},{"start":{"line":392,"column":44},"end":{"line":392,"column":44}}]},"65":{"line":405,"type":"if","locations":[{"start":{"line":405,"column":8},"end":{"line":405,"column":8}},{"start":{"line":405,"column":8},"end":{"line":405,"column":8}}]},"66":{"line":418,"type":"if","locations":[{"start":{"line":418,"column":47},"end":{"line":418,"column":47}},{"start":{"line":418,"column":51},"end":{"line":418,"column":68}}]},"67":{"line":424,"type":"if","locations":[{"start":{"line":424,"column":8},"end":{"line":424,"column":8}},{"start":{"line":424,"column":8},"end":{"line":424,"column":8}}]}}},
"contracts/CommerceEscrow.sol":{"l":{"160":0,"161":0,"163":0,"167":1,"168":1,"183":0,"184":0,"185":0,"186":0,"187":0,"188":0,"189":0,"190":0,"191":0,"205":0,"206":0,"207":0,"208":0,"209":0,"210":0,"211":0,"212":0,"213":0,"214":0,"215":0,"216":0,"220":0,"221":0,"227":0,"228":0,"232":0,"233":0,"237":0,"238":0,"239":0,"240":0,"241":0,"254":0,"269":0,"270":0,"271":0,"274":0,"275":0,"276":0,"277":0,"280":0,"281":0,"283":0,"284":0,"285":0,"286":0,"287":0,"288":0,"289":0,"290":0,"291":0,"293":0,"294":0,"299":0,"300":0,"302":0,"303":0,"304":0,"306":0,"307":0,"309":0,"310":0,"312":0,"313":0,"315":0,"316":0,"321":0,"322":0,"323":0,"324":0,"325":0,"327":0,"328":0,"329":0,"330":0,"332":0,"335":0,"336":0,"338":0,"339":0,"344":0,"345":0,"346":0,"348":0,"349":0,"351":0,"353":0,"354":0,"359":0,"363":0,"364":0,"365":0,"368":0,"370":0,"371":0,"373":0,"374":0,"376":0,"377":0,"380":0,"381":0,"383":0,"384":0,"389":0,"390":0,"391":0,"393":0,"394":0,"396":0,"397":0,"399":0,"400":0,"403":0,"405":0,"406":0,"411":0,"412":0,"413":0,"414":0,"415":0,"416":0,"421":0,"422":0,"423":0,"424":0,"426":0,"427":0,"429":0,"430":0,"432":0,"433":0,"434":0,"436":0,"437":0,"440":0,"441":0,"442":0,"444":0,"445":0,"448":0,"450":0,"451":0,"456":0,"457":0,"458":0,"459":0,"460":0,"461":0,"467":0,"468":0,"469":0,"474":0,"475":0,"476":0,"481":0,"482":0,"487":0,"488":0,"495":0,"496":0,"497":0,"503":0,"504":0},"path":"/workspaces/Vfide/contracts/CommerceEscrow.sol","s":{"1":0,"2":0,"3":1,"4":1,"5":0,"6":0,"7":0,"8":0,"9":0,"10":0,"11":0,"12":0,"13":0,"14":0,"15":0,"16":0,"17":0,"18":0,"19":0,"20":0,"21":0,"22":0,"23":0,"24":0,"25":0,"26":0,"27":0,"28":0,"29":0,"30":0,"31":0,"32":0,"33":0,"34":0,"35":0,"36":0,"37":0,"38":0,"39":0,"40":0,"41":0,"42":0,"43":0,"44":0,"45":0,"46":0,"47":0,"48":0,"49":0,"50":0,"51":0,"52":0,"53":0,"54":0,"55":0,"56":0,"57":0,"58":0,"59":0,"60":0,"61":0,"62":0,"63":0,"64":0,"65":0,"66":0,"67":0,"68":0,"69":0,"70":0,"71":0,"72":0,"73":0,"74":0,"75":0,"76":0,"77":0,"78":0,"79":0,"80":0,"81":0,"82":0,"83":0,"84":0,"85":0,"86":0,"87":0,"88":0,"89":0,"90":0,"91":0,"92":0,"93":0,"94":0,"95":0,"96":0,"97":0,"98":0,"99":0,"100":0,"101":0,"102":0,"103":0,"104":0,"105":0,"106":0,"107":0,"108":0,"109":0,"110":0,"111":0,"112":0,"113":0,"114":0,"115":0,"116":0,"117":0,"118":0,"119":0,"120":0,"121":0,"122":0,"123":0,"124":0,"125":0,"126":0},"b":{"1":[0,0],"2":[0,0],"3":[0,0],"4":[1,0],"5":[0,0],"6":[0,0],"7":[0,0],"8":[0,0],"9":[0,0],"10":[0,0],"11":[0,0],"12":[0,0],"13":[0,0],"14":[0,0],"15":[0,0],"16":[0,0],"17":[0,0],"18":[0,0],"19":[0,0],"20":[0,0],"21":[0,0],"22":[0,0],"23":[0,0],"24":[0,0],"25":[0,0],"26":[0,0],"27":[0,0],"28":[0,0],"29":[0,0],"30":[0,0],"31":[0,0],"32":[0,0],"33":[0,0],"34":[0,0],"35":[0,0],"36":[0,0],"37":[0,0],"38":[0,0],"39":[0,0],"40":[0,0],"41":[0,0],"42":[0,0],"43":[0,0],"44":[0,0],"45":[0,0],"46":[0,0],"47":[0,0],"48":[0,0],"49":[0,0],"50":[0,0],"51":[0,0],"52":[0,0],"53":[0,0],"54":[0,0],"55":[0,0],"56":[0,0],"57":[0,0],"58":[0,0],"59":[0,0],"60":[0,0],"61":[0,0],"62":[0,0],"63":[0,0],"64":[0,0],"65":[0,0],"66":[0,0],"67":[0,0],"68":[0,0],"69":[0,0],"70":[0,0],"71":[0,0],"72":[0,0],"73":[0,0],"74":[0,0],"75":[0,0],"76":[0,0],"77":[0,0],"78":[0,0],"79":[0,0],"80":[0,0],"81":[0,0]},"f":{"1":0,"2":1,"3":0,"4":0,"5":0,"6":0,"7":0,"8":0,"9":0,"10":0,"11":0,"12":0,"13":0,"14":0,"15":0,"16":0,"17":0,"18":0,"19":0,"20":0,"21":0,"22":0,"23":0,"24":0,"25":0},"fnMap":{"1":{"name":"breakerGuard","line":159,"loc":{"start":{"line":159,"column":4},"end":{"line":164,"column":4}}},"2":{"name":"constructor","line":166,"loc":{"start":{"line":166,"column":4},"end":{"line":169,"column":4}}},"3":{"name":"setWiring","line":182,"loc":{"start":{"line":173,"column":4},"end":{"line":192,"column":4}}},"4":{"name":"setPolicy","line":204,"loc":{"start":{"line":194,"column":4},"end":{"line":217,"column":4}}},"5":{"name":"setBreakerModule","line":219,"loc":{"start":{"line":219,"column":4},"end":{"line":222,"column":4}}},"6":{"name":"_vaultOf","line":226,"loc":{"start":{"line":226,"column":4},"end":{"line":229,"column":4}}},"7":{"name":"_sellerMinScore","line":231,"loc":{"start":{"line":231,"column":4},"end":{"line":234,"column":4}}},"8":{"name":"_checkParties","line":236,"loc":{"start":{"line":236,"column":4},"end":{"line":242,"column":4}}},"9":{"name":"escrowId","line":247,"loc":{"start":{"line":247,"column":4},"end":{"line":255,"column":4}}},"10":{"name":"open","line":268,"loc":{"start":{"line":260,"column":4},"end":{"line":295,"column":4}}},"11":{"name":"fund","line":298,"loc":{"start":{"line":298,"column":4},"end":{"line":317,"column":4}}},"12":{"name":"openDispute","line":320,"loc":{"start":{"line":320,"column":4},"end":{"line":340,"column":4}}},"13":{"name":"closeDispute","line":343,"loc":{"start":{"line":343,"column":4},"end":{"line":355,"column":4}}},"14":{"name":"release","line":358,"loc":{"start":{"line":358,"column":4},"end":{"line":360,"column":4}}},"15":{"name":"_releaseFunds","line":362,"loc":{"start":{"line":362,"column":4},"end":{"line":385,"column":4}}},"16":{"name":"refund","line":388,"loc":{"start":{"line":388,"column":4},"end":{"line":407,"column":4}}},"17":{"name":"autoRelease","line":410,"loc":{"start":{"line":410,"column":4},"end":{"line":417,"column":4}}},"18":{"name":"resolveDispute","line":420,"loc":{"start":{"line":420,"column":4},"end":{"line":452,"column":4}}},"19":{"name":"cancel","line":455,"loc":{"start":{"line":455,"column":4},"end":{"line":462,"column":4}}},"20":{"name":"_reward","line":466,"loc":{"start":{"line":466,"column":4},"end":{"line":471,"column":4}}},"21":{"name":"_penalize","line":473,"loc":{"start":{"line":473,"column":4},"end":{"line":478,"column":4}}},"22":{"name":"_flag","line":480,"loc":{"start":{"line":480,"column":4},"end":{"line":484,"column":4}}},"23":{"name":"_quarantine","line":486,"loc":{"start":{"line":486,"column":4},"end":{"line":490,"column":4}}},"24":{"name":"preview","line":494,"loc":{"start":{"line":494,"column":4},"end":{"line":498,"column":4}}},"25":{"name":"_log","line":502,"loc":{"start":{"line":502,"column":4},"end":{"line":506,"column":4}}}},"statementMap":{"1":{"start":{"line":160,"column":8},"end":{"line":160,"column":7093}},"2":{"start":{"line":161,"column":12},"end":{"line":161,"column":100}},"3":{"start":{"line":167,"column":8},"end":{"line":167,"column":53}},"4":{"start":{"line":168,"column":8},"end":{"line":168,"column":39}},"5":{"start":{"line":191,"column":8},"end":{"line":191,"column":96}},"6":{"start":{"line":205,"column":8},"end":{"line":205,"column":81}},"7":{"start":{"line":206,"column":8},"end":{"line":206,"column":87}},"8":{"start":{"line":216,"column":8},"end":{"line":216,"column":189}},"9":{"start":{"line":221,"column":8},"end":{"line":221,"column":39}},"10":{"start":{"line":228,"column":8},"end":{"line":228,"column":43}},"11":{"start":{"line":232,"column":8},"end":{"line":232,"column":69}},"12":{"start":{"line":232,"column":40},"end":{"line":232,"column":69}},"13":{"start":{"line":233,"column":8},"end":{"line":233,"column":92}},"14":{"start":{"line":233,"column":62},"end":{"line":233,"column":70}},"15":{"start":{"line":233,"column":82},"end":{"line":233,"column":90}},"16":{"start":{"line":237,"column":8},"end":{"line":237,"column":79}},"17":{"start":{"line":238,"column":8},"end":{"line":238,"column":65}},"18":{"start":{"line":239,"column":8},"end":{"line":239,"column":61}},"19":{"start":{"line":240,"column":8},"end":{"line":240,"column":39}},"20":{"start":{"line":241,"column":8},"end":{"line":241,"column":69}},"21":{"start":{"line":254,"column":8},"end":{"line":254,"column":89}},"22":{"start":{"line":269,"column":8},"end":{"line":269,"column":69}},"23":{"start":{"line":270,"column":8},"end":{"line":270,"column":35}},"24":{"start":{"line":271,"column":8},"end":{"line":271,"column":35}},"25":{"start":{"line":274,"column":8},"end":{"line":274,"column":11381}},"26":{"start":{"line":275,"column":12},"end":{"line":275,"column":62}},"27":{"start":{"line":276,"column":12},"end":{"line":276,"column":64}},"28":{"start":{"line":277,"column":12},"end":{"line":277,"column":86}},"29":{"start":{"line":281,"column":8},"end":{"line":281,"column":62}},"30":{"start":{"line":283,"column":8},"end":{"line":283,"column":38}},"31":{"start":{"line":293,"column":4},"end":{"line":293,"column":82}},"32":{"start":{"line":294,"column":4},"end":{"line":294,"column":104}},"33":{"start":{"line":299,"column":8},"end":{"line":299,"column":38}},"34":{"start":{"line":300,"column":8},"end":{"line":300,"column":54}},"35":{"start":{"line":302,"column":8},"end":{"line":302,"column":46}},"36":{"start":{"line":303,"column":8},"end":{"line":303,"column":52}},"37":{"start":{"line":304,"column":8},"end":{"line":304,"column":40}},"38":{"start":{"line":306,"column":8},"end":{"line":306,"column":70}},"39":{"start":{"line":307,"column":8},"end":{"line":307,"column":52}},"40":{"start":{"line":309,"column":8},"end":{"line":309,"column":71}},"41":{"start":{"line":310,"column":8},"end":{"line":310,"column":31}},"42":{"start":{"line":315,"column":8},"end":{"line":315,"column":61}},"43":{"start":{"line":316,"column":8},"end":{"line":316,"column":91}},"44":{"start":{"line":321,"column":8},"end":{"line":321,"column":38}},"45":{"start":{"line":322,"column":8},"end":{"line":322,"column":56}},"46":{"start":{"line":323,"column":8},"end":{"line":323,"column":78}},"47":{"start":{"line":324,"column":8},"end":{"line":324,"column":40}},"48":{"start":{"line":325,"column":8},"end":{"line":325,"column":44}},"49":{"start":{"line":335,"column":8},"end":{"line":335,"column":32}},"50":{"start":{"line":336,"column":8},"end":{"line":336,"column":45}},"51":{"start":{"line":338,"column":8},"end":{"line":338,"column":50}},"52":{"start":{"line":339,"column":8},"end":{"line":339,"column":98}},"53":{"start":{"line":344,"column":8},"end":{"line":344,"column":38}},"54":{"start":{"line":345,"column":8},"end":{"line":345,"column":58}},"55":{"start":{"line":346,"column":8},"end":{"line":346,"column":78}},"56":{"start":{"line":351,"column":8},"end":{"line":351,"column":46}},"57":{"start":{"line":353,"column":8},"end":{"line":353,"column":30}},"58":{"start":{"line":354,"column":8},"end":{"line":354,"column":72}},"59":{"start":{"line":359,"column":8},"end":{"line":359,"column":36}},"60":{"start":{"line":363,"column":8},"end":{"line":363,"column":38}},"61":{"start":{"line":364,"column":8},"end":{"line":364,"column":56}},"62":{"start":{"line":365,"column":8},"end":{"line":365,"column":70}},"63":{"start":{"line":368,"column":8},"end":{"line":368,"column":56}},"64":{"start":{"line":370,"column":8},"end":{"line":370,"column":48}},"65":{"start":{"line":371,"column":8},"end":{"line":371,"column":38}},"66":{"start":{"line":376,"column":8},"end":{"line":376,"column":50}},"67":{"start":{"line":377,"column":8},"end":{"line":377,"column":31}},"68":{"start":{"line":380,"column":8},"end":{"line":380,"column":40}},"69":{"start":{"line":381,"column":8},"end":{"line":381,"column":41}},"70":{"start":{"line":383,"column":8},"end":{"line":383,"column":43}},"71":{"start":{"line":384,"column":8},"end":{"line":384,"column":73}},"72":{"start":{"line":389,"column":8},"end":{"line":389,"column":38}},"73":{"start":{"line":390,"column":8},"end":{"line":390,"column":56}},"74":{"start":{"line":391,"column":8},"end":{"line":391,"column":78}},"75":{"start":{"line":393,"column":8},"end":{"line":393,"column":46}},"76":{"start":{"line":394,"column":8},"end":{"line":394,"column":38}},"77":{"start":{"line":399,"column":8},"end":{"line":399,"column":49}},"78":{"start":{"line":400,"column":8},"end":{"line":400,"column":31}},"79":{"start":{"line":403,"column":8},"end":{"line":403,"column":43}},"80":{"start":{"line":405,"column":8},"end":{"line":405,"column":42}},"81":{"start":{"line":406,"column":8},"end":{"line":406,"column":72}},"82":{"start":{"line":411,"column":8},"end":{"line":411,"column":38}},"83":{"start":{"line":412,"column":8},"end":{"line":412,"column":45}},"84":{"start":{"line":413,"column":8},"end":{"line":413,"column":56}},"85":{"start":{"line":414,"column":8},"end":{"line":414,"column":106}},"86":{"start":{"line":415,"column":8},"end":{"line":415,"column":46}},"87":{"start":{"line":416,"column":8},"end":{"line":416,"column":36}},"88":{"start":{"line":421,"column":8},"end":{"line":421,"column":38}},"89":{"start":{"line":422,"column":8},"end":{"line":422,"column":58}},"90":{"start":{"line":423,"column":8},"end":{"line":423,"column":40}},"91":{"start":{"line":424,"column":8},"end":{"line":424,"column":39}},"92":{"start":{"line":426,"column":8},"end":{"line":426,"column":40}},"93":{"start":{"line":427,"column":8},"end":{"line":427,"column":59}},"94":{"start":{"line":429,"column":8},"end":{"line":429,"column":48}},"95":{"start":{"line":430,"column":8},"end":{"line":430,"column":47}},"96":{"start":{"line":436,"column":8},"end":{"line":436,"column":87}},"97":{"start":{"line":436,"column":26},"end":{"line":436,"column":86}},"98":{"start":{"line":437,"column":8},"end":{"line":437,"column":86}},"99":{"start":{"line":437,"column":26},"end":{"line":437,"column":85}},"100":{"start":{"line":440,"column":8},"end":{"line":440,"column":18024}},"101":{"start":{"line":441,"column":12},"end":{"line":441,"column":49}},"102":{"start":{"line":442,"column":12},"end":{"line":442,"column":32}},"103":{"start":{"line":444,"column":12},"end":{"line":444,"column":48}},"104":{"start":{"line":445,"column":12},"end":{"line":445,"column":31}},"105":{"start":{"line":448,"column":8},"end":{"line":448,"column":67}},"106":{"start":{"line":450,"column":8},"end":{"line":450,"column":56}},"107":{"start":{"line":451,"column":8},"end":{"line":451,"column":101}},"108":{"start":{"line":456,"column":8},"end":{"line":456,"column":38}},"109":{"start":{"line":457,"column":8},"end":{"line":457,"column":54}},"110":{"start":{"line":458,"column":8},"end":{"line":458,"column":78}},"111":{"start":{"line":460,"column":8},"end":{"line":460,"column":25}},"112":{"start":{"line":461,"column":8},"end":{"line":461,"column":67}},"113":{"start":{"line":467,"column":8},"end":{"line":467,"column":30}},"114":{"start":{"line":467,"column":24},"end":{"line":467,"column":30}},"115":{"start":{"line":468,"column":8},"end":{"line":468,"column":19114}},"116":{"start":{"line":469,"column":12},"end":{"line":469,"column":60}},"117":{"start":{"line":474,"column":8},"end":{"line":474,"column":30}},"118":{"start":{"line":474,"column":24},"end":{"line":474,"column":30}},"119":{"start":{"line":475,"column":8},"end":{"line":475,"column":19333}},"120":{"start":{"line":476,"column":12},"end":{"line":476,"column":60}},"121":{"start":{"line":481,"column":8},"end":{"line":481,"column":19524}},"122":{"start":{"line":482,"column":12},"end":{"line":482,"column":59}},"123":{"start":{"line":487,"column":8},"end":{"line":487,"column":19699}},"124":{"start":{"line":488,"column":12},"end":{"line":488,"column":94}},"125":{"start":{"line":503,"column":8},"end":{"line":503,"column":20245}},"126":{"start":{"line":504,"column":12},"end":{"line":504,"column":68}}},"branchMap":{"1":{"line":160,"type":"if","locations":[{"start":{"line":160,"column":8},"end":{"line":160,"column":8}},{"start":{"line":160,"column":8},"end":{"line":160,"column":8}}]},"2":{"line":161,"type":"if","locations":[{"start":{"line":161,"column":12},"end":{"line":161,"column":12}},{"start":{"line":161,"column":12},"end":{"line":161,"column":12}}]},"3":{"line":161,"type":"cond-expr","locations":[{"start":{"line":161,"column":16},"end":{"line":161,"column":39}},{"start":{"line":161,"column":44},"end":{"line":161,"column":82}}]},"4":{"line":167,"type":"if","locations":[{"start":{"line":167,"column":8},"end":{"line":167,"column":8}},{"start":{"line":167,"column":8},"end":{"line":167,"column":8}}]},"5":{"line":182,"type":"if","locations":[{"start":{"line":182,"column":15},"end":{"line":182,"column":15}},{"start":{"line":182,"column":15},"end":{"line":182,"column":15}}]},"6":{"line":204,"type":"if","locations":[{"start":{"line":204,"column":15},"end":{"line":204,"column":15}},{"start":{"line":204,"column":15},"end":{"line":204,"column":15}}]},"7":{"line":205,"type":"if","locations":[{"start":{"line":205,"column":8},"end":{"line":205,"column":8}},{"start":{"line":205,"column":8},"end":{"line":205,"column":8}}]},"8":{"line":206,"type":"if","locations":[{"start":{"line":206,"column":8},"end":{"line":206,"column":8}},{"start":{"line":206,"column":8},"end":{"line":206,"column":8}}]},"9":{"line":219,"type":"if","locations":[{"start":{"line":219,"column":55},"end":{"line":219,"column":55}},{"start":{"line":219,"column":55},"end":{"line":219,"column":55}}]},"10":{"line":228,"type":"if","locations":[{"start":{"line":228,"column":8},"end":{"line":228,"column":8}},{"start":{"line":228,"column":8},"end":{"line":228,"column":8}}]},"11":{"line":232,"type":"if","locations":[{"start":{"line":232,"column":8},"end":{"line":232,"column":8}},{"start":{"line":232,"column":8},"end":{"line":232,"column":8}}]},"12":{"line":237,"type":"if","locations":[{"start":{"line":237,"column":8},"end":{"line":237,"column":8}},{"start":{"line":237,"column":8},"end":{"line":237,"column":8}}]},"13":{"line":237,"type":"cond-expr","locations":[{"start":{"line":237,"column":12},"end":{"line":237,"column":32}},{"start":{"line":237,"column":37},"end":{"line":237,"column":58}}]},"14":{"line":238,"type":"if","locations":[{"start":{"line":238,"column":8},"end":{"line":238,"column":8}},{"start":{"line":238,"column":8},"end":{"line":238,"column":8}}]},"15":{"line":239,"type":"if","locations":[{"start":{"line":239,"column":8},"end":{"line":239,"column":8}},{"start":{"line":239,"column":8},"end":{"line":239,"column":8}}]},"16":{"line":241,"type":"if","locations":[{"start":{"line":241,"column":8},"end":{"line":241,"column":8}},{"start":{"line":241,"column":8},"end":{"line":241,"column":8}}]},"17":{"line":268,"type":"if","locations":[{"start":{"line":268,"column":15},"end":{"line":268,"column":15}},{"start":{"line":268,"column":15},"end":{"line":268,"column":15}}]},"18":{"line":268,"type":"if","locations":[{"start":{"line":268,"column":28},"end":{"line":268,"column":28}},{"start":{"line":268,"column":28},"end":{"line":268,"column":28}}]},"19":{"line":269,"type":"if","locations":[{"start":{"line":269,"column":8},"end":{"line":269,"column":8}},{"start":{"line":269,"column":8},"end":{"line":269,"column":8}}]},"20":{"line":270,"type":"if","locations":[{"start":{"line":270,"column":8},"end":{"line":270,"column":8}},{"start":{"line":270,"column":8},"end":{"line":270,"column":8}}]},"21":{"line":274,"type":"if","locations":[{"start":{"line":274,"column":8},"end":{"line":274,"column":8}},{"start":{"line":274,"column":8},"end":{"line":274,"column":8}}]},"22":{"line":275,"type":"if","locations":[{"start":{"line":275,"column":12},"end":{"line":275,"column":12}},{"start":{"line":275,"column":12},"end":{"line":275,"column":12}}]},"23":{"line":277,"type":"if","locations":[{"start":{"line":277,"column":12},"end":{"line":277,"column":12}},{"start":{"line":277,"column":12},"end":{"line":277,"column":12}}]},"24":{"line":277,"type":"cond-expr","locations":[{"start":{"line":277,"column":16},"end":{"line":277,"column":38}},{"start":{"line":277,"column":43},"end":{"line":277,"column":65}}]},"25":{"line":281,"type":"if","locations":[{"start":{"line":281,"column":8},"end":{"line":281,"column":8}},{"start":{"line":281,"column":8},"end":{"line":281,"column":8}}]},"26":{"line":288,"type":"if","locations":[{"start":{"line":288,"column":40},"end":{"line":288,"column":52}},{"start":{"line":288,"column":56},"end":{"line":288,"column":56}}]},"27":{"line":298,"type":"if","locations":[{"start":{"line":298,"column":39},"end":{"line":298,"column":39}},{"start":{"line":298,"column":39},"end":{"line":298,"column":39}}]},"28":{"line":298,"type":"if","locations":[{"start":{"line":298,"column":52},"end":{"line":298,"column":52}},{"start":{"line":298,"column":52},"end":{"line":298,"column":52}}]},"29":{"line":300,"type":"if","locations":[{"start":{"line":300,"column":8},"end":{"line":300,"column":8}},{"start":{"line":300,"column":8},"end":{"line":300,"column":8}}]},"30":{"line":304,"type":"if","locations":[{"start":{"line":304,"column":8},"end":{"line":304,"column":8}},{"start":{"line":304,"column":8},"end":{"line":304,"column":8}}]},"31":{"line":307,"type":"if","locations":[{"start":{"line":307,"column":8},"end":{"line":307,"column":8}},{"start":{"line":307,"column":8},"end":{"line":307,"column":8}}]},"32":{"line":310,"type":"if","locations":[{"start":{"line":310,"column":8},"end":{"line":310,"column":8}},{"start":{"line":310,"column":8},"end":{"line":310,"column":8}}]},"33":{"line":320,"type":"if","locations":[{"start":{"line":320,"column":70},"end":{"line":320,"column":70}},{"start":{"line":320,"column":70},"end":{"line":320,"column":70}}]},"34":{"line":320,"type":"if","locations":[{"start":{"line":320,"column":83},"end":{"line":320,"column":83}},{"start":{"line":320,"column":83},"end":{"line":320,"column":83}}]},"35":{"line":322,"type":"if","locations":[{"start":{"line":322,"column":8},"end":{"line":322,"column":8}},{"start":{"line":322,"column":8},"end":{"line":322,"column":8}}]},"36":{"line":323,"type":"if","locations":[{"start":{"line":323,"column":8},"end":{"line":323,"column":8}},{"start":{"line":323,"column":8},"end":{"line":323,"column":8}}]},"37":{"line":325,"type":"if","locations":[{"start":{"line":325,"column":8},"end":{"line":325,"column":8}},{"start":{"line":325,"column":8},"end":{"line":325,"column":8}}]},"38":{"line":343,"type":"if","locations":[{"start":{"line":343,"column":47},"end":{"line":343,"column":47}},{"start":{"line":343,"column":47},"end":{"line":343,"column":47}}]},"39":{"line":343,"type":"if","locations":[{"start":{"line":343,"column":60},"end":{"line":343,"column":60}},{"start":{"line":343,"column":60},"end":{"line":343,"column":60}}]},"40":{"line":345,"type":"if","locations":[{"start":{"line":345,"column":8},"end":{"line":345,"column":8}},{"start":{"line":345,"column":8},"end":{"line":345,"column":8}}]},"41":{"line":346,"type":"if","locations":[{"start":{"line":346,"column":8},"end":{"line":346,"column":8}},{"start":{"line":346,"column":8},"end":{"line":346,"column":8}}]},"42":{"line":358,"type":"if","locations":[{"start":{"line":358,"column":42},"end":{"line":358,"column":42}},{"start":{"line":358,"column":42},"end":{"line":358,"column":42}}]},"43":{"line":358,"type":"if","locations":[{"start":{"line":358,"column":55},"end":{"line":358,"column":55}},{"start":{"line":358,"column":55},"end":{"line":358,"column":55}}]},"44":{"line":364,"type":"if","locations":[{"start":{"line":364,"column":8},"end":{"line":364,"column":8}},{"start":{"line":364,"column":8},"end":{"line":364,"column":8}}]},"45":{"line":365,"type":"if","locations":[{"start":{"line":365,"column":8},"end":{"line":365,"column":8}},{"start":{"line":365,"column":8},"end":{"line":365,"column":8}}]},"46":{"line":368,"type":"if","locations":[{"start":{"line":368,"column":8},"end":{"line":368,"column":8}},{"start":{"line":368,"column":8},"end":{"line":368,"column":8}}]},"47":{"line":377,"type":"if","locations":[{"start":{"line":377,"column":8},"end":{"line":377,"column":8}},{"start":{"line":377,"column":8},"end":{"line":377,"column":8}}]},"48":{"line":388,"type":"if","locations":[{"start":{"line":388,"column":41},"end":{"line":388,"column":41}},{"start":{"line":388,"column":41},"end":{"line":388,"column":41}}]},"49":{"line":388,"type":"if","locations":[{"start":{"line":388,"column":54},"end":{"line":388,"column":54}},{"start":{"line":388,"column":54},"end":{"line":388,"column":54}}]},"50":{"line":390,"type":"if","locations":[{"start":{"line":390,"column":8},"end":{"line":390,"column":8}},{"start":{"line":390,"column":8},"end":{"line":390,"column":8}}]},"51":{"line":391,"type":"if","locations":[{"start":{"line":391,"column":8},"end":{"line":391,"column":8}},{"start":{"line":391,"column":8},"end":{"line":391,"column":8}}]},"52":{"line":400,"type":"if","locations":[{"start":{"line":400,"column":8},"end":{"line":400,"column":8}},{"start":{"line":400,"column":8},"end":{"line":400,"column":8}}]},"53":{"line":410,"type":"if","locations":[{"start":{"line":410,"column":46},"end":{"line":410,"column":46}},{"start":{"line":410,"column":46},"end":{"line":410,"column":46}}]},"54":{"line":410,"type":"if","locations":[{"start":{"line":410,"column":59},"end":{"line":410,"column":59}},{"start":{"line":410,"column":59},"end":{"line":410,"column":59}}]},"55":{"line":412,"type":"if","locations":[{"start":{"line":412,"column":8},"end":{"line":412,"column":8}},{"start":{"line":412,"column":8},"end":{"line":412,"column":8}}]},"56":{"line":413,"type":"if","locations":[{"start":{"line":413,"column":8},"end":{"line":413,"column":8}},{"start":{"line":413,"column":8},"end":{"line":413,"column":8}}]},"57":{"line":414,"type":"if","locations":[{"start":{"line":414,"column":8},"end":{"line":414,"column":8}},{"start":{"line":414,"column":8},"end":{"line":414,"column":8}}]},"58":{"line":415,"type":"if","locations":[{"start":{"line":415,"column":8},"end":{"line":415,"column":8}},{"start":{"line":415,"column":8},"end":{"line":415,"column":8}}]},"59":{"line":420,"type":"if","locations":[{"start":{"line":420,"column":104},"end":{"line":420,"column":104}},{"start":{"line":420,"column":104},"end":{"line":420,"column":104}}]},"60":{"line":420,"type":"if","locations":[{"start":{"line":420,"column":117},"end":{"line":420,"column":117}},{"start":{"line":420,"column":117},"end":{"line":420,"column":117}}]},"61":{"line":420,"type":"if","locations":[{"start":{"line":420,"column":130},"end":{"line":420,"column":130}},{"start":{"line":420,"column":130},"end":{"line":420,"column":130}}]},"62":{"line":422,"type":"if","locations":[{"start":{"line":422,"column":8},"end":{"line":422,"column":8}},{"start":{"line":422,"column":8},"end":{"line":422,"column":8}}]},"63":{"line":424,"type":"if","locations":[{"start":{"line":424,"column":8},"end":{"line":424,"column":8}},{"start":{"line":424,"column":8},"end":{"line":424,"column":8}}]},"64":{"line":427,"type":"if","locations":[{"start":{"line":427,"column":8},"end":{"line":427,"column":8}},{"start":{"line":427,"column":8},"end":{"line":427,"column":8}}]},"65":{"line":434,"type":"if","locations":[{"start":{"line":434,"column":36},"end":{"line":434,"column":50}},{"start":{"line":434,"column":54},"end":{"line":434,"column":68}}]},"66":{"line":436,"type":"if","locations":[{"start":{"line":436,"column":8},"end":{"line":436,"column":8}},{"start":{"line":436,"column":8},"end":{"line":436,"column":8}}]},"67":{"line":436,"type":"if","locations":[{"start":{"line":436,"column":26},"end":{"line":436,"column":26}},{"start":{"line":436,"column":26},"end":{"line":436,"column":26}}]},"68":{"line":437,"type":"if","locations":[{"start":{"line":437,"column":8},"end":{"line":437,"column":8}},{"start":{"line":437,"column":8},"end":{"line":437,"column":8}}]},"69":{"line":437,"type":"if","locations":[{"start":{"line":437,"column":26},"end":{"line":437,"column":26}},{"start":{"line":437,"column":26},"end":{"line":437,"column":26}}]},"70":{"line":440,"type":"if","locations":[{"start":{"line":440,"column":8},"end":{"line":440,"column":8}},{"start":{"line":440,"column":8},"end":{"line":440,"column":8}}]},"71":{"line":455,"type":"if","locations":[{"start":{"line":455,"column":41},"end":{"line":455,"column":41}},{"start":{"line":455,"column":41},"end":{"line":455,"column":41}}]},"72":{"line":455,"type":"if","locations":[{"start":{"line":455,"column":54},"end":{"line":455,"column":54}},{"start":{"line":455,"column":54},"end":{"line":455,"column":54}}]},"73":{"line":457,"type":"if","locations":[{"start":{"line":457,"column":8},"end":{"line":457,"column":8}},{"start":{"line":457,"column":8},"end":{"line":457,"column":8}}]},"74":{"line":458,"type":"if","locations":[{"start":{"line":458,"column":8},"end":{"line":458,"column":8}},{"start":{"line":458,"column":8},"end":{"line":458,"column":8}}]},"75":{"line":467,"type":"if","locations":[{"start":{"line":467,"column":8},"end":{"line":467,"column":8}},{"start":{"line":467,"column":8},"end":{"line":467,"column":8}}]},"76":{"line":468,"type":"if","locations":[{"start":{"line":468,"column":8},"end":{"line":468,"column":8}},{"start":{"line":468,"column":8},"end":{"line":468,"column":8}}]},"77":{"line":474,"type":"if","locations":[{"start":{"line":474,"column":8},"end":{"line":474,"column":8}},{"start":{"line":474,"column":8},"end":{"line":474,"column":8}}]},"78":{"line":475,"type":"if","locations":[{"start":{"line":475,"column":8},"end":{"line":475,"column":8}},{"start":{"line":475,"column":8},"end":{"line":475,"column":8}}]},"79":{"line":481,"type":"if","locations":[{"start":{"line":481,"column":8},"end":{"line":481,"column":8}},{"start":{"line":481,"column":8},"end":{"line":481,"column":8}}]},"80":{"line":487,"type":"if","locations":[{"start":{"line":487,"column":8},"end":{"line":487,"column":8}},{"start":{"line":487,"column":8},"end":{"line":487,"column":8}}]},"81":{"line":503,"type":"if","locations":[{"start":{"line":503,"column":8},"end":{"line":503,"column":8}},{"start":{"line":503,"column":8},"end":{"line":503,"column":8}}]}}},
"contracts/CouncilElection.sol":{"l":{"117":0,"118":0,"122":1,"123":1,"129":0,"130":0,"131":0,"132":0,"133":0,"134":0,"135":0,"146":0,"147":0,"148":0,"149":0,"150":0,"151":0,"152":0,"153":0,"154":0,"155":0,"164":0,"165":0,"166":0,"167":0,"168":0,"169":0,"171":0,"177":0,"181":0,"182":0,"186":0,"187":0,"188":0,"194":0,"195":0,"198":0,"199":0,"200":0,"203":0,"204":0,"205":0,"209":0,"212":0,"213":0,"214":0,"216":0,"217":0,"223":0,"224":0,"225":0,"228":0,"229":0,"230":0,"233":0,"236":0,"237":0,"239":0,"240":0,"242":0,"243":0,"249":0,"250":0,"253":0,"254":0,"257":0,"258":0,"261":0,"262":0,"263":0,"270":0,"271":0,"272":0,"273":0,"275":0,"276":0,"278":0,"281":0,"282":0,"283":0,"284":0,"287":0,"288":0,"290":0,"291":0,"303":0,"304":0},"path":"/workspaces/Vfide/contracts/CouncilElection.sol","s":{"1":0,"2":1,"3":1,"4":0,"5":0,"6":0,"7":0,"8":0,"9":0,"10":0,"11":0,"12":0,"13":0,"14":0,"15":0,"16":0,"17":0,"18":0,"19":0,"20":0,"21":0,"22":0,"23":0,"24":0,"25":0,"26":0,"27":0,"28":0,"29":0,"30":0,"31":0,"32":0,"33":0,"34":0,"35":0,"36":0,"37":0,"38":0,"39":0,"40":0,"41":0,"42":0,"43":0,"44":0,"45":0,"46":0,"47":0,"48":0,"49":0,"50":0,"51":0,"52":0,"53":0,"54":0,"55":0,"56":0,"57":0,"58":0,"59":0,"60":0,"61":0,"62":0,"63":0,"64":0,"65":0},"b":{"1":[0,0],"2":[0,1],"3":[0,0],"4":[0,0],"5":[0,0],"6":[0,0],"7":[0,0],"8":[0,0],"9":[0,0],"10":[0,0],"11":[0,0],"12":[0,0],"13":[0,0],"14":[0,0],"15":[0,0],"16":[0,0],"17":[0,0],"18":[0,0],"19":[0,0],"20":[0,0],"21":[0,0],"22":[0,0],"23":[0,0],"24":[0,0],"25":[0,0],"26":[0,0],"27":[0,0],"28":[0,0],"29":[0,0],"30":[0,0],"31":[0,0],"32":[0,0],"33":[0,0],"34":[0,0],"35":[0,0],"36":[0,0],"37":[0,0],"38":[0,0],"39":[0,0],"40":[0,0],"41":[0,0],"42":[0,0],"43":[0,0]},"f":{"1":0,"2":1,"3":0,"4":0,"5":0,"6":0,"7":0,"8":0,"9":0,"10":0,"11":0,"12":0,"13":0,"14":0,"15":0},"fnMap":{"1":{"name":"breakerGuard","line":116,"loc":{"start":{"line":116,"column":4},"end":{"line":119,"column":4}}},"2":{"name":"constructor","line":121,"loc":{"start":{"line":121,"column":4},"end":{"line":124,"column":4}}},"3":{"name":"setWiring","line":128,"loc":{"start":{"line":128,"column":4},"end":{"line":136,"column":4}}},"4":{"name":"setConfig","line":145,"loc":{"start":{"line":138,"column":4},"end":{"line":156,"column":4}}},"5":{"name":"setWindow","line":163,"loc":{"start":{"line":158,"column":4},"end":{"line":172,"column":4}}},"6":{"name":"_now","line":176,"loc":{"start":{"line":176,"column":4},"end":{"line":178,"column":4}}},"7":{"name":"_hasActiveVault","line":180,"loc":{"start":{"line":180,"column":4},"end":{"line":183,"column":4}}},"8":{"name":"_vaultBalance","line":185,"loc":{"start":{"line":185,"column":4},"end":{"line":189,"column":4}}},"9":{"name":"nominate","line":193,"loc":{"start":{"line":193,"column":4},"end":{"line":218,"column":4}}},"10":{"name":"vote","line":222,"loc":{"start":{"line":222,"column":4},"end":{"line":244,"column":4}}},"11":{"name":"finalize","line":248,"loc":{"start":{"line":248,"column":4},"end":{"line":292,"column":4}}},"12":{"name":"councilMembers","line":296,"loc":{"start":{"line":296,"column":4},"end":{"line":296,"column":89}}},"13":{"name":"candidateCount","line":297,"loc":{"start":{"line":297,"column":4},"end":{"line":297,"column":90}}},"14":{"name":"candidateAt","line":298,"loc":{"start":{"line":298,"column":4},"end":{"line":298,"column":96}}},"15":{"name":"_log","line":302,"loc":{"start":{"line":302,"column":4},"end":{"line":306,"column":4}}}},"statementMap":{"1":{"start":{"line":117,"column":8},"end":{"line":117,"column":87}},"2":{"start":{"line":122,"column":8},"end":{"line":122,"column":60}},"3":{"start":{"line":123,"column":8},"end":{"line":123,"column":39}},"4":{"start":{"line":129,"column":8},"end":{"line":129,"column":103}},"5":{"start":{"line":135,"column":8},"end":{"line":135,"column":65}},"6":{"start":{"line":146,"column":8},"end":{"line":146,"column":67}},"7":{"start":{"line":147,"column":8},"end":{"line":147,"column":82}},"8":{"start":{"line":148,"column":8},"end":{"line":148,"column":56}},"9":{"start":{"line":155,"column":8},"end":{"line":155,"column":102}},"10":{"start":{"line":164,"column":8},"end":{"line":164,"column":96}},"11":{"start":{"line":171,"column":8},"end":{"line":171,"column":62}},"12":{"start":{"line":177,"column":8},"end":{"line":177,"column":38}},"13":{"start":{"line":186,"column":8},"end":{"line":186,"column":49}},"14":{"start":{"line":187,"column":8},"end":{"line":187,"column":41}},"15":{"start":{"line":187,"column":33},"end":{"line":187,"column":41}},"16":{"start":{"line":188,"column":8},"end":{"line":188,"column":37}},"17":{"start":{"line":194,"column":8},"end":{"line":194,"column":86}},"18":{"start":{"line":195,"column":8},"end":{"line":195,"column":62}},"19":{"start":{"line":198,"column":8},"end":{"line":198,"column":53}},"20":{"start":{"line":199,"column":8},"end":{"line":199,"column":41}},"21":{"start":{"line":200,"column":8},"end":{"line":200,"column":48}},"22":{"start":{"line":203,"column":8},"end":{"line":203,"column":7910}},"23":{"start":{"line":204,"column":12},"end":{"line":204,"column":52}},"24":{"start":{"line":205,"column":12},"end":{"line":205,"column":34}},"25":{"start":{"line":209,"column":8},"end":{"line":209,"column":70}},"26":{"start":{"line":212,"column":8},"end":{"line":212,"column":74}},"27":{"start":{"line":214,"column":8},"end":{"line":214,"column":34}},"28":{"start":{"line":216,"column":8},"end":{"line":216,"column":34}},"29":{"start":{"line":217,"column":8},"end":{"line":217,"column":65}},"30":{"start":{"line":223,"column":8},"end":{"line":223,"column":76}},"31":{"start":{"line":224,"column":8},"end":{"line":224,"column":55}},"32":{"start":{"line":225,"column":8},"end":{"line":225,"column":58}},"33":{"start":{"line":228,"column":8},"end":{"line":228,"column":48}},"34":{"start":{"line":229,"column":8},"end":{"line":229,"column":30}},"35":{"start":{"line":230,"column":8},"end":{"line":230,"column":70}},"36":{"start":{"line":233,"column":8},"end":{"line":233,"column":53}},"37":{"start":{"line":236,"column":8},"end":{"line":236,"column":56}},"38":{"start":{"line":237,"column":8},"end":{"line":237,"column":41}},"39":{"start":{"line":242,"column":8},"end":{"line":242,"column":52}},"40":{"start":{"line":243,"column":8},"end":{"line":243,"column":83}},"41":{"start":{"line":249,"column":8},"end":{"line":249,"column":52}},"42":{"start":{"line":250,"column":4},"end":{"line":250,"column":42}},"43":{"start":{"line":253,"column":8},"end":{"line":253,"column":37}},"44":{"start":{"line":254,"column":8},"end":{"line":254,"column":38}},"45":{"start":{"line":257,"column":8},"end":{"line":257,"column":48}},"46":{"start":{"line":258,"column":8},"end":{"line":258,"column":59}},"47":{"start":{"line":261,"column":8},"end":{"line":261,"column":10028}},"48":{"start":{"line":262,"column":12},"end":{"line":262,"column":10074}},"49":{"start":{"line":263,"column":16},"end":{"line":263,"column":10126}},"50":{"start":{"line":264,"column":20},"end":{"line":264,"column":41}},"51":{"start":{"line":270,"column":8},"end":{"line":270,"column":61}},"52":{"start":{"line":271,"column":8},"end":{"line":271,"column":26}},"53":{"start":{"line":272,"column":8},"end":{"line":272,"column":10474}},"54":{"start":{"line":273,"column":12},"end":{"line":273,"column":34}},"55":{"start":{"line":275,"column":12},"end":{"line":275,"column":46}},"56":{"start":{"line":278,"column":8},"end":{"line":278,"column":61}},"57":{"start":{"line":282,"column":8},"end":{"line":282,"column":10919}},"58":{"start":{"line":283,"column":12},"end":{"line":283,"column":35}},"59":{"start":{"line":290,"column":8},"end":{"line":290,"column":80}},"60":{"start":{"line":291,"column":8},"end":{"line":291,"column":88}},"61":{"start":{"line":296,"column":73},"end":{"line":296,"column":87}},"62":{"start":{"line":297,"column":64},"end":{"line":297,"column":88}},"63":{"start":{"line":298,"column":72},"end":{"line":298,"column":94}},"64":{"start":{"line":303,"column":8},"end":{"line":303,"column":11745}},"65":{"start":{"line":304,"column":12},"end":{"line":304,"column":68}}},"branchMap":{"1":{"line":117,"type":"if","locations":[{"start":{"line":117,"column":8},"end":{"line":117,"column":8}},{"start":{"line":117,"column":8},"end":{"line":117,"column":8}}]},"2":{"line":122,"type":"if","locations":[{"start":{"line":122,"column":8},"end":{"line":122,"column":8}},{"start":{"line":122,"column":8},"end":{"line":122,"column":8}}]},"3":{"line":128,"type":"if","locations":[{"start":{"line":128,"column":115},"end":{"line":128,"column":115}},{"start":{"line":128,"column":115},"end":{"line":128,"column":115}}]},"4":{"line":129,"type":"if","locations":[{"start":{"line":129,"column":8},"end":{"line":129,"column":8}},{"start":{"line":129,"column":8},"end":{"line":129,"column":8}}]},"5":{"line":129,"type":"cond-expr","locations":[{"start":{"line":129,"column":12},"end":{"line":129,"column":30}},{"start":{"line":129,"column":35},"end":{"line":129,"column":56}}]},"6":{"line":129,"type":"cond-expr","locations":[{"start":{"line":129,"column":12},"end":{"line":129,"column":56}},{"start":{"line":129,"column":61},"end":{"line":129,"column":80}}]},"7":{"line":145,"type":"if","locations":[{"start":{"line":145,"column":15},"end":{"line":145,"column":15}},{"start":{"line":145,"column":15},"end":{"line":145,"column":15}}]},"8":{"line":146,"type":"if","locations":[{"start":{"line":146,"column":8},"end":{"line":146,"column":8}},{"start":{"line":146,"column":8},"end":{"line":146,"column":8}}]},"9":{"line":147,"type":"if","locations":[{"start":{"line":147,"column":8},"end":{"line":147,"column":8}},{"start":{"line":147,"column":8},"end":{"line":147,"column":8}}]},"10":{"line":148,"type":"if","locations":[{"start":{"line":148,"column":8},"end":{"line":148,"column":8}},{"start":{"line":148,"column":8},"end":{"line":148,"column":8}}]},"11":{"line":163,"type":"if","locations":[{"start":{"line":163,"column":15},"end":{"line":163,"column":15}},{"start":{"line":163,"column":15},"end":{"line":163,"column":15}}]},"12":{"line":164,"type":"if","locations":[{"start":{"line":164,"column":8},"end":{"line":164,"column":8}},{"start":{"line":164,"column":8},"end":{"line":164,"column":8}}]},"13":{"line":187,"type":"if","locations":[{"start":{"line":187,"column":8},"end":{"line":187,"column":8}},{"start":{"line":187,"column":8},"end":{"line":187,"column":8}}]},"14":{"line":193,"type":"if","locations":[{"start":{"line":193,"column":33},"end":{"line":193,"column":33}},{"start":{"line":193,"column":33},"end":{"line":193,"column":33}}]},"15":{"line":193,"type":"if","locations":[{"start":{"line":193,"column":46},"end":{"line":193,"column":46}},{"start":{"line":193,"column":46},"end":{"line":193,"column":46}}]},"16":{"line":194,"type":"if","locations":[{"start":{"line":194,"column":8},"end":{"line":194,"column":8}},{"start":{"line":194,"column":8},"end":{"line":194,"column":8}}]},"17":{"line":194,"type":"cond-expr","locations":[{"start":{"line":194,"column":12},"end":{"line":194,"column":37}},{"start":{"line":194,"column":42},"end":{"line":194,"column":68}}]},"18":{"line":195,"type":"if","locations":[{"start":{"line":195,"column":8},"end":{"line":195,"column":8}},{"start":{"line":195,"column":8},"end":{"line":195,"column":8}}]},"19":{"line":198,"type":"if","locations":[{"start":{"line":198,"column":8},"end":{"line":198,"column":8}},{"start":{"line":198,"column":8},"end":{"line":198,"column":8}}]},"20":{"line":200,"type":"if","locations":[{"start":{"line":200,"column":8},"end":{"line":200,"column":8}},{"start":{"line":200,"column":8},"end":{"line":200,"column":8}}]},"21":{"line":203,"type":"if","locations":[{"start":{"line":203,"column":8},"end":{"line":203,"column":8}},{"start":{"line":203,"column":8},"end":{"line":203,"column":8}}]},"22":{"line":205,"type":"if","locations":[{"start":{"line":205,"column":12},"end":{"line":205,"column":12}},{"start":{"line":205,"column":12},"end":{"line":205,"column":12}}]},"23":{"line":209,"type":"if","locations":[{"start":{"line":209,"column":8},"end":{"line":209,"column":8}},{"start":{"line":209,"column":8},"end":{"line":209,"column":8}}]},"24":{"line":212,"type":"if","locations":[{"start":{"line":212,"column":8},"end":{"line":212,"column":8}},{"start":{"line":212,"column":8},"end":{"line":212,"column":8}}]},"25":{"line":222,"type":"if","locations":[{"start":{"line":222,"column":46},"end":{"line":222,"column":46}},{"start":{"line":222,"column":46},"end":{"line":222,"column":46}}]},"26":{"line":222,"type":"if","locations":[{"start":{"line":222,"column":59},"end":{"line":222,"column":59}},{"start":{"line":222,"column":59},"end":{"line":222,"column":59}}]},"27":{"line":223,"type":"if","locations":[{"start":{"line":223,"column":8},"end":{"line":223,"column":8}},{"start":{"line":223,"column":8},"end":{"line":223,"column":8}}]},"28":{"line":223,"type":"cond-expr","locations":[{"start":{"line":223,"column":12},"end":{"line":223,"column":32}},{"start":{"line":223,"column":37},"end":{"line":223,"column":58}}]},"29":{"line":224,"type":"if","locations":[{"start":{"line":224,"column":8},"end":{"line":224,"column":8}},{"start":{"line":224,"column":8},"end":{"line":224,"column":8}}]},"30":{"line":225,"type":"if","locations":[{"start":{"line":225,"column":8},"end":{"line":225,"column":8}},{"start":{"line":225,"column":8},"end":{"line":225,"column":8}}]},"31":{"line":229,"type":"if","locations":[{"start":{"line":229,"column":8},"end":{"line":229,"column":8}},{"start":{"line":229,"column":8},"end":{"line":229,"column":8}}]},"32":{"line":230,"type":"if","locations":[{"start":{"line":230,"column":8},"end":{"line":230,"column":8}},{"start":{"line":230,"column":8},"end":{"line":230,"column":8}}]},"33":{"line":233,"type":"if","locations":[{"start":{"line":233,"column":8},"end":{"line":233,"column":8}},{"start":{"line":233,"column":8},"end":{"line":233,"column":8}}]},"34":{"line":237,"type":"if","locations":[{"start":{"line":237,"column":8},"end":{"line":237,"column":8}},{"start":{"line":237,"column":8},"end":{"line":237,"column":8}}]},"35":{"line":248,"type":"if","locations":[{"start":{"line":248,"column":33},"end":{"line":248,"column":33}},{"start":{"line":248,"column":33},"end":{"line":248,"column":33}}]},"36":{"line":248,"type":"if","locations":[{"start":{"line":248,"column":46},"end":{"line":248,"column":46}},{"start":{"line":248,"column":46},"end":{"line":248,"column":46}}]},"37":{"line":249,"type":"if","locations":[{"start":{"line":249,"column":8},"end":{"line":249,"column":8}},{"start":{"line":249,"column":8},"end":{"line":249,"column":8}}]},"38":{"line":250,"type":"if","locations":[{"start":{"line":250,"column":4},"end":{"line":250,"column":4}},{"start":{"line":250,"column":4},"end":{"line":250,"column":4}}]},"39":{"line":254,"type":"if","locations":[{"start":{"line":254,"column":8},"end":{"line":254,"column":8}},{"start":{"line":254,"column":8},"end":{"line":254,"column":8}}]},"40":{"line":263,"type":"if","locations":[{"start":{"line":263,"column":16},"end":{"line":263,"column":16}},{"start":{"line":263,"column":16},"end":{"line":263,"column":16}}]},"41":{"line":275,"type":"if","locations":[{"start":{"line":275,"column":12},"end":{"line":275,"column":12}},{"start":{"line":275,"column":12},"end":{"line":275,"column":12}}]},"42":{"line":278,"type":"if","locations":[{"start":{"line":278,"column":8},"end":{"line":278,"column":8}},{"start":{"line":278,"column":8},"end":{"line":278,"column":8}}]},"43":{"line":303,"type":"if","locations":[{"start":{"line":303,"column":8},"end":{"line":303,"column":8}},{"start":{"line":303,"column":8},"end":{"line":303,"column":8}}]}}},
"contracts/DAO.sol":{"l":{"160":0,"161":0,"164":0,"165":0,"169":1,"170":1,"171":1,"172":1,"178":0,"179":0,"180":0,"183":0,"184":0,"187":0,"188":0,"191":0,"192":0,"197":0,"198":0,"199":0,"200":0,"206":0,"207":0,"208":0,"209":0,"210":0,"211":0,"212":0,"213":0,"222":0,"223":0,"224":0,"225":0,"226":0,"227":0,"228":0,"232":0,"233":0,"234":0,"235":0,"236":0,"242":0,"243":0,"244":0,"255":0,"256":0,"258":0,"259":0,"261":0,"262":0,"264":0,"265":0,"266":0,"267":0,"268":0,"269":0,"270":0,"271":0,"272":0,"273":0,"275":0,"276":0,"280":0,"281":0,"282":0,"283":0,"285":0,"286":0,"287":0,"290":0,"291":0,"293":0,"295":0,"296":0,"299":0,"300":0,"307":0,"308":0,"309":0,"310":0,"311":0,"313":0,"314":0,"316":0,"317":0,"318":0,"321":0,"323":0,"324":0,"326":0,"328":0,"331":0,"335":0,"336":0,"337":0,"341":0,"342":0,"343":0,"344":0,"345":0,"351":0,"352":0,"353":0,"355":0,"356":0,"357":0,"359":0,"361":0,"362":0,"366":0,"367":0,"368":0,"370":0,"372":0,"374":0,"375":0,"379":0,"380":0,"381":0,"384":0,"385":0,"388":0,"389":0,"392":0,"394":0,"395":0,"411":0,"412":0,"413":0,"414":0,"415":0,"425":0,"426":0,"427":0,"428":0,"429":0,"435":0,"436":0,"440":0,"441":0,"447":0,"448":0},"path":"/workspaces/Vfide/contracts/DAO.sol","s":{"1":0,"2":0,"3":1,"4":1,"5":1,"6":0,"7":0,"8":0,"9":0,"10":0,"11":0,"12":0,"13":0,"14":0,"15":0,"16":0,"17":0,"18":0,"19":0,"20":0,"21":0,"22":0,"23":0,"24":0,"25":0,"26":0,"27":0,"28":0,"29":0,"30":0,"31":0,"32":0,"33":0,"34":0,"35":0,"36":0,"37":0,"38":0,"39":0,"40":0,"41":0,"42":0,"43":0,"44":0,"45":0,"46":0,"47":0,"48":0,"49":0,"50":0,"51":0,"52":0,"53":0,"54":0,"55":0,"56":0,"57":0,"58":0,"59":0,"60":0,"61":0,"62":0,"63":0,"64":0,"65":0,"66":0,"67":0,"68":0,"69":0,"70":0,"71":0,"72":0,"73":0,"74":0,"75":0,"76":0,"77":0,"78":0,"79":0,"80":0,"81":0,"82":0,"83":0,"84":0,"85":0,"86":0,"87":0,"88":0,"89":0,"90":0,"91":0,"92":0,"93":0,"94":0,"95":0,"96":0,"97":0,"98":0,"99":0,"100":0,"101":0,"102":0,"103":0,"104":0,"105":0,"106":0,"107":0,"108":0,"109":0,"110":0,"111":0,"112":0,"113":0,"114":0,"115":0,"116":0,"117":0,"118":0},"b":{"1":[0,0],"2":[0,0],"3":[0,1],"4":[0,0],"5":[0,0],"6":[0,0],"7":[0,0],"8":[0,0],"9":[0,0],"10":[0,0],"11":[0,0],"12":[0,0],"13":[0,0],"14":[0,0],"15":[0,0],"16":[0,0],"17":[0,0],"18":[0,0],"19":[0,0],"20":[0,0],"21":[0,0],"22":[0,0],"23":[0,0],"24":[0,0],"25":[0,0],"26":[0,0],"27":[0,0],"28":[0,0],"29":[0,0],"30":[0,0],"31":[0,0],"32":[0,0],"33":[0,0],"34":[0,0],"35":[0,0],"36":[0,0],"37":[0,0],"38":[0,0],"39":[0,0],"40":[0,0],"41":[0,0],"42":[0,0],"43":[0,0],"44":[0,0],"45":[0,0],"46":[0,0],"47":[0,0],"48":[0,0],"49":[0,0],"50":[0,0],"51":[0,0],"52":[0,0],"53":[0,0],"54":[0,0],"55":[0,0],"56":[0,0],"57":[0,0],"58":[0,0],"59":[0,0],"60":[0,0],"61":[0,0],"62":[0,0],"63":[0,0],"64":[0,0],"65":[0,0],"66":[0,0],"67":[0,0],"68":[0,0],"69":[0,0],"70":[0,0],"71":[0,0],"72":[0,0],"73":[0,0],"74":[0,0]},"f":{"1":0,"2":0,"3":1,"4":0,"5":0,"6":0,"7":0,"8":0,"9":0,"10":0,"11":0,"12":0,"13":0,"14":0,"15":0,"16":0,"17":0,"18":0,"19":0,"20":0,"21":0,"22":0,"23":0,"24":0,"25":0,"26":0},"fnMap":{"1":{"name":"onlyDev","line":159,"loc":{"start":{"line":159,"column":4},"end":{"line":162,"column":4}}},"2":{"name":"breakerGuard","line":163,"loc":{"start":{"line":163,"column":4},"end":{"line":166,"column":4}}},"3":{"name":"constructor","line":168,"loc":{"start":{"line":168,"column":4},"end":{"line":173,"column":4}}},"4":{"name":"setTimelock","line":177,"loc":{"start":{"line":177,"column":4},"end":{"line":181,"column":4}}},"5":{"name":"setSeer","line":182,"loc":{"start":{"line":182,"column":4},"end":{"line":185,"column":4}}},"6":{"name":"setBreaker","line":186,"loc":{"start":{"line":186,"column":4},"end":{"line":189,"column":4}}},"7":{"name":"setProofSink","line":190,"loc":{"start":{"line":190,"column":4},"end":{"line":193,"column":4}}},"8":{"name":"setDeveloperMultisig","line":196,"loc":{"start":{"line":196,"column":4},"end":{"line":201,"column":4}}},"9":{"name":"setVotingConfig","line":205,"loc":{"start":{"line":205,"column":4},"end":{"line":214,"column":4}}},"10":{"name":"setEligibilityConfig","line":221,"loc":{"start":{"line":216,"column":4},"end":{"line":229,"column":4}}},"11":{"name":"setQuorumAndPass","line":231,"loc":{"start":{"line":231,"column":4},"end":{"line":237,"column":4}}},"12":{"name":"_proposerAllowed","line":241,"loc":{"start":{"line":241,"column":4},"end":{"line":245,"column":4}}},"13":{"name":"propose","line":254,"loc":{"start":{"line":248,"column":4},"end":{"line":277,"column":4}}},"14":{"name":"state","line":279,"loc":{"start":{"line":279,"column":4},"end":{"line":301,"column":4}}},"15":{"name":"castVote","line":306,"loc":{"start":{"line":306,"column":4},"end":{"line":332,"column":4}}},"16":{"name":"_weightOf","line":334,"loc":{"start":{"line":334,"column":4},"end":{"line":338,"column":4}}},"17":{"name":"_passed","line":340,"loc":{"start":{"line":340,"column":4},"end":{"line":346,"column":4}}},"18":{"name":"queue","line":350,"loc":{"start":{"line":350,"column":4},"end":{"line":363,"column":4}}},"19":{"name":"execute","line":365,"loc":{"start":{"line":365,"column":4},"end":{"line":376,"column":4}}},"20":{"name":"cancel","line":378,"loc":{"start":{"line":378,"column":4},"end":{"line":396,"column":4}}},"21":{"name":"devEmergencyQueue","line":410,"loc":{"start":{"line":404,"column":4},"end":{"line":416,"column":4}}},"22":{"name":"devEmergencyExecute","line":424,"loc":{"start":{"line":418,"column":4},"end":{"line":430,"column":4}}},"23":{"name":"proposalTally","line":434,"loc":{"start":{"line":434,"column":4},"end":{"line":437,"column":4}}},"24":{"name":"proposalTimes","line":439,"loc":{"start":{"line":439,"column":4},"end":{"line":442,"column":4}}},"25":{"name":"_log","line":446,"loc":{"start":{"line":446,"column":4},"end":{"line":450,"column":4}}},"26":{"name":null,"line":453,"loc":{"start":{"line":453,"column":4},"end":{"line":453,"column":33}}}},"statementMap":{"1":{"start":{"line":160,"column":8},"end":{"line":160,"column":60}},"2":{"start":{"line":164,"column":8},"end":{"line":164,"column":87}},"3":{"start":{"line":169,"column":8},"end":{"line":169,"column":87}},"4":{"start":{"line":170,"column":8},"end":{"line":170,"column":39}},"5":{"start":{"line":172,"column":8},"end":{"line":172,"column":35}},"6":{"start":{"line":178,"column":8},"end":{"line":178,"column":50}},"7":{"start":{"line":180,"column":8},"end":{"line":180,"column":28}},"8":{"start":{"line":184,"column":8},"end":{"line":184,"column":24}},"9":{"start":{"line":188,"column":8},"end":{"line":188,"column":27}},"10":{"start":{"line":192,"column":8},"end":{"line":192,"column":29}},"11":{"start":{"line":197,"column":8},"end":{"line":197,"column":53}},"12":{"start":{"line":200,"column":8},"end":{"line":200,"column":45}},"13":{"start":{"line":206,"column":8},"end":{"line":206,"column":85}},"14":{"start":{"line":207,"column":8},"end":{"line":207,"column":53}},"15":{"start":{"line":208,"column":8},"end":{"line":208,"column":81}},"16":{"start":{"line":212,"column":8},"end":{"line":212,"column":62}},"17":{"start":{"line":213,"column":8},"end":{"line":213,"column":90}},"18":{"start":{"line":222,"column":8},"end":{"line":222,"column":49}},"19":{"start":{"line":227,"column":8},"end":{"line":227,"column":86}},"20":{"start":{"line":228,"column":8},"end":{"line":228,"column":114}},"21":{"start":{"line":232,"column":8},"end":{"line":232,"column":49}},"22":{"start":{"line":235,"column":8},"end":{"line":235,"column":62}},"23":{"start":{"line":236,"column":8},"end":{"line":236,"column":90}},"24":{"start":{"line":242,"column":8},"end":{"line":242,"column":81}},"25":{"start":{"line":242,"column":70},"end":{"line":242,"column":81}},"26":{"start":{"line":243,"column":8},"end":{"line":243,"column":50}},"27":{"start":{"line":243,"column":38},"end":{"line":243,"column":50}},"28":{"start":{"line":244,"column":8},"end":{"line":244,"column":55}},"29":{"start":{"line":255,"column":8},"end":{"line":255,"column":48}},"30":{"start":{"line":256,"column":8},"end":{"line":256,"column":68}},"31":{"start":{"line":258,"column":8},"end":{"line":258,"column":48}},"32":{"start":{"line":261,"column":8},"end":{"line":261,"column":42}},"33":{"start":{"line":262,"column":8},"end":{"line":262,"column":42}},"34":{"start":{"line":275,"column":8},"end":{"line":275,"column":108}},"35":{"start":{"line":276,"column":8},"end":{"line":276,"column":107}},"36":{"start":{"line":280,"column":8},"end":{"line":280,"column":42}},"37":{"start":{"line":281,"column":8},"end":{"line":281,"column":58}},"38":{"start":{"line":281,"column":30},"end":{"line":281,"column":58}},"39":{"start":{"line":282,"column":8},"end":{"line":282,"column":53}},"40":{"start":{"line":282,"column":24},"end":{"line":282,"column":53}},"41":{"start":{"line":283,"column":8},"end":{"line":283,"column":53}},"42":{"start":{"line":283,"column":24},"end":{"line":283,"column":53}},"43":{"start":{"line":285,"column":8},"end":{"line":285,"column":46}},"44":{"start":{"line":286,"column":8},"end":{"line":286,"column":61}},"45":{"start":{"line":286,"column":33},"end":{"line":286,"column":61}},"46":{"start":{"line":287,"column":8},"end":{"line":287,"column":59}},"47":{"start":{"line":287,"column":32},"end":{"line":287,"column":59}},"48":{"start":{"line":290,"column":8},"end":{"line":290,"column":73}},"49":{"start":{"line":291,"column":8},"end":{"line":291,"column":50}},"50":{"start":{"line":291,"column":21},"end":{"line":291,"column":50}},"51":{"start":{"line":293,"column":8},"end":{"line":293,"column":11812}},"52":{"start":{"line":295,"column":12},"end":{"line":295,"column":74}},"53":{"start":{"line":295,"column":46},"end":{"line":295,"column":74}},"54":{"start":{"line":296,"column":12},"end":{"line":296,"column":39}},"55":{"start":{"line":299,"column":8},"end":{"line":299,"column":60}},"56":{"start":{"line":299,"column":32},"end":{"line":299,"column":60}},"57":{"start":{"line":300,"column":8},"end":{"line":300,"column":38}},"58":{"start":{"line":307,"column":8},"end":{"line":307,"column":42}},"59":{"start":{"line":308,"column":8},"end":{"line":308,"column":36}},"60":{"start":{"line":309,"column":8},"end":{"line":309,"column":56}},"61":{"start":{"line":310,"column":8},"end":{"line":310,"column":59}},"62":{"start":{"line":311,"column":8},"end":{"line":311,"column":43}},"63":{"start":{"line":313,"column":8},"end":{"line":313,"column":46}},"64":{"start":{"line":314
[...]
":8},"end":{"line":92,"column":44}},"20":{"start":{"line":96,"column":8},"end":{"line":96,"column":63}},"21":{"start":{"line":101,"column":8},"end":{"line":101,"column":42}},"22":{"start":{"line":102,"column":8},"end":{"line":102,"column":55}},"23":{"start":{"line":104,"column":8},"end":{"line":104,"column":114}},"24":{"start":{"line":108,"column":8},"end":{"line":108,"column":30}},"25":{"start":{"line":111,"column":8},"end":{"line":111,"column":77}},"26":{"start":{"line":113,"column":8},"end":{"line":113,"column":96}},"27":{"start":{"line":114,"column":8},"end":{"line":114,"column":46}},"28":{"start":{"line":118,"column":8},"end":{"line":118,"column":42}},"29":{"start":{"line":119,"column":8},"end":{"line":119,"column":42}},"30":{"start":{"line":120,"column":8},"end":{"line":120,"column":51}},"31":{"start":{"line":121,"column":8},"end":{"line":121,"column":55}},"32":{"start":{"line":125,"column":8},"end":{"line":125,"column":30}},"33":{"start":{"line":127,"column":8},"end":{"line":127,"column":60}},"34":{"start":{"line":128,"column":8},"end":{"line":128,"column":97}},"35":{"start":{"line":129,"column":8},"end":{"line":129,"column":49}},"36":{"start":{"line":133,"column":8},"end":{"line":133,"column":50}},"37":{"start":{"line":134,"column":8},"end":{"line":134,"column":6041}},"38":{"start":{"line":136,"column":12},"end":{"line":136,"column":59}},"39":{"start":{"line":137,"column":12},"end":{"line":137,"column":64}},"40":{"start":{"line":138,"column":12},"end":{"line":138,"column":100}},"41":{"start":{"line":139,"column":12},"end":{"line":139,"column":54}},"42":{"start":{"line":144,"column":8},"end":{"line":144,"column":42}},"43":{"start":{"line":145,"column":8},"end":{"line":145,"column":18}},"44":{"start":{"line":150,"column":8},"end":{"line":150,"column":86}},"45":{"start":{"line":153,"column":8},"end":{"line":153,"column":57}},"46":{"start":{"line":153,"column":30},"end":{"line":153,"column":57}},"47":{"start":{"line":154,"column":8},"end":{"line":154,"column":76}},"48":{"start":{"line":155,"column":8},"end":{"line":155,"column":79}},"49":{"start":{"line":158,"column":8},"end":{"line":158,"column":38}},"50":{"start":{"line":159,"column":8},"end":{"line":159,"column":38}},"51":{"start":{"line":160,"column":8},"end":{"line":160,"column":70}},"52":{"start":{"line":163,"column":8},"end":{"line":163,"column":38}},"53":{"start":{"line":164,"column":8},"end":{"line":164,"column":76}},"54":{"start":{"line":165,"column":8},"end":{"line":165,"column":68}},"55":{"start":{"line":167,"column":70},"end":{"line":167,"column":95}},"56":{"start":{"line":173,"column":8},"end":{"line":173,"column":7833}},"57":{"start":{"line":174,"column":12},"end":{"line":174,"column":43}},"58":{"start":{"line":181,"column":8},"end":{"line":181,"column":39}},"59":{"start":{"line":183,"column":8},"end":{"line":183,"column":51}},"60":{"start":{"line":184,"column":8},"end":{"line":184,"column":55}},"61":{"start":{"line":189,"column":8},"end":{"line":189,"column":52}}},"branchMap":{"1":{"line":66,"type":"if","locations":[{"start":{"line":66,"column":8},"end":{"line":66,"column":8}},{"start":{"line":66,"column":8},"end":{"line":66,"column":8}}]},"2":{"line":66,"type":"cond-expr","locations":[{"start":{"line":66,"column":12},"end":{"line":66,"column":29}},{"start":{"line":66,"column":34},"end":{"line":66,"column":57}}]},"3":{"line":66,"type":"cond-expr","locations":[{"start":{"line":66,"column":12},"end":{"line":66,"column":57}},{"start":{"line":66,"column":62},"end":{"line":66,"column":79}}]},"4":{"line":66,"type":"cond-expr","locations":[{"start":{"line":66,"column":12},"end":{"line":66,"column":79}},{"start":{"line":66,"column":84},"end":{"line":66,"column":103}}]},"5":{"line":78,"type":"if","locations":[{"start":{"line":78,"column":51},"end":{"line":78,"column":51}},{"start":{"line":78,"column":51},"end":{"line":78,"column":51}}]},"6":{"line":78,"type":"if","locations":[{"start":{"line":78,"column":63},"end":{"line":78,"column":63}},{"start":{"line":78,"column":63},"end":{"line":78,"column":63}}]},"7":{"line":79,"type":"if","locations":[{"start":{"line":79,"column":49},"end":{"line":79,"column":49}},{"start":{"line":79,"column":49},"end":{"line":79,"column":49}}]},"8":{"line":79,"type":"if","locations":[{"start":{"line":79,"column":61},"end":{"line":79,"column":61}},{"start":{"line":79,"column":61},"end":{"line":79,"column":61}}]},"9":{"line":80,"type":"if","locations":[{"start":{"line":80,"column":45},"end":{"line":80,"column":45}},{"start":{"line":80,"column":45},"end":{"line":80,"column":45}}]},"10":{"line":80,"type":"if","locations":[{"start":{"line":80,"column":57},"end":{"line":80,"column":57}},{"start":{"line":80,"column":57},"end":{"line":80,"column":57}}]},"11":{"line":81,"type":"if","locations":[{"start":{"line":81,"column":72},"end":{"line":81,"column":72}},{"start":{"line":81,"column":72},"end":{"line":81,"column":72}}]},"12":{"line":81,"type":"if","locations":[{"start":{"line":81,"column":84},"end":{"line":81,"column":84}},{"start":{"line":81,"column":84},"end":{"line":81,"column":84}}]},"13":{"line":81,"type":"cond-expr","locations":[{"start":{"line":81,"column":88},"end":{"line":81,"column":98}},{"start":{"line":81,"column":103},"end":{"line":81,"column":114}}]},"14":{"line":81,"type":"cond-expr","locations":[{"start":{"line":81,"column":88},"end":{"line":81,"column":114}},{"start":{"line":81,"column":119},"end":{"line":81,"column":132}}]},"15":{"line":82,"type":"if","locations":[{"start":{"line":82,"column":57},"end":{"line":82,"column":57}},{"start":{"line":82,"column":57},"end":{"line":82,"column":57}}]},"16":{"line":84,"type":"if","locations":[{"start":{"line":84,"column":67},"end":{"line":84,"column":67}},{"start":{"line":84,"column":67},"end":{"line":84,"column":67}}]},"17":{"line":84,"type":"if","locations":[{"start":{"line":84,"column":77},"end":{"line":84,"column":77}},{"start":{"line":84,"column":77},"end":{"line":84,"column":77}}]},"18":{"line":84,"type":"if","locations":[{"start":{"line":84,"column":90},"end":{"line":84,"column":90}},{"start":{"line":84,"column":90},"end":{"line":84,"column":90}}]},"19":{"line":85,"type":"if","locations":[{"start":{"line":85,"column":8},"end":{"line":85,"column":8}},{"start":{"line":85,"column":8},"end":{"line":85,"column":8}}]},"20":{"line":85,"type":"cond-expr","locations":[{"start":{"line":85,"column":12},"end":{"line":85,"column":20}},{"start":{"line":85,"column":25},"end":{"line":85,"column":35}}]},"21":{"line":87,"type":"if","locations":[{"start":{"line":87,"column":8},"end":{"line":87,"column":8}},{"start":{"line":87,"column":8},"end":{"line":87,"column":8}}]},"22":{"line":91,"type":"if","locations":[{"start":{"line":91,"column":8},"end":{"line":91,"column":8}},{"start":{"line":91,"column":8},"end":{"line":91,"column":8}}]},"23":{"line":100,"type":"if","locations":[{"start":{"line":100,"column":44},"end":{"line":100,"column":44}},{"start":{"line":100,"column":44},"end":{"line":100,"column":44}}]},"24":{"line":100,"type":"if","locations":[{"start":{"line":100,"column":57},"end":{"line":100,"column":57}},{"start":{"line":100,"column":57},"end":{"line":100,"column":57}}]},"25":{"line":101,"type":"if","locations":[{"start":{"line":101,"column":8},"end":{"line":101,"column":8}},{"start":{"line":101,"column":8},"end":{"line":101,"column":8}}]},"26":{"line":104,"type":"if","locations":[{"start":{"line":104,"column":8},"end":{"line":104,"column":8}},{"start":{"line":104,"column":8},"end":{"line":104,"column":8}}]},"27":{"line":111,"type":"if","locations":[{"start":{"line":111,"column":8},"end":{"line":111,"column":8}},{"start":{"line":111,"column":8},"end":{"line":111,"column":8}}]},"28":{"line":117,"type":"if","locations":[{"start":{"line":117,"column":45},"end":{"line":117,"column":45}},{"start":{"line":117,"column":45},"end":{"line":117,"column":45}}]},"29":{"line":117,"type":"if","locations":[{"start":{"line":117,"column":58},"end":{"line":117,"column":58}},{"start":{"line":117,"column":58},"end":{"line":117,"column":58}}]},"30":{"line":118,"type":"if","locations":[{"start":{"line":118,"column":8},"end":{"line":118,"column":8}},{"start":{"line":118,"column":8},"end":{"line":118,"column":8}}]},"31":{"line":120,"type":"if","locations":[{"start":{"line":120,"column":8},"end":{"line":120,"column":8}},{"start":{"line":120,"column":8},"end":{"line":120,"column":8}}]},"32":{"line":127,"type":"if","locations":[{"start":{"line":127,"column":8},"end":{"line":127,"column":8}},{"start":{"line":127,"column":8},"end":{"line":127,"column":8}}]},"33":{"line":132,"type":"if","locations":[{"start":{"line":132,"column":32},"end":{"line":132,"column":32}},{"start":{"line":132,"column":32},"end":{"line":132,"column":32}}]},"34":{"line":132,"type":"if","locations":[{"start":{"line":132,"column":45},"end":{"line":132,"column":45}},{"start":{"line":132,"column":45},"end":{"line":132,"column":45}}]},"35":{"line":134,"type":"if","locations":[{"start":{"line":134,"column":8},"end":{"line":134,"column":8}},{"start":{"line":134,"column":8},"end":{"line":134,"column":8}}]},"36":{"line":137,"type":"if","locations":[{"start":{"line":137,"column":12},"end":{"line":137,"column":12}},{"start":{"line":137,"column":12},"end":{"line":137,"column":12}}]},"37":{"line":153,"type":"if","locations":[{"start":{"line":153,"column":8},"end":{"line":153,"column":8}},{"start":{"line":153,"column":8},"end":{"line":153,"column":8}}]},"38":{"line":173,"type":"if","locations":[{"start":{"line":173,"column":8},"end":{"line":173,"column":8}},{"start":{"line":173,"column":8},"end":{"line":173,"column":8}}]}}},
"contracts/VFIDEToken.sol":{"l":{"106":8,"107":8,"108":8,"111":8,"114":8,"115":8,"117":8,"118":8,"119":8,"122":8,"123":8,"124":8,"125":8,"133":0,"134":0,"139":1,"140":1,"141":1,"146":1,"147":1,"152":1,"153":1,"154":1,"155":1,"156":1,"171":2,"173":1,"174":1,"175":1,"177":1,"178":1,"179":1,"180":1,"182":1,"187":1,"189":1,"190":1,"191":1,"194":1,"195":1,"196":1,"197":1,"199":1,"211":0,"214":0,"215":0,"216":0,"219":0,"220":0,"221":0,"226":0,"227":0,"231":0,"232":0,"233":0,"235":0,"236":0,"237":0,"249":0,"251":0,"252":0,"253":0,"254":0,"255":0,"265":10,"270":3,"271":3,"273":0},"path":"/workspaces/Vfide/contracts/VFIDEToken.sol","s":{"1":8,"2":8,"3":8,"4":8,"5":8,"6":8,"7":8,"8":0,"9":1,"10":1,"11":1,"12":1,"13":1,"14":1,"15":2,"16":1,"17":1,"18":1,"19":1,"20":1,"21":1,"22":0,"23":0,"24":0,"25":0,"26":0,"27":0,"28":0,"29":0,"30":0,"31":0,"32":0,"33":0,"34":0,"35":0,"36":0,"37":0,"38":0,"39":0,"40":0,"41":0,"42":10,"43":3,"44":3,"45":0},"b":{"1":[8,0],"2":[8,0],"3":[0,0],"4":[1,1],"5":[1,0],"6":[1,1],"7":[1,1],"8":[1,0],"9":[1,0],"10":[2,1],"11":[1,1],"12":[1,0],"13":[0,0],"14":[0,0],"15":[0,0],"16":[0,0],"17":[0,0],"18":[0,0],"19":[0,0],"20":[0,0],"21":[0,0],"22":[0,0],"23":[0,0],"24":[9,1],"25":[3,0],"26":[3,0],"27":[0,0]},"f":{"1":8,"2":0,"3":1,"4":1,"5":1,"6":2,"7":1,"8":0,"9":0,"10":10,"11":3},"fnMap":{"1":{"name":"constructor","line":104,"loc":{"start":{"line":94,"column":4},"end":{"line":126,"column":4}}},"2":{"name":"setVaultOnly","line":132,"loc":{"start":{"line":132,"column":4},"end":{"line":135,"column":4}}},"3":{"name":"setVaultFactory","line":138,"loc":{"start":{"line":138,"column":4},"end":{"line":142,"column":4}}},"4":{"name":"setSystemExempt","line":145,"loc":{"start":{"line":145,"column":4},"end":{"line":148,"column":4}}},"5":{"name":"setSinks","line":151,"loc":{"start":{"line":151,"column":4},"end":{"line":157,"column":4}}},"6":{"name":"proposeSplitChange","line":170,"loc":{"start":{"line":166,"column":4},"end":{"line":183,"column":4}}},"7":{"name":"activateSplitChange","line":186,"loc":{"start":{"line":186,"column":4},"end":{"line":200,"column":4}}},"8":{"name":"burnWithRouting","line":210,"loc":{"start":{"line":210,"column":4},"end":{"line":239,"column":4}}},"9":{"name":"_update","line":248,"loc":{"start":{"line":248,"column":4},"end":{"line":259,"column":4}}},"10":{"name":"_validateSplit","line":264,"loc":{"start":{"line":264,"column":4},"end":{"line":266,"column":4}}},"11":{"name":"_enforceMaxDelta","line":268,"loc":{"start":{"line":268,"column":4},"end":{"line":275,"column":4}}}},"statementMap":{"1":{"start":{"line":106,"column":8},"end":{"line":106,"column":65}},"2":{"start":{"line":107,"column":8},"end":{"line":107,"column":65}},"3":{"start":{"line":108,"column":8},"end":{"line":108,"column":62}},"4":{"start":{"line":111,"column":8},"end":{"line":111,"column":41}},"5":{"start":{"line":115,"column":8},"end":{"line":115,"column":43}},"6":{"start":{"line":119,"column":8},"end":{"line":119,"column":45}},"7":{"start":{"line":125,"column":8},"end":{"line":125,"column":56}},"8":{"start":{"line":134,"column":8},"end":{"line":134,"column":36}},"9":{"start":{"line":139,"column":8},"end":{"line":139,"column":51}},"10":{"start":{"line":141,"column":8},"end":{"line":141,"column":31}},"11":{"start":{"line":147,"column":8},"end":{"line":147,"column":42}},"12":{"start":{"line":152,"column":8},"end":{"line":152,"column":58}},"13":{"start":{"line":153,"column":8},"end":{"line":153,"column":62}},"14":{"start":{"line":156,"column":8},"end":{"line":156,"column":45}},"15":{"start":{"line":171,"column":8},"end":{"line":171,"column":59}},"16":{"start":{"line":173,"column":8},"end":{"line":173,"column":47}},"17":{"start":{"line":174,"column":8},"end":{"line":174,"column":46}},"18":{"start":{"line":175,"column":8},"end":{"line":175,"column":50}},"19":{"start":{"line":182,"column":8},"end":{"line":182,"column":80}},"20":{"start":{"line":187,"column":8},"end":{"line":187,"column":98}},"21":{"start":{"line":199,"column":8},"end":{"line":199,"column":56}},"22":{"start":{"line":211,"column":8},"end":{"line":211,"column":45}},"23":{"start":{"line":214,"column":8},"end":{"line":214,"column":70}},"24":{"start":{"line":215,"column":8},"end":{"line":215,"column":70}},"25":{"start":{"line":216,"column":8},"end":{"line":216,"column":70}},"26":{"start":{"line":219,"column":8},"end":{"line":219,"column":51}},"27":{"start":{"line":220,"column":8},"end":{"line":220,"column":8879}},"28":{"start":{"line":226,"column":8},"end":{"line":226,"column":9057}},"29":{"start":{"line":227,"column":12},"end":{"line":227,"column":36}},"30":{"start":{"line":231,"column":8},"end":{"line":231,"column":9234}},"31":{"start":{"line":232,"column":12},"end":{"line":232,"column":65}},"32":{"start":{"line":233,"column":12},"end":{"line":233,"column":52}},"33":{"start":{"line":235,"column":8},"end":{"line":235,"column":9392}},"34":{"start":{"line":236,"column":12},"end":{"line":236,"column":65}},"35":{"start":{"line":237,"column":12},"end":{"line":237,"column":52}},"36":{"start":{"line":249,"column":8},"end":{"line":249,"column":10006}},"37":{"start":{"line":251,"column":12},"end":{"line":251,"column":10097}},"38":{"start":{"line":252,"column":16},"end":{"line":252,"column":83}},"39":{"start":{"line":253,"column":16},"end":{"line":253,"column":78}},"40":{"start":{"line":254,"column":16},"end":{"line":254,"column":76}},"41":{"start":{"line":255,"column":16},"end":{"line":255,"column":59}},"42":{"start":{"line":265,"column":8},"end":{"line":265,"column":89}},"43":{"start":{"line":270,"column":8},"end":{"line":270,"column":10987}},"44":{"start":{"line":271,"column":12},"end":{"line":271,"column":90}},"45":{"start":{"line":273,"column":12},"end":{"line":273,"column":90}}},"branchMap":{"1":{"line":106,"type":"if","locations":[{"start":{"line":106,"column":8},"end":{"line":106,"column":8}},{"start":{"line":106,"column":8},"end":{"line":106,"column":8}}]},"2":{"line":107,"type":"if","locations":[{"start":{"line":107,"column":8},"end":{"line":107,"column":8}},{"start":{"line":107,"column":8},"end":{"line":107,"column":8}}]},"3":{"line":132,"type":"if","locations":[{"start":{"line":132,"column":49},"end":{"line":132,"column":49}},{"start":{"line":132,"column":49},"end":{"line":132,"column":49}}]},"4":{"line":138,"type":"if","locations":[{"start":{"line":138,"column":49},"end":{"line":138,"column":49}},{"start":{"line":138,"column":49},"end":{"line":138,"column":49}}]},"5":{"line":139,"type":"if","locations":[{"start":{"line":139,"column":8},"end":{"line":139,"column":8}},{"start":{"line":139,"column":8},"end":{"line":139,"column":8}}]},"6":{"line":145,"type":"if","locations":[{"start":{"line":145,"column":65},"end":{"line":145,"column":65}},{"start":{"line":145,"column":65},"end":{"line":145,"column":65}}]},"7":{"line":151,"type":"if","locations":[{"start":{"line":151,"column":71},"end":{"line":151,"column":71}},{"start":{"line":151,"column":71},"end":{"line":151,"column":71}}]},"8":{"line":152,"type":"if","locations":[{"start":{"line":152,"column":8},"end":{"line":152,"column":8}},{"start":{"line":152,"column":8},"end":{"line":152,"column":8}}]},"9":{"line":153,"type":"if","locations":[{"start":{"line":153,"column":8},"end":{"line":153,"column":8}},{"start":{"line":153,"column":8},"end":{"line":153,"column":8}}]},"10":{"line":170,"type":"if","locations":[{"start":{"line":170,"column":15},"end":{"line":170,"column":15}},{"start":{"line":170,"column":15},"end":{"line":170,"column":15}}]},"11":{"line":186,"type":"if","locations":[{"start":{"line":186,"column":44},"end":{"line":186,"column":44}},{"start":{"line":186,"column":44},"end":{"line":186,"column":44}}]},"12":{"line":187,"type":"if","locations":[{"start":{"line":187,"column":8},"end":{"line":187,"column":8}},{"start":{"line":187,"column":8},"end":{"line":187,"column":8}}]},"13":{"line":211,"type":"if","locations":[{"start":{"line":211,"column":8},"end":{"line":211,"column":8}},{"start":{"line":211,"column":8},"end":{"line":211,"column":8}}]},"14":{"line":220,"type":"if","locations":[{"start":{"line":220,"column":8},"end":{"line":220,"column":8}},{"start":{"line":220,"column":8},"end":{"line":220,"column":8}}]},"15":{"line":226,"type":"if","locations":[{"start":{"line":226,"column":8},"end":{"line":226,"column":8}},{"start":{"line":226,"column":8},"end":{"line":226,"column":8}}]},"16":{"line":231,"type":"if","locations":[{"start":{"line":231,"column":8},"end":{"line":231,"column":8}},{"start":{"line":231,"column":8},"end":{"line":231,"column":8}}]},"17":{"line":232,"type":"if","locations":[{"start":{"line":232,"column":12},"end":{"line":232,"column":12}},{"start":{"line":232,"column":12},"end":{"line":232,"column":12}}]},"18":{"line":235,"type":"if","locations":[{"start":{"line":235,"column":8},"end":{"line":235,"column":8}},{"start":{"line":235,"column":8},"end":{"line":235,"column":8}}]},"19":{"line":236,"type":"if","locations":[{"start":{"line":236,"column":12},"end":{"line":236,"column":12}},{"start":{"line":236,"column":12},"end":{"line":236,"column":12}}]},"20":{"line":249,"type":"if","locations":[{"start":{"line":249,"column":8},"end":{"line":249,"column":8}},{"start":{"line":249,"column":8},"end":{"line":249,"column":8}}]},"21":{"line":251,"type":"if","locations":[{"start":{"line":251,"column":12},"end":{"line":251,"column":12}},{"start":{"line":251,"column":12},"end":{"line":251,"column":12}}]},"22":{"line":252,"type":"if","locations":[{"start":{"line":252,"column":16},"end":{"line":252,"column":16}},{"start":{"line":252,"column":16},"end":{"line":252,"column":16}}]},"23":{"line":255,"type":"if","locations":[{"start":{"line":255,"column":16},"end":{"line":255,"column":16}},{"start":{"line":255,"column":16},"end":{"line":255,"column":16}}]},"24":{"line":265,"type":"if","locations":[{"start":{"line":265,"column":8},"end":{"line":265,"column":8}},{"start":{"line":265,"column":8},"end":{"line":265,"column":8}}]},"25":{"line":270,"type":"if","locations":[{"start":{"line":270,"column":8},"end":{"line":270,"column":8}},{"start":{"line":270,"column":8},"end":{"line":270,"column":8}}]},"26":{"line":271,"type":"if","locations":[{"start":{"line":271,"column":12},"end":{"line":271,"column":12}},{"start":{"line":271,"column":12},"end":{"line":271,"column":12}}]},"27":{"line":273,"type":"if","locations":[{"start":{"line":273,"column":12},"end":{"line":273,"column":12}},{"start":{"line":273,"column":12},"end":{"line":273,"column":12}}]}}}}
