TN:
SF:/workspaces/Vfide/contracts/ChainOfReturn.sol
FN:145,breakerGuard
FN:152,constructor
FN:166,setWiring
FN:183,setPolicy
FN:201,setBounds
FN:219,setVaultPolicy
FN:248,effectivePolicy
FN:256,setGuardians
FN:279,getGuardians
FN:286,requestId
FN:290,propose
FN:318,approve
FN:343,execute
FN:365,cancel
FN:381,_reqsMust
FN:386,_isGuardian
FN:390,_requireVault
FN:394,_vaultOwner
FN:397,_rotateVault
FN:410,previewRequest
FN:423,_log
FNF:21
FNH:1
FNDA:0,breakerGuard
FNDA:1,constructor
FNDA:0,setWiring
FNDA:0,setPolicy
FNDA:0,setBounds
FNDA:0,setVaultPolicy
FNDA:0,effectivePolicy
FNDA:0,setGuardians
FNDA:0,getGuardians
FNDA:0,requestId
FNDA:0,propose
FNDA:0,approve
FNDA:0,execute
FNDA:0,cancel
FNDA:0,_reqsMust
FNDA:0,_isGuardian
FNDA:0,_requireVault
FNDA:0,_vaultOwner
FNDA:0,_rotateVault
FNDA:0,previewRequest
FNDA:0,_log
DA:146,0
DA:147,0
DA:149,0
DA:153,1
DA:154,1
DA:167,0
DA:168,0
DA:169,0
DA:170,0
DA:171,0
DA:172,0
DA:173,0
DA:184,0
DA:185,0
DA:186,0
DA:187,0
DA:188,0
DA:189,0
DA:190,0
DA:191,0
DA:192,0
DA:193,0
DA:202,0
DA:203,0
DA:204,0
DA:205,0
DA:206,0
DA:207,0
DA:220,0
DA:221,0
DA:222,0
DA:224,0
DA:225,0
DA:226,0
DA:227,0
DA:228,0
DA:232,0
DA:233,0
DA:234,0
DA:236,0
DA:243,0
DA:244,0
DA:249,0
DA:250,0
DA:251,0
DA:257,0
DA:258,0
DA:259,0
DA:260,0
DA:261,0
DA:263,0
DA:266,0
DA:267,0
DA:268,0
DA:269,0
DA:270,0
DA:271,0
DA:274,0
DA:275,0
DA:276,0
DA:280,0
DA:281,0
DA:287,0
DA:291,0
DA:292,0
DA:293,0
DA:294,0
DA:296,0
DA:297,0
DA:299,0
DA:300,0
DA:302,0
DA:303,0
DA:304,0
DA:305,0
DA:306,0
DA:307,0
DA:308,0
DA:310,0
DA:311,0
DA:313,0
DA:314,0
DA:319,0
DA:320,0
DA:321,0
DA:322,0
DA:323,0
DA:325,0
DA:326,0
DA:327,0
DA:329,0
DA:330,0
DA:332,0
DA:333,0
DA:335,0
DA:336,0
DA:337,0
DA:338,0
DA:339,0
DA:344,0
DA:345,0
DA:346,0
DA:347,0
DA:349,0
DA:351,0
DA:352,0
DA:353,0
DA:354,0
DA:355,0
DA:357,0
DA:359,0
DA:361,0
DA:362,0
DA:366,0
DA:367,0
DA:368,0
DA:370,0
DA:371,0
DA:372,0
DA:374,0
DA:375,0
DA:382,0
DA:383,0
DA:384,0
DA:387,0
DA:388,0
DA:391,0
DA:392,0
DA:395,0
DA:398,0
DA:400,0
DA:402,0
DA:405,0
DA:415,0
DA:416,0
DA:417,0
DA:418,0
DA:419,0
DA:424,0
DA:425,0
LF:140
LH:2
BRDA:146,1,0,0
BRDA:146,1,1,0
BRDA:147,2,0,0
BRDA:147,2,1,0
BRDA:147,3,0,0
BRDA:147,3,1,0
BRDA:153,4,0,0
BRDA:153,4,1,1
BRDA:166,5,0,0
BRDA:166,5,1,0
BRDA:183,6,0,0
BRDA:183,6,1,0
BRDA:184,7,0,0
BRDA:184,7,1,0
BRDA:185,8,0,0
BRDA:185,8,1,0
BRDA:201,9,0,0
BRDA:201,9,1,0
BRDA:202,10,0,0
BRDA:202,10,1,0
BRDA:203,11,0,0
BRDA:203,11,1,0
BRDA:204,12,0,0
BRDA:204,12,1,0
BRDA:219,13,0,0
BRDA:219,13,1,0
BRDA:219,14,0,0
BRDA:219,14,1,0
BRDA:222,15,0,0
BRDA:222,15,1,0
BRDA:224,16,0,0
BRDA:224,16,1,0
BRDA:232,17,0,0
BRDA:232,17,1,0
BRDA:233,18,0,0
BRDA:233,18,1,0
BRDA:234,19,0,0
BRDA:234,19,1,0
BRDA:250,20,0,0
BRDA:250,20,1,0
BRDA:256,21,0,0
BRDA:256,21,1,0
BRDA:256,22,0,0
BRDA:256,22,1,0
BRDA:259,23,0,0
BRDA:259,23,1,0
BRDA:260,24,0,0
BRDA:260,24,1,0
BRDA:260,25,0,0
BRDA:260,25,1,0
BRDA:261,26,0,0
BRDA:261,26,1,0
BRDA:261,27,0,0
BRDA:261,27,1,0
BRDA:268,28,0,0
BRDA:268,28,1,0
BRDA:269,29,0,0
BRDA:269,29,1,0
BRDA:270,30,0,0
BRDA:270,30,1,0
BRDA:271,31,0,0
BRDA:271,31,1,0
BRDA:290,32,0,0
BRDA:290,32,1,0
BRDA:290,33,0,0
BRDA:290,33,1,0
BRDA:291,34,0,0
BRDA:291,34,1,0
BRDA:294,35,0,0
BRDA:294,35,1,0
BRDA:297,36,0,0
BRDA:297,36,1,0
BRDA:300,37,0,0
BRDA:300,37,1,0
BRDA:313,38,0,0
BRDA:313,38,1,0
BRDA:318,39,0,0
BRDA:318,39,1,0
BRDA:318,40,0,0
BRDA:318,40,1,0
BRDA:320,41,0,0
BRDA:320,41,1,0
BRDA:322,42,0,0
BRDA:322,42,1,0
BRDA:323,43,0,0
BRDA:323,43,1,0
BRDA:326,44,0,0
BRDA:326,44,1,0
BRDA:327,45,0,0
BRDA:327,45,1,0
BRDA:335,46,0,0
BRDA:335,46,1,0
BRDA:343,47,0,0
BRDA:343,47,1,0
BRDA:343,48,0,0
BRDA:343,48,1,0
BRDA:345,49,0,0
BRDA:345,49,1,0
BRDA:347,50,0,0
BRDA:347,50,1,0
BRDA:351,51,0,0
BRDA:351,51,1,0
BRDA:352,52,0,0
BRDA:352,52,1,0
BRDA:354,53,0,0
BRDA:354,53,1,0
BRDA:355,54,0,0
BRDA:355,54,1,0
BRDA:365,55,0,0
BRDA:365,55,1,0
BRDA:365,56,0,0
BRDA:365,56,1,0
BRDA:367,57,0,0
BRDA:367,57,1,0
BRDA:368,58,0,0
BRDA:368,58,1,0
BRDA:374,59,0,0
BRDA:374,59,1,0
BRDA:383,60,0,0
BRDA:383,60,1,0
BRDA:387,61,0,0
BRDA:387,61,1,0
BRDA:391,62,0,0
BRDA:391,62,1,0
BRDA:392,63,0,0
BRDA:392,63,1,0
BRDA:392,64,0,0
BRDA:392,64,1,0
BRDA:405,65,0,0
BRDA:405,65,1,0
BRDA:418,66,0,0
BRDA:418,66,1,0
BRDA:424,67,0,0
BRDA:424,67,1,0
BRF:134
BRH:1
end_of_record
TN:
SF:/workspaces/Vfide/contracts/CommerceEscrow.sol
FN:159,breakerGuard
FN:166,constructor
FN:182,setWiring
FN:204,setPolicy
FN:219,setBreakerModule
FN:226,_vaultOf
FN:231,_sellerMinScore
FN:236,_checkParties
FN:247,escrowId
FN:268,open
FN:298,fund
FN:320,openDispute
FN:343,closeDispute
FN:358,release
FN:362,_releaseFunds
FN:388,refund
FN:410,autoRelease
FN:420,resolveDispute
FN:455,cancel
FN:466,_reward
FN:473,_penalize
FN:480,_flag
FN:486,_quarantine
FN:494,preview
FN:502,_log
FNF:25
FNH:1
FNDA:0,breakerGuard
FNDA:1,constructor
FNDA:0,setWiring
FNDA:0,setPolicy
FNDA:0,setBreakerModule
FNDA:0,_vaultOf
FNDA:0,_sellerMinScore
FNDA:0,_checkParties
FNDA:0,escrowId
FNDA:0,open
FNDA:0,fund
FNDA:0,openDispute
FNDA:0,closeDispute
FNDA:0,release
FNDA:0,_releaseFunds
FNDA:0,refund
FNDA:0,autoRelease
FNDA:0,resolveDispute
FNDA:0,cancel
FNDA:0,_reward
FNDA:0,_penalize
FNDA:0,_flag
FNDA:0,_quarantine
FNDA:0,preview
FNDA:0,_log
DA:160,0
DA:161,0
DA:163,0
DA:167,1
DA:168,1
DA:183,0
DA:184,0
DA:185,0
DA:186,0
DA:187,0
DA:188,0
DA:189,0
DA:190,0
DA:191,0
DA:205,0
DA:206,0
DA:207,0
DA:208,0
DA:209,0
DA:210,0
DA:211,0
DA:212,0
DA:213,0
DA:214,0
DA:215,0
DA:216,0
DA:220,0
DA:221,0
DA:227,0
DA:228,0
DA:232,0
DA:233,0
DA:237,0
DA:238,0
DA:239,0
DA:240,0
DA:241,0
DA:254,0
DA:269,0
DA:270,0
DA:271,0
DA:274,0
DA:275,0
DA:276,0
DA:277,0
DA:280,0
DA:281,0
DA:283,0
DA:284,0
DA:285,0
DA:286,0
DA:287,0
DA:288,0
DA:289,0
DA:290,0
DA:291,0
DA:293,0
DA:294,0
DA:299,0
DA:300,0
DA:302,0
DA:303,0
DA:304,0
DA:306,0
DA:307,0
DA:309,0
DA:310,0
DA:312,0
DA:313,0
DA:315,0
DA:316,0
DA:321,0
DA:322,0
DA:323,0
DA:324,0
DA:325,0
DA:327,0
DA:328,0
DA:329,0
DA:330,0
DA:332,0
DA:335,0
DA:336,0
DA:338,0
DA:339,0
DA:344,0
DA:345,0
DA:346,0
DA:348,0
DA:349,0
DA:351,0
DA:353,0
DA:354,0
DA:359,0
DA:363,0
DA:364,0
DA:365,0
DA:368,0
DA:370,0
DA:371,0
DA:373,0
DA:374,0
DA:376,0
DA:377,0
DA:380,0
DA:381,0
DA:383,0
DA:384,0
DA:389,0
DA:390,0
DA:391,0
DA:393,0
DA:394,0
DA:396,0
DA:397,0
DA:399,0
DA:400,0
DA:403,0
DA:405,0
DA:406,0
DA:411,0
DA:412,0
DA:413,0
DA:414,0
DA:415,0
DA:416,0
DA:421,0
DA:422,0
DA:423,0
DA:424,0
DA:426,0
DA:427,0
DA:429,0
DA:430,0
DA:432,0
DA:433,0
DA:434,0
DA:436,0
DA:437,0
DA:440,0
DA:441,0
DA:442,0
DA:444,0
DA:445,0
DA:448,0
DA:450,0
DA:451,0
DA:456,0
DA:457,0
DA:458,0
DA:459,0
DA:460,0
DA:461,0
DA:467,0
DA:468,0
DA:469,0
DA:474,0
DA:475,0
DA:476,0
DA:481,0
DA:482,0
DA:487,0
DA:488,0
DA:495,0
DA:496,0
DA:497,0
DA:503,0
DA:504,0
LF:168
LH:2
BRDA:160,1,0,0
BRDA:160,1,1,0
BRDA:161,2,0,0
BRDA:161,2,1,0
BRDA:161,3,0,0
BRDA:161,3,1,0
BRDA:167,4,0,1
BRDA:167,4,1,0
BRDA:182,5,0,0
BRDA:182,5,1,0
BRDA:204,6,0,0
BRDA:204,6,1,0
BRDA:205,7,0,0
BRDA:205,7,1,0
BRDA:206,8,0,0
BRDA:206,8,1,0
BRDA:219,9,0,0
BRDA:219,9,1,0
BRDA:228,10,0,0
BRDA:228,10,1,0
BRDA:232,11,0,0
BRDA:232,11,1,0
BRDA:237,12,0,0
BRDA:237,12,1,0
BRDA:237,13,0,0
BRDA:237,13,1,0
BRDA:238,14,0,0
BRDA:238,14,1,0
BRDA:239,15,0,0
BRDA:239,15,1,0
BRDA:241,16,0,0
BRDA:241,16,1,0
BRDA:268,17,0,0
BRDA:268,17,1,0
BRDA:268,18,0,0
BRDA:268,18,1,0
BRDA:269,19,0,0
BRDA:269,19,1,0
BRDA:270,20,0,0
BRDA:270,20,1,0
BRDA:274,21,0,0
BRDA:274,21,1,0
BRDA:275,22,0,0
BRDA:275,22,1,0
BRDA:277,23,0,0
BRDA:277,23,1,0
BRDA:277,24,0,0
BRDA:277,24,1,0
BRDA:281,25,0,0
BRDA:281,25,1,0
BRDA:288,26,0,0
BRDA:288,26,1,0
BRDA:298,27,0,0
BRDA:298,27,1,0
BRDA:298,28,0,0
BRDA:298,28,1,0
BRDA:300,29,0,0
BRDA:300,29,1,0
BRDA:304,30,0,0
BRDA:304,30,1,0
BRDA:307,31,0,0
BRDA:307,31,1,0
BRDA:310,32,0,0
BRDA:310,32,1,0
BRDA:320,33,0,0
BRDA:320,33,1,0
BRDA:320,34,0,0
BRDA:320,34,1,0
BRDA:322,35,0,0
BRDA:322,35,1,0
BRDA:323,36,0,0
BRDA:323,36,1,0
BRDA:325,37,0,0
BRDA:325,37,1,0
BRDA:343,38,0,0
BRDA:343,38,1,0
BRDA:343,39,0,0
BRDA:343,39,1,0
BRDA:345,40,0,0
BRDA:345,40,1,0
BRDA:346,41,0,0
BRDA:346,41,1,0
BRDA:358,42,0,0
BRDA:358,42,1,0
BRDA:358,43,0,0
BRDA:358,43,1,0
BRDA:364,44,0,0
BRDA:364,44,1,0
BRDA:365,45,0,0
BRDA:365,45,1,0
BRDA:368,46,0,0
BRDA:368,46,1,0
BRDA:377,47,0,0
BRDA:377,47,1,0
BRDA:388,48,0,0
BRDA:388,48,1,0
BRDA:388,49,0,0
BRDA:388,49,1,0
BRDA:390,50,0,0
BRDA:390,50,1,0
BRDA:391,51,0,0
BRDA:391,51,1,0
BRDA:400,52,0,0
BRDA:400,52,1,0
BRDA:410,53,0,0
BRDA:410,53,1,0
BRDA:410,54,0,0
BRDA:410,54,1,0
BRDA:412,55,0,0
BRDA:412,55,1,0
BRDA:413,56,0,0
BRDA:413,56,1,0
BRDA:414,57,0,0
BRDA:414,57,1,0
BRDA:415,58,0,0
BRDA:415,58,1,0
BRDA:420,59,0,0
BRDA:420,59,1,0
BRDA:420,60,0,0
BRDA:420,60,1,0
BRDA:420,61,0,0
BRDA:420,61,1,0
BRDA:422,62,0,0
BRDA:422,62,1,0
BRDA:424,63,0,0
BRDA:424,63,1,0
BRDA:427,64,0,0
BRDA:427,64,1,0
BRDA:434,65,0,0
BRDA:434,65,1,0
BRDA:436,66,0,0
BRDA:436,66,1,0
BRDA:436,67,0,0
BRDA:436,67,1,0
BRDA:437,68,0,0
BRDA:437,68,1,0
BRDA:437,69,0,0
BRDA:437,69,1,0
BRDA:440,70,0,0
BRDA:440,70,1,0
BRDA:455,71,0,0
BRDA:455,71,1,0
BRDA:455,72,0,0
BRDA:455,72,1,0
BRDA:457,73,0,0
BRDA:457,73,1,0
BRDA:458,74,0,0
BRDA:458,74,1,0
BRDA:467,75,0,0
BRDA:467,75,1,0
BRDA:468,76,0,0
BRDA:468,76,1,0
BRDA:474,77,0,0
BRDA:474,77,1,0
BRDA:475,78,0,0
BRDA:475,78,1,0
BRDA:481,79,0,0
BRDA:481,79,1,0
BRDA:487,80,0,0
BRDA:487,80,1,0
BRDA:503,81,0,0
BRDA:503,81,1,0
BRF:162
BRH:1
end_of_record
TN:
SF:/workspaces/Vfide/contracts/CouncilElection.sol
FN:116,breakerGuard
FN:121,constructor
FN:128,setWiring
FN:145,setConfig
FN:163,setWindow
FN:176,_now
FN:180,_hasActiveVault
FN:185,_vaultBalance
FN:193,nominate
FN:222,vote
FN:248,finalize
FN:296,councilMembers
FN:297,candidateCount
FN:298,candidateAt
FN:302,_log
FNF:15
FNH:1
FNDA:0,breakerGuard
FNDA:1,constructor
FNDA:0,setWiring
FNDA:0,setConfig
FNDA:0,setWindow
FNDA:0,_now
FNDA:0,_hasActiveVault
FNDA:0,_vaultBalance
FNDA:0,nominate
FNDA:0,vote
FNDA:0,finalize
FNDA:0,councilMembers
FNDA:0,candidateCount
FNDA:0,candidateAt
FNDA:0,_log
DA:117,0
DA:118,0
DA:122,1
DA:123,1
DA:129,0
DA:130,0
DA:131,0
DA:132,0
DA:133,0
DA:134,0
DA:135,0
DA:146,0
DA:147,0
DA:148,0
DA:149,0
DA:150,0
DA:151,0
DA:152,0
DA:153,0
DA:154,0
DA:155,0
DA:164,0
DA:165,0
DA:166,0
DA:167,0
DA:168,0
DA:169,0
DA:171,0
DA:177,0
DA:181,0
DA:182,0
DA:186,0
DA:187,0
DA:188,0
DA:194,0
DA:195,0
DA:198,0
DA:199,0
DA:200,0
DA:203,0
DA:204,0
DA:205,0
DA:209,0
DA:212,0
DA:213,0
DA:214,0
DA:216,0
DA:217,0
DA:223,0
DA:224,0
DA:225,0
DA:228,0
DA:229,0
DA:230,0
DA:233,0
DA:236,0
DA:237,0
DA:239,0
DA:240,0
DA:242,0
DA:243,0
DA:249,0
DA:250,0
DA:253,0
DA:254,0
DA:257,0
DA:258,0
DA:261,0
DA:262,0
DA:263,0
DA:270,0
DA:271,0
DA:272,0
DA:273,0
DA:275,0
DA:276,0
DA:278,0
DA:281,0
DA:282,0
DA:283,0
DA:284,0
DA:287,0
DA:288,0
DA:290,0
DA:291,0
DA:303,0
DA:304,0
LF:87
LH:2
BRDA:117,1,0,0
BRDA:117,1,1,0
BRDA:122,2,0,0
BRDA:122,2,1,1
BRDA:128,3,0,0
BRDA:128,3,1,0
BRDA:129,4,0,0
BRDA:129,4,1,0
BRDA:129,5,0,0
BRDA:129,5,1,0
BRDA:129,6,0,0
BRDA:129,6,1,0
BRDA:145,7,0,0
BRDA:145,7,1,0
BRDA:146,8,0,0
BRDA:146,8,1,0
BRDA:147,9,0,0
BRDA:147,9,1,0
BRDA:148,10,0,0
BRDA:148,10,1,0
BRDA:163,11,0,0
BRDA:163,11,1,0
BRDA:164,12,0,0
BRDA:164,12,1,0
BRDA:187,13,0,0
BRDA:187,13,1,0
BRDA:193,14,0,0
BRDA:193,14,1,0
BRDA:193,15,0,0
BRDA:193,15,1,0
BRDA:194,16,0,0
BRDA:194,16,1,0
BRDA:194,17,0,0
BRDA:194,17,1,0
BRDA:195,18,0,0
BRDA:195,18,1,0
BRDA:198,19,0,0
BRDA:198,19,1,0
BRDA:200,20,0,0
BRDA:200,20,1,0
BRDA:203,21,0,0
BRDA:203,21,1,0
BRDA:205,22,0,0
BRDA:205,22,1,0
BRDA:209,23,0,0
BRDA:209,23,1,0
BRDA:212,24,0,0
BRDA:212,24,1,0
BRDA:222,25,0,0
BRDA:222,25,1,0
BRDA:222,26,0,0
BRDA:222,26,1,0
BRDA:223,27,0,0
BRDA:223,27,1,0
BRDA:223,28,0,0
BRDA:223,28,1,0
BRDA:224,29,0,0
BRDA:224,29,1,0
BRDA:225,30,0,0
BRDA:225,30,1,0
BRDA:229,31,0,0
BRDA:229,31,1,0
BRDA:230,32,0,0
BRDA:230,32,1,0
BRDA:233,33,0,0
BRDA:233,33,1,0
BRDA:237,34,0,0
BRDA:237,34,1,0
BRDA:248,35,0,0
BRDA:248,35,1,0
BRDA:248,36,0,0
BRDA:248,36,1,0
BRDA:249,37,0,0
BRDA:249,37,1,0
BRDA:250,38,0,0
BRDA:250,38,1,0
BRDA:254,39,0,0
BRDA:254,39,1,0
BRDA:263,40,0,0
BRDA:263,40,1,0
BRDA:275,41,0,0
BRDA:275,41,1,0
BRDA:278,42,0,0
BRDA:278,42,1,0
BRDA:303,43,0,0
BRDA:303,43,1,0
BRF:86
BRH:1
end_of_record
TN:
SF:/workspaces/Vfide/contracts/DAO.sol
FN:159,onlyDev
FN:163,breakerGuard
FN:168,constructor
FN:177,setTimelock
FN:182,setSeer
FN:186,setBreaker
FN:190,setProofSink
FN:196,setDeveloperMultisig
FN:205,setVotingConfig
FN:221,setEligibilityConfig
FN:231,setQuorumAndPass
FN:241,_proposerAllowed
FN:254,propose
FN:279,state
FN:306,castVote
FN:334,_weightOf
FN:340,_passed
FN:350,queue
FN:365,execute
FN:378,cancel
FN:410,devEmergencyQueue
FN:424,devEmergencyExecute
FN:434,proposalTally
FN:439,proposalTimes
FN:446,_log
FN:453,
FNF:26
FNH:1
FNDA:0,onlyDev
FNDA:0,breakerGuard
FNDA:1,constructor
FNDA:0,setTimelock
FNDA:0,setSeer
FNDA:0,setBreaker
FNDA:0,setProofSink
FNDA:0,setDeveloperMultisig
FNDA:0,setVotingConfig
FNDA:0,setEligibilityConfig
FNDA:0,setQuorumAndPass
FNDA:0,_proposerAllowed
FNDA:0,propose
FNDA:0,state
FNDA:0,castVote
FNDA:0,_weightOf
FNDA:0,_passed
FNDA:0,queue
FNDA:0,execute
FNDA:0,cancel
FNDA:0,devEmergencyQueue
FNDA:0,devEmergencyExecute
FNDA:0,proposalTally
FNDA:0,proposalTimes
FNDA:0,_log
FNDA:0,
DA:160,0
DA:161,0
DA:164,0
DA:165,0
DA:169,1
DA:170,1
DA:171,1
DA:172,1
DA:178,0
DA:179,0
DA:180,0
DA:183,0
DA:184,0
DA:187,0
DA:188,0
DA:191,0
DA:192,0
DA:197,0
DA:198,0
DA:199,0
DA:200,0
DA:206,0
DA:207,0
DA:208,0
DA:209,0
DA:210,0
DA:211,0
DA:212,0
DA:213,0
DA:222,0
DA:223,0
DA:224,0
DA:225,0
DA:226,0
DA:227,0
DA:228,0
DA:232,0
DA:233,0
DA:234,0
DA:235,0
DA:236,0
DA:242,0
DA:243,0
DA:244,0
DA:255,0
DA:256,0
DA:258,0
DA:259,0
DA:261,0
DA:262,0
DA:264,0
DA:265,0
DA:266,0
DA:267,0
DA:268,0
DA:269,0
DA:270,0
DA:271,0
DA:272,0
DA:273,0
DA:275,0
DA:276,0
DA:280,0
DA:281,0
DA:282,0
DA:283,0
DA:285,0
DA:286,0
DA:287,0
DA:290,0
DA:291,0
DA:293,0
DA:295,0
DA:296,0
DA:299,0
DA:300,0
DA:307,0
DA:308,0
DA:309,0
DA:310,0
DA:311,0
DA:313,0
DA:314,0
DA:316,0
DA:317,0
DA:318,0
DA:321,0
DA:323,0
DA:324,0
DA:326,0
DA:328,0
DA:331,0
DA:335,0
DA:336,0
DA:337,0
DA:341,0
DA:342,0
DA:343,0
DA:344,0
DA:345,0
DA:351,0
DA:352,0
DA:353,0
DA:355,0
DA:356,0
DA:357,0
DA:359,0
DA:361,0
DA:362,0
DA:366,0
DA:367,0
DA:368,0
DA:370,0
DA:372,0
DA:374,0
DA:375,0
DA:379,0
DA:380,0
DA:381,0
DA:384,0
DA:385,0
DA:388,0
DA:389,0
DA:392,0
DA:394,0
DA:395,0
DA:411,0
DA:412,0
DA:413,0
DA:414,0
DA:415,0
DA:425,0
DA:426,0
DA:427,0
DA:428,0
DA:429,0
DA:435,0
DA:436,0
DA:440,0
DA:441,0
DA:447,0
DA:448,0
LF:142
LH:4
BRDA:160,1,0,0
BRDA:160,1,1,0
BRDA:164,2,0,0
BRDA:164,2,1,0
BRDA:169,3,0,0
BRDA:169,3,1,1
BRDA:169,4,0,0
BRDA:169,4,1,0
BRDA:177,5,0,0
BRDA:177,5,1,0
BRDA:178,6,0,0
BRDA:178,6,1,0
BRDA:182,7,0,0
BRDA:182,7,1,0
BRDA:186,8,0,0
BRDA:186,8,1,0
BRDA:190,9,0,0
BRDA:190,9,1,0
BRDA:196,10,0,0
BRDA:196,10,1,0
BRDA:197,11,0,0
BRDA:197,11,1,0
BRDA:205,12,0,0
BRDA:205,12,1,0
BRDA:206,13,0,0
BRDA:206,13,1,0
BRDA:207,14,0,0
BRDA:207,14,1,0
BRDA:208,15,0,0
BRDA:208,15,1,0
BRDA:221,16,0,0
BRDA:221,16,1,0
BRDA:222,17,0,0
BRDA:222,17,1,0
BRDA:231,18,0,0
BRDA:231,18,1,0
BRDA:232,19,0,0
BRDA:232,19,1,0
BRDA:242,20,0,0
BRDA:242,20,1,0
BRDA:242,21,0,0
BRDA:242,21,1,0
BRDA:243,22,0,0
BRDA:243,22,1,0
BRDA:254,23,0,0
BRDA:254,23,1,0
BRDA:254,24,0,0
BRDA:254,24,1,0
BRDA:255,25,0,0
BRDA:255,25,1,0
BRDA:256,26,0,0
BRDA:256,26,1,0
BRDA:262,27,0,0
BRDA:262,27,1,0
BRDA:281,28,0,0
BRDA:281,28,1,0
BRDA:282,29,0,0
BRDA:282,29,1,0
BRDA:283,30,0,0
BRDA:283,30,1,0
BRDA:286,31,0,0
BRDA:286,31,1,0
BRDA:287,32,0,0
BRDA:287,32,1,0
BRDA:291,33,0,0
BRDA:291,33,1,0
BRDA:293,34,0,0
BRDA:293,34,1,0
BRDA:295,35,0,0
BRDA:295,35,1,0
BRDA:299,36,0,0
BRDA:299,36,1,0
BRDA:306,37,0,0
BRDA:306,37,1,0
BRDA:306,38,0,0
BRDA:306,38,1,0
BRDA:309,39,0,0
BRDA:309,39,1,0
BRDA:310,40,0,0
BRDA:310,40,1,0
BRDA:311,41,0,0
BRDA:311,41,1,0
BRDA:314,42,0,0
BRDA:314,42,1,0
BRDA:323,43,0,0
BRDA:323,43,1,0
BRDA:325,44,0,0
BRDA:325,44,1,0
BRDA:335,45,0,0
BRDA:335,45,1,0
BRDA:336,46,0,0
BRDA:336,46,1,0
BRDA:342,47,0,0
BRDA:342,47,1,0
BRDA:344,48,0,0
BRDA:344,48,1,0
BRDA:350,49,0,0
BRDA:350,49,1,0
BRDA:350,50,0,0
BRDA:350,50,1,0
BRDA:352,51,0,0
BRDA:352,51,1,0
BRDA:353,52,0,0
BRDA:353,52,1,0
BRDA:357,53,0,0
BRDA:357,53,1,0
BRDA:365,54,0,0
BRDA:365,54,1,0
BRDA:365,55,0,0
BRDA:365,55,1,0
BRDA:367,56,0,0
BRDA:367,56,1,0
BRDA:368,57,0,0
BRDA:368,57,1,0
BRDA:378,58,0,0
BRDA:378,58,1,0
BRDA:378,59,0,0
BRDA:378,59,1,0
BRDA:381,60,0,0
BRDA:381,60,1,0
BRDA:381,61,0,0
BRDA:381,61,1,0
BRDA:385,62,0,0
BRDA:385,62,1,0
BRDA:385,63,0,0
BRDA:385,63,1,0
BRDA:385,64,0,0
BRDA:385,64,1,0
BRDA:388,65,0,0
BRDA:388,65,1,0
BRDA:410,66,0,0
BRDA:410,66,1,0
BRDA:410,67,0,0
BRDA:410,67,1,0
BRDA:410,68,0,0
BRDA:410,68,1,0
BRDA:411,69,0,0
BRDA:411,69,1,0
BRDA:424,70,0,0
BRDA:424,70,1,0
BRDA:424,71,0,0
BRDA:424,71,1,0
BRDA:424,72,0,0
BRDA:424,72,1,0
BRDA:425,73,0,0
BRDA:425,73,1,0
BRDA:447,74,0,0
BRDA:447,74,1,0
BRF:148
BRH:1
end_of_record
TN:
SF:/workspaces/Vfide/contracts/DAOTimelock.sol
FN:101,onlyGov
FN:106,constructor
FN:114,setDAO
FN:120,setSeer
FN:125,setBreaker
FN:130,setProofSink
FN:137,setMinDelay
FN:144,setSeerGates
FN:154,setProposer
FN:160,setExecutor
FN:168,setHandoverStart
FN:172,setHandoverDelay
FN:177,handoverEligibleAt
FN:181,canFinalizeHandover
FN:192,finalizeHandover
FN:201,_revertIfPaused
FN:207,_checkProposerTrust
FN:213,_checkExecutorTrust
FN:225,hashOperation
FN:235,isOperationPending
FN:240,isOperationReady
FN:245,isOperationDone
FN:259,queue
FN:289,execute
FN:325,cancel
FN:342,_getRevertMsg
FN:351,
FN:354,_log
FNF:28
FNH:1
FNDA:0,onlyGov
FNDA:1,constructor
FNDA:0,setDAO
FNDA:0,setSeer
FNDA:0,setBreaker
FNDA:0,setProofSink
FNDA:0,setMinDelay
FNDA:0,setSeerGates
FNDA:0,setProposer
FNDA:0,setExecutor
FNDA:0,setHandoverStart
FNDA:0,setHandoverDelay
FNDA:0,handoverEligibleAt
FNDA:0,canFinalizeHandover
FNDA:0,finalizeHandover
FNDA:0,_revertIfPaused
FNDA:0,_checkProposerTrust
FNDA:0,_checkExecutorTrust
FNDA:0,hashOperation
FNDA:0,isOperationPending
FNDA:0,isOperationReady
FNDA:0,isOperationDone
FNDA:0,queue
FNDA:0,execute
FNDA:0,cancel
FNDA:0,_getRevertMsg
FNDA:0,
FNDA:0,_log
DA:102,0
DA:103,0
DA:107,1
DA:108,1
DA:109,1
DA:115,0
DA:116,0
DA:117,0
DA:121,0
DA:122,0
DA:126,0
DA:127,0
DA:131,0
DA:132,0
DA:138,0
DA:139,0
DA:140,0
DA:141,0
DA:145,0
DA:146,0
DA:147,0
DA:148,0
DA:149,0
DA:150,0
DA:151,0
DA:155,0
DA:156,0
DA:157,0
DA:161,0
DA:162,0
DA:163,0
DA:169,0
DA:173,0
DA:174,0
DA:178,0
DA:182,0
DA:183,0
DA:184,0
DA:186,0
DA:187,0
DA:188,0
DA:193,0
DA:194,0
DA:195,0
DA:196,0
DA:202,0
DA:208,0
DA:209,0
DA:210,0
DA:214,0
DA:215,0
DA:217,0
DA:218,0
DA:219,0
DA:232,0
DA:236,0
DA:237,0
DA:241,0
DA:242,0
DA:246,0
DA:260,0
DA:263,0
DA:265,0
DA:266,0
DA:267,0
DA:269,0
DA:270,0
DA:271,0
DA:273,0
DA:274,0
DA:275,0
DA:276,0
DA:278,0
DA:279,0
DA:290,0
DA:293,0
DA:294,0
DA:296,0
DA:297,0
DA:299,0
DA:300,0
DA:301,0
DA:302,0
DA:304,0
DA:307,0
DA:308,0
DA:310,0
DA:312,0
DA:313,0
DA:315,0
DA:326,0
DA:327,0
DA:328,0
DA:329,0
DA:332,0
DA:334,0
DA:336,0
DA:337,0
DA:343,0
DA:344,0
DA:347,0
DA:355,0
DA:356,0
LF:103
LH:3
BRDA:102,1,0,0
BRDA:102,1,1,0
BRDA:107,2,0,1
BRDA:107,2,1,0
BRDA:114,3,0,0
BRDA:114,3,1,0
BRDA:115,4,0,0
BRDA:115,4,1,0
BRDA:120,5,0,0
BRDA:120,5,1,0
BRDA:125,6,0,0
BRDA:125,6,1,0
BRDA:130,7,0,0
BRDA:130,7,1,0
BRDA:137,8,0,0
BRDA:137,8,1,0
BRDA:138,9,0,0
BRDA:138,9,1,0
BRDA:138,10,0,0
BRDA:138,10,1,0
BRDA:144,11,0,0
BRDA:144,11,1,0
BRDA:145,12,0,0
BRDA:145,12,1,0
BRDA:154,13,0,0
BRDA:154,13,1,0
BRDA:155,14,0,0
BRDA:155,14,1,0
BRDA:160,15,0,0
BRDA:160,15,1,0
BRDA:161,16,0,0
BRDA:161,16,1,0
BRDA:168,17,0,0
BRDA:168,17,1,0
BRDA:172,18,0,0
BRDA:172,18,1,0
BRDA:173,19,0,0
BRDA:173,19,1,0
BRDA:182,20,0,0
BRDA:182,20,1,0
BRDA:183,21,0,0
BRDA:183,21,1,0
BRDA:184,22,0,0
BRDA:184,22,1,0
BRDA:186,23,0,0
BRDA:186,23,1,0
BRDA:187,24,0,0
BRDA:187,24,1,0
BRDA:192,25,0,0
BRDA:192,25,1,0
BRDA:193,26,0,0
BRDA:193,26,1,0
BRDA:202,27,0,0
BRDA:202,27,1,0
BRDA:208,28,0,0
BRDA:208,28,1,0
BRDA:208,29,0,0
BRDA:208,29,1,0
BRDA:209,30,0,0
BRDA:209,30,1,0
BRDA:210,31,0,0
BRDA:210,31,1,0
BRDA:214,32,0,0
BRDA:214,32,1,0
BRDA:214,33,0,0
BRDA:214,33,1,0
BRDA:215,34,0,0
BRDA:215,34,1,0
BRDA:217,35,0,0
BRDA:217,35,1,0
BRDA:218,36,0,0
BRDA:218,36,1,0
BRDA:219,37,0,0
BRDA:219,37,1,0
BRDA:259,38,0,0
BRDA:259,38,1,0
BRDA:263,39,0,0
BRDA:263,39,1,0
BRDA:266,40,0,0
BRDA:266,40,1,0
BRDA:267,41,0,0
BRDA:267,41,1,0
BRDA:271,42,0,0
BRDA:271,42,1,0
BRDA:289,43,0,0
BRDA:289,43,1,0
BRDA:293,44,0,0
BRDA:293,44,1,0
BRDA:299,45,0,0
BRDA:299,45,1,0
BRDA:300,46,0,0
BRDA:300,46,1,0
BRDA:301,47,0,0
BRDA:301,47,1,0
BRDA:302,48,0,0
BRDA:302,48,1,0
BRDA:304,49,0,0
BRDA:304,49,1,0
BRDA:308,50,0,0
BRDA:308,50,1,0
BRDA:325,51,0,0
BRDA:325,51,1,0
BRDA:328,52,0,0
BRDA:328,52,1,0
BRDA:329,53,0,0
BRDA:329,53,1,0
BRDA:332,54,0,0
BRDA:332,54,1,0
BRDA:343,55,0,0
BRDA:343,55,1,0
BRDA:355,56,0,0
BRDA:355,56,1,0
BRF:112
BRH:1
end_of_record
TN:
SF:/workspaces/Vfide/contracts/DarkTrust.sol
FN:63,onlyGov
FN:67,onlyReporter
FN:153,constructor
FN:160,setDAO
FN:161,setProofSink
FN:162,setSeer
FN:163,setGuard
FN:164,setBreaker
FN:166,setReporter
FN:167,togglePublicReports
FN:171,setDecayHalves
FN:175,setBurstThresholds
FN:178,setRoundTripThresholds
FN:179,setPenalties
FN:180,setQuarantineAndBreaker
FN:183,setGlobalIncidentThresholds
FN:184,setDestinationAllow
FN:185,setDestinationDeny
FN:191,reportTransfer
FN:224,reportRoundTrip
FN:246,adminRaiseIncident
FN:255,userMeters
FN:267,_updateAndClassify
FN:286,_bumpRoundTrip
FN:291,_decayAndAdd
FN:316,_penalize
FN:323,_flag
FN:329,_watch
FN:335,_quarantine
FN:341,_tripBreakerHigh
FN:360,_raise
FN:367,_log
FNF:32
FNH:1
FNDA:0,onlyGov
FNDA:0,onlyReporter
FNDA:1,constructor
FNDA:0,setDAO
FNDA:0,setProofSink
FNDA:0,setSeer
FNDA:0,setGuard
FNDA:0,setBreaker
FNDA:0,setReporter
FNDA:0,togglePublicReports
FNDA:0,setDecayHalves
FNDA:0,setBurstThresholds
FNDA:0,setRoundTripThresholds
FNDA:0,setPenalties
FNDA:0,setQuarantineAndBreaker
FNDA:0,setGlobalIncidentThresholds
FNDA:0,setDestinationAllow
FNDA:0,setDestinationDeny
FNDA:0,reportTransfer
FNDA:0,reportRoundTrip
FNDA:0,adminRaiseIncident
FNDA:0,userMeters
FNDA:0,_updateAndClassify
FNDA:0,_bumpRoundTrip
FNDA:0,_decayAndAdd
FNDA:0,_penalize
FNDA:0,_flag
FNDA:0,_watch
FNDA:0,_quarantine
FNDA:0,_tripBreakerHigh
FNDA:0,_raise
FNDA:0,_log
DA:64,0
DA:65,0
DA:68,0
DA:69,0
DA:154,1
DA:155,1
DA:173,0
DA:193,0
DA:194,0
DA:195,0
DA:196,0
DA:197,0
DA:201,0
DA:203,0
DA:204,0
DA:207,0
DA:208,0
DA:209,0
DA:210,0
DA:211,0
DA:213,0
DA:214,0
DA:215,0
DA:216,0
DA:218,0
DA:219,0
DA:226,0
DA:227,0
DA:228,0
DA:229,0
DA:231,0
DA:232,0
DA:234,0
DA:238,0
DA:247,0
DA:248,0
DA:250,0
DA:261,0
DA:262,0
DA:269,0
DA:270,0
DA:273,0
DA:274,0
DA:275,0
DA:276,0
DA:280,0
DA:281,0
DA:282,0
DA:283,0
DA:287,0
DA:292,0
DA:293,0
DA:294,0
DA:295,0
DA:296,0
DA:298,0
DA:299,0
DA:300,0
DA:302,0
DA:305,0
DA:306,0
DA:308,0
DA:310,0
DA:311,0
DA:317,0
DA:318,0
DA:320,0
DA:324,0
DA:325,0
DA:330,0
DA:331,0
DA:336,0
DA:337,0
DA:342,0
DA:344,0
DA:348,0
DA:349,0
DA:350,0
DA:351,0
DA:354,0
DA:362,0
DA:363,0
DA:364,0
DA:368,0
DA:369,0
LF:85
LH:2
BRDA:64,1,0,0
BRDA:64,1,1,0
BRDA:68,2,0,0
BRDA:68,2,1,0
BRDA:154,3,0,1
BRDA:154,3,1,0
BRDA:160,4,0,0
BRDA:160,4,1,0
BRDA:161,5,0,0
BRDA:161,5,1,0
BRDA:162,6,0,0
BRDA:162,6,1,0
BRDA:163,7,0,0
BRDA:163,7,1,0
BRDA:164,8,0,0
BRDA:164,8,1,0
BRDA:166,9,0,0
BRDA:166,9,1,0
BRDA:167,10,0,0
BRDA:167,10,1,0
BRDA:171,11,0,0
BRDA:171,11,1,0
BRDA:175,12,0,0
BRDA:175,12,1,0
BRDA:178,13,0,0
BRDA:178,13,1,0
BRDA:179,14,0,0
BRDA:179,14,1,0
BRDA:180,15,0,0
BRDA:180,15,1,0
BRDA:183,16,0,0
BRDA:183,16,1,0
BRDA:184,17,0,0
BRDA:184,17,1,0
BRDA:185,18,0,0
BRDA:185,18,1,0
BRDA:191,19,0,0
BRDA:191,19,1,0
BRDA:191,20,0,0
BRDA:191,20,1,0
BRDA:193,21,0,0
BRDA:193,21,1,0
BRDA:207,22,0,0
BRDA:207,22,1,0
BRDA:212,23,0,0
BRDA:212,23,1,0
BRDA:217,24,0,0
BRDA:217,24,1,0
BRDA:224,25,0,0
BRDA:224,25,1,0
BRDA:224,26,0,0
BRDA:224,26,1,0
BRDA:231,27,0,0
BRDA:231,27,1,0
BRDA:232,28,0,0
BRDA:232,28,1,0
BRDA:234,29,0,0
BRDA:234,29,1,0
BRDA:235,30,0,0
BRDA:235,30,1,0
BRDA:238,31,0,0
BRDA:238,31,1,0
BRDA:239,32,0,0
BRDA:239,32,1,0
BRDA:246,33,0,0
BRDA:246,33,1,0
BRDA:246,34,0,0
BRDA:246,34,1,0
BRDA:248,35,0,0
BRDA:248,35,1,0
BRDA:249,36,0,0
BRDA:249,36,1,0
BRDA:273,37,0,0
BRDA:273,37,1,0
BRDA:275,38,0,0
BRDA:275,38,1,0
BRDA:276,39,0,0
BRDA:276,39,1,0
BRDA:280,40,0,0
BRDA:280,40,1,0
BRDA:280,41,0,0
BRDA:280,41,1,0
BRDA:281,42,0,0
BRDA:281,42,1,0
BRDA:281,43,0,0
BRDA:281,43,1,0
BRDA:282,44,0,0
BRDA:282,44,1,0
BRDA:293,45,0,0
BRDA:293,45,1,0
BRDA:299,46,0,0
BRDA:299,46,1,0
BRDA:301,47,0,0
BRDA:301,47,1,0
BRDA:306,48,0,0
BRDA:306,48,1,0
BRDA:317,49,0,0
BRDA:317,49,1,0
BRDA:320,50,0,0
BRDA:320,50,1,0
BRDA:324,51,0,0
BRDA:324,51,1,0
BRDA:330,52,0,0
BRDA:330,52,1,0
BRDA:336,53,0,0
BRDA:336,53,1,0
BRDA:342,54,0,0
BRDA:342,54,1,0
BRDA:349,55,0,0
BRDA:349,55,1,0
BRDA:350,56,0,0
BRDA:350,56,1,0
BRDA:353,57,0,0
BRDA:353,57,1,0
BRDA:368,58,0,0
BRDA:368,58,1,0
BRF:116
BRH:1
end_of_record
TN:
SF:/workspaces/Vfide/contracts/DevReserveVestingVault.sol
FN:98,onlyGov
FN:103,constructor
FN:112,setDAO
FN:118,setProofSink
FN:123,setBreaker
FN:128,setVFIDE
FN:136,setBeneficiary
FN:144,lockBeneficiary
FN:151,setScheduleToPresale
FN:157,setSchedule
FN:170,lockSchedule
FN:176,setTotalAllocation
FN:185,adjustTotalAllocation
FN:195,claim
FN:217,vestedAt
FN:231,vestedNow
FN:235,claimableNow
FN:249,sweepExcess
FN:263,_revertIfPaused
FN:271,_log
FNF:20
FNH:1
FNDA:0,onlyGov
FNDA:1,constructor
FNDA:0,setDAO
FNDA:0,setProofSink
FNDA:0,setBreaker
FNDA:0,setVFIDE
FNDA:0,setBeneficiary
FNDA:0,lockBeneficiary
FNDA:0,setScheduleToPresale
FNDA:0,setSchedule
FNDA:0,lockSchedule
FNDA:0,setTotalAllocation
FNDA:0,adjustTotalAllocation
FNDA:0,claim
FNDA:0,vestedAt
FNDA:0,vestedNow
FNDA:0,claimableNow
FNDA:0,sweepExcess
FNDA:0,_revertIfPaused
FNDA:0,_log
DA:99,0
DA:100,0
DA:104,1
DA:105,1
DA:106,1
DA:107,1
DA:113,0
DA:114,0
DA:115,0
DA:119,0
DA:120,0
DA:124,0
DA:125,0
DA:129,0
DA:130,0
DA:131,0
DA:137,0
DA:138,0
DA:139,0
DA:140,0
DA:141,0
DA:145,0
DA:146,0
DA:152,0
DA:158,0
DA:159,0
DA:161,0
DA:163,0
DA:164,0
DA:165,0
DA:166,0
DA:167,0
DA:171,0
DA:172,0
DA:177,0
DA:178,0
DA:179,0
DA:180,0
DA:181,0
DA:186,0
DA:187,0
DA:188,0
DA:189,0
DA:190,0
DA:196,0
DA:197,0
DA:198,0
DA:200,0
DA:201,0
DA:203,0
DA:206,0
DA:207,0
DA:209,0
DA:210,0
DA:218,0
DA:221,0
DA:224,0
DA:227,0
DA:228,0
DA:232,0
DA:236,0
DA:237,0
DA:238,0
DA:241,0
DA:242,0
DA:243,0
DA:250,0
DA:252,0
DA:253,0
DA:254,0
DA:255,0
DA:256,0
DA:257,0
DA:258,0
DA:264,0
DA:265,0
DA:272,0
DA:273,0
LF:78
LH:4
BRDA:99,1,0,0
BRDA:99,1,1,0
BRDA:104,2,0,0
BRDA:104,2,1,1
BRDA:104,3,0,0
BRDA:104,3,1,0
BRDA:112,4,0,0
BRDA:112,4,1,0
BRDA:113,5,0,0
BRDA:113,5,1,0
BRDA:118,6,0,0
BRDA:118,6,1,0
BRDA:123,7,0,0
BRDA:123,7,1,0
BRDA:128,8,0,0
BRDA:128,8,1,0
BRDA:129,9,0,0
BRDA:129,9,1,0
BRDA:136,10,0,0
BRDA:136,10,1,0
BRDA:137,11,0,0
BRDA:137,11,1,0
BRDA:138,12,0,0
BRDA:138,12,1,0
BRDA:144,13,0,0
BRDA:144,13,1,0
BRDA:151,14,0,0
BRDA:151,14,1,0
BRDA:157,15,0,0
BRDA:157,15,1,0
BRDA:158,16,0,0
BRDA:158,16,1,0
BRDA:159,17,0,0
BRDA:159,17,1,0
BRDA:159,18,0,0
BRDA:159,18,1,0
BRDA:161,19,0,0
BRDA:161,19,1,0
BRDA:170,20,0,0
BRDA:170,20,1,0
BRDA:176,21,0,0
BRDA:176,21,1,0
BRDA:177,22,0,0
BRDA:177,22,1,0
BRDA:178,23,0,0
BRDA:178,23,1,0
BRDA:185,24,0,0
BRDA:185,24,1,0
BRDA:186,25,0,0
BRDA:186,25,1,0
BRDA:187,26,0,0
BRDA:187,26,1,0
BRDA:195,27,0,0
BRDA:195,27,1,0
BRDA:198,28,0,0
BRDA:198,28,1,0
BRDA:201,29,0,0
BRDA:201,29,1,0
BRDA:207,30,0,0
BRDA:207,30,1,0
BRDA:218,31,0,0
BRDA:218,31,1,0
BRDA:218,32,0,0
BRDA:218,32,1,0
BRDA:218,33,0,0
BRDA:218,33,1,0
BRDA:221,34,0,0
BRDA:221,34,1,0
BRDA:224,35,0,0
BRDA:224,35,1,0
BRDA:237,36,0,0
BRDA:237,36,1,0
BRDA:242,37,0,0
BRDA:242,37,1,0
BRDA:249,38,0,0
BRDA:249,38,1,0
BRDA:249,39,0,0
BRDA:249,39,1,0
BRDA:250,40,0,0
BRDA:250,40,1,0
BRDA:252,41,0,0
BRDA:252,41,1,0
BRDA:254,42,0,0
BRDA:254,42,1,0
BRDA:256,43,0,0
BRDA:256,43,1,0
BRDA:264,44,0,0
BRDA:264,44,1,0
BRDA:265,45,0,0
BRDA:265,45,1,0
BRDA:272,46,0,0
BRDA:272,46,1,0
BRF:92
BRH:1
end_of_record
TN:
SF:/workspaces/Vfide/contracts/EcoTreasuryVault.sol
FN:110,onlyGov
FN:115,constructor
FN:123,setDAO
FN:127,setVFIDE
FN:131,setProofSink
FN:134,setSeer
FN:137,setBreaker
FN:143,setSinks
FN:154,setAllocations
FN:168,setPolicy
FN:183,sweep
FN:237,previewSweep
FN:271,_revertIfPaused
FN:278,_requireNotPausedView
FN:285,_throttleBps
FN:312,_throttleBpsView
FN:316,_sendIf
FN:322,_log
FNF:18
FNH:1
FNDA:0,onlyGov
FNDA:1,constructor
FNDA:0,setDAO
FNDA:0,setVFIDE
FNDA:0,setProofSink
FNDA:0,setSeer
FNDA:0,setBreaker
FNDA:0,setSinks
FNDA:0,setAllocations
FNDA:0,setPolicy
FNDA:0,sweep
FNDA:0,previewSweep
FNDA:0,_revertIfPaused
FNDA:0,_requireNotPausedView
FNDA:0,_throttleBps
FNDA:0,_throttleBpsView
FNDA:0,_sendIf
FNDA:0,_log
DA:111,0
DA:112,0
DA:116,1
DA:117,1
DA:118,1
DA:124,0
DA:128,0
DA:144,0
DA:150,0
DA:155,0
DA:156,0
DA:157,0
DA:158,0
DA:169,0
DA:170,0
DA:171,0
DA:172,0
DA:173,0
DA:174,0
DA:175,0
DA:176,0
DA:177,0
DA:184,0
DA:187,0
DA:188,0
DA:189,0
DA:191,0
DA:192,0
DA:193,0
DA:194,0
DA:195,0
DA:199,0
DA:202,0
DA:205,0
DA:208,0
DA:209,0
DA:210,0
DA:211,0
DA:214,0
DA:215,0
DA:216,0
DA:217,0
DA:220,0
DA:221,0
DA:223,0
DA:232,0
DA:252,0
DA:253,0
DA:254,0
DA:255,0
DA:256,0
DA:258,0
DA:259,0
DA:260,0
DA:261,0
DA:263,0
DA:264,0
DA:266,0
DA:272,0
DA:273,0
DA:275,0
DA:279,0
DA:280,0
DA:281,0
DA:287,0
DA:290,0
DA:291,0
DA:292,0
DA:295,0
DA:296,0
DA:297,0
DA:299,0
DA:301,0
DA:305,0
DA:306,0
DA:307,0
DA:308,0
DA:309,0
DA:313,0
DA:317,0
DA:318,0
DA:319,0
DA:332,0
DA:333,0
DA:335,0
LF:85
LH:3
BRDA:111,1,0,0
BRDA:111,1,1,0
BRDA:116,2,0,0
BRDA:116,2,1,1
BRDA:116,3,0,0
BRDA:116,3,1,0
BRDA:123,4,0,0
BRDA:123,4,1,0
BRDA:124,5,0,0
BRDA:124,5,1,0
BRDA:127,6,0,0
BRDA:127,6,1,0
BRDA:128,7,0,0
BRDA:128,7,1,0
BRDA:131,8,0,0
BRDA:131,8,1,0
BRDA:134,9,0,0
BRDA:134,9,1,0
BRDA:137,10,0,0
BRDA:137,10,1,0
BRDA:143,11,0,0
BRDA:143,11,1,0
BRDA:154,12,0,0
BRDA:154,12,1,0
BRDA:156,13,0,0
BRDA:156,13,1,0
BRDA:168,14,0,0
BRDA:168,14,1,0
BRDA:169,15,0,0
BRDA:169,15,1,0
BRDA:170,16,0,0
BRDA:170,16,1,0
BRDA:171,17,0,0
BRDA:171,17,1,0
BRDA:172,18,0,0
BRDA:172,18,1,0
BRDA:183,19,0,0
BRDA:183,19,1,0
BRDA:188,20,0,0
BRDA:188,20,1,0
BRDA:192,21,0,0
BRDA:192,21,1,0
BRDA:199,22,0,0
BRDA:199,22,1,0
BRDA:254,23,0,0
BRDA:254,23,1,0
BRDA:272,24,0,0
BRDA:272,24,1,0
BRDA:273,25,0,0
BRDA:273,25,1,0
BRDA:275,26,0,0
BRDA:275,26,1,0
BRDA:279,27,0,0
BRDA:279,27,1,0
BRDA:280,28,0,0
BRDA:280,28,1,0
BRDA:281,29,0,0
BRDA:281,29,1,0
BRDA:287,30,0,0
BRDA:287,30,1,0
BRDA:292,31,0,0
BRDA:292,31,1,0
BRDA:296,32,0,0
BRDA:296,32,1,0
BRDA:301,33,0,0
BRDA:301,33,1,0
BRDA:305,34,0,0
BRDA:305,34,1,0
BRDA:308,35,0,0
BRDA:308,35,1,0
BRDA:317,36,0,0
BRDA:317,36,1,0
BRDA:317,37,0,0
BRDA:317,37,1,0
BRDA:319,38,0,0
BRDA:319,38,1,0
BRDA:332,39,0,0
BRDA:332,39,1,0
BRF:78
BRH:1
end_of_record
TN:
SF:/workspaces/Vfide/contracts/EmergencyBreaker.sol
FN:49,onlyGov
FN:54,constructor
FN:59,setDAO
FN:65,setProofSink
FN:70,setSeer
FN:94,isSystemPaused
FN:95,isModulePaused
FN:103,setTrustedTrigger
FN:122,setCooldown
FN:128,setMinResumeScore
FN:141,pauseGlobal
FN:145,resumeGlobal
FN:149,pauseModule
FN:155,resumeModule
FN:170,autoTrip
FN:189,canResumeNow
FN:210,_pauseGlobal
FN:220,_resumeGlobal
FN:230,_log
FNF:19
FNH:0
FNDA:0,onlyGov
FNDA:0,constructor
FNDA:0,setDAO
FNDA:0,setProofSink
FNDA:0,setSeer
FNDA:0,isSystemPaused
FNDA:0,isModulePaused
FNDA:0,setTrustedTrigger
FNDA:0,setCooldown
FNDA:0,setMinResumeScore
FNDA:0,pauseGlobal
FNDA:0,resumeGlobal
FNDA:0,pauseModule
FNDA:0,resumeModule
FNDA:0,autoTrip
FNDA:0,canResumeNow
FNDA:0,_pauseGlobal
FNDA:0,_resumeGlobal
FNDA:0,_log
DA:50,0
DA:51,0
DA:55,0
DA:56,0
DA:60,0
DA:61,0
DA:62,0
DA:66,0
DA:67,0
DA:71,0
DA:72,0
DA:104,0
DA:105,0
DA:106,0
DA:123,0
DA:124,0
DA:125,0
DA:129,0
DA:130,0
DA:131,0
DA:142,0
DA:146,0
DA:150,0
DA:151,0
DA:152,0
DA:156,0
DA:157,0
DA:158,0
DA:171,0
DA:173,0
DA:174,0
DA:176,0
DA:177,0
DA:179,0
DA:180,0
DA:181,0
DA:183,0
DA:190,0
DA:191,0
DA:192,0
DA:194,0
DA:196,0
DA:197,0
DA:198,0
DA:199,0
DA:200,0
DA:201,0
DA:205,0
DA:211,0
DA:212,0
DA:213,0
DA:214,0
DA:215,0
DA:216,0
DA:217,0
DA:221,0
DA:222,0
DA:223,0
DA:224,0
DA:225,0
DA:231,0
DA:232,0
LF:62
LH:0
BRDA:50,1,0,0
BRDA:50,1,1,0
BRDA:55,2,0,0
BRDA:55,2,1,0
BRDA:59,3,0,0
BRDA:59,3,1,0
BRDA:60,4,0,0
BRDA:60,4,1,0
BRDA:65,5,0,0
BRDA:65,5,1,0
BRDA:70,6,0,0
BRDA:70,6,1,0
BRDA:103,7,0,0
BRDA:103,7,1,0
BRDA:104,8,0,0
BRDA:104,8,1,0
BRDA:122,9,0,0
BRDA:122,9,1,0
BRDA:123,10,0,0
BRDA:123,10,1,0
BRDA:128,11,0,0
BRDA:128,11,1,0
BRDA:129,12,0,0
BRDA:129,12,1,0
BRDA:141,13,0,0
BRDA:141,13,1,0
BRDA:141,14,0,0
BRDA:141,14,1,0
BRDA:145,15,0,0
BRDA:145,15,1,0
BRDA:145,16,0,0
BRDA:145,16,1,0
BRDA:149,17,0,0
BRDA:149,17,1,0
BRDA:149,18,0,0
BRDA:149,18,1,0
BRDA:155,19,0,0
BRDA:155,19,1,0
BRDA:155,20,0,0
BRDA:155,20,1,0
BRDA:170,21,0,0
BRDA:170,21,1,0
BRDA:171,22,0,0
BRDA:171,22,1,0
BRDA:176,23,0,0
BRDA:176,23,1,0
BRDA:178,24,0,0
BRDA:178,24,1,0
BRDA:190,25,0,0
BRDA:190,25,1,0
BRDA:191,26,0,0
BRDA:191,26,1,0
BRDA:194,27,0,0
BRDA:194,27,1,0
BRDA:198,28,0,0
BRDA:198,28,1,0
BRDA:199,29,0,0
BRDA:199,29,1,0
BRDA:200,30,0,0
BRDA:200,30,1,0
BRDA:201,31,0,0
BRDA:201,31,1,0
BRDA:222,32,0,0
BRDA:222,32,1,0
BRDA:231,33,0,0
BRDA:231,33,1,0
BRF:66
BRH:0
end_of_record
TN:
SF:/workspaces/Vfide/contracts/GuardianLock.sol
FN:100,onlyGov
FN:105,onlyGovOrTrusted
FN:110,constructor
FN:117,setDAO
FN:123,setFactory
FN:129,setSeer
FN:135,setProofSink
FN:140,setTrustedSetter
FN:148,setGlobalPause
FN:153,setSystemExempt
FN:158,toggleSeerGates
FN:167,setAllowDestination
FN:172,setDenyDestination
FN:182,canTransfer
FN:213,setFrozen
FN:225,setQuarantine
FN:239,release
FN:256,canVaultSend
FN:264,isQuarantined
FN:270,_log
FNF:20
FNH:1
FNDA:0,onlyGov
FNDA:0,onlyGovOrTrusted
FNDA:1,constructor
FNDA:0,setDAO
FNDA:0,setFactory
FNDA:0,setSeer
FNDA:0,setProofSink
FNDA:0,setTrustedSetter
FNDA:0,setGlobalPause
FNDA:0,setSystemExempt
FNDA:0,toggleSeerGates
FNDA:0,setAllowDestination
FNDA:0,setDenyDestination
FNDA:0,canTransfer
FNDA:0,setFrozen
FNDA:0,setQuarantine
FNDA:0,release
FNDA:0,canVaultSend
FNDA:0,isQuarantined
FNDA:0,_log
DA:101,0
DA:102,0
DA:106,0
DA:107,0
DA:111,1
DA:112,1
DA:118,0
DA:119,0
DA:120,0
DA:124,0
DA:125,0
DA:126,0
DA:130,0
DA:131,0
DA:132,0
DA:136,0
DA:137,0
DA:141,0
DA:142,0
DA:143,0
DA:149,0
DA:150,0
DA:154,0
DA:155,0
DA:159,0
DA:160,0
DA:161,0
DA:162,0
DA:163,0
DA:164,0
DA:168,0
DA:169,0
DA:173,0
DA:174,0
DA:184,0
DA:187,0
DA:190,0
DA:193,0
DA:194,0
DA:195,0
DA:198,0
DA:199,0
DA:200,0
DA:201,0
DA:202,0
DA:203,0
DA:207,0
DA:214,0
DA:215,0
DA:216,0
DA:217,0
DA:219,0
DA:220,0
DA:226,0
DA:228,0
DA:229,0
DA:230,0
DA:231,0
DA:233,0
DA:234,0
DA:235,0
DA:240,0
DA:241,0
DA:242,0
DA:244,0
DA:245,0
DA:246,0
DA:248,0
DA:257,0
DA:258,0
DA:259,0
DA:260,0
DA:265,0
DA:266,0
DA:271,0
DA:272,0
LF:76
LH:2
BRDA:101,1,0,0
BRDA:101,1,1,0
BRDA:106,2,0,0
BRDA:106,2,1,0
BRDA:111,3,0,0
BRDA:111,3,1,1
BRDA:117,4,0,0
BRDA:117,4,1,0
BRDA:118,5,0,0
BRDA:118,5,1,0
BRDA:123,6,0,0
BRDA:123,6,1,0
BRDA:124,7,0,0
BRDA:124,7,1,0
BRDA:129,8,0,0
BRDA:129,8,1,0
BRDA:130,9,0,0
BRDA:130,9,1,0
BRDA:135,10,0,0
BRDA:135,10,1,0
BRDA:140,11,0,0
BRDA:140,11,1,0
BRDA:141,12,0,0
BRDA:141,12,1,0
BRDA:148,13,0,0
BRDA:148,13,1,0
BRDA:153,14,0,0
BRDA:153,14,1,0
BRDA:158,15,0,0
BRDA:158,15,1,0
BRDA:159,16,0,0
BRDA:159,16,1,0
BRDA:167,17,0,0
BRDA:167,17,1,0
BRDA:172,18,0,0
BRDA:172,18,1,0
BRDA:184,19,0,0
BRDA:184,19,1,0
BRDA:184,20,0,0
BRDA:184,20,1,0
BRDA:187,21,0,0
BRDA:187,21,1,0
BRDA:190,22,0,0
BRDA:190,22,1,0
BRDA:193,23,0,0
BRDA:193,23,1,0
BRDA:195,24,0,0
BRDA:195,24,1,0
BRDA:198,25,0,0
BRDA:198,25,1,0
BRDA:199,26,0,0
BRDA:199,26,1,0
BRDA:200,27,0,0
BRDA:200,27,1,0
BRDA:200,28,0,0
BRDA:200,28,1,0
BRDA:201,29,0,0
BRDA:201,29,1,0
BRDA:202,30,0,0
BRDA:202,30,1,0
BRDA:203,31,0,0
BRDA:203,31,1,0
BRDA:213,32,0,0
BRDA:213,32,1,0
BRDA:213,33,0,0
BRDA:213,33,1,0
BRDA:215,34,0,0
BRDA:215,34,1,0
BRDA:225,35,0,0
BRDA:225,35,1,0
BRDA:225,36,0,0
BRDA:225,36,1,0
BRDA:226,37,0,0
BRDA:226,37,1,0
BRDA:239,38,0,0
BRDA:239,38,1,0
BRDA:239,39,0,0
BRDA:239,39,1,0
BRDA:240,40,0,0
BRDA:240,40,1,0
BRDA:244,41,0,0
BRDA:244,41,1,0
BRDA:257,42,0,0
BRDA:257,42,1,0
BRDA:258,43,0,0
BRDA:258,43,1,0
BRDA:271,44,0,0
BRDA:271,44,1,0
BRF:88
BRH:1
end_of_record
TN:
SF:/workspaces/Vfide/contracts/GuardianRegistry.sol
FN:153,onlyGov
FN:160,constructor
FN:167,setDAO
FN:173,setSeer
FN:179,setProofSink
FN:184,setFactory
FN:190,setGuard
FN:195,setChain
FN:200,setFinalizer
FN:207,setGuardianAdmission
FN:216,setRecoveryPolicy
FN:223,setSystemExempt
FN:232,configureGuardians
FN:236,configureGuardiansFor
FN:240,addGuardian
FN:244,addGuardianFor
FN:248,removeGuardian
FN:252,removeGuardianFor
FN:256,updateThreshold
FN:260,updateThresholdFor
FN:267,openRecovery
FN:300,approve
FN:324,cancel
FN:337,finalize
FN:357,guardiansOf
FN:366,isGuardian
FN:370,thresholdOf
FN:374,guardianCount
FN:378,caseInfo
FN:392,hasApproved
FN:398,_configureGuardiansFor
FN:434,_addGuardianFor
FN:446,_removeGuardianFor
FN:461,_updateThresholdFor
FN:471,_requireValidThreshold
FN:476,_isGuardian
FN:480,_thresholdAndCount
FN:486,_validateGuardian
FN:498,_mustOpenCase
FN:502,_mustOpenOrMet
FN:509,_log
FNF:41
FNH:1
FNDA:0,onlyGov
FNDA:1,constructor
FNDA:0,setDAO
FNDA:0,setSeer
FNDA:0,setProofSink
FNDA:0,setFactory
FNDA:0,setGuard
FNDA:0,setChain
FNDA:0,setFinalizer
FNDA:0,setGuardianAdmission
FNDA:0,setRecoveryPolicy
FNDA:0,setSystemExempt
FNDA:0,configureGuardians
FNDA:0,configureGuardiansFor
FNDA:0,addGuardian
FNDA:0,addGuardianFor
FNDA:0,removeGuardian
FNDA:0,removeGuardianFor
FNDA:0,updateThreshold
FNDA:0,updateThresholdFor
FNDA:0,openRecovery
FNDA:0,approve
FNDA:0,cancel
FNDA:0,finalize
FNDA:0,guardiansOf
FNDA:0,isGuardian
FNDA:0,thresholdOf
FNDA:0,guardianCount
FNDA:0,caseInfo
FNDA:0,hasApproved
FNDA:0,_configureGuardiansFor
FNDA:0,_addGuardianFor
FNDA:0,_removeGuardianFor
FNDA:0,_updateThresholdFor
FNDA:0,_requireValidThreshold
FNDA:0,_isGuardian
FNDA:0,_thresholdAndCount
FNDA:0,_validateGuardian
FNDA:0,_mustOpenCase
FNDA:0,_mustOpenOrMet
FNDA:0,_log
DA:154,0
DA:155,0
DA:161,1
DA:162,1
DA:168,0
DA:169,0
DA:170,0
DA:174,0
DA:175,0
DA:176,0
DA:180,0
DA:181,0
DA:185,0
DA:186,0
DA:187,0
DA:191,0
DA:192,0
DA:196,0
DA:197,0
DA:201,0
DA:202,0
DA:208,0
DA:209,0
DA:210,0
DA:211,0
DA:212,0
DA:213,0
DA:217,0
DA:218,0
DA:219,0
DA:220,0
DA:224,0
DA:225,0
DA:233,0
DA:237,0
DA:241,0
DA:245,0
DA:249,0
DA:253,0
DA:257,0
DA:261,0
DA:268,0
DA:269,0
DA:270,0
DA:272,0
DA:273,0
DA:274,0
DA:275,0
DA:276,0
DA:277,0
DA:278,0
DA:279,0
DA:282,0
DA:283,0
DA:285,0
DA:286,0
DA:291,0
DA:292,0
DA:294,0
DA:295,0
DA:296,0
DA:301,0
DA:302,0
DA:303,0
DA:305,0
DA:306,0
DA:309,0
DA:310,0
DA:312,0
DA:313,0
DA:314,0
DA:315,0
DA:316,0
DA:319,0
DA:320,0
DA:325,0
DA:327,0
DA:329,0
DA:330,0
DA:331,0
DA:332,0
DA:338,0
DA:339,0
DA:340,0
DA:341,0
DA:343,0
DA:344,0
DA:347,0
DA:348,0
DA:351,0
DA:352,0
DA:358,0
DA:359,0
DA:360,0
DA:361,0
DA:362,0
DA:363,0
DA:367,0
DA:371,0
DA:375,0
DA:387,0
DA:388,0
DA:393,0
DA:399,0
DA:400,0
DA:401,0
DA:404,0
DA:408,0
DA:409,0
DA:410,0
DA:414,0
DA:415,0
DA:416,0
DA:417,0
DA:418,0
DA:422,0
DA:423,0
DA:424,0
DA:426,0
DA:427,0
DA:428,0
DA:431,0
DA:435,0
DA:436,0
DA:437,0
DA:438,0
DA:439,0
DA:440,0
DA:441,0
DA:442,0
DA:443,0
DA:447,0
DA:448,0
DA:450,0
DA:452,0
DA:453,0
DA:454,0
DA:456,0
DA:457,0
DA:458,0
DA:462,0
DA:463,0
DA:464,0
DA:465,0
DA:466,0
DA:467,0
DA:468,0
DA:472,0
DA:473,0
DA:477,0
DA:481,0
DA:482,0
DA:483,0
DA:487,0
DA:488,0
DA:489,0
DA:490,0
DA:491,0
DA:492,0
DA:499,0
DA:500,0
DA:503,0
DA:504,0
DA:510,0
DA:511,0
LF:165
LH:2
BRDA:154,1,0,0
BRDA:154,1,1,0
BRDA:161,2,0,0
BRDA:161,2,1,1
BRDA:167,3,0,0
BRDA:167,3,1,0
BRDA:168,4,0,0
BRDA:168,4,1,0
BRDA:173,5,0,0
BRDA:173,5,1,0
BRDA:174,6,0,0
BRDA:174,6,1,0
BRDA:179,7,0,0
BRDA:179,7,1,0
BRDA:184,8,0,0
BRDA:184,8,1,0
BRDA:185,9,0,0
BRDA:185,9,1,0
BRDA:190,10,0,0
BRDA:190,10,1,0
BRDA:195,11,0,0
BRDA:195,11,1,0
BRDA:200,12,0,0
BRDA:200,12,1,0
BRDA:207,13,0,0
BRDA:207,13,1,0
BRDA:208,14,0,0
BRDA:208,14,1,0
BRDA:209,15,0,0
BRDA:209,15,1,0
BRDA:216,16,0,0
BRDA:216,16,1,0
BRDA:217,17,0,0
BRDA:217,17,1,0
BRDA:223,18,0,0
BRDA:223,18,1,0
BRDA:232,19,0,0
BRDA:232,19,1,0
BRDA:236,20,0,0
BRDA:236,20,1,0
BRDA:236,21,0,0
BRDA:236,21,1,0
BRDA:240,22,0,0
BRDA:240,22,1,0
BRDA:244,23,0,0
BRDA:244,23,1,0
BRDA:244,24,0,0
BRDA:244,24,1,0
BRDA:248,25,0,0
BRDA:248,25,1,0
BRDA:252,26,0,0
BRDA:252,26,1,0
BRDA:252,27,0,0
BRDA:252,27,1,0
BRDA:256,28,0,0
BRDA:256,28,1,0
BRDA:260,29,0,0
BRDA:260,29,1,0
BRDA:260,30,0,0
BRDA:260,30,1,0
BRDA:267,31,0,0
BRDA:267,31,1,0
BRDA:268,32,0,0
BRDA:268,32,1,0
BRDA:269,33,0,0
BRDA:269,33,1,0
BRDA:270,34,0,0
BRDA:270,34,1,0
BRDA:282,35,0,0
BRDA:282,35,1,0
BRDA:300,36,0,0
BRDA:300,36,1,0
BRDA:302,37,0,0
BRDA:302,37,1,0
BRDA:303,38,0,0
BRDA:303,38,1,0
BRDA:312,39,0,0
BRDA:312,39,1,0
BRDA:324,40,0,0
BRDA:324,40,1,0
BRDA:327,41,0,0
BRDA:327,41,1,0
BRDA:337,42,0,0
BRDA:337,42,1,0
BRDA:339,43,0,0
BRDA:339,43,1,0
BRDA:340,44,0,0
BRDA:340,44,1,0
BRDA:341,45,0,0
BRDA:341,45,1,0
BRDA:347,46,0,0
BRDA:347,46,1,0
BRDA:399,47,0,0
BRDA:399,47,1,0
BRDA:401,48,0,0
BRDA:401,48,1,0
BRDA:417,49,0,0
BRDA:417,49,1,0
BRDA:418,50,0,0
BRDA:418,50,1,0
BRDA:435,51,0,0
BRDA:435,51,1,0
BRDA:439,52,0,0
BRDA:439,52,1,0
BRDA:440,53,0,0
BRDA:440,53,1,0
BRDA:448,54,0,0
BRDA:448,54,1,0
BRDA:452,55,0,0
BRDA:452,55,1,0
BRDA:453,56,0,0
BRDA:453,56,1,0
BRDA:472,57,0,0
BRDA:472,57,1,0
BRDA:473,58,0,0
BRDA:473,58,1,0
BRDA:473,59,0,0
BRDA:473,59,1,0
BRDA:487,60,0,0
BRDA:487,60,1,0
BRDA:488,61,0,0
BRDA:488,61,1,0
BRDA:489,62,0,0
BRDA:489,62,1,0
BRDA:490,63,0,0
BRDA:490,63,1,0
BRDA:492,64,0,0
BRDA:492,64,1,0
BRDA:500,65,0,0
BRDA:500,65,1,0
BRDA:504,66,0,0
BRDA:504,66,1,0
BRDA:510,67,0,0
BRDA:510,67,1,0
BRF:134
BRH:1
end_of_record
TN:
SF:/workspaces/Vfide/contracts/HandoverGate.sol
FN:109,onlyGov
FN:117,constructor
FN:126,setDAOExecutor
FN:132,setSeer
FN:138,setProofSink
FN:143,setMultisig
FN:148,setGovernables
FN:155,setHandoverStart
FN:160,setMinDelay
FN:166,emergencyPostpone
FN:181,setMinDAOScore
FN:187,addReadySigner
FN:193,removeReadySigner
FN:203,setReadySignerThreshold
FN:211,signalDAOReady
FN:222,eligibleAt
FN:226,isTimeReady
FN:230,isDAOScoreReady
FN:236,isQuorumReady
FN:242,previewEligibility
FN:251,finalizeHandover
FN:278,governablesCount
FN:284,_now
FN:288,_log
FNF:24
FNH:1
FNDA:0,onlyGov
FNDA:1,constructor
FNDA:0,setDAOExecutor
FNDA:0,setSeer
FNDA:0,setProofSink
FNDA:0,setMultisig
FNDA:0,setGovernables
FNDA:0,setHandoverStart
FNDA:0,setMinDelay
FNDA:0,emergencyPostpone
FNDA:0,setMinDAOScore
FNDA:0,addReadySigner
FNDA:0,removeReadySigner
FNDA:0,setReadySignerThreshold
FNDA:0,signalDAOReady
FNDA:0,eligibleAt
FNDA:0,isTimeReady
FNDA:0,isDAOScoreReady
FNDA:0,isQuorumReady
FNDA:0,previewEligibility
FNDA:0,finalizeHandover
FNDA:0,governablesCount
FNDA:0,_now
FNDA:0,_log
DA:111,0
DA:112,0
DA:118,1
DA:119,1
DA:120,1
DA:121,1
DA:127,0
DA:128,0
DA:129,0
DA:133,0
DA:134,0
DA:135,0
DA:139,0
DA:140,0
DA:144,0
DA:145,0
DA:149,0
DA:150,0
DA:156,0
DA:157,0
DA:161,0
DA:162,0
DA:167,0
DA:168,0
DA:169,0
DA:170,0
DA:171,0
DA:172,0
DA:175,0
DA:182,0
DA:183,0
DA:184,0
DA:188,0
DA:189,0
DA:190,0
DA:194,0
DA:196,0
DA:197,0
DA:198,0
DA:200,0
DA:205,0
DA:206,0
DA:207,0
DA:212,0
DA:213,0
DA:214,0
DA:215,0
DA:216,0
DA:217,0
DA:223,0
DA:227,0
DA:231,0
DA:232,0
DA:233,0
DA:238,0
DA:239,0
DA:247,0
DA:252,0
DA:253,0
DA:256,0
DA:257,0
DA:258,0
DA:259,0
DA:261,0
DA:266,0
DA:267,0
DA:270,0
DA:271,0
DA:272,0
DA:273,0
DA:279,0
DA:285,0
DA:289,0
DA:290,0
LF:74
LH:4
BRDA:111,1,0,0
BRDA:111,1,1,0
BRDA:118,2,0,0
BRDA:118,2,1,1
BRDA:126,3,0,0
BRDA:126,3,1,0
BRDA:127,4,0,0
BRDA:127,4,1,0
BRDA:132,5,0,0
BRDA:132,5,1,0
BRDA:133,6,0,0
BRDA:133,6,1,0
BRDA:138,7,0,0
BRDA:138,7,1,0
BRDA:143,8,0,0
BRDA:143,8,1,0
BRDA:148,9,0,0
BRDA:148,9,1,0
BRDA:155,10,0,0
BRDA:155,10,1,0
BRDA:160,11,0,0
BRDA:160,11,1,0
BRDA:166,12,0,0
BRDA:166,12,1,0
BRDA:167,13,0,0
BRDA:167,13,1,0
BRDA:168,14,0,0
BRDA:168,14,1,0
BRDA:181,15,0,0
BRDA:181,15,1,0
BRDA:182,16,0,0
BRDA:182,16,1,0
BRDA:187,17,0,0
BRDA:187,17,1,0
BRDA:188,18,0,0
BRDA:188,18,1,0
BRDA:193,19,0,0
BRDA:193,19,1,0
BRDA:196,20,0,0
BRDA:196,20,1,0
BRDA:198,21,0,0
BRDA:198,21,1,0
BRDA:203,22,0,0
BRDA:203,22,1,0
BRDA:205,23,0,0
BRDA:205,23,1,0
BRDA:213,24,0,0
BRDA:213,24,1,0
BRDA:214,25,0,0
BRDA:214,25,1,0
BRDA:231,26,0,0
BRDA:231,26,1,0
BRDA:231,27,0,0
BRDA:231,27,1,0
BRDA:232,28,0,0
BRDA:232,28,1,0
BRDA:238,29,0,0
BRDA:238,29,1,0
BRDA:251,30,0,0
BRDA:251,30,1,0
BRDA:252,31,0,0
BRDA:252,31,1,0
BRDA:253,32,0,0
BRDA:253,32,1,0
BRDA:253,33,0,0
BRDA:253,33,1,0
BRDA:253,34,0,0
BRDA:253,34,1,0
BRDA:259,35,0,0
BRDA:259,35,1,0
BRDA:266,36,0,0
BRDA:266,36,1,0
BRDA:289,37,0,0
BRDA:289,37,1,0
BRF:74
BRH:1
end_of_record
TN:
SF:/workspaces/Vfide/contracts/Lock.sol
FN:13,constructor
FN:23,withdraw
FNF:2
FNH:2
FNDA:2,constructor
FNDA:5,withdraw
DA:14,2
DA:19,1
DA:20,1
DA:27,5
DA:28,4
DA:30,3
DA:32,3
LF:7
LH:7
BRDA:14,1,0,1
BRDA:14,1,1,1
BRDA:27,2,0,4
BRDA:27,2,1,1
BRDA:28,3,0,3
BRDA:28,3,1,1
BRF:6
BRH:6
end_of_record
TN:
SF:/workspaces/Vfide/contracts/MerchantGateway.sol
FN:124,onlyGov
FN:129,constructor
FN:136,setDAO
FN:142,setVFIDE
FN:148,setFactory
FN:154,setRegistry
FN:160,setEscrow
FN:166,setSeer
FN:172,setProofSink
FN:177,setSanctum
FN:189,setFeeModel
FN:202,setSafety
FN:213,preview
FN:246,buy
FN:298,_feeBpsFor
FN:317,_clampBps
FN:323,_log
FNF:17
FNH:1
FNDA:0,onlyGov
FNDA:1,constructor
FNDA:0,setDAO
FNDA:0,setVFIDE
FNDA:0,setFactory
FNDA:0,setRegistry
FNDA:0,setEscrow
FNDA:0,setSeer
FNDA:0,setProofSink
FNDA:0,setSanctum
FNDA:0,setFeeModel
FNDA:0,setSafety
FNDA:0,preview
FNDA:0,buy
FNDA:0,_feeBpsFor
FNDA:0,_clampBps
FNDA:0,_log
DA:125,0
DA:126,0
DA:130,1
DA:131,1
DA:137,0
DA:138,0
DA:139,0
DA:143,0
DA:144,0
DA:145,0
DA:149,0
DA:150,0
DA:151,0
DA:155,0
DA:156,0
DA:157,0
DA:161,0
DA:162,0
DA:163,0
DA:167,0
DA:168,0
DA:169,0
DA:173,0
DA:174,0
DA:178,0
DA:179,0
DA:180,0
DA:190,0
DA:191,0
DA:192,0
DA:193,0
DA:194,0
DA:195,0
DA:196,0
DA:197,0
DA:198,0
DA:199,0
DA:203,0
DA:204,0
DA:205,0
DA:206,0
DA:207,0
DA:223,0
DA:224,0
DA:225,0
DA:226,0
DA:227,0
DA:228,0
DA:249,0
DA:250,0
DA:251,0
DA:252,0
DA:253,0
DA:254,0
DA:256,0
DA:259,0
DA:260,0
DA:263,0
DA:264,0
DA:265,0
DA:267,0
DA:268,0
DA:272,0
DA:273,0
DA:274,0
DA:275,0
DA:276,0
DA:279,0
DA:280,0
DA:283,0
DA:284,0
DA:288,0
DA:290,0
DA:293,0
DA:300,0
DA:303,0
DA:304,0
DA:306,0
DA:309,0
DA:310,0
DA:311,0
DA:312,0
DA:313,0
DA:318,0
DA:319,0
DA:320,0
DA:324,0
DA:325,0
LF:88
LH:2
BRDA:125,1,0,0
BRDA:125,1,1,0
BRDA:130,2,0,0
BRDA:130,2,1,1
BRDA:136,3,0,0
BRDA:136,3,1,0
BRDA:137,4,0,0
BRDA:137,4,1,0
BRDA:142,5,0,0
BRDA:142,5,1,0
BRDA:143,6,0,0
BRDA:143,6,1,0
BRDA:148,7,0,0
BRDA:148,7,1,0
BRDA:149,8,0,0
BRDA:149,8,1,0
BRDA:154,9,0,0
BRDA:154,9,1,0
BRDA:155,10,0,0
BRDA:155,10,1,0
BRDA:160,11,0,0
BRDA:160,11,1,0
BRDA:161,12,0,0
BRDA:161,12,1,0
BRDA:166,13,0,0
BRDA:166,13,1,0
BRDA:167,14,0,0
BRDA:167,14,1,0
BRDA:172,15,0,0
BRDA:172,15,1,0
BRDA:177,16,0,0
BRDA:177,16,1,0
BRDA:178,17,0,0
BRDA:178,17,1,0
BRDA:189,18,0,0
BRDA:189,18,1,0
BRDA:190,19,0,0
BRDA:190,19,1,0
BRDA:191,20,0,0
BRDA:191,20,1,0
BRDA:192,21,0,0
BRDA:192,21,1,0
BRDA:202,22,0,0
BRDA:202,22,1,0
BRDA:203,23,0,0
BRDA:203,23,1,0
BRDA:223,24,0,0
BRDA:223,24,1,0
BRDA:224,25,0,0
BRDA:224,25,1,0
BRDA:246,26,0,0
BRDA:246,26,1,0
BRDA:249,27,0,0
BRDA:249,27,1,0
BRDA:250,28,0,0
BRDA:250,28,1,0
BRDA:251,29,0,0
BRDA:251,29,1,0
BRDA:252,30,0,0
BRDA:252,30,1,0
BRDA:253,31,0,0
BRDA:253,31,1,0
BRDA:254,32,0,0
BRDA:254,32,1,0
BRDA:256,33,0,0
BRDA:256,33,1,0
BRDA:260,34,0,0
BRDA:260,34,1,0
BRDA:263,35,0,0
BRDA:263,35,1,0
BRDA:264,36,0,0
BRDA:264,36,1,0
BRDA:264,37,0,0
BRDA:264,37,1,0
BRDA:267,38,0,0
BRDA:267,38,1,0
BRDA:268,39,0,0
BRDA:268,39,1,0
BRDA:276,40,0,0
BRDA:276,40,1,0
BRDA:280,41,0,0
BRDA:280,41,1,0
BRDA:283,42,0,0
BRDA:283,42,1,0
BRDA:284,43,0,0
BRDA:284,43,1,0
BRDA:300,44,0,0
BRDA:300,44,1,0
BRDA:303,45,0,0
BRDA:303,45,1,0
BRDA:305,46,0,0
BRDA:305,46,1,0
BRDA:318,47,0,0
BRDA:318,47,1,0
BRDA:319,48,0,0
BRDA:319,48,1,0
BRDA:324,49,0,0
BRDA:324,49,1,0
BRF:98
BRH:1
end_of_record
TN:
SF:/workspaces/Vfide/contracts/MerchantPortal.sol
FN:134,onlyGov
FN:139,constructor
FN:146,setDAO
FN:152,setFactory
FN:158,setRegistry
FN:164,setEscrow
FN:170,setReviews
FN:176,setSeer
FN:182,setProofSink
FN:195,buy
FN:213,markShipped
FN:219,markDelivered
FN:225,dispute
FN:232,leaveReview
FN:237,editReview
FN:270,merchantSummary
FN:307,orderInfo
FN:321,daoResolve
FN:327,finalizeAfterTimeout
FN:333,_log
FNF:20
FNH:1
FNDA:0,onlyGov
FNDA:1,constructor
FNDA:0,setDAO
FNDA:0,setFactory
FNDA:0,setRegistry
FNDA:0,setEscrow
FNDA:0,setReviews
FNDA:0,setSeer
FNDA:0,setProofSink
FNDA:0,buy
FNDA:0,markShipped
FNDA:0,markDelivered
FNDA:0,dispute
FNDA:0,leaveReview
FNDA:0,editReview
FNDA:0,merchantSummary
FNDA:0,orderInfo
FNDA:0,daoResolve
FNDA:0,finalizeAfterTimeout
FNDA:0,_log
DA:135,0
DA:136,0
DA:140,1
DA:141,1
DA:147,0
DA:148,0
DA:149,0
DA:153,0
DA:154,0
DA:155,0
DA:159,0
DA:160,0
DA:161,0
DA:165,0
DA:166,0
DA:167,0
DA:171,0
DA:172,0
DA:173,0
DA:177,0
DA:178,0
DA:179,0
DA:183,0
DA:184,0
DA:199,0
DA:202,0
DA:203,0
DA:206,0
DA:208,0
DA:209,0
DA:214,0
DA:215,0
DA:220,0
DA:221,0
DA:226,0
DA:227,0
DA:233,0
DA:234,0
DA:238,0
DA:272,0
DA:283,0
DA:284,0
DA:285,0
DA:286,0
DA:287,0
DA:290,0
DA:293,0
DA:296,0
DA:297,0
DA:298,0
DA:299,0
DA:300,0
DA:303,0
DA:315,0
DA:322,0
DA:323,0
DA:328,0
DA:334,0
DA:335,0
LF:59
LH:2
BRDA:135,1,0,0
BRDA:135,1,1,0
BRDA:140,2,0,0
BRDA:140,2,1,1
BRDA:146,3,0,0
BRDA:146,3,1,0
BRDA:147,4,0,0
BRDA:147,4,1,0
BRDA:152,5,0,0
BRDA:152,5,1,0
BRDA:153,6,0,0
BRDA:153,6,1,0
BRDA:158,7,0,0
BRDA:158,7,1,0
BRDA:159,8,0,0
BRDA:159,8,1,0
BRDA:164,9,0,0
BRDA:164,9,1,0
BRDA:165,10,0,0
BRDA:165,10,1,0
BRDA:170,11,0,0
BRDA:170,11,1,0
BRDA:171,12,0,0
BRDA:171,12,1,0
BRDA:176,13,0,0
BRDA:176,13,1,0
BRDA:177,14,0,0
BRDA:177,14,1,0
BRDA:182,15,0,0
BRDA:182,15,1,0
BRDA:195,16,0,0
BRDA:195,16,1,0
BRDA:199,17,0,0
BRDA:199,17,1,0
BRDA:203,18,0,0
BRDA:203,18,1,0
BRDA:213,19,0,0
BRDA:213,19,1,0
BRDA:219,20,0,0
BRDA:219,20,1,0
BRDA:225,21,0,0
BRDA:225,21,1,0
BRDA:232,22,0,0
BRDA:232,22,1,0
BRDA:237,23,0,0
BRDA:237,23,1,0
BRDA:290,24,0,0
BRDA:290,24,1,0
BRDA:321,25,0,0
BRDA:321,25,1,0
BRDA:321,26,0,0
BRDA:321,26,1,0
BRDA:327,27,0,0
BRDA:327,27,1,0
BRDA:334,28,0,0
BRDA:334,28,1,0
BRF:56
BRH:1
end_of_record
TN:
SF:/workspaces/Vfide/contracts/MerchantRegistry.sol
FN:124,onlyGov
FN:131,constructor
FN:138,setDAO
FN:144,setFactory
FN:150,setSeer
FN:156,setProofSink
FN:163,toggleEnforcement
FN:175,setEnforcementParams
FN:189,setSystemExemptUser
FN:194,setAllowMerchant
FN:199,setDenyMerchant
FN:204,setDenyBuyer
FN:212,merchantApply
FN:237,approve
FN:263,suspend
FN:273,revoke
FN:283,updateInfo
FN:292,syncPayoutVault
FN:301,checkpoint
FN:334,checkpointMany
FN:346,canAcceptPayment
FN:393,merchantOf
FN:395,isMerchant
FN:399,merchantCount
FN:400,activeCount
FN:402,merchantAt
FN:407,activeAt
FN:412,getAllMerchants
FN:416,getActiveMerchants
FN:422,_mustExist
FN:427,_syncVault
FN:438,_safeScore
FN:442,_log
FNF:33
FNH:1
FNDA:0,onlyGov
FNDA:1,constructor
FNDA:0,setDAO
FNDA:0,setFactory
FNDA:0,setSeer
FNDA:0,setProofSink
FNDA:0,toggleEnforcement
FNDA:0,setEnforcementParams
FNDA:0,setSystemExemptUser
FNDA:0,setAllowMerchant
FNDA:0,setDenyMerchant
FNDA:0,setDenyBuyer
FNDA:0,merchantApply
FNDA:0,approve
FNDA:0,suspend
FNDA:0,revoke
FNDA:0,updateInfo
FNDA:0,syncPayoutVault
FNDA:0,checkpoint
FNDA:0,checkpointMany
FNDA:0,canAcceptPayment
FNDA:0,merchantOf
FNDA:0,isMerchant
FNDA:0,merchantCount
FNDA:0,activeCount
FNDA:0,merchantAt
FNDA:0,activeAt
FNDA:0,getAllMerchants
FNDA:0,getActiveMerchants
FNDA:0,_mustExist
FNDA:0,_syncVault
FNDA:0,_safeScore
FNDA:0,_log
DA:125,0
DA:126,0
DA:132,1
DA:133,1
DA:139,0
DA:140,0
DA:141,0
DA:145,0
DA:146,0
DA:147,0
DA:151,0
DA:152,0
DA:153,0
DA:157,0
DA:158,0
DA:164,0
DA:165,0
DA:176,0
DA:177,0
DA:178,0
DA:179,0
DA:180,0
DA:181,0
DA:182,0
DA:183,0
DA:190,0
DA:191,0
DA:195,0
DA:196,0
DA:200,0
DA:201,0
DA:205,0
DA:206,0
DA:213,0
DA:214,0
DA:216,0
DA:218,0
DA:219,0
DA:220,0
DA:221,0
DA:222,0
DA:224,0
DA:225,0
DA:226,0
DA:229,0
DA:230,0
DA:231,0
DA:232,0
DA:238,0
DA:239,0
DA:241,0
DA:242,0
DA:245,0
DA:246,0
DA:247,0
DA:248,0
DA:252,0
DA:253,0
DA:254,0
DA:255,0
DA:257,0
DA:258,0
DA:259,0
DA:264,0
DA:265,0
DA:266,0
DA:267,0
DA:268,0
DA:269,0
DA:274,0
DA:275,0
DA:276,0
DA:277,0
DA:278,0
DA:279,0
DA:284,0
DA:285,0
DA:286,0
DA:287,0
DA:288,0
DA:293,0
DA:294,0
DA:295,0
DA:302,0
DA:303,0
DA:304,0
DA:305,0
DA:307,0
DA:309,0
DA:310,0
DA:311,0
DA:312,0
DA:313,0
DA:314,0
DA:315,0
DA:317,0
DA:318,0
DA:319,0
DA:320,0
DA:321,0
DA:325,0
DA:335,0
DA:351,0
DA:352,0
DA:353,0
DA:354,0
DA:355,0
DA:356,0
DA:359,0
DA:360,0
DA:364,0
DA:365,0
DA:368,0
DA:370,0
DA:373,0
DA:374,0
DA:375,0
DA:379,0
DA:380,0
DA:381,0
DA:383,0
DA:384,0
DA:385,0
DA:388,0
DA:396,0
DA:403,0
DA:404,0
DA:408,0
DA:409,0
DA:413,0
DA:417,0
DA:423,0
DA:424,0
DA:428,0
DA:429,0
DA:430,0
DA:431,0
DA:432,0
DA:434,0
DA:435,0
DA:439,0
DA:443,0
DA:444,0
LF:143
LH:2
BRDA:125,1,0,0
BRDA:125,1,1,0
BRDA:132,2,0,0
BRDA:132,2,1,1
BRDA:138,3,0,0
BRDA:138,3,1,0
BRDA:139,4,0,0
BRDA:139,4,1,0
BRDA:144,5,0,0
BRDA:144,5,1,0
BRDA:145,6,0,0
BRDA:145,6,1,0
BRDA:150,7,0,0
BRDA:150,7,1,0
BRDA:151,8,0,0
BRDA:151,8,1,0
BRDA:156,9,0,0
BRDA:156,9,1,0
BRDA:163,10,0,0
BRDA:163,10,1,0
BRDA:175,11,0,0
BRDA:175,11,1,0
BRDA:176,12,0,0
BRDA:176,12,1,0
BRDA:189,13,0,0
BRDA:189,13,1,0
BRDA:194,14,0,0
BRDA:194,14,1,0
BRDA:199,15,0,0
BRDA:199,15,1,0
BRDA:204,16,0,0
BRDA:204,16,1,0
BRDA:212,17,0,0
BRDA:212,17,1,0
BRDA:216,18,0,0
BRDA:216,18,1,0
BRDA:229,19,0,0
BRDA:229,19,1,0
BRDA:229,20,0,0
BRDA:229,20,1,0
BRDA:237,21,0,0
BRDA:237,21,1,0
BRDA:237,22,0,0
BRDA:237,22,1,0
BRDA:238,23,0,0
BRDA:238,23,1,0
BRDA:239,24,0,0
BRDA:239,24,1,0
BRDA:242,25,0,0
BRDA:242,25,1,0
BRDA:246,26,0,0
BRDA:246,26,1,0
BRDA:247,27,0,0
BRDA:247,27,1,0
BRDA:247,28,0,0
BRDA:247,28,1,0
BRDA:248,29,0,0
BRDA:248,29,1,0
BRDA:248,30,0,0
BRDA:248,30,1,0
BRDA:263,31,0,0
BRDA:263,31,1,0
BRDA:263,32,0,0
BRDA:263,32,1,0
BRDA:265,33,0,0
BRDA:265,33,1,0
BRDA:273,34,0,0
BRDA:273,34,1,0
BRDA:273,35,0,0
BRDA:273,35,1,0
BRDA:275,36,0,0
BRDA:275,36,1,0
BRDA:275,37,0,0
BRDA:275,37,1,0
BRDA:275,38,0,0
BRDA:275,38,1,0
BRDA:283,39,0,0
BRDA:283,39,1,0
BRDA:285,40,0,0
BRDA:285,40,1,0
BRDA:285,41,0,0
BRDA:285,41,1,0
BRDA:292,42,0,0
BRDA:292,42,1,0
BRDA:292,43,0,0
BRDA:292,43,1,0
BRDA:302,44,0,0
BRDA:302,44,1,0
BRDA:307,45,0,0
BRDA:307,45,1,0
BRDA:309,46,0,0
BRDA:309,46,1,0
BRDA:310,47,0,0
BRDA:310,47,1,0
BRDA:317,48,0,0
BRDA:317,48,1,0
BRDA:323,49,0,0
BRDA:323,49,1,0
BRDA:325,50,0,0
BRDA:325,50,1,0
BRDA:352,51,0,0
BRDA:352,51,1,0
BRDA:353,52,0,0
BRDA:353,52,1,0
BRDA:354,53,0,0
BRDA:354,53,1,0
BRDA:355,54,0,0
BRDA:355,54,1,0
BRDA:356,55,0,0
BRDA:356,55,1,0
BRDA:359,56,0,0
BRDA:359,56,1,0
BRDA:364,57,0,0
BRDA:364,57,1,0
BRDA:364,58,0,0
BRDA:364,58,1,0
BRDA:368,59,0,0
BRDA:368,59,1,0
BRDA:370,60,0,0
BRDA:370,60,1,0
BRDA:373,61,0,0
BRDA:373,61,1,0
BRDA:374,62,0,0
BRDA:374,62,1,0
BRDA:375,63,0,0
BRDA:375,63,1,0
BRDA:379,64,0,0
BRDA:379,64,1,0
BRDA:381,65,0,0
BRDA:381,65,1,0
BRDA:383,66,0,0
BRDA:383,66,1,0
BRDA:385,67,0,0
BRDA:385,67,1,0
BRDA:424,68,0,0
BRDA:424,68,1,0
BRDA:428,69,0,0
BRDA:428,69,1,0
BRDA:431,70,0,0
BRDA:431,70,1,0
BRDA:434,71,0,0
BRDA:434,71,1,0
BRDA:439,72,0,0
BRDA:439,72,1,0
BRDA:443,73,0,0
BRDA:443,73,1,0
BRF:146
BRH:1
end_of_record
TN:
SF:/workspaces/Vfide/contracts/MockEscrow.sol
FNF:0
FNH:0
LF:0
LH:0
BRF:0
BRH:0
end_of_record
TN:
SF:/workspaces/Vfide/contracts/MultiSigDeveloperControl.sol
FN:89,onlyOwner
FN:93,onlyDAO
FN:105,constructor
FN:131,ownersList
FN:132,txCount
FN:136,_requireWhitelist
FN:149,_isConfirmed
FN:160,addOwner
FN:176,removeOwner
FN:204,changeThreshold
FN:216,setMinDelay
FN:227,setWhitelistStrict
FN:238,setAllowedTarget
FN:250,setAllowedSelector
FN:263,activateDAOMode
FN:272,deactivateDAOMode
FN:285,submitTx
FN:312,confirmTx
FN:317,_confirm
FN:328,revokeConfirmation
FN:345,executeTx
FN:373,_getRevertMsg
FNF:22
FNH:1
FNDA:0,onlyOwner
FNDA:0,onlyDAO
FNDA:1,constructor
FNDA:0,ownersList
FNDA:0,txCount
FNDA:0,_requireWhitelist
FNDA:0,_isConfirmed
FNDA:0,addOwner
FNDA:0,removeOwner
FNDA:0,changeThreshold
FNDA:0,setMinDelay
FNDA:0,setWhitelistStrict
FNDA:0,setAllowedTarget
FNDA:0,setAllowedSelector
FNDA:0,activateDAOMode
FNDA:0,deactivateDAOMode
FNDA:0,submitTx
FNDA:0,confirmTx
FNDA:0,_confirm
FNDA:0,revokeConfirmation
FNDA:0,executeTx
FNDA:0,_getRevertMsg
DA:90,0
DA:91,0
DA:94,0
DA:95,0
DA:106,1
DA:107,1
DA:108,1
DA:109,1
DA:110,1
DA:111,1
DA:112,1
DA:113,1
DA:115,1
DA:116,1
DA:117,1
DA:119,1
DA:120,1
DA:121,1
DA:125,1
DA:126,1
DA:137,0
DA:138,0
DA:139,0
DA:140,0
DA:141,0
DA:142,0
DA:145,0
DA:150,0
DA:161,0
DA:162,0
DA:164,0
DA:167,0
DA:168,0
DA:169,0
DA:170,0
DA:171,0
DA:177,0
DA:178,0
DA:180,0
DA:182,0
DA:183,0
DA:186,0
DA:187,0
DA:188,0
DA:189,0
DA:190,0
DA:191,0
DA:196,0
DA:197,0
DA:198,0
DA:200,0
DA:205,0
DA:206,0
DA:208,0
DA:210,0
DA:211,0
DA:212,0
DA:217,0
DA:218,0
DA:220,0
DA:222,0
DA:223,0
DA:228,0
DA:229,0
DA:231,0
DA:233,0
DA:234,0
DA:239,0
DA:240,0
DA:242,0
DA:244,0
DA:245,0
DA:246,0
DA:251,0
DA:252,0
DA:254,0
DA:256,0
DA:257,0
DA:264,0
DA:265,0
DA:266,0
DA:267,0
DA:268,0
DA:273,0
DA:274,0
DA:286,0
DA:287,0
DA:289,0
DA:291,0
DA:293,0
DA:294,0
DA:295,0
DA:303,0
DA:306,0
DA:307,0
DA:313,0
DA:314,0
DA:318,0
DA:319,0
DA:320,0
DA:321,0
DA:322,0
DA:323,0
DA:329,0
DA:330,0
DA:331,0
DA:332,0
DA:333,0
DA:334,0
DA:335,0
DA:346,0
DA:347,0
DA:348,0
DA:349,0
DA:351,0
DA:353,0
DA:354,0
DA:356,0
DA:359,0
DA:362,0
DA:363,0
DA:365,0
DA:366,0
DA:374,0
DA:375,0
DA:378,0
LF:126
LH:16
BRDA:90,1,0,0
BRDA:90,1,1,0
BRDA:94,2,0,0
BRDA:94,2,1,0
BRDA:106,3,0,0
BRDA:106,3,1,1
BRDA:109,4,0,0
BRDA:109,4,1,1
BRDA:110,5,0,0
BRDA:110,5,1,1
BRDA:115,6,0,0
BRDA:115,6,1,1
BRDA:115,7,0,0
BRDA:115,7,1,0
BRDA:119,8,0,1
BRDA:119,8,1,0
BRDA:137,9,0,0
BRDA:137,9,1,0
BRDA:138,10,0,0
BRDA:138,10,1,0
BRDA:139,11,0,0
BRDA:139,11,1,0
BRDA:142,12,0,0
BRDA:142,12,1,0
BRDA:145,13,0,0
BRDA:145,13,1,0
BRDA:161,14,0,0
BRDA:161,14,1,0
BRDA:162,15,0,0
BRDA:162,15,1,0
BRDA:164,16,0,0
BRDA:164,16,1,0
BRDA:167,17,0,0
BRDA:167,17,1,0
BRDA:168,18,0,0
BRDA:168,18,1,0
BRDA:177,19,0,0
BRDA:177,19,1,0
BRDA:178,20,0,0
BRDA:178,20,1,0
BRDA:180,21,0,0
BRDA:180,21,1,0
BRDA:182,22,0,0
BRDA:182,22,1,0
BRDA:188,23,0,0
BRDA:188,23,1,0
BRDA:196,24,0,0
BRDA:196,24,1,0
BRDA:205,25,0,0
BRDA:205,25,1,0
BRDA:206,26,0,0
BRDA:206,26,1,0
BRDA:208,27,0,0
BRDA:208,27,1,0
BRDA:210,28,0,0
BRDA:210,28,1,0
BRDA:210,29,0,0
BRDA:210,29,1,0
BRDA:217,30,0,0
BRDA:217,30,1,0
BRDA:218,31,0,0
BRDA:218,31,1,0
BRDA:220,32,0,0
BRDA:220,32,1,0
BRDA:228,33,0,0
BRDA:228,33,1,0
BRDA:229,34,0,0
BRDA:229,34,1,0
BRDA:231,35,0,0
BRDA:231,35,1,0
BRDA:239,36,0,0
BRDA:239,36,1,0
BRDA:240,37,0,0
BRDA:240,37,1,0
BRDA:242,38,0,0
BRDA:242,38,1,0
BRDA:244,39,0,0
BRDA:244,39,1,0
BRDA:251,40,0,0
BRDA:251,40,1,0
BRDA:252,41,0,0
BRDA:252,41,1,0
BRDA:254,42,0,0
BRDA:254,42,1,0
BRDA:263,43,0,0
BRDA:263,43,1,0
BRDA:264,44,0,0
BRDA:264,44,1,0
BRDA:265,45,0,0
BRDA:265,45,1,0
BRDA:272,46,0,0
BRDA:272,46,1,0
BRDA:286,47,0,0
BRDA:286,47,1,0
BRDA:287,48,0,0
BRDA:287,48,1,0
BRDA:289,49,0,0
BRDA:289,49,1,0
BRDA:306,50,0,0
BRDA:306,50,1,0
BRDA:312,51,0,0
BRDA:312,51,1,0
BRDA:313,52,0,0
BRDA:313,52,1,0
BRDA:318,53,0,0
BRDA:318,53,1,0
BRDA:319,54,0,0
BRDA:319,54,1,0
BRDA:320,55,0,0
BRDA:320,55,1,0
BRDA:328,56,0,0
BRDA:328,56,1,0
BRDA:329,57,0,0
BRDA:329,57,1,0
BRDA:330,58,0,0
BRDA:330,58,1,0
BRDA:331,59,0,0
BRDA:331,59,1,0
BRDA:332,60,0,0
BRDA:332,60,1,0
BRDA:345,61,0,0
BRDA:345,61,1,0
BRDA:346,62,0,0
BRDA:346,62,1,0
BRDA:348,63,0,0
BRDA:348,63,1,0
BRDA:349,64,0,0
BRDA:349,64,1,0
BRDA:353,65,0,0
BRDA:353,65,1,0
BRDA:354,66,0,0
BRDA:354,66,1,0
BRDA:356,67,0,0
BRDA:356,67,1,0
BRDA:363,68,0,0
BRDA:363,68,1,0
BRDA:374,69,0,0
BRDA:374,69,1,0
BRF:138
BRH:5
end_of_record
TN:
SF:/workspaces/Vfide/contracts/PanicGuard.sol
FN:123,onlyGov
FN:129,constructor
FN:135,setDAO
FN:141,setSeer
FN:147,setProofSink
FN:152,setFactory
FN:159,setGlobalPause
FN:164,setFrozen
FN:170,setQuarantine
FN:176,setSystemExemptUser
FN:181,setAllowDestination
FN:186,setDenyDestination
FN:192,toggleSeerGates
FN:203,setSeerParams
FN:214,toggleMonitoring
FN:219,setDecayHalfLife
FN:229,setHeuristicLimits
FN:236,setAutoQuarantine
FN:245,canSend
FN:292,recordSend
FN:339,_applyDecay
FN:363,_peekDecay
FN:379,_reactiveQuarantine
FN:387,_safeAmt
FN:392,_toU128
FN:396,_log
FNF:26
FNH:1
FNDA:0,onlyGov
FNDA:1,constructor
FNDA:0,setDAO
FNDA:0,setSeer
FNDA:0,setProofSink
FNDA:0,setFactory
FNDA:0,setGlobalPause
FNDA:0,setFrozen
FNDA:0,setQuarantine
FNDA:0,setSystemExemptUser
FNDA:0,setAllowDestination
FNDA:0,setDenyDestination
FNDA:0,toggleSeerGates
FNDA:0,setSeerParams
FNDA:0,toggleMonitoring
FNDA:0,setDecayHalfLife
FNDA:0,setHeuristicLimits
FNDA:0,setAutoQuarantine
FNDA:0,canSend
FNDA:0,recordSend
FNDA:0,_applyDecay
FNDA:0,_peekDecay
FNDA:0,_reactiveQuarantine
FNDA:0,_safeAmt
FNDA:0,_toU128
FNDA:0,_log
DA:124,0
DA:125,0
DA:130,1
DA:131,1
DA:136,0
DA:137,0
DA:138,0
DA:142,0
DA:143,0
DA:144,0
DA:148,0
DA:149,0
DA:153,0
DA:154,0
DA:155,0
DA:160,0
DA:161,0
DA:165,0
DA:166,0
DA:167,0
DA:171,0
DA:172,0
DA:173,0
DA:177,0
DA:178,0
DA:182,0
DA:183,0
DA:187,0
DA:188,0
DA:193,0
DA:194,0
DA:204,0
DA:205,0
DA:206,0
DA:207,0
DA:208,0
DA:209,0
DA:210,0
DA:215,0
DA:216,0
DA:220,0
DA:221,0
DA:222,0
DA:230,0
DA:231,0
DA:232,0
DA:233,0
DA:237,0
DA:238,0
DA:239,0
DA:247,0
DA:250,0
DA:251,0
DA:252,0
DA:253,0
DA:256,0
DA:259,0
DA:262,0
DA:263,0
DA:264,0
DA:265,0
DA:267,0
DA:268,0
DA:272,0
DA:273,0
DA:275,0
DA:276,0
DA:277,0
DA:279,0
DA:280,0
DA:281,0
DA:284,0
DA:294,0
DA:295,0
DA:296,0
DA:298,0
DA:301,0
DA:302,0
DA:304,0
DA:305,0
DA:307,0
DA:309,0
DA:311,0
DA:313,0
DA:316,0
DA:319,0
DA:320,0
DA:321,0
DA:322,0
DA:324,0
DA:325,0
DA:327,0
DA:328,0
DA:331,0
DA:332,0
DA:333,0
DA:340,0
DA:341,0
DA:342,0
DA:344,0
DA:345,0
DA:350,0
DA:351,0
DA:353,0
DA:354,0
DA:355,0
DA:356,0
DA:357,0
DA:360,0
DA:364,0
DA:365,0
DA:366,0
DA:367,0
DA:368,0
DA:369,0
DA:370,0
DA:371,0
DA:372,0
DA:373,0
DA:374,0
DA:380,0
DA:381,0
DA:382,0
DA:383,0
DA:384,0
DA:389,0
DA:390,0
DA:393,0
DA:397,0
DA:398,0
LF:130
LH:2
BRDA:124,1,0,0
BRDA:124,1,1,0
BRDA:130,2,0,0
BRDA:130,2,1,1
BRDA:135,3,0,0
BRDA:135,3,1,0
BRDA:136,4,0,0
BRDA:136,4,1,0
BRDA:141,5,0,0
BRDA:141,5,1,0
BRDA:142,6,0,0
BRDA:142,6,1,0
BRDA:147,7,0,0
BRDA:147,7,1,0
BRDA:152,8,0,0
BRDA:152,8,1,0
BRDA:153,9,0,0
BRDA:153,9,1,0
BRDA:159,10,0,0
BRDA:159,10,1,0
BRDA:164,11,0,0
BRDA:164,11,1,0
BRDA:164,12,0,0
BRDA:164,12,1,0
BRDA:170,13,0,0
BRDA:170,13,1,0
BRDA:170,14,0,0
BRDA:170,14,1,0
BRDA:176,15,0,0
BRDA:176,15,1,0
BRDA:181,16,0,0
BRDA:181,16,1,0
BRDA:186,17,0,0
BRDA:186,17,1,0
BRDA:192,18,0,0
BRDA:192,18,1,0
BRDA:203,19,0,0
BRDA:203,19,1,0
BRDA:204,20,0,0
BRDA:204,20,1,0
BRDA:214,21,0,0
BRDA:214,21,1,0
BRDA:219,22,0,0
BRDA:219,22,1,0
BRDA:220,23,0,0
BRDA:220,23,1,0
BRDA:229,24,0,0
BRDA:229,24,1,0
BRDA:236,25,0,0
BRDA:236,25,1,0
BRDA:247,26,0,0
BRDA:247,26,1,0
BRDA:247,27,0,0
BRDA:247,27,1,0
BRDA:250,28,0,0
BRDA:250,28,1,0
BRDA:251,29,0,0
BRDA:251,29,1,0
BRDA:253,30,0,0
BRDA:253,30,1,0
BRDA:256,31,0,0
BRDA:256,31,1,0
BRDA:262,32,0,0
BRDA:262,32,1,0
BRDA:263,33,0,0
BRDA:263,33,1,0
BRDA:264,34,0,0
BRDA:264,34,1,0
BRDA:265,35,0,0
BRDA:265,35,1,0
BRDA:267,36,0,0
BRDA:267,36,1,0
BRDA:268,37,0,0
BRDA:268,37,1,0
BRDA:272,38,0,0
BRDA:272,38,1,0
BRDA:279,39,0,0
BRDA:279,39,1,0
BRDA:280,40,0,0
BRDA:280,40,1,0
BRDA:281,41,0,0
BRDA:281,41,1,0
BRDA:292,42,0,0
BRDA:292,42,1,0
BRDA:294,43,0,0
BRDA:294,43,1,0
BRDA:295,44,0,0
BRDA:295,44,1,0
BRDA:296,45,0,0
BRDA:296,45,1,0
BRDA:298,46,0,0
BRDA:298,46,1,0
BRDA:307,47,0,0
BRDA:307,47,1,0
BRDA:313,48,0,0
BRDA:313,48,1,0
BRDA:320,49,0,0
BRDA:320,49,1,0
BRDA:323,50,0,0
BRDA:323,50,1,0
BRDA:326,51,0,0
BRDA:326,51,1,0
BRDA:331,52,0,0
BRDA:331,52,1,0
BRDA:342,53,0,0
BRDA:342,53,1,0
BRDA:345,54,0,0
BRDA:345,54,1,0
BRDA:350,55,0,0
BRDA:350,55,1,0
BRDA:351,56,0,0
BRDA:351,56,1,0
BRDA:353,57,0,0
BRDA:353,57,1,0
BRDA:365,58,0,0
BRDA:365,58,1,0
BRDA:368,59,0,0
BRDA:368,59,1,0
BRDA:369,60,0,0
BRDA:369,60,1,0
BRDA:370,61,0,0
BRDA:370,61,1,0
BRDA:380,62,0,0
BRDA:380,62,1,0
BRDA:389,63,0,0
BRDA:389,63,1,0
BRDA:393,64,0,0
BRDA:393,64,1,0
BRDA:397,65,0,0
BRDA:397,65,1,0
BRF:130
BRH:1
end_of_record
TN:
SF:/workspaces/Vfide/contracts/ProofLedger.sol
FN:79,onlyGov
FN:84,onlyReporter
FN:93,constructor
FN:107,setDAO
FN:114,setReporter
FN:121,setReporters
FN:132,setWeight
FN:138,setWeights
FN:147,setClamps
FN:156,setScore
FN:180,logEvent
FN:210,currentScore
FN:215,scoreOf
FN:220,eventOf
FN:225,eventsOf
FN:230,riskLevelOf
FN:240,totalEvents
FN:248,_clamp
FNF:18
FNH:1
FNDA:0,onlyGov
FNDA:0,onlyReporter
FNDA:1,constructor
FNDA:0,setDAO
FNDA:0,setReporter
FNDA:0,setReporters
FNDA:0,setWeight
FNDA:0,setWeights
FNDA:0,setClamps
FNDA:0,setScore
FNDA:0,logEvent
FNDA:0,currentScore
FNDA:0,scoreOf
FNDA:0,eventOf
FNDA:0,eventsOf
FNDA:0,riskLevelOf
FNDA:0,totalEvents
FNDA:0,_clamp
DA:80,0
DA:81,0
DA:85,0
DA:86,0
DA:94,1
DA:95,1
DA:98,1
DA:99,1
DA:108,0
DA:109,0
DA:110,0
DA:115,0
DA:116,0
DA:117,0
DA:122,0
DA:123,0
DA:124,0
DA:125,0
DA:126,0
DA:133,0
DA:134,0
DA:139,0
DA:140,0
DA:141,0
DA:142,0
DA:148,0
DA:149,0
DA:150,0
DA:151,0
DA:152,0
DA:157,0
DA:158,0
DA:159,0
DA:160,0
DA:181,0
DA:184,0
DA:185,0
DA:186,0
DA:187,0
DA:188,0
DA:191,0
DA:192,0
DA:202,0
DA:211,0
DA:216,0
DA:221,0
DA:226,0
DA:231,0
DA:232,0
DA:233,0
DA:234,0
DA:235,0
DA:236,0
DA:241,0
DA:249,0
DA:250,0
DA:251,0
LF:57
LH:4
BRDA:80,1,0,0
BRDA:80,1,1,0
BRDA:85,2,0,0
BRDA:85,2,1,0
BRDA:94,3,0,0
BRDA:94,3,1,1
BRDA:107,4,0,0
BRDA:107,4,1,0
BRDA:108,5,0,0
BRDA:108,5,1,0
BRDA:114,6,0,0
BRDA:114,6,1,0
BRDA:115,7,0,0
BRDA:115,7,1,0
BRDA:121,8,0,0
BRDA:121,8,1,0
BRDA:124,9,0,0
BRDA:124,9,1,0
BRDA:132,10,0,0
BRDA:132,10,1,0
BRDA:138,11,0,0
BRDA:138,11,1,0
BRDA:139,12,0,0
BRDA:139,12,1,0
BRDA:147,13,0,0
BRDA:147,13,1,0
BRDA:148,14,0,0
BRDA:148,14,1,0
BRDA:149,15,0,0
BRDA:149,15,1,0
BRDA:156,16,0,0
BRDA:156,16,1,0
BRDA:157,17,0,0
BRDA:157,17,1,0
BRDA:158,18,0,0
BRDA:158,18,1,0
BRDA:180,19,0,0
BRDA:180,19,1,0
BRDA:180,20,0,0
BRDA:180,20,1,0
BRDA:181,21,0,0
BRDA:181,21,1,0
BRDA:186,22,0,0
BRDA:186,22,1,0
BRDA:187,23,0,0
BRDA:187,23,1,0
BRDA:232,24,0,0
BRDA:232,24,1,0
BRDA:233,25,0,0
BRDA:233,25,1,0
BRDA:234,26,0,0
BRDA:234,26,1,0
BRDA:235,27,0,0
BRDA:235,27,1,0
BRDA:249,28,0,0
BRDA:249,28,1,0
BRDA:250,29,0,0
BRDA:250,29,1,0
BRF:58
BRH:1
end_of_record
TN:
SF:/workspaces/Vfide/contracts/ProofScoreBurnRouter.sol
FN:99,onlyGov
FN:105,constructor
FN:112,setDAO
FN:118,setFactory
FN:124,setSeer
FN:130,setSanctum
FN:136,setProofSink
FN:142,toggleRiskGate
FN:154,setRiskParams
FN:168,setRiskExemptVault
FN:181,route
FN:227,preview
FN:240,_burnBpsFor
FNF:13
FNH:1
FNDA:0,onlyGov
FNDA:1,constructor
FNDA:0,setDAO
FNDA:0,setFactory
FNDA:0,setSeer
FNDA:0,setSanctum
FNDA:0,setProofSink
FNDA:0,toggleRiskGate
FNDA:0,setRiskParams
FNDA:0,setRiskExemptVault
FNDA:0,route
FNDA:0,preview
FNDA:0,_burnBpsFor
DA:100,0
DA:101,0
DA:106,1
DA:107,1
DA:108,1
DA:113,0
DA:114,0
DA:115,0
DA:119,0
DA:120,0
DA:121,0
DA:125,0
DA:126,0
DA:127,0
DA:131,0
DA:132,0
DA:133,0
DA:137,0
DA:138,0
DA:143,0
DA:144,0
DA:155,0
DA:156,0
DA:157,0
DA:159,0
DA:160,0
DA:161,0
DA:162,0
DA:163,0
DA:164,0
DA:165,0
DA:169,0
DA:170,0
DA:182,0
DA:183,0
DA:184,0
DA:185,0
DA:188,0
DA:189,0
DA:190,0
DA:193,0
DA:194,0
DA:195,0
DA:196,0
DA:197,0
DA:202,0
DA:205,0
DA:206,0
DA:207,0
DA:210,0
DA:211,0
DA:213,0
DA:214,0
DA:217,0
DA:220,0
DA:221,0
DA:222,0
DA:232,0
DA:233,0
DA:234,0
DA:235,0
DA:236,0
DA:241,0
DA:242,0
DA:243,0
DA:248,0
DA:249,0
DA:250,0
DA:251,0
LF:69
LH:3
BRDA:100,1,0,0
BRDA:100,1,1,0
BRDA:106,2,0,0
BRDA:106,2,1,1
BRDA:106,3,0,0
BRDA:106,3,1,0
BRDA:112,4,0,0
BRDA:112,4,1,0
BRDA:113,5,0,0
BRDA:113,5,1,0
BRDA:118,6,0,0
BRDA:118,6,1,0
BRDA:119,7,0,0
BRDA:119,7,1,0
BRDA:124,8,0,0
BRDA:124,8,1,0
BRDA:125,9,0,0
BRDA:125,9,1,0
BRDA:130,10,0,0
BRDA:130,10,1,0
BRDA:131,11,0,0
BRDA:131,11,1,0
BRDA:136,12,0,0
BRDA:136,12,1,0
BRDA:142,13,0,0
BRDA:142,13,1,0
BRDA:154,14,0,0
BRDA:154,14,1,0
BRDA:155,15,0,0
BRDA:155,15,1,0
BRDA:156,16,0,0
BRDA:156,16,1,0
BRDA:157,17,0,0
BRDA:157,17,1,0
BRDA:168,18,0,0
BRDA:168,18,1,0
BRDA:181,19,0,0
BRDA:181,19,1,0
BRDA:182,20,0,0
BRDA:182,20,1,0
BRDA:183,21,0,0
BRDA:183,21,1,0
BRDA:184,22,0,0
BRDA:184,22,1,0
BRDA:185,23,0,0
BRDA:185,23,1,0
BRDA:190,24,0,0
BRDA:190,24,1,0
BRDA:190,25,0,0
BRDA:190,25,1,0
BRDA:193,26,0,0
BRDA:193,26,1,0
BRDA:194,27,0,0
BRDA:194,27,1,0
BRDA:195,28,0,0
BRDA:195,28,1,0
BRDA:197,29,0,0
BRDA:197,29,1,0
BRDA:202,30,0,0
BRDA:202,30,1,0
BRDA:210,31,0,0
BRDA:210,31,1,0
BRDA:211,32,0,0
BRDA:211,32,1,0
BRDA:213,33,0,0
BRDA:213,33,1,0
BRDA:220,34,0,0
BRDA:220,34,1,0
BRDA:232,35,0,0
BRDA:232,35,1,0
BRDA:232,36,0,0
BRDA:232,36,1,0
BRDA:242,37,0,0
BRDA:242,37,1,0
BRF:74
BRH:1
end_of_record
TN:
SF:/workspaces/Vfide/contracts/ReviewRegistry.sol
FN:69,onlyGov
FN:71,constructor
FN:74,setDAO
FN:75,setSeer
FN:76,setProofSink
FN:77,setEscrow
FN:78,setSettings
FN:81,leaveReview
FN:99,editReview
FN:114,hideReview
FN:121,weightedRating
FN:128,_weightFor
FN:136,_addAggregate
FN:141,_subAggregate
FN:147,_log
FNF:15
FNH:1
FNDA:0,onlyGov
FNDA:1,constructor
FNDA:0,setDAO
FNDA:0,setSeer
FNDA:0,setProofSink
FNDA:0,setEscrow
FNDA:0,setSettings
FNDA:0,leaveReview
FNDA:0,editReview
FNDA:0,hideReview
FNDA:0,weightedRating
FNDA:0,_weightFor
FNDA:0,_addAggregate
FNDA:0,_subAggregate
FNDA:0,_log
DA:82,0
DA:83,0
DA:84,0
DA:86,0
DA:87,0
DA:89,0
DA:90,0
DA:94,0
DA:95,0
DA:96,0
DA:100,0
DA:101,0
DA:102,0
DA:103,0
DA:104,0
DA:106,0
DA:107,0
DA:108,0
DA:109,0
DA:110,0
DA:111,0
DA:115,0
DA:116,0
DA:117,0
DA:122,0
DA:124,0
DA:129,0
DA:130,0
DA:132,0
DA:133,0
DA:137,0
DA:138,0
DA:139,0
DA:142,0
DA:143,0
DA:144,0
LF:36
LH:0
BRDA:69,1,0,0
BRDA:69,1,1,0
BRDA:71,2,0,0
BRDA:71,2,1,1
BRDA:74,3,0,0
BRDA:74,3,1,0
BRDA:74,4,0,0
BRDA:74,4,1,0
BRDA:75,5,0,0
BRDA:75,5,1,0
BRDA:75,6,0,0
BRDA:75,6,1,0
BRDA:76,7,0,0
BRDA:76,7,1,0
BRDA:77,8,0,0
BRDA:77,8,1,0
BRDA:77,9,0,0
BRDA:77,9,1,0
BRDA:78,10,0,0
BRDA:78,10,1,0
BRDA:81,11,0,0
BRDA:81,11,1,0
BRDA:82,12,0,0
BRDA:82,12,1,0
BRDA:82,13,0,0
BRDA:82,13,1,0
BRDA:84,14,0,0
BRDA:84,14,1,0
BRDA:86,15,0,0
BRDA:86,15,1,0
BRDA:87,16,0,0
BRDA:87,16,1,0
BRDA:99,17,0,0
BRDA:99,17,1,0
BRDA:100,18,0,0
BRDA:100,18,1,0
BRDA:101,19,0,0
BRDA:101,19,1,0
BRDA:101,20,0,0
BRDA:101,20,1,0
BRDA:103,21,0,0
BRDA:103,21,1,0
BRDA:104,22,0,0
BRDA:104,22,1,0
BRDA:114,23,0,0
BRDA:114,23,1,0
BRDA:124,24,0,0
BRDA:124,24,1,0
BRDA:129,25,0,0
BRDA:129,25,1,0
BRDA:147,26,0,0
BRDA:147,26,1,0
BRF:52
BRH:1
end_of_record
TN:
SF:/workspaces/Vfide/contracts/SanctumFund.sol
FN:86,onlyGov
FN:93,constructor
FN:100,setDAO
FN:106,setProofSink
FN:111,setFactory
FN:117,setSeer
FN:125,setApprovedRecipient
FN:132,setApprovedRecipients
FN:143,toggleRiskGate
FN:148,setRiskParams
FN:154,setRiskExemptVault
FN:165,disburse
FN:197,balance
FNF:13
FNH:1
FNDA:0,onlyGov
FNDA:1,constructor
FNDA:0,setDAO
FNDA:0,setProofSink
FNDA:0,setFactory
FNDA:0,setSeer
FNDA:0,setApprovedRecipient
FNDA:0,setApprovedRecipients
FNDA:0,toggleRiskGate
FNDA:0,setRiskParams
FNDA:0,setRiskExemptVault
FNDA:0,disburse
FNDA:0,balance
DA:88,0
DA:89,0
DA:94,1
DA:95,1
DA:96,1
DA:101,0
DA:102,0
DA:103,0
DA:107,0
DA:108,0
DA:112,0
DA:113,0
DA:114,0
DA:118,0
DA:119,0
DA:120,0
DA:126,0
DA:127,0
DA:128,0
DA:133,0
DA:134,0
DA:135,0
DA:136,0
DA:137,0
DA:139,0
DA:144,0
DA:145,0
DA:149,0
DA:150,0
DA:151,0
DA:155,0
DA:156,0
DA:166,0
DA:167,0
DA:168,0
DA:171,0
DA:174,0
DA:175,0
DA:178,0
DA:179,0
DA:180,0
DA:181,0
DA:182,0
DA:186,0
DA:188,0
DA:191,0
DA:192,0
DA:198,0
LF:48
LH:3
BRDA:88,1,0,0
BRDA:88,1,1,0
BRDA:88,2,0,0
BRDA:88,2,1,0
BRDA:94,3,0,0
BRDA:94,3,1,1
BRDA:94,4,0,0
BRDA:94,4,1,0
BRDA:100,5,0,0
BRDA:100,5,1,0
BRDA:101,6,0,0
BRDA:101,6,1,0
BRDA:106,7,0,0
BRDA:106,7,1,0
BRDA:111,8,0,0
BRDA:111,8,1,0
BRDA:112,9,0,0
BRDA:112,9,1,0
BRDA:117,10,0,0
BRDA:117,10,1,0
BRDA:118,11,0,0
BRDA:118,11,1,0
BRDA:125,12,0,0
BRDA:125,12,1,0
BRDA:126,13,0,0
BRDA:126,13,1,0
BRDA:132,14,0,0
BRDA:132,14,1,0
BRDA:136,15,0,0
BRDA:136,15,1,0
BRDA:143,16,0,0
BRDA:143,16,1,0
BRDA:148,17,0,0
BRDA:148,17,1,0
BRDA:154,18,0,0
BRDA:154,18,1,0
BRDA:165,19,0,0
BRDA:165,19,1,0
BRDA:165,20,0,0
BRDA:165,20,1,0
BRDA:166,21,0,0
BRDA:166,21,1,0
BRDA:167,22,0,0
BRDA:167,22,1,0
BRDA:168,23,0,0
BRDA:168,23,1,0
BRDA:171,24,0,0
BRDA:171,24,1,0
BRDA:175,25,0,0
BRDA:175,25,1,0
BRDA:178,26,0,0
BRDA:178,26,1,0
BRDA:179,27,0,0
BRDA:179,27,1,0
BRDA:180,28,0,0
BRDA:180,28,1,0
BRDA:182,29,0,0
BRDA:182,29,1,0
BRDA:186,30,0,0
BRDA:186,30,1,0
BRDA:191,31,0,0
BRDA:191,31,1,0
BRF:62
BRH:1
end_of_record
TN:
SF:/workspaces/Vfide/contracts/Seer.sol
FN:130,onlyGov
FN:137,constructor
FN:146,setDAO
FN:153,setProofSink
FN:158,setFactory
FN:164,setGuardianLock
FN:178,setThresholds
FN:206,setCooldowns
FN:214,toggleRiskGate
FN:225,setRiskParams
FN:235,setRiskExemptVault
FN:243,nominate
FN:256,withdrawNomination
FN:265,approveMember
FN:277,checkpoint
FN:290,checkpointMany
FN:298,isTransferAllowed
FN:336,flag
FN:347,score
FN:349,riskOf
FN:357,isBlocked
FN:358,isEligibleToVote
FN:359,isEligibleForDAO
FN:361,isNominated
FN:362,isMember
FN:363,memberCount
FN:364,memberAt
FN:365,getMembers
FN:370,nominatedCount
FN:371,nominatedAt
FN:372,getNominated
FN:380,_score
FN:384,_log
FNF:33
FNH:1
FNDA:0,onlyGov
FNDA:1,constructor
FNDA:0,setDAO
FNDA:0,setProofSink
FNDA:0,setFactory
FNDA:0,setGuardianLock
FNDA:0,setThresholds
FNDA:0,setCooldowns
FNDA:0,toggleRiskGate
FNDA:0,setRiskParams
FNDA:0,setRiskExemptVault
FNDA:0,nominate
FNDA:0,withdrawNomination
FNDA:0,approveMember
FNDA:0,checkpoint
FNDA:0,checkpointMany
FNDA:0,isTransferAllowed
FNDA:0,flag
FNDA:0,score
FNDA:0,riskOf
FNDA:0,isBlocked
FNDA:0,isEligibleToVote
FNDA:0,isEligibleForDAO
FNDA:0,isNominated
FNDA:0,isMember
FNDA:0,memberCount
FNDA:0,memberAt
FNDA:0,getMembers
FNDA:0,nominatedCount
FNDA:0,nominatedAt
FNDA:0,getNominated
FNDA:0,_score
FNDA:0,_log
DA:131,0
DA:132,0
DA:138,1
DA:139,1
DA:140,1
DA:141,1
DA:147,0
DA:148,0
DA:149,0
DA:150,0
DA:154,0
DA:155,0
DA:159,0
DA:160,0
DA:161,0
DA:165,0
DA:166,0
DA:180,0
DA:181,0
DA:182,0
DA:183,0
DA:192,0
DA:193,0
DA:195,0
DA:196,0
DA:197,0
DA:198,0
DA:199,0
DA:200,0
DA:202,0
DA:203,0
DA:207,0
DA:208,0
DA:209,0
DA:215,0
DA:216,0
DA:226,0
DA:227,0
DA:228,0
DA:229,0
DA:230,0
DA:231,0
DA:232,0
DA:236,0
DA:237,0
DA:244,0
DA:245,0
DA:246,0
DA:248,0
DA:249,0
DA:250,0
DA:251,0
DA:257,0
DA:258,0
DA:259,0
DA:260,0
DA:266,0
DA:267,0
DA:268,0
DA:269,0
DA:270,0
DA:271,0
DA:272,0
DA:278,0
DA:279,0
DA:281,0
DA:282,0
DA:283,0
DA:284,0
DA:285,0
DA:286,0
DA:291,0
DA:303,0
DA:306,0
DA:309,0
DA:310,0
DA:312,0
DA:314,0
DA:315,0
DA:316,0
DA:318,0
DA:319,0
DA:322,0
DA:323,0
DA:324,0
DA:327,0
DA:328,0
DA:330,0
DA:337,0
DA:338,0
DA:339,0
DA:341,0
DA:350,0
DA:351,0
DA:352,0
DA:353,0
DA:354,0
DA:366,0
DA:367,0
DA:368,0
DA:373,0
DA:374,0
DA:375,0
DA:381,0
DA:385,0
DA:386,0
LF:106
LH:4
BRDA:131,1,0,0
BRDA:131,1,1,0
BRDA:131,2,0,0
BRDA:131,2,1,0
BRDA:138,3,0,1
BRDA:138,3,1,0
BRDA:146,4,0,0
BRDA:146,4,1,0
BRDA:147,5,0,0
BRDA:147,5,1,0
BRDA:153,6,0,0
BRDA:153,6,1,0
BRDA:158,7,0,0
BRDA:158,7,1,0
BRDA:159,8,0,0
BRDA:159,8,1,0
BRDA:164,9,0,0
BRDA:164,9,1,0
BRDA:178,10,0,0
BRDA:178,10,1,0
BRDA:180,11,0,0
BRDA:180,11,1,0
BRDA:181,12,0,0
BRDA:181,12,1,0
BRDA:182,13,0,0
BRDA:182,13,1,0
BRDA:183,14,0,0
BRDA:183,14,1,0
BRDA:192,15,0,0
BRDA:192,15,1,0
BRDA:193,16,0,0
BRDA:193,16,1,0
BRDA:206,17,0,0
BRDA:206,17,1,0
BRDA:214,18,0,0
BRDA:214,18,1,0
BRDA:225,19,0,0
BRDA:225,19,1,0
BRDA:226,20,0,0
BRDA:226,20,1,0
BRDA:235,21,0,0
BRDA:235,21,1,0
BRDA:244,22,0,0
BRDA:244,22,1,0
BRDA:245,23,0,0
BRDA:245,23,1,0
BRDA:246,24,0,0
BRDA:246,24,1,0
BRDA:249,25,0,0
BRDA:249,25,1,0
BRDA:256,26,0,0
BRDA:256,26,1,0
BRDA:257,27,0,0
BRDA:257,27,1,0
BRDA:258,28,0,0
BRDA:258,28,1,0
BRDA:265,29,0,0
BRDA:265,29,1,0
BRDA:266,30,0,0
BRDA:266,30,1,0
BRDA:267,31,0,0
BRDA:267,31,1,0
BRDA:268,32,0,0
BRDA:268,32,1,0
BRDA:270,33,0,0
BRDA:270,33,1,0
BRDA:278,34,0,0
BRDA:278,34,1,0
BRDA:279,35,0,0
BRDA:279,35,1,0
BRDA:282,36,0,0
BRDA:282,36,1,0
BRDA:303,37,0,0
BRDA:303,37,1,0
BRDA:306,38,0,0
BRDA:306,38,1,0
BRDA:309,39,0,0
BRDA:309,39,1,0
BRDA:310,40,0,0
BRDA:310,40,1,0
BRDA:312,41,0,0
BRDA:312,41,1,0
BRDA:312,42,0,0
BRDA:312,42,1,0
BRDA:316,43,0,0
BRDA:316,43,1,0
BRDA:316,44,0,0
BRDA:316,44,1,0
BRDA:322,45,0,0
BRDA:322,45,1,0
BRDA:323,46,0,0
BRDA:323,46,1,0
BRDA:324,47,0,0
BRDA:324,47,1,0
BRDA:327,48,0,0
BRDA:327,48,1,0
BRDA:328,49,0,0
BRDA:328,49,1,0
BRDA:336,50,0,0
BRDA:336,50,1,0
BRDA:339,51,0,0
BRDA:339,51,1,0
BRDA:351,52,0,0
BRDA:351,52,1,0
BRDA:352,53,0,0
BRDA:352,53,1,0
BRDA:353,54,0,0
BRDA:353,54,1,0
BRDA:385,55,0,0
BRDA:385,55,1,0
BRF:110
BRH:1
end_of_record
TN:
SF:/workspaces/Vfide/contracts/StablecoinRegistry.sol
FN:35,onlyGov
FN:41,onlyController
FN:49,constructor
FN:60,setController
FN:66,setDAO
FN:75,setStablecoin
FN:110,setStablecoins
FN:142,stablecoinCount
FN:146,stablecoinAt
FN:150,getStablecoins
FN:155,isStablecoin
FNF:11
FNH:1
FNDA:0,onlyGov
FNDA:0,onlyController
FNDA:1,constructor
FNDA:0,setController
FNDA:0,setDAO
FNDA:0,setStablecoin
FNDA:0,setStablecoins
FNDA:0,stablecoinCount
FNDA:0,stablecoinAt
FNDA:0,getStablecoins
FNDA:0,isStablecoin
DA:36,0
DA:37,0
DA:42,0
DA:43,0
DA:50,1
DA:51,1
DA:52,1
DA:53,1
DA:54,1
DA:61,0
DA:62,0
DA:63,0
DA:67,0
DA:68,0
DA:69,0
DA:76,0
DA:78,0
DA:79,0
DA:80,0
DA:83,0
DA:85,0
DA:86,0
DA:87,0
DA:90,0
DA:91,0
DA:95,0
DA:96,0
DA:97,0
DA:100,0
DA:101,0
DA:111,0
DA:112,0
DA:113,0
DA:114,0
DA:116,0
DA:117,0
DA:119,0
DA:120,0
DA:121,0
DA:122,0
DA:124,0
DA:125,0
DA:128,0
DA:129,0
DA:130,0
DA:132,0
DA:133,0
DA:143,0
DA:147,0
DA:151,0
DA:156,0
LF:51
LH:5
BRDA:36,1,0,0
BRDA:36,1,1,0
BRDA:36,2,0,0
BRDA:36,2,1,0
BRDA:42,3,0,0
BRDA:42,3,1,0
BRDA:50,4,0,1
BRDA:50,4,1,0
BRDA:60,5,0,0
BRDA:60,5,1,0
BRDA:61,6,0,0
BRDA:61,6,1,0
BRDA:66,7,0,0
BRDA:66,7,1,0
BRDA:67,8,0,0
BRDA:67,8,1,0
BRDA:75,9,0,0
BRDA:75,9,1,0
BRDA:76,10,0,0
BRDA:76,10,1,0
BRDA:79,11,0,0
BRDA:79,11,1,0
BRDA:83,12,0,0
BRDA:83,12,1,0
BRDA:85,13,0,0
BRDA:85,13,1,0
BRDA:88,14,0,0
BRDA:88,14,1,0
BRDA:95,15,0,0
BRDA:95,15,1,0
BRDA:98,16,0,0
BRDA:98,16,1,0
BRDA:110,17,0,0
BRDA:110,17,1,0
BRDA:114,18,0,0
BRDA:114,18,1,0
BRDA:117,19,0,0
BRDA:117,19,1,0
BRDA:119,20,0,0
BRDA:119,20,1,0
BRDA:120,21,0,0
BRDA:120,21,1,0
BRDA:123,22,0,0
BRDA:123,22,1,0
BRDA:128,23,0,0
BRDA:128,23,1,0
BRDA:131,24,0,0
BRDA:131,24,1,0
BRF:48
BRH:1
end_of_record
TN:
SF:/workspaces/Vfide/contracts/SystemHandover.sol
FN:96,constructor
FN:107,notSealed
FN:113,addTarget
FN:122,removeTarget
FN:139,targets
FN:152,finalizeElection
FN:165,setMinDAOScore
FN:174,handoverReadyAt
FN:179,isHandoverReady
FN:193,executeHandover
FNF:10
FNH:1
FNDA:1,constructor
FNDA:0,notSealed
FNDA:0,addTarget
FNDA:0,removeTarget
FNDA:0,targets
FNDA:0,finalizeElection
FNDA:0,setMinDAOScore
FNDA:0,handoverReadyAt
FNDA:0,isHandoverReady
FNDA:0,executeHandover
DA:97,1
DA:98,1
DA:99,1
DA:100,1
DA:101,1
DA:108,0
DA:109,0
DA:114,0
DA:115,0
DA:116,0
DA:117,0
DA:118,0
DA:123,0
DA:124,0
DA:127,0
DA:128,0
DA:129,0
DA:130,0
DA:131,0
DA:132,0
DA:135,0
DA:140,0
DA:153,0
DA:155,0
DA:156,0
DA:157,0
DA:158,0
DA:160,0
DA:161,0
DA:166,0
DA:167,0
DA:175,0
DA:180,0
DA:181,0
DA:182,0
DA:183,0
DA:184,0
DA:194,0
DA:195,0
DA:196,0
DA:198,0
DA:199,0
DA:203,0
DA:204,0
DA:207,0
DA:208,0
LF:46
LH:5
BRDA:97,1,0,0
BRDA:97,1,1,1
BRDA:108,2,0,0
BRDA:108,2,1,0
BRDA:113,3,0,0
BRDA:113,3,1,0
BRDA:113,4,0,0
BRDA:113,4,1,0
BRDA:114,5,0,0
BRDA:114,5,1,0
BRDA:115,6,0,0
BRDA:115,6,1,0
BRDA:122,7,0,0
BRDA:122,7,1,0
BRDA:122,8,0,0
BRDA:122,8,1,0
BRDA:123,9,0,0
BRDA:123,9,1,0
BRDA:129,10,0,0
BRDA:129,10,1,0
BRDA:152,11,0,0
BRDA:152,11,1,0
BRDA:152,12,0,0
BRDA:152,12,1,0
BRDA:153,13,0,0
BRDA:153,13,1,0
BRDA:153,14,0,0
BRDA:153,14,1,0
BRDA:165,15,0,0
BRDA:165,15,1,0
BRDA:165,16,0,0
BRDA:165,16,1,0
BRDA:180,17,0,0
BRDA:180,17,1,0
BRDA:181,18,0,0
BRDA:181,18,1,0
BRDA:183,19,0,0
BRDA:183,19,1,0
BRDA:193,20,0,0
BRDA:193,20,1,0
BRDA:194,21,0,0
BRDA:194,21,1,0
BRDA:195,22,0,0
BRDA:195,22,1,0
BRDA:196,23,0,0
BRDA:196,23,1,0
BRDA:199,24,0,0
BRDA:199,24,1,0
BRF:48
BRH:1
end_of_record
TN:
SF:/workspaces/Vfide/contracts/UserVault.sol
FN:56,tokenSet
FN:62,initialize
FN:75,setToken
FN:86,pullFromOwner
FN:93,sendToVault
FN:105,approveSpender
FN:118,rescueERC20
FN:127,rescueETH
FN:134,_log
FNF:9
FNH:0
FNDA:0,tokenSet
FNDA:0,initialize
FNDA:0,setToken
FNDA:0,pullFromOwner
FNDA:0,sendToVault
FNDA:0,approveSpender
FNDA:0,rescueERC20
FNDA:0,rescueETH
FNDA:0,_log
DA:57,0
DA:58,0
DA:63,0
DA:64,0
DA:65,0
DA:66,0
DA:67,0
DA:68,0
DA:69,0
DA:70,0
DA:76,0
DA:77,0
DA:78,0
DA:79,0
DA:80,0
DA:87,0
DA:88,0
DA:89,0
DA:94,0
DA:95,0
DA:96,0
DA:98,0
DA:99,0
DA:100,0
DA:106,0
DA:107,0
DA:108,0
DA:110,0
DA:111,0
DA:119,0
DA:120,0
DA:128,0
DA:129,0
DA:130,0
DA:136,0
LF:35
LH:0
BRDA:57,1,0,0
BRDA:57,1,1,0
BRDA:63,2,0,0
BRDA:63,2,1,0
BRDA:64,3,0,0
BRDA:64,3,1,0
BRDA:64,4,0,0
BRDA:64,4,1,0
BRDA:75,5,0,0
BRDA:75,5,1,0
BRDA:76,6,0,0
BRDA:76,6,1,0
BRDA:77,7,0,0
BRDA:77,7,1,0
BRDA:86,8,0,0
BRDA:86,8,1,0
BRDA:86,9,0,0
BRDA:86,9,1,0
BRDA:86,10,0,0
BRDA:86,10,1,0
BRDA:87,11,0,0
BRDA:87,11,1,0
BRDA:93,12,0,0
BRDA:93,12,1,0
BRDA:93,13,0,0
BRDA:93,13,1,0
BRDA:93,14,0,0
BRDA:93,14,1,0
BRDA:95,15,0,0
BRDA:95,15,1,0
BRDA:95,16,0,0
BRDA:95,16,1,0
BRDA:98,17,0,0
BRDA:98,17,1,0
BRDA:105,18,0,0
BRDA:105,18,1,0
BRDA:105,19,0,0
BRDA:105,19,1,0
BRDA:107,20,0,0
BRDA:107,20,1,0
BRDA:108,21,0,0
BRDA:108,21,1,0
BRDA:110,22,0,0
BRDA:110,22,1,0
BRDA:118,23,0,0
BRDA:118,23,1,0
BRDA:119,24,0,0
BRDA:119,24,1,0
BRDA:120,25,0,0
BRDA:120,25,1,0
BRDA:127,26,0,0
BRDA:127,26,1,0
BRDA:128,27,0,0
BRDA:128,27,1,0
BRDA:130,28,0,0
BRDA:130,28,1,0
BRF:56
BRH:0
end_of_record
TN:
SF:/workspaces/Vfide/contracts/VaultFactory.sol
FN:38,constructor
FN:54,setImplementation
FN:65,setProofLedger
FN:71,setGuardianLock
FN:77,createMyVault
FN:82,ensureVault
FN:86,_ensureVault
FN:100,totalVaults
FN:103,_clone
FNF:9
FNH:0
FNDA:0,constructor
FNDA:0,setImplementation
FNDA:0,setProofLedger
FNDA:0,setGuardianLock
FNDA:0,createMyVault
FNDA:0,ensureVault
FNDA:0,_ensureVault
FNDA:0,totalVaults
FNDA:0,_clone
DA:39,0
DA:41,0
DA:42,0
DA:43,0
DA:45,0
DA:46,0
DA:47,0
DA:48,0
DA:49,0
DA:50,0
DA:55,0
DA:57,0
DA:58,0
DA:59,0
DA:61,0
DA:62,0
DA:66,0
DA:67,0
DA:68,0
DA:72,0
DA:73,0
DA:78,0
DA:83,0
DA:87,0
DA:88,0
DA:89,0
DA:91,0
DA:92,0
DA:93,0
DA:94,0
DA:95,0
DA:96,0
DA:104,0
DA:111,0
LF:34
LH:0
BRDA:39,1,0,0
BRDA:39,1,1,0
BRDA:39,2,0,0
BRDA:39,2,1,0
BRDA:43,3,0,0
BRDA:43,3,1,0
BRDA:54,4,0,0
BRDA:54,4,1,0
BRDA:55,5,0,0
BRDA:55,5,1,0
BRDA:59,6,0,0
BRDA:59,6,1,0
BRDA:65,7,0,0
BRDA:65,7,1,0
BRDA:66,8,0,0
BRDA:66,8,1,0
BRDA:71,9,0,0
BRDA:71,9,1,0
BRDA:87,10,0,0
BRDA:87,10,1,0
BRDA:89,11,0,0
BRDA:89,11,1,0
BRDA:111,12,0,0
BRDA:111,12,1,0
BRF:24
BRH:0
end_of_record
TN:
SF:/workspaces/Vfide/contracts/VFIDEPresale.sol
FN:102,constructor
FN:112,setSigner
FN:118,setProofLedger
FN:123,setFactory
FN:129,setMaxPerAddress
FN:134,setMaxPerTx
FN:143,withdrawUnsold
FN:153,buy
FN:237,claim
FN:258,remaining
FN:262,poolBalance
FN:267,_deliver
FN:272,_voucherDigest
FN:292,_validTier
FN:296,_tryLog
FNF:15
FNH:1
FNDA:1,constructor
FNDA:0,setSigner
FNDA:0,setProofLedger
FNDA:0,setFactory
FNDA:0,setMaxPerAddress
FNDA:0,setMaxPerTx
FNDA:0,withdrawUnsold
FNDA:0,buy
FNDA:0,claim
FNDA:0,remaining
FNDA:0,poolBalance
FNDA:0,_deliver
FNDA:0,_voucherDigest
FNDA:0,_validTier
FNDA:0,_tryLog
DA:103,1
DA:104,1
DA:105,1
DA:106,1
DA:107,1
DA:108,1
DA:113,0
DA:114,0
DA:115,0
DA:119,0
DA:120,0
DA:124,0
DA:125,0
DA:126,0
DA:130,0
DA:131,0
DA:135,0
DA:136,0
DA:144,0
DA:145,0
DA:146,0
DA:147,0
DA:148,0
DA:149,0
DA:155,0
DA:156,0
DA:157,0
DA:158,0
DA:161,0
DA:162,0
DA:163,0
DA:164,0
DA:165,0
DA:168,0
DA:169,0
DA:170,0
DA:171,0
DA:172,0
DA:173,0
DA:175,0
DA:176,0
DA:178,0
DA:181,0
DA:184,0
DA:185,0
DA:186,0
DA:187,0
DA:188,0
DA:189,0
DA:193,0
DA:194,0
DA:197,0
DA:198,0
DA:201,0
DA:202,0
DA:205,0
DA:206,0
DA:207,0
DA:208,0
DA:210,0
DA:211,0
DA:212,0
DA:213,0
DA:214,0
DA:217,0
DA:218,0
DA:220,0
DA:224,0
DA:225,0
DA:226,0
DA:227,0
DA:228,0
DA:229,0
DA:233,0
DA:238,0
DA:239,0
DA:240,0
DA:243,0
DA:244,0
DA:246,0
DA:247,0
DA:249,0
DA:251,0
DA:252,0
DA:253,0
DA:259,0
DA:263,0
DA:268,0
DA:269,0
DA:274,0
DA:293,0
DA:298,0
LF:92
LH:6
BRDA:103,1,0,1
BRDA:103,1,1,0
BRDA:112,2,0,0
BRDA:112,2,1,0
BRDA:113,3,0,0
BRDA:113,3,1,0
BRDA:118,4,0,0
BRDA:118,4,1,0
BRDA:123,5,0,0
BRDA:123,5,1,0
BRDA:124,6,0,0
BRDA:124,6,1,0
BRDA:129,7,0,0
BRDA:129,7,1,0
BRDA:134,8,0,0
BRDA:134,8,1,0
BRDA:143,9,0,0
BRDA:143,9,1,0
BRDA:143,10,0,0
BRDA:143,10,1,0
BRDA:144,11,0,0
BRDA:144,11,1,0
BRDA:146,12,0,0
BRDA:146,12,1,0
BRDA:147,13,0,0
BRDA:147,13,1,0
BRDA:148,14,0,0
BRDA:148,14,1,0
BRDA:153,15,0,0
BRDA:153,15,1,0
BRDA:155,16,0,0
BRDA:155,16,1,0
BRDA:156,17,0,0
BRDA:156,17,1,0
BRDA:157,18,0,0
BRDA:157,18,1,0
BRDA:158,19,0,0
BRDA:158,19,1,0
BRDA:162,20,0,0
BRDA:162,20,1,0
BRDA:164,21,0,0
BRDA:164,21,1,0
BRDA:164,22,0,0
BRDA:164,22,1,0
BRDA:170,23,0,0
BRDA:170,23,1,0
BRDA:171,24,0,0
BRDA:171,24,1,0
BRDA:177,25,0,0
BRDA:177,25,1,0
BRDA:184,26,0,0
BRDA:184,26,1,0
BRDA:186,27,0,0
BRDA:186,27,1,0
BRDA:187,28,0,0
BRDA:187,28,1,0
BRDA:189,29,0,0
BRDA:189,29,1,0
BRDA:193,30,0,0
BRDA:193,30,1,0
BRDA:198,31,0,0
BRDA:198,31,1,0
BRDA:202,32,0,0
BRDA:202,32,1,0
BRDA:205,33,0,0
BRDA:205,33,1,0
BRDA:207,34,0,0
BRDA:207,34,1,0
BRDA:208,35,0,0
BRDA:208,35,1,0
BRDA:212,36,0,0
BRDA:212,36,1,0
BRDA:217,37,0,0
BRDA:217,37,1,0
BRDA:218,38,0,0
BRDA:218,38,1,0
BRDA:224,39,0,0
BRDA:224,39,1,0
BRDA:227,40,0,0
BRDA:227,40,1,0
BRDA:237,41,0,0
BRDA:237,41,1,0
BRDA:239,42,0,0
BRDA:239,42,1,0
BRDA:240,43,0,0
BRDA:240,43,1,0
BRDA:251,44,0,0
BRDA:251,44,1,0
BRDA:268,45,0,0
BRDA:268,45,1,0
BRDA:269,46,0,0
BRDA:269,46,1,0
BRDA:293,47,0,0
BRDA:293,47,1,0
BRDA:293,48,0,0
BRDA:293,48,1,0
BRF:96
BRH:1
end_of_record
TN:
SF:/workspaces/Vfide/contracts/VFIDEStaking.sol
FN:65,constructor
FN:78,setEcoTreasury
FN:79,setProofLedger
FN:80,setFactory
FN:81,setMultiplierBounds
FN:82,setMaxStakePerAddress
FN:84,fundRewards
FN:100,stake
FN:117,withdraw
FN:132,getReward
FN:143,exit
FN:149,lastTimeRewardApplicable
FN:152,rewardPerShare
FN:157,earned
FN:162,currentMultiplierBps
FN:167,sharesOf
FN:170,updateReward
FN:180,_syncShares
FN:188,_tryLog
FNF:19
FNH:1
FNDA:1,constructor
FNDA:0,setEcoTreasury
FNDA:0,setProofLedger
FNDA:0,setFactory
FNDA:0,setMultiplierBounds
FNDA:0,setMaxStakePerAddress
FNDA:0,fundRewards
FNDA:0,stake
FNDA:0,withdraw
FNDA:0,getReward
FNDA:0,exit
FNDA:0,lastTimeRewardApplicable
FNDA:0,rewardPerShare
FNDA:0,earned
FNDA:0,currentMultiplierBps
FNDA:0,sharesOf
FNDA:0,updateReward
FNDA:0,_syncShares
FNDA:0,_tryLog
DA:66,1
DA:67,1
DA:68,1
DA:69,1
DA:70,1
DA:71,1
DA:72,1
DA:73,1
DA:74,1
DA:85,0
DA:86,0
DA:87,0
DA:88,0
DA:89,0
DA:91,0
DA:92,0
DA:93,0
DA:94,0
DA:95,0
DA:96,0
DA:101,0
DA:102,0
DA:104,0
DA:106,0
DA:107,0
DA:108,0
DA:111,0
DA:113,0
DA:114,0
DA:118,0
DA:119,0
DA:120,0
DA:121,0
DA:123,0
DA:124,0
DA:125,0
DA:127,0
DA:128,0
DA:129,0
DA:133,0
DA:134,0
DA:135,0
DA:136,0
DA:137,0
DA:138,0
DA:139,0
DA:144,0
DA:145,0
DA:150,0
DA:153,0
DA:154,0
DA:155,0
DA:158,0
DA:159,0
DA:160,0
DA:163,0
DA:164,0
DA:165,0
DA:171,0
DA:172,0
DA:173,0
DA:174,0
DA:175,0
DA:176,0
DA:178,0
DA:181,0
DA:182,0
DA:183,0
DA:184,0
DA:185,0
DA:186,0
DA:189,0
LF:72
LH:9
BRDA:66,1,0,0
BRDA:66,1,1,1
BRDA:66,2,0,0
BRDA:66,2,1,0
BRDA:66,3,0,0
BRDA:66,3,1,0
BRDA:66,4,0,0
BRDA:66,4,1,0
BRDA:78,5,0,0
BRDA:78,5,1,0
BRDA:78,6,0,0
BRDA:78,6,1,0
BRDA:79,7,0,0
BRDA:79,7,1,0
BRDA:79,8,0,0
BRDA:79,8,1,0
BRDA:80,9,0,0
BRDA:80,9,1,0
BRDA:80,10,0,0
BRDA:80,10,1,0
BRDA:81,11,0,0
BRDA:81,11,1,0
BRDA:81,12,0,0
BRDA:81,12,1,0
BRDA:81,13,0,0
BRDA:81,13,1,0
BRDA:81,14,0,0
BRDA:81,14,1,0
BRDA:82,15,0,0
BRDA:82,15,1,0
BRDA:84,16,0,0
BRDA:84,16,1,0
BRDA:84,17,0,0
BRDA:84,17,1,0
BRDA:84,18,0,0
BRDA:84,18,1,0
BRDA:85,19,0,0
BRDA:85,19,1,0
BRDA:85,20,0,0
BRDA:85,20,1,0
BRDA:87,21,0,0
BRDA:87,21,1,0
BRDA:91,22,0,0
BRDA:91,22,1,0
BRDA:100,23,0,0
BRDA:100,23,1,0
BRDA:100,24,0,0
BRDA:100,24,1,0
BRDA:101,25,0,0
BRDA:101,25,1,0
BRDA:104,26,0,0
BRDA:104,26,1,0
BRDA:111,27,0,0
BRDA:111,27,1,0
BRDA:117,28,0,0
BRDA:117,28,1,0
BRDA:117,29,0,0
BRDA:117,29,1,0
BRDA:118,30,0,0
BRDA:118,30,1,0
BRDA:120,31,0,0
BRDA:120,31,1,0
BRDA:127,32,0,0
BRDA:127,32,1,0
BRDA:132,33,0,0
BRDA:132,33,1,0
BRDA:132,34,0,0
BRDA:132,34,1,0
BRDA:134,35,0,0
BRDA:134,35,1,0
BRDA:137,36,0,0
BRDA:137,36,1,0
BRDA:153,37,0,0
BRDA:153,37,1,0
BRDA:173,38,0,0
BRDA:173,38,1,0
BRF:76
BRH:1
end_of_record
TN:
SF:/workspaces/Vfide/contracts/VFIDEToken.sol
FN:104,constructor
FN:132,setVaultOnly
FN:138,setVaultFactory
FN:145,setSystemExempt
FN:151,setSinks
FN:170,proposeSplitChange
FN:186,activateSplitChange
FN:210,burnWithRouting
FN:248,_update
FN:264,_validateSplit
FN:268,_enforceMaxDelta
FNF:11
FNH:8
FNDA:8,constructor
FNDA:0,setVaultOnly
FNDA:1,setVaultFactory
FNDA:1,setSystemExempt
FNDA:1,setSinks
FNDA:2,proposeSplitChange
FNDA:1,activateSplitChange
FNDA:0,burnWithRouting
FNDA:0,_update
FNDA:10,_validateSplit
FNDA:3,_enforceMaxDelta
DA:106,8
DA:107,8
DA:108,8
DA:111,8
DA:114,8
DA:115,8
DA:117,8
DA:118,8
DA:119,8
DA:122,8
DA:123,8
DA:124,8
DA:125,8
DA:133,0
DA:134,0
DA:139,1
DA:140,1
DA:141,1
DA:146,1
DA:147,1
DA:152,1
DA:153,1
DA:154,1
DA:155,1
DA:156,1
DA:171,2
DA:173,1
DA:174,1
DA:175,1
DA:177,1
DA:178,1
DA:179,1
DA:180,1
DA:182,1
DA:187,1
DA:189,1
DA:190,1
DA:191,1
DA:194,1
DA:195,1
DA:196,1
DA:197,1
DA:199,1
DA:211,0
DA:214,0
DA:215,0
DA:216,0
DA:219,0
DA:220,0
DA:221,0
DA:226,0
DA:227,0
DA:231,0
DA:232,0
DA:233,0
DA:235,0
DA:236,0
DA:237,0
DA:249,0
DA:251,0
DA:252,0
DA:253,0
DA:254,0
DA:255,0
DA:265,10
DA:270,3
DA:271,3
DA:273,0
LF:68
LH:44
BRDA:106,1,0,8
BRDA:106,1,1,0
BRDA:107,2,0,8
BRDA:107,2,1,0
BRDA:132,3,0,0
BRDA:132,3,1,0
BRDA:138,4,0,1
BRDA:138,4,1,1
BRDA:139,5,0,1
BRDA:139,5,1,0
BRDA:145,6,0,1
BRDA:145,6,1,1
BRDA:151,7,0,1
BRDA:151,7,1,1
BRDA:152,8,0,1
BRDA:152,8,1,0
BRDA:153,9,0,1
BRDA:153,9,1,0
BRDA:170,10,0,2
BRDA:170,10,1,1
BRDA:186,11,0,1
BRDA:186,11,1,1
BRDA:187,12,0,1
BRDA:187,12,1,0
BRDA:211,13,0,0
BRDA:211,13,1,0
BRDA:220,14,0,0
BRDA:220,14,1,0
BRDA:226,15,0,0
BRDA:226,15,1,0
BRDA:231,16,0,0
BRDA:231,16,1,0
BRDA:232,17,0,0
BRDA:232,17,1,0
BRDA:235,18,0,0
BRDA:235,18,1,0
BRDA:236,19,0,0
BRDA:236,19,1,0
BRDA:249,20,0,0
BRDA:249,20,1,0
BRDA:251,21,0,0
BRDA:251,21,1,0
BRDA:252,22,0,0
BRDA:252,22,1,0
BRDA:255,23,0,0
BRDA:255,23,1,0
BRDA:265,24,0,9
BRDA:265,24,1,1
BRDA:270,25,0,3
BRDA:270,25,1,0
BRDA:271,26,0,3
BRDA:271,26,1,0
BRDA:273,27,0,0
BRDA:273,27,1,0
BRF:54
BRH:20
end_of_record
